<?xml version="1.0" encoding="UTF-8"?>
<!-- Generated by org.testng.reporters.JUnitXMLReporter -->
<testsuite ignored="6" hostname="DSK-4052" failures="1" tests="39" name="Verify Order Flow For Outright Purchase With Customer Flow For New Car" time="1357.268" errors="0" timestamp="2024-01-31T00:27:14 IST">
  <testcase classname="acquisition.Acquisition_Quotes_OP_OP_For_With_Customer_Order_Flow_Test" name="aquisition_quotes_OP_OP_OTR_calculation_test" time="175.5"/>
  <testcase classname="acquisition.Acquisition_Quotes_OP_OP_For_With_Customer_Order_Flow_Test" name="aquisition_quotes_OP_OP_after_discount_calculations_test" time="4.902"/>
  <testcase classname="acquisition.Acquisition_Quotes_OP_OP_For_With_Customer_Order_Flow_Test" name="aquisition_quotes_OP_OP_customer_quote_vehicle_profit_edit_test" time="10.178"/>
  <testcase classname="acquisition.Acquisition_Quotes_OP_OP_For_With_Customer_Order_Flow_Test" name="aquisition_quotes_OP_OP_customer_quote_part_exchange_value_edit_test" time="53.531"/>
  <testcase classname="acquisition.Acquisition_Quotes_OP_OP_For_With_Customer_Order_Flow_Test" name="aquisition_quotes_OP_OP_quote_summary_values_verification_with_maintenance_test" time="44.744"/>
  <testcase classname="opportunity.LOU_OP_OP_Business_Flow_Test" name="L1_create_lead_for_Outright_Purchase_business" time="230.482"/>
  <testcase classname="opportunity.LOU_OP_OP_Business_Flow_Test" name="L2_current_status_before_sending_to_proposal" time="29.196"/>
  <testcase classname="opportunity.LOU_OP_OP_Business_Flow_Test" name="L3_fill_up_the_required_fields_for_sending_a_proposal" time="145.241"/>
  <testcase classname="opportunity.LOU_OP_OP_Business_Flow_Test" name="L4_ownbook_create_opportunity_business_current_status_after_sending_to_proposal" time="0.183"/>
  <testcase classname="opportunity.LOU_OP_OP_Business_Flow_Test" name="L5_sending_contract" time="32.178"/>
  <testcase classname="opportunity.LOU_OP_OP_Business_Flow_Test" name="L6_verify_current_status_on_opportunity_page_after_sending_contract_for_broker_business_flow" time="7.194"/>
  <testcase classname="opportunity.LOU_OP_OP_Business_Flow_Test" name="L7_verify_signed_contract_status_with_api_call" time="39.996"/>
  <testcase classname="opportunity.LOU_OP_OP_Business_Flow_Test" name="L8_verify_status_after_contract_signed" time="11.118"/>
  <testcase classname="opportunity.Create_order_from_opportunity_Test" name="create_order_from_opportunity_test" time="77.678"/>
  <testcase classname="orders.Orders_Verify_Outright_Purchase_With_Customer_Flow_Test" name="T1_open_order_created_in_acquisition_test" time="80.557"/>
  <testcase classname="orders.Orders_Verify_Outright_Purchase_With_Customer_Flow_Test" name="T2_pass_the_pre_order_check_test" time="30.057"/>
  <testcase classname="orders.Orders_Verify_Outright_Purchase_With_Customer_Flow_Test" name="T3_verify_default_order_status_vehicle_tab_test" time="10.351"/>
  <testcase classname="orders.Orders_Verify_Outright_Purchase_With_Customer_Flow_Test" name="T4_verify_order_status_after_uploading_order_form_in_vehicle_tab_test" time="120.411"/>
  <testcase classname="orders.Orders_Verify_Outright_Purchase_With_Customer_Flow_Test" name="T5_verify_default_payment_status_on_vehicle_tab_test" time="6.82"/>
  <testcase classname="orders.Orders_Verify_Outright_Purchase_With_Customer_Flow_Test" name="T6_verify_payment_status_after_selecting_payment_sent_date_on_vehicle_tab_test" time="43.399"/>
  <testcase classname="orders.Orders_Verify_Outright_Purchase_With_Customer_Flow_Test" name="T7_verify_payment_status_should_be_reversed_to_payment_required_after_selecting_payment_by_AMT_on_vehicle_tab_test" time="10.936"/>
  <testcase classname="orders.Orders_Verify_Outright_Purchase_With_Customer_Flow_Test" name="T8_verify_payment_status_after_selecting_payment_sent_date_for_amount_due_on_vehicle_tab_test" time="127.662"/>
  <testcase classname="orders.Orders_Verify_Outright_Purchase_With_Customer_Flow_Test" name="T9_open_asset_funding_tab_and_verify_default_status_cash_purchase_pending" time="6.195"/>
  <testcase classname="orders.Orders_Verify_Outright_Purchase_With_Customer_Flow_Test" name="T10_complete_cash_purchase" time="18.851">
    <failure type="org.openqa.selenium.NoSuchElementException" message="no such element: Unable to locate element: {&amp;quot;method&amp;quot;:&amp;quot;xpath&amp;quot;,&amp;quot;selector&amp;quot;:&amp;quot;//*[contains(text(),&amp;apos;Complete Cash Purchase&amp;apos;)]&amp;quot;}
  (Session info: chrome=120.0.6099.225)
For documentation on this error, please visit: https://selenium.dev/exceptions/#no_such_element
Build info: version: &amp;apos;4.1.0&amp;apos;, revision: &amp;apos;87802e897b&amp;apos;
System info: host: &amp;apos;DSK-4052&amp;apos;, ip: &amp;apos;172.16.1.80&amp;apos;, os.name: &amp;apos;Windows 10&amp;apos;, os.arch: &amp;apos;amd64&amp;apos;, os.version: &amp;apos;10.0&amp;apos;, java.version: &amp;apos;19.0.1&amp;apos;
Driver info: org.openqa.selenium.chrome.ChromeDriver
Command: [1842cbe9b087f938f646b4809bd1cbdc, findElement {using=xpath, value=//*[contains(text(),&amp;apos;Complete Cash Purchase&amp;apos;)]}]
Capabilities {acceptInsecureCerts: false, browserName: chrome, browserVersion: 120.0.6099.225, chrome: {chromedriverVersion: 119.0.6045.105 (38c72552c5e..., userDataDir: C:\Users\NITEIN~1.KUR\AppDa...}, fedcm:accounts: true, goog:chromeOptions: {debuggerAddress: localhost:58641}, javascriptEnabled: true, networkConnectionEnabled: false, pageLoadStrategy: normal, platform: WINDOWS, platformName: WINDOWS, proxy: Proxy(), se:cdp: ws://localhost:58641/devtoo..., se:cdpVersion: 120.0.6099.225, setWindowRect: true, strictFileInteractability: false, timeouts: {implicit: 0, pageLoad: 300000, script: 30000}, unhandledPromptBehavior: dismiss and notify, webauthn:extension:credBlob: true, webauthn:extension:largeBlob: true, webauthn:extension:minPinLength: true, webauthn:extension:prf: true, webauthn:virtualAuthenticators: true}
Session ID: 1842cbe9b087f938f646b4809bd1cbdc">
      <![CDATA[org.openqa.selenium.NoSuchElementException: no such element: Unable to locate element: {"method":"xpath","selector":"//*[contains(text(),'Complete Cash Purchase')]"}
  (Session info: chrome=120.0.6099.225)
For documentation on this error, please visit: https://selenium.dev/exceptions/#no_such_element
Build info: version: '4.1.0', revision: '87802e897b'
System info: host: 'DSK-4052', ip: '172.16.1.80', os.name: 'Windows 10', os.arch: 'amd64', os.version: '10.0', java.version: '19.0.1'
Driver info: org.openqa.selenium.chrome.ChromeDriver
Command: [1842cbe9b087f938f646b4809bd1cbdc, findElement {using=xpath, value=//*[contains(text(),'Complete Cash Purchase')]}]
Capabilities {acceptInsecureCerts: false, browserName: chrome, browserVersion: 120.0.6099.225, chrome: {chromedriverVersion: 119.0.6045.105 (38c72552c5e..., userDataDir: C:\Users\NITEIN~1.KUR\AppDa...}, fedcm:accounts: true, goog:chromeOptions: {debuggerAddress: localhost:58641}, javascriptEnabled: true, networkConnectionEnabled: false, pageLoadStrategy: normal, platform: WINDOWS, platformName: WINDOWS, proxy: Proxy(), se:cdp: ws://localhost:58641/devtoo..., se:cdpVersion: 120.0.6099.225, setWindowRect: true, strictFileInteractability: false, timeouts: {implicit: 0, pageLoad: 300000, script: 30000}, unhandledPromptBehavior: dismiss and notify, webauthn:extension:credBlob: true, webauthn:extension:largeBlob: true, webauthn:extension:minPinLength: true, webauthn:extension:prf: true, webauthn:virtualAuthenticators: true}
Session ID: 1842cbe9b087f938f646b4809bd1cbdc
at org.openqa.selenium.remote.codec.w3c.W3CHttpResponseCodec.createException(W3CHttpResponseCodec.java:200)
at org.openqa.selenium.remote.codec.w3c.W3CHttpResponseCodec.decode(W3CHttpResponseCodec.java:133)
at org.openqa.selenium.remote.codec.w3c.W3CHttpResponseCodec.decode(W3CHttpResponseCodec.java:53)
at org.openqa.selenium.remote.HttpCommandExecutor.execute(HttpCommandExecutor.java:184)
at org.openqa.selenium.remote.service.DriverCommandExecutor.invokeExecute(DriverCommandExecutor.java:164)
at org.openqa.selenium.remote.service.DriverCommandExecutor.execute(DriverCommandExecutor.java:139)
at org.openqa.selenium.remote.RemoteWebDriver.execute(RemoteWebDriver.java:559)
at org.openqa.selenium.remote.ElementLocation$ElementFinder$2.findElement(ElementLocation.java:162)
at org.openqa.selenium.remote.ElementLocation.findElement(ElementLocation.java:60)
at org.openqa.selenium.remote.RemoteWebDriver.findElement(RemoteWebDriver.java:383)
at org.openqa.selenium.remote.RemoteWebDriver.findElement(RemoteWebDriver.java:375)
at org.openqa.selenium.support.pagefactory.DefaultElementLocator.findElement(DefaultElementLocator.java:70)
at org.openqa.selenium.support.pagefactory.internal.LocatingElementHandler.invoke(LocatingElementHandler.java:39)
at jdk.proxy2/jdk.proxy2.$Proxy23.isEnabled(Unknown Source)
at com.amt.pages.AssetFundingPage.open_asset_funding_tab_and_complete_cash_purchase(AssetFundingPage.java:889)
at orders.Orders_Verify_Outright_Purchase_With_Customer_Flow_Test.T10_complete_cash_purchase(Orders_Verify_Outright_Purchase_With_Customer_Flow_Test.java:181)
at java.base/java.util.ArrayList.forEach(ArrayList.java:1511)
... Removed 29 stack frames]]>
    </failure>
  </testcase> <!-- T10_complete_cash_purchase -->
  <testcase classname="orders.Orders_Verify_Outright_Purchase_With_Customer_Flow_Test" name="T11_verify_status_cash_purchase_completed" time="0.0">
    <skipped/>
  </testcase> <!-- T11_verify_status_cash_purchase_completed -->
  <testcase classname="orders.Orders_Verify_Outright_Purchase_With_Customer_Flow_Test" name="T12_verify_default_status_acceptance_conditions_for_outright_purchase_flow" time="0.0">
    <skipped/>
  </testcase> <!-- T12_verify_default_status_acceptance_conditions_for_outright_purchase_flow -->
  <testcase classname="orders.Orders_Verify_Outright_Purchase_With_Customer_Flow_Test" name="T13_verify_payment_section_values" time="0.0">
    <skipped/>
  </testcase> <!-- T13_verify_payment_section_values -->
  <testcase classname="orders.Orders_Verify_Outright_Purchase_With_Customer_Flow_Test" name="T14_verify_payment_default_status" time="0.0">
    <skipped/>
  </testcase> <!-- T14_verify_payment_default_status -->
  <testcase classname="orders.Orders_Verify_Outright_Purchase_With_Customer_Flow_Test" name="T15_make_payment_with_new_payment" time="0.0">
    <skipped/>
  </testcase> <!-- T15_make_payment_with_new_payment -->
  <testcase classname="orders.Orders_Verify_Outright_Purchase_With_Customer_Flow_Test" name="T16_verify_payment_status_after_making_a_payment_on_customer_contract_tab" time="0.0">
    <skipped/>
  </testcase> <!-- T16_verify_payment_status_after_making_a_payment_on_customer_contract_tab -->
  <testcase classname="orders.Orders_Verify_Outright_Purchase_With_Customer_Flow_Test" name="T17_verify_delivery_status_after_selecting_date_offered_in_delivery_section_of_customer_contract_tab_test" time="0.0">
    <skipped/>
  </testcase> <!-- T17_verify_delivery_status_after_selecting_date_offered_in_delivery_section_of_customer_contract_tab_test -->
  <testcase classname="orders.Orders_Verify_Outright_Purchase_With_Customer_Flow_Test" name="T18_verify_delivery_status_after_selecting_confirmed_delivery_date_in_delivery_section_of_customer_contract_test" time="0.0">
    <skipped/>
  </testcase> <!-- T18_verify_delivery_status_after_selecting_confirmed_delivery_date_in_delivery_section_of_customer_contract_test -->
  <testcase classname="orders.Orders_Verify_Outright_Purchase_With_Customer_Flow_Test" name="T19_verify_delivery_status_after_uploading_delivery_note_in_post_delivery_section_on_customer_contract_tab_test" time="0.0">
    <skipped/>
  </testcase> <!-- T19_verify_delivery_status_after_uploading_delivery_note_in_post_delivery_section_on_customer_contract_tab_test -->
  <testcase classname="orders.Orders_Verify_Outright_Purchase_With_Customer_Flow_Test" name="T20_verify_delivery_status_on_customer_contract_tab_and_vehicle_order_tab_are_same_when_deliver_to_customer_toggle_button_in_on_test" time="0.0">
    <skipped/>
  </testcase> <!-- T20_verify_delivery_status_on_customer_contract_tab_and_vehicle_order_tab_are_same_when_deliver_to_customer_toggle_button_in_on_test -->
  <testcase classname="orders.Orders_Verify_Outright_Purchase_With_Customer_Flow_Test" name="T21_verify_payout_pack_statuses_on_customer_contract_tab_test" time="0.0">
    <skipped/>
  </testcase> <!-- T21_verify_payout_pack_statuses_on_customer_contract_tab_test -->
  <testcase classname="orders.Orders_Verify_Outright_Purchase_With_Customer_Flow_Test" name="T22_verify_delivery_section_gets_enabled_when_deliver_to_customer_toggle_button_is_made_off_test" time="0.0">
    <skipped/>
  </testcase> <!-- T22_verify_delivery_section_gets_enabled_when_deliver_to_customer_toggle_button_is_made_off_test -->
  <testcase classname="orders.Orders_Verify_Outright_Purchase_With_Customer_Flow_Test" name="T23_verify_delivery_status_after_selecting_date_offered_in_delivery_section_of_vehicle_order_tab_test" time="0.0">
    <skipped/>
  </testcase> <!-- T23_verify_delivery_status_after_selecting_date_offered_in_delivery_section_of_vehicle_order_tab_test -->
  <testcase classname="orders.Orders_Verify_Outright_Purchase_With_Customer_Flow_Test" name="T24_verify_delivery_status_after_selecting_confirmed_delivery_date_in_delivery_section_of_vehicle_tab_test" time="0.0">
    <skipped/>
  </testcase> <!-- T24_verify_delivery_status_after_selecting_confirmed_delivery_date_in_delivery_section_of_vehicle_tab_test -->
  <testcase classname="orders.Orders_Verify_Outright_Purchase_With_Customer_Flow_Test" name="T25_verify_delivery_status_after_uploading_delivery_note_in_post_delivery_section_on_vehicle_order_tab_test" time="0.0">
    <skipped/>
  </testcase> <!-- T25_verify_delivery_status_after_uploading_delivery_note_in_post_delivery_section_on_vehicle_order_tab_test -->
  <testcase classname="com.amt.testBase.TestBase" name="@AfterSuite end" time="0.0">
    <ignored/>
  </testcase> <!-- @AfterSuite end -->
  <testcase classname="com.amt.testBase.TestBase" name="@AfterSuite end" time="0.0">
    <ignored/>
  </testcase> <!-- @AfterSuite end -->
  <testcase classname="com.amt.testBase.TestBase" name="@AfterSuite end" time="0.0">
    <ignored/>
  </testcase> <!-- @AfterSuite end -->
  <testcase classname="com.amt.testBase.TestBase" name="@BeforeTest start_info" time="0.0">
    <ignored/>
  </testcase> <!-- @BeforeTest start_info -->
  <testcase classname="com.amt.testBase.TestBase" name="@BeforeTest start_info" time="0.0">
    <ignored/>
  </testcase> <!-- @BeforeTest start_info -->
  <testcase classname="com.amt.testBase.TestBase" name="@BeforeTest start_info" time="0.0">
    <ignored/>
  </testcase> <!-- @BeforeTest start_info -->
</testsuite> <!-- Verify Order Flow For Outright Purchase With Customer Flow For New Car -->
