<?xml version="1.0" encoding="UTF-8"?>
<!-- Generated by org.testng.reporters.JUnitXMLReporter -->
<testsuite ignored="6" hostname="DSK-4052" failures="3" tests="54" name="Verify With Customer Flow For Ownbook Purchase Without Funder" time="1857.133" errors="0" timestamp="2024-01-31T05:52:14 IST">
  <testcase classname="acquisition.Acquisition_Quotes_HPNR_HPNR_used_car_without_maintenance_Test" name="aquisition_quotes_OTR_calculation_without_maintenance_test" time="111.309"/>
  <testcase classname="acquisition.Acquisition_Quotes_HPNR_HPNR_used_car_without_maintenance_Test" name="aquisition_quotes_holding_cost_calculations_without_maintenance_test" time="24.137"/>
  <testcase classname="acquisition.Acquisition_Quotes_HPNR_HPNR_used_car_without_maintenance_Test" name="aquisition_quotes_customer_quote_calculations_check_monthly_finance_payment_without_maintenance_test" time="95.029"/>
  <testcase classname="acquisition.Acquisition_Quotes_HPNR_HPNR_used_car_without_maintenance_Test" name="aquisition_quotes_customer_quote_part_exchange_value_edit_check_without_maintenance_test" time="113.512"/>
  <testcase classname="acquisition.Acquisition_Quotes_HPNR_HPNR_used_car_without_maintenance_Test" name="aquisition_quotes_customer_quote_monthly_finance_payment_after_balloon_payment_off_without_maintenance_test" time="24.313"/>
  <testcase classname="acquisition.Acquisition_Quotes_HPNR_HPNR_used_car_without_maintenance_Test" name="aquisition_quotes_quote_summary_values_verification_without_maintenance_test" time="217.104"/>
  <testcase classname="opportunity.LOU_used_car_ownbook_business_purchase_accept_with_changes_Test" name="L1_create_lead_convert_to_lead_for_ownbook_business_flow" time="210.848"/>
  <testcase classname="opportunity.LOU_used_car_ownbook_business_purchase_accept_with_changes_Test" name="L2_ownbook_business_current_status_before_sending_to_proposal" time="37.19"/>
  <testcase classname="opportunity.LOU_used_car_ownbook_business_purchase_accept_with_changes_Test" name="L3_verify_table_values_on_opportunity_page_before_sending_proposal" time="4.015"/>
  <testcase classname="opportunity.LOU_used_car_ownbook_business_purchase_accept_with_changes_Test" name="L4_fill_up_the_required_fields_for_sending_a_proposal" time="142.419"/>
  <testcase classname="opportunity.LOU_used_car_ownbook_business_purchase_accept_with_changes_Test" name="L5_ownbook_create_opportunity_business_currentstatus_after_sending_to_proposal" time="0.168"/>
  <testcase classname="opportunity.LOU_used_car_ownbook_business_purchase_accept_with_changes_Test" name="L6_ownbook_sending_contract" time="26.858"/>
  <testcase classname="opportunity.LOU_used_car_ownbook_business_purchase_accept_with_changes_Test" name="L7_verify_current_status_on_opportunity_page_after_sending_contract_for_ownbook_business_flow" time="7.189"/>
  <testcase classname="opportunity.LOU_used_car_ownbook_business_purchase_accept_with_changes_Test" name="L8_ownbook_signed_contract_status_with_api_call" time="38.701"/>
  <testcase classname="opportunity.LOU_used_car_ownbook_business_purchase_accept_with_changes_Test" name="L9_ownbook_status_after_contract_signed" time="11.119"/>
  <testcase classname="opportunity.LOU_used_car_ownbook_business_purchase_accept_with_changes_Test" name="UW1_verify_underwriting_flow_ownbook_with_status" time="83.208"/>
  <testcase classname="opportunity.LOU_used_car_ownbook_business_purchase_accept_with_changes_Test" name="UW2_verify_status_after_sending_to_underwriting" time="4.13"/>
  <testcase classname="opportunity.LOU_used_car_ownbook_business_purchase_accept_with_changes_Test" name="UW3_verify_underwriting_lisitig_page" time="24.093"/>
  <testcase classname="opportunity.LOU_used_car_ownbook_business_purchase_accept_with_changes_Test" name="UW4_verify_ownbook_underwriting_proposal_page_flow" time="117.526"/>
  <testcase classname="opportunity.LOU_used_car_ownbook_business_purchase_accept_with_changes_Test" name="UW5_verify_ownbook_underwriting_proposal_decision_with_accept" time="48.806"/>
  <testcase classname="opportunity.LOU_used_car_ownbook_business_purchase_accept_with_changes_Test" name="UW6_verify_ownbook_opportunity_search_text_box_accept_with_changes" time="29.692"/>
  <testcase classname="opportunity.LOU_used_car_ownbook_business_purchase_accept_with_changes_Test" name="UW7_verify_ownbook_opportunity_accept_with_changes_underwriting_pop_up" time="130.867"/>
  <testcase classname="opportunity.LOU_used_car_ownbook_business_purchase_accept_with_changes_Test" name="UW8_verify_ownbook_opportunity_underwriting_accept_with_changes_cancel_flow_verification" time="22.954">
    <failure type="java.lang.AssertionError" message="expected [true] but found [false]">
      <![CDATA[java.lang.AssertionError: expected [true] but found [false]
at opportunity.LOU_used_car_ownbook_business_purchase_accept_with_changes_Test.UW8_verify_ownbook_opportunity_underwriting_accept_with_changes_cancel_flow_verification(LOU_used_car_ownbook_business_purchase_accept_with_changes_Test.java:403)
at java.base/java.util.ArrayList.forEach(ArrayList.java:1511)
... Removed 30 stack frames]]>
    </failure>
  </testcase> <!-- UW8_verify_ownbook_opportunity_underwriting_accept_with_changes_cancel_flow_verification -->
  <testcase classname="opportunity.LOU_used_car_ownbook_business_purchase_accept_with_changes_Test" name="UW9_ownbook_after_opportunity_underwriting_accept_with_changes_signed_contract_status_with_api_call" time="0.0">
    <skipped/>
  </testcase> <!-- UW9_ownbook_after_opportunity_underwriting_accept_with_changes_signed_contract_status_with_api_call -->
  <testcase classname="opportunity.LOU_used_car_ownbook_business_purchase_accept_with_changes_Test" name="OP1_ownbook_after_Underwriting_accepted_mothlty_payment_price" time="0.0">
    <skipped/>
  </testcase> <!-- OP1_ownbook_after_Underwriting_accepted_mothlty_payment_price -->
  <testcase classname="opportunity.Create_order_from_opportunity_Test" name="create_order_from_opportunity_test" time="66.881">
    <failure type="org.openqa.selenium.TimeoutException" message="Expected condition failed: waiting for element to be clickable: Proxy element for: DefaultElementLocator &amp;apos;By.xpath: //*[@id=&amp;apos;requestedDelivery&amp;apos;]&amp;apos; (tried for 20 second(s) with 500 milliseconds interval)">
      <![CDATA[org.openqa.selenium.TimeoutException: Expected condition failed: waiting for element to be clickable: Proxy element for: DefaultElementLocator 'By.xpath: //*[@id='requestedDelivery']' (tried for 20 second(s) with 500 milliseconds interval)
at org.openqa.selenium.support.ui.WebDriverWait.timeoutException(WebDriverWait.java:138)
at org.openqa.selenium.support.ui.FluentWait.until(FluentWait.java:231)
at com.amt.testUtil.Click.on(Click.java:17)
at com.amt.testUtil.CommonClass.create_order_from_opportunity(CommonClass.java:391)
at opportunity.Create_order_from_opportunity_Test.create_order_from_opportunity_test(Create_order_from_opportunity_Test.java:30)
at java.base/java.util.ArrayList.forEach(ArrayList.java:1511)
Caused by: org.openqa.selenium.NoSuchElementException: no such element: Unable to locate element: {"method":"xpath","selector":"//*[@id='requestedDelivery']"}
  (Session info: chrome=120.0.6099.225)
For documentation on this error, please visit: https://selenium.dev/exceptions/#no_such_element
Build info: version: '4.1.0', revision: '87802e897b'
System info: host: 'DSK-4052', ip: '172.16.1.80', os.name: 'Windows 10', os.arch: 'amd64', os.version: '10.0', java.version: '19.0.1'
Driver info: org.openqa.selenium.chrome.ChromeDriver
Command: [7eb45a22d24777c064cb4fa2165325f3, findElement {using=xpath, value=//*[@id='requestedDelivery']}]
Capabilities {acceptInsecureCerts: false, browserName: chrome, browserVersion: 120.0.6099.225, chrome: {chromedriverVersion: 119.0.6045.105 (38c72552c5e..., userDataDir: C:\Users\NITEIN~1.KUR\AppDa...}, fedcm:accounts: true, goog:chromeOptions: {debuggerAddress: localhost:61906}, javascriptEnabled: true, networkConnectionEnabled: false, pageLoadStrategy: normal, platform: WINDOWS, platformName: WINDOWS, proxy: Proxy(), se:cdp: ws://localhost:61906/devtoo..., se:cdpVersion: 120.0.6099.225, setWindowRect: true, strictFileInteractability: false, timeouts: {implicit: 0, pageLoad: 300000, script: 30000}, unhandledPromptBehavior: dismiss and notify, webauthn:extension:credBlob: true, webauthn:extension:largeBlob: true, webauthn:extension:minPinLength: true, webauthn:extension:prf: true, webauthn:virtualAuthenticators: true}
Session ID: 7eb45a22d24777c064cb4fa2165325f3
at org.openqa.selenium.remote.codec.w3c.W3CHttpResponseCodec.createException(W3CHttpResponseCodec.java:200)
at org.openqa.selenium.remote.codec.w3c.W3CHttpResponseCodec.decode(W3CHttpResponseCodec.java:133)
at org.openqa.selenium.remote.codec.w3c.W3CHttpResponseCodec.decode(W3CHttpResponseCodec.java:53)
at org.openqa.selenium.remote.HttpCommandExecutor.execute(HttpCommandExecutor.java:184)
at org.openqa.selenium.remote.service.DriverCommandExecutor.invokeExecute(DriverCommandExecutor.java:164)
at org.openqa.selenium.remote.service.DriverCommandExecutor.execute(DriverCommandExecutor.java:139)
at org.openqa.selenium.remote.RemoteWebDriver.execute(RemoteWebDriver.java:559)
at org.openqa.selenium.remote.ElementLocation$ElementFinder$2.findElement(ElementLocation.java:162)
at org.openqa.selenium.remote.ElementLocation.findElement(ElementLocation.java:60)
at org.openqa.selenium.remote.RemoteWebDriver.findElement(RemoteWebDriver.java:383)
at org.openqa.selenium.remote.RemoteWebDriver.findElement(RemoteWebDriver.java:375)
at org.openqa.selenium.support.pagefactory.DefaultElementLocator.findElement(DefaultElementLocator.java:70)
at org.openqa.selenium.support.pagefactory.internal.LocatingElementHandler.invoke(LocatingElementHandler.java:39)
at jdk.proxy2/jdk.proxy2.$Proxy23.isDisplayed(Unknown Source)
at org.openqa.selenium.support.ui.ExpectedConditions.elementIfVisible(ExpectedConditions.java:307)
at org.openqa.selenium.support.ui.ExpectedConditions.access$000(ExpectedConditions.java:40)
at org.openqa.selenium.support.ui.ExpectedConditions$10.apply(ExpectedConditions.java:293)
at org.openqa.selenium.support.ui.ExpectedConditions$10.apply(ExpectedConditions.java:290)
at org.openqa.selenium.support.ui.ExpectedConditions$23.apply(ExpectedConditions.java:660)
at org.openqa.selenium.support.ui.ExpectedConditions$23.apply(ExpectedConditions.java:656)
at org.openqa.selenium.support.ui.FluentWait.until(FluentWait.java:208)
... 30 more
... Removed 29 stack frames]]>
    </failure>
  </testcase> <!-- create_order_from_opportunity_test -->
  <testcase classname="orders.Orders_Verify_used_car_ownbook_business_purchase_With_Customer_Flow_Test" name="T1_open_order_created_in_acquisition_test" time="88.257"/>
  <testcase classname="orders.Orders_Verify_used_car_ownbook_business_purchase_With_Customer_Flow_Test" name="T2_pre_order_pass_check_in_customer_contract_tab_test" time="17.328"/>
  <testcase classname="orders.Orders_Verify_used_car_ownbook_business_purchase_With_Customer_Flow_Test" name="T3_verify_summary_section_values" time="104.231"/>
  <testcase classname="orders.Orders_Verify_used_car_ownbook_business_purchase_With_Customer_Flow_Test" name="T4_verify_that_editing_the_basic_cash_price_does_not_affect_the_monthly_payment_on_customer_contract_tab_test" time="14.507">
    <failure type="org.openqa.selenium.ElementNotInteractableException" message="element not interactable
  (Session info: chrome=120.0.6099.225)
Build info: version: &amp;apos;4.1.0&amp;apos;, revision: &amp;apos;87802e897b&amp;apos;
System info: host: &amp;apos;DSK-4052&amp;apos;, ip: &amp;apos;172.16.1.80&amp;apos;, os.name: &amp;apos;Windows 10&amp;apos;, os.arch: &amp;apos;amd64&amp;apos;, os.version: &amp;apos;10.0&amp;apos;, java.version: &amp;apos;19.0.1&amp;apos;
Driver info: org.openqa.selenium.chrome.ChromeDriver
Command: [8c1b65b9f6a2a278860c599783670a2c, sendKeysToElement {id=8A3A19D0FA6BE41C03D4872ABC710A7E_element_576, value=[Ljava.lang.CharSequence;@5309d019}]
Capabilities {acceptInsecureCerts: false, browserName: chrome, browserVersion: 120.0.6099.225, chrome: {chromedriverVersion: 119.0.6045.105 (38c72552c5e..., userDataDir: C:\Users\NITEIN~1.KUR\AppDa...}, fedcm:accounts: true, goog:chromeOptions: {debuggerAddress: localhost:62024}, javascriptEnabled: true, networkConnectionEnabled: false, pageLoadStrategy: normal, platform: WINDOWS, platformName: WINDOWS, proxy: Proxy(), se:cdp: ws://localhost:62024/devtoo..., se:cdpVersion: 120.0.6099.225, setWindowRect: true, strictFileInteractability: false, timeouts: {implicit: 0, pageLoad: 300000, script: 30000}, unhandledPromptBehavior: dismiss and notify, webauthn:extension:credBlob: true, webauthn:extension:largeBlob: true, webauthn:extension:minPinLength: true, webauthn:extension:prf: true, webauthn:virtualAuthenticators: true}
Element: [[ChromeDriver: chrome on WINDOWS (8c1b65b9f6a2a278860c599783670a2c)] -&amp;gt; xpath: //*[normalize-space()=&amp;apos;Basic price&amp;apos;]//ancestor::div[1]//div//div//input|//*[normalize-space()=&amp;apos;Vehicle cost price&amp;apos;]//ancestor::div[1]//div//div//input]
Session ID: 8c1b65b9f6a2a278860c599783670a2c">
      <![CDATA[org.openqa.selenium.ElementNotInteractableException: element not interactable
  (Session info: chrome=120.0.6099.225)
Build info: version: '4.1.0', revision: '87802e897b'
System info: host: 'DSK-4052', ip: '172.16.1.80', os.name: 'Windows 10', os.arch: 'amd64', os.version: '10.0', java.version: '19.0.1'
Driver info: org.openqa.selenium.chrome.ChromeDriver
Command: [8c1b65b9f6a2a278860c599783670a2c, sendKeysToElement {id=8A3A19D0FA6BE41C03D4872ABC710A7E_element_576, value=[Ljava.lang.CharSequence;@5309d019}]
Capabilities {acceptInsecureCerts: false, browserName: chrome, browserVersion: 120.0.6099.225, chrome: {chromedriverVersion: 119.0.6045.105 (38c72552c5e..., userDataDir: C:\Users\NITEIN~1.KUR\AppDa...}, fedcm:accounts: true, goog:chromeOptions: {debuggerAddress: localhost:62024}, javascriptEnabled: true, networkConnectionEnabled: false, pageLoadStrategy: normal, platform: WINDOWS, platformName: WINDOWS, proxy: Proxy(), se:cdp: ws://localhost:62024/devtoo..., se:cdpVersion: 120.0.6099.225, setWindowRect: true, strictFileInteractability: false, timeouts: {implicit: 0, pageLoad: 300000, script: 30000}, unhandledPromptBehavior: dismiss and notify, webauthn:extension:credBlob: true, webauthn:extension:largeBlob: true, webauthn:extension:minPinLength: true, webauthn:extension:prf: true, webauthn:virtualAuthenticators: true}
Element: [[ChromeDriver: chrome on WINDOWS (8c1b65b9f6a2a278860c599783670a2c)] -> xpath: //*[normalize-space()='Basic price']//ancestor::div[1]//div//div//input|//*[normalize-space()='Vehicle cost price']//ancestor::div[1]//div//div//input]
Session ID: 8c1b65b9f6a2a278860c599783670a2c
at org.openqa.selenium.remote.codec.w3c.W3CHttpResponseCodec.createException(W3CHttpResponseCodec.java:200)
at org.openqa.selenium.remote.codec.w3c.W3CHttpResponseCodec.decode(W3CHttpResponseCodec.java:133)
at org.openqa.selenium.remote.codec.w3c.W3CHttpResponseCodec.decode(W3CHttpResponseCodec.java:53)
at org.openqa.selenium.remote.HttpCommandExecutor.execute(HttpCommandExecutor.java:184)
at org.openqa.selenium.remote.service.DriverCommandExecutor.invokeExecute(DriverCommandExecutor.java:164)
at org.openqa.selenium.remote.service.DriverCommandExecutor.execute(DriverCommandExecutor.java:139)
at org.openqa.selenium.remote.RemoteWebDriver.execute(RemoteWebDriver.java:559)
at org.openqa.selenium.remote.RemoteWebElement.execute(RemoteWebElement.java:251)
at org.openqa.selenium.remote.RemoteWebElement.sendKeys(RemoteWebElement.java:107)
at org.openqa.selenium.support.pagefactory.internal.LocatingElementHandler.invoke(LocatingElementHandler.java:52)
at jdk.proxy2/jdk.proxy2.$Proxy23.sendKeys(Unknown Source)
at com.amt.pages.CustomerContractPage.verify_that_editing_the_basic_cash_price_does_not_affect_the_monthly_payment_on_customer_contract_tab(CustomerContractPage.java:918)
at orders.Orders_Verify_used_car_ownbook_business_purchase_With_Customer_Flow_Test.T4_verify_that_editing_the_basic_cash_price_does_not_affect_the_monthly_payment_on_customer_contract_tab_test(Orders_Verify_used_car_ownbook_business_purchase_With_Customer_Flow_Test.java:92)
at java.base/java.util.ArrayList.forEach(ArrayList.java:1511)
... Removed 31 stack frames]]>
    </failure>
  </testcase> <!-- T4_verify_that_editing_the_basic_cash_price_does_not_affect_the_monthly_payment_on_customer_contract_tab_test -->
  <testcase classname="orders.Orders_Verify_used_car_ownbook_business_purchase_With_Customer_Flow_Test" name="T5_verify_that_funder_with_different_term_and_mileage_can_not_be_added_for_with_customer_flow_test" time="0.0">
    <skipped/>
  </testcase> <!-- T5_verify_that_funder_with_different_term_and_mileage_can_not_be_added_for_with_customer_flow_test -->
  <testcase classname="orders.Orders_Verify_used_car_ownbook_business_purchase_With_Customer_Flow_Test" name="T6_verify_that_monthly_payment_does_not_changes_if_a_added_funder_is_selected_in_the_asset_funding_tab_for_with_customer_flow_test" time="0.0">
    <skipped/>
  </testcase> <!-- T6_verify_that_monthly_payment_does_not_changes_if_a_added_funder_is_selected_in_the_asset_funding_tab_for_with_customer_flow_test -->
  <testcase classname="orders.Orders_Verify_used_car_ownbook_business_purchase_With_Customer_Flow_Test" name="T7_verify_holding_cost_on_adding_funder" time="0.0">
    <skipped/>
  </testcase> <!-- T7_verify_holding_cost_on_adding_funder -->
  <testcase classname="orders.Orders_Verify_used_car_ownbook_business_purchase_With_Customer_Flow_Test" name="T8_verify_default_order_status_vehicle_tab_test" time="0.0">
    <skipped/>
  </testcase> <!-- T8_verify_default_order_status_vehicle_tab_test -->
  <testcase classname="orders.Orders_Verify_used_car_ownbook_business_purchase_With_Customer_Flow_Test" name="T9_verify_order_status_after_uploading_order_form_in_vehicle_tab_test" time="0.0">
    <skipped/>
  </testcase> <!-- T9_verify_order_status_after_uploading_order_form_in_vehicle_tab_test -->
  <testcase classname="orders.Orders_Verify_used_car_ownbook_business_purchase_With_Customer_Flow_Test" name="T10_verify_default_payment_status_on_vehicle_tab_test" time="0.0">
    <skipped/>
  </testcase> <!-- T10_verify_default_payment_status_on_vehicle_tab_test -->
  <testcase classname="orders.Orders_Verify_used_car_ownbook_business_purchase_With_Customer_Flow_Test" name="T11_verify_payment_status_after_selecting_payment_sent_date_on_vehicle_tab_test" time="0.0">
    <skipped/>
  </testcase> <!-- T11_verify_payment_status_after_selecting_payment_sent_date_on_vehicle_tab_test -->
  <testcase classname="orders.Orders_Verify_used_car_ownbook_business_purchase_With_Customer_Flow_Test" name="T12_verify_payment_status_should_be_reversed_to_payment_required_after_selecting_payment_by_AMT_on_vehicle_tab_test" time="0.0">
    <skipped/>
  </testcase> <!-- T12_verify_payment_status_should_be_reversed_to_payment_required_after_selecting_payment_by_AMT_on_vehicle_tab_test -->
  <testcase classname="orders.Orders_Verify_used_car_ownbook_business_purchase_With_Customer_Flow_Test" name="T13_verify_payment_status_after_selecting_payment_sent_date_for_amount_due_on_vehicle_tab_test" time="0.0">
    <skipped/>
  </testcase> <!-- T13_verify_payment_status_after_selecting_payment_sent_date_for_amount_due_on_vehicle_tab_test -->
  <testcase classname="orders.Orders_Verify_used_car_ownbook_business_purchase_With_Customer_Flow_Test" name="T14_verify_default_status_acceptance_conditions_for_ownbook_purchase_flow" time="0.0">
    <skipped/>
  </testcase> <!-- T14_verify_default_status_acceptance_conditions_for_ownbook_purchase_flow -->
  <testcase classname="orders.Orders_Verify_used_car_ownbook_business_purchase_With_Customer_Flow_Test" name="T15_verify_payment_default_status" time="0.0">
    <skipped/>
  </testcase> <!-- T15_verify_payment_default_status -->
  <testcase classname="orders.Orders_Verify_used_car_ownbook_business_purchase_With_Customer_Flow_Test" name="T16_make_payment_with_new_payment" time="0.0">
    <skipped/>
  </testcase> <!-- T16_make_payment_with_new_payment -->
  <testcase classname="orders.Orders_Verify_used_car_ownbook_business_purchase_With_Customer_Flow_Test" name="T17_verify_payment_status_after_making_a_payment_on_customer_contract_tab" time="0.0">
    <skipped/>
  </testcase> <!-- T17_verify_payment_status_after_making_a_payment_on_customer_contract_tab -->
  <testcase classname="orders.Orders_Verify_used_car_ownbook_business_purchase_With_Customer_Flow_Test" name="T18_verify_delivery_status_after_selecting_date_offered_in_delivery_section_of_customer_contract_tab_test" time="0.0">
    <skipped/>
  </testcase> <!-- T18_verify_delivery_status_after_selecting_date_offered_in_delivery_section_of_customer_contract_tab_test -->
  <testcase classname="orders.Orders_Verify_used_car_ownbook_business_purchase_With_Customer_Flow_Test" name="T19_verify_delivery_status_after_selecting_confirmed_delivery_date_in_delivery_section_of_customer_contract_test" time="0.0">
    <skipped/>
  </testcase> <!-- T19_verify_delivery_status_after_selecting_confirmed_delivery_date_in_delivery_section_of_customer_contract_test -->
  <testcase classname="orders.Orders_Verify_used_car_ownbook_business_purchase_With_Customer_Flow_Test" name="T20_verify_delivery_status_after_uploading_delivery_note_in_post_delivery_section_on_customer_contract_tab_test" time="0.0">
    <skipped/>
  </testcase> <!-- T20_verify_delivery_status_after_uploading_delivery_note_in_post_delivery_section_on_customer_contract_tab_test -->
  <testcase classname="orders.Orders_Verify_used_car_ownbook_business_purchase_With_Customer_Flow_Test" name="T21_verify_delivery_status_on_customer_contract_tab_and_vehicle_order_tab_are_same_when_deliver_to_customer_toggle_button_in_on_test" time="0.0">
    <skipped/>
  </testcase> <!-- T21_verify_delivery_status_on_customer_contract_tab_and_vehicle_order_tab_are_same_when_deliver_to_customer_toggle_button_in_on_test -->
  <testcase classname="orders.Orders_Verify_used_car_ownbook_business_purchase_With_Customer_Flow_Test" name="T22_verify_delivery_section_gets_enabled_when_deliver_to_customer_toggle_button_is_made_off_test" time="0.0">
    <skipped/>
  </testcase> <!-- T22_verify_delivery_section_gets_enabled_when_deliver_to_customer_toggle_button_is_made_off_test -->
  <testcase classname="orders.Orders_Verify_used_car_ownbook_business_purchase_With_Customer_Flow_Test" name="T23_verify_delivery_status_after_selecting_date_offered_in_delivery_section_of_vehicle_order_tab_test" time="0.0">
    <skipped/>
  </testcase> <!-- T23_verify_delivery_status_after_selecting_date_offered_in_delivery_section_of_vehicle_order_tab_test -->
  <testcase classname="orders.Orders_Verify_used_car_ownbook_business_purchase_With_Customer_Flow_Test" name="T24_verify_delivery_status_after_selecting_confirmed_delivery_date_in_delivery_section_of_vehicle_tab_test" time="0.0">
    <skipped/>
  </testcase> <!-- T24_verify_delivery_status_after_selecting_confirmed_delivery_date_in_delivery_section_of_vehicle_tab_test -->
  <testcase classname="orders.Orders_Verify_used_car_ownbook_business_purchase_With_Customer_Flow_Test" name="T25_verify_delivery_status_after_uploading_delivery_note_in_post_delivery_section_on_vehicle_order_tab_test" time="0.0">
    <skipped/>
  </testcase> <!-- T25_verify_delivery_status_after_uploading_delivery_note_in_post_delivery_section_on_vehicle_order_tab_test -->
  <testcase classname="orders.Orders_Verify_used_car_ownbook_business_purchase_With_Customer_Flow_Test" name="T26_verify_finance_documents_statuses_for_required_flow_test" time="0.0">
    <skipped/>
  </testcase> <!-- T26_verify_finance_documents_statuses_for_required_flow_test -->
  <testcase classname="orders.Orders_Verify_used_car_ownbook_business_purchase_With_Customer_Flow_Test" name="T27_verify_payments_to_funder_statuses_for_required_flow_test" time="0.0">
    <skipped/>
  </testcase> <!-- T27_verify_payments_to_funder_statuses_for_required_flow_test -->
  <testcase classname="orders.Orders_Verify_used_car_ownbook_business_purchase_With_Customer_Flow_Test" name="T28_verify_completed_status_for_required_flow_test" time="0.0">
    <skipped/>
  </testcase> <!-- T28_verify_completed_status_for_required_flow_test -->
  <testcase classname="com.amt.testBase.TestBase" name="@AfterSuite end" time="0.0">
    <ignored/>
  </testcase> <!-- @AfterSuite end -->
  <testcase classname="com.amt.testBase.TestBase" name="@AfterSuite end" time="0.0">
    <ignored/>
  </testcase> <!-- @AfterSuite end -->
  <testcase classname="com.amt.testBase.TestBase" name="@AfterSuite end" time="0.0">
    <ignored/>
  </testcase> <!-- @AfterSuite end -->
  <testcase classname="com.amt.testBase.TestBase" name="@BeforeTest start_info" time="0.0">
    <ignored/>
  </testcase> <!-- @BeforeTest start_info -->
  <testcase classname="com.amt.testBase.TestBase" name="@BeforeTest start_info" time="0.0">
    <ignored/>
  </testcase> <!-- @BeforeTest start_info -->
  <testcase classname="com.amt.testBase.TestBase" name="@BeforeTest start_info" time="0.0">
    <ignored/>
  </testcase> <!-- @BeforeTest start_info -->
</testsuite> <!-- Verify With Customer Flow For Ownbook Purchase Without Funder -->
