<html>
<head>
<title>TestNG:  Verify With Customer Flow For Ownbook Purchase Without Funder</title>
<link href="../testng.css" rel="stylesheet" type="text/css" />
<link href="../my-testng.css" rel="stylesheet" type="text/css" />

<style type="text/css">
.log { display: none;} 
.stack-trace { display: none;} 
</style>
<script type="text/javascript">
<!--
function flip(e) {
  current = e.style.display;
  if (current == 'block') {
    e.style.display = 'none';
    return 0;
  }
  else {
    e.style.display = 'block';
    return 1;
  }
}

function toggleBox(szDivId, elem, msg1, msg2)
{
  var res = -1;  if (document.getElementById) {
    res = flip(document.getElementById(szDivId));
  }
  else if (document.all) {
    // this is the way old msie versions work
    res = flip(document.all[szDivId]);
  }
  if(elem) {
    if(res == 0) elem.innerHTML = msg1; else elem.innerHTML = msg2;
  }

}

function toggleAllBoxes() {
  if (document.getElementsByTagName) {
    d = document.getElementsByTagName('div');
    for (i = 0; i < d.length; i++) {
      if (d[i].className == 'log') {
        flip(d[i]);
      }
    }
  }
}

// -->
</script>

</head>
<body>
<h2 align='center'>Verify With Customer Flow For Ownbook Purchase Without Funder</h2><table border='1' align="center">
<tr>
<td>Tests passed/Failed/Skipped:</td><td>25/3/26</td>
</tr><tr>
<td>Started on:</td><td>Wed Jan 31 05:21:17 IST 2024</td>
</tr>
<tr><td>Total time:</td><td>1857 seconds (1857133 ms)</td>
</tr><tr>
<td>Included groups:</td><td></td>
</tr><tr>
<td>Excluded groups:</td><td></td>
</tr>
</table><p/>
<small><i>(Hover the method name to see the test class name)</i></small><p/>
<table width='100%' border='1' class='invocation-failed'>
<tr><td colspan='4' align='center'><b>FAILED TESTS</b></td></tr>
<tr><td><b>Test method</b></td>
<td width="30%"><b>Exception</b></td>
<td width="10%"><b>Time (seconds)</b></td>
<td><b>Instance</b></td>
</tr>
<tr>
<td title='opportunity.LOU_used_car_ownbook_business_purchase_accept_with_changes_Test.UW8_verify_ownbook_opportunity_underwriting_accept_with_changes_cancel_flow_verification()'><b>UW8_verify_ownbook_opportunity_underwriting_accept_with_changes_cancel_flow_verification</b><br>Test class: opportunity.LOU_used_car_ownbook_business_purchase_accept_with_changes_Test<br/>
<a href="#Output-1959369144" onClick='toggleBox("Output-1959369144", this, "Show output", "Hide output");'>Show output</a>

<a href="#Output-1959369144" onClick="toggleAllBoxes();">Show all outputs</a>
<div class='log' id="Output-1959369144">
<b>Click on Search text box on Opportunity page</b> <br /><br/>
<b>Enter the opportunity ID in search text box =BB-8073</b> <br /><br/>
<b>Current Status of Proposal value is = Proposal Received</b> <br /><br/>
<b>Current Status of Channel value is =  Draft</b> <br /><br/>
<b>Current Status of  Quote ref is = Cancelled</b> <br /><br/>
<b>Current Status of  Quote ref is = Draft</b> <br /><br/>
<br>----------Screenshot---------<br><br/>
<img src="D:\Orders_Vehicles\AMT_Orders_Vehicles\target\surefire-reports\html\failure_screenshots\UW8_verify_ownbook_opportunity_underwriting_accept_with_changes_cancel_flow_verification_31_01_2024_05_47_03.png" height="800" width="1000"><br/>
</div>
</td>
<td><div><pre>java.lang.AssertionError: expected [true] but found [false]
	at opportunity.LOU_used_car_ownbook_business_purchase_accept_with_changes_Test.UW8_verify_ownbook_opportunity_underwriting_accept_with_changes_cancel_flow_verification(LOU_used_car_ownbook_business_purchase_accept_with_changes_Test.java:403)
	at java.base/java.util.ArrayList.forEach(ArrayList.java:1511)
... Removed 30 stack frames</pre></div><a href='#' onClick='toggleBox("stack-trace1959369144", this, "Click to show all stack frames", "Click to hide stack frames")'>Click to show all stack frames</a>
<div class='stack-trace' id='stack-trace1959369144'><pre>java.lang.AssertionError: expected [true] but found [false]
	at org.testng.Assert.fail(Assert.java:99)
	at org.testng.Assert.failNotEquals(Assert.java:1037)
	at org.testng.Assert.assertTrue(Assert.java:45)
	at org.testng.Assert.assertTrue(Assert.java:55)
	at opportunity.LOU_used_car_ownbook_business_purchase_accept_with_changes_Test.UW8_verify_ownbook_opportunity_underwriting_accept_with_changes_cancel_flow_verification(LOU_used_car_ownbook_business_purchase_accept_with_changes_Test.java:403)
	at java.base/jdk.internal.reflect.DirectMethodHandleAccessor.invoke(DirectMethodHandleAccessor.java:104)
	at java.base/java.lang.reflect.Method.invoke(Method.java:578)
	at org.testng.internal.MethodInvocationHelper.invokeMethod(MethodInvocationHelper.java:133)
	at org.testng.internal.TestInvoker.invokeMethod(TestInvoker.java:598)
	at org.testng.internal.TestInvoker.invokeTestMethod(TestInvoker.java:173)
	at org.testng.internal.MethodRunner.runInSequence(MethodRunner.java:46)
	at org.testng.internal.TestInvoker$MethodInvocationAgent.invoke(TestInvoker.java:824)
	at org.testng.internal.TestInvoker.invokeTestMethods(TestInvoker.java:146)
	at org.testng.internal.TestMethodWorker.invokeTestMethods(TestMethodWorker.java:146)
	at org.testng.internal.TestMethodWorker.run(TestMethodWorker.java:128)
	at java.base/java.util.ArrayList.forEach(ArrayList.java:1511)
	at org.testng.TestRunner.privateRun(TestRunner.java:794)
	at org.testng.TestRunner.run(TestRunner.java:596)
	at org.testng.SuiteRunner.runTest(SuiteRunner.java:377)
	at org.testng.SuiteRunner.runSequentially(SuiteRunner.java:371)
	at org.testng.SuiteRunner.privateRun(SuiteRunner.java:332)
	at org.testng.SuiteRunner.run(SuiteRunner.java:276)
	at org.testng.SuiteRunnerWorker.runSuite(SuiteRunnerWorker.java:53)
	at org.testng.SuiteRunnerWorker.run(SuiteRunnerWorker.java:96)
	at org.testng.TestNG.runSuitesSequentially(TestNG.java:1212)
	at org.testng.TestNG.runSuitesSequentially(TestNG.java:1207)
	at org.testng.TestNG.runSuitesLocally(TestNG.java:1134)
	at org.testng.TestNG.runSuites(TestNG.java:1063)
	at org.testng.TestNG.run(TestNG.java:1031)
	at org.testng.remote.AbstractRemoteTestNG.run(AbstractRemoteTestNG.java:115)
	at org.testng.remote.RemoteTestNG.initAndRun(RemoteTestNG.java:251)
	at org.testng.remote.RemoteTestNG.main(RemoteTestNG.java:77)
</pre></div></td>
<td>22</td>
<td>opportunity.LOU_used_car_ownbook_business_purchase_accept_with_changes_Test@f99f5e0</td></tr>
<tr>
<td title='opportunity.Create_order_from_opportunity_Test.create_order_from_opportunity_test()'><b>create_order_from_opportunity_test</b><br>Test class: opportunity.Create_order_from_opportunity_Test<br/>
<a href="#Output-522605314" onClick='toggleBox("Output-522605314", this, "Show output", "Hide output");'>Show output</a>

<a href="#Output-522605314" onClick="toggleAllBoxes();">Show all outputs</a>
<div class='log' id="Output-522605314">
<b>Clicked on Opportunity link from Menu </b> <br /><br/>
<b>Enter the Opportunity id in Search Text box</b> <br /><br/>
<b> </b> <br /><br/>
<b>*****Creating Order Started*****</b> <br /><br/>
<br>----------Screenshot---------<br><br/>
<img src="D:\Orders_Vehicles\AMT_Orders_Vehicles\target\surefire-reports\html\failure_screenshots\create_order_from_opportunity_test_31_01_2024_05_48_19.png" height="800" width="1000"><br/>
</div>
</td>
<td><div><pre>org.openqa.selenium.TimeoutException: Expected condition failed: waiting for element to be clickable: Proxy element for: DefaultElementLocator &apos;By.xpath: //*[@id=&apos;requestedDelivery&apos;]&apos; (tried for 20 second(s) with 500 milliseconds interval)
	at org.openqa.selenium.support.ui.WebDriverWait.timeoutException(WebDriverWait.java:138)
	at org.openqa.selenium.support.ui.FluentWait.until(FluentWait.java:231)
	at com.amt.testUtil.Click.on(Click.java:17)
	at com.amt.testUtil.CommonClass.create_order_from_opportunity(CommonClass.java:391)
	at opportunity.Create_order_from_opportunity_Test.create_order_from_opportunity_test(Create_order_from_opportunity_Test.java:30)
	at java.base/java.util.ArrayList.forEach(ArrayList.java:1511)
Caused by: org.openqa.selenium.NoSuchElementException: no such element: Unable to locate element: {&quot;method&quot;:&quot;xpath&quot;,&quot;selector&quot;:&quot;//*[@id=&apos;requestedDelivery&apos;]&quot;}
  (Session info: chrome=120.0.6099.225)
For documentation on this error, please visit: https://selenium.dev/exceptions/#no_such_element
Build info: version: &apos;4.1.0&apos;, revision: &apos;87802e897b&apos;
System info: host: &apos;DSK-4052&apos;, ip: &apos;172.16.1.80&apos;, os.name: &apos;Windows 10&apos;, os.arch: &apos;amd64&apos;, os.version: &apos;10.0&apos;, java.version: &apos;19.0.1&apos;
Driver info: org.openqa.selenium.chrome.ChromeDriver
Command: [7eb45a22d24777c064cb4fa2165325f3, findElement {using=xpath, value=//*[@id=&apos;requestedDelivery&apos;]}]
Capabilities {acceptInsecureCerts: false, browserName: chrome, browserVersion: 120.0.6099.225, chrome: {chromedriverVersion: 119.0.6045.105 (38c72552c5e..., userDataDir: C:\Users\NITEIN~1.KUR\AppDa...}, fedcm:accounts: true, goog:chromeOptions: {debuggerAddress: localhost:61906}, javascriptEnabled: true, networkConnectionEnabled: false, pageLoadStrategy: normal, platform: WINDOWS, platformName: WINDOWS, proxy: Proxy(), se:cdp: ws://localhost:61906/devtoo..., se:cdpVersion: 120.0.6099.225, setWindowRect: true, strictFileInteractability: false, timeouts: {implicit: 0, pageLoad: 300000, script: 30000}, unhandledPromptBehavior: dismiss and notify, webauthn:extension:credBlob: true, webauthn:extension:largeBlob: true, webauthn:extension:minPinLength: true, webauthn:extension:prf: true, webauthn:virtualAuthenticators: true}
Session ID: 7eb45a22d24777c064cb4fa2165325f3
	at org.openqa.selenium.remote.codec.w3c.W3CHttpResponseCodec.createException(W3CHttpResponseCodec.java:200)
	at org.openqa.selenium.remote.codec.w3c.W3CHttpResponseCodec.decode(W3CHttpResponseCodec.java:133)
	at org.openqa.selenium.remote.codec.w3c.W3CHttpResponseCodec.decode(W3CHttpResponseCodec.java:53)
	at org.openqa.selenium.remote.HttpCommandExecutor.execute(HttpCommandExecutor.java:184)
	at org.openqa.selenium.remote.service.DriverCommandExecutor.invokeExecute(DriverCommandExecutor.java:164)
	at org.openqa.selenium.remote.service.DriverCommandExecutor.execute(DriverCommandExecutor.java:139)
	at org.openqa.selenium.remote.RemoteWebDriver.execute(RemoteWebDriver.java:559)
	at org.openqa.selenium.remote.ElementLocation$ElementFinder$2.findElement(ElementLocation.java:162)
	at org.openqa.selenium.remote.ElementLocation.findElement(ElementLocation.java:60)
	at org.openqa.selenium.remote.RemoteWebDriver.findElement(RemoteWebDriver.java:383)
	at org.openqa.selenium.remote.RemoteWebDriver.findElement(RemoteWebDriver.java:375)
	at org.openqa.selenium.support.pagefactory.DefaultElementLocator.findElement(DefaultElementLocator.java:70)
	at org.openqa.selenium.support.pagefactory.internal.LocatingElementHandler.invoke(LocatingElementHandler.java:39)
	at jdk.proxy2/jdk.proxy2.$Proxy23.isDisplayed(Unknown Source)
	at org.openqa.selenium.support.ui.ExpectedConditions.elementIfVisible(ExpectedConditions.java:307)
	at org.openqa.selenium.support.ui.ExpectedConditions.access$000(ExpectedConditions.java:40)
	at org.openqa.selenium.support.ui.ExpectedConditions$10.apply(ExpectedConditions.java:293)
	at org.openqa.selenium.support.ui.ExpectedConditions$10.apply(ExpectedConditions.java:290)
	at org.openqa.selenium.support.ui.ExpectedConditions$23.apply(ExpectedConditions.java:660)
	at org.openqa.selenium.support.ui.ExpectedConditions$23.apply(ExpectedConditions.java:656)
	at org.openqa.selenium.support.ui.FluentWait.until(FluentWait.java:208)
	... 30 more
... Removed 29 stack frames</pre></div><a href='#' onClick='toggleBox("stack-trace522605314", this, "Click to show all stack frames", "Click to hide stack frames")'>Click to show all stack frames</a>
<div class='stack-trace' id='stack-trace522605314'><pre>org.openqa.selenium.TimeoutException: Expected condition failed: waiting for element to be clickable: Proxy element for: DefaultElementLocator &apos;By.xpath: //*[@id=&apos;requestedDelivery&apos;]&apos; (tried for 20 second(s) with 500 milliseconds interval)
	at org.openqa.selenium.support.ui.WebDriverWait.timeoutException(WebDriverWait.java:138)
	at org.openqa.selenium.support.ui.FluentWait.until(FluentWait.java:231)
	at com.amt.testUtil.Click.on(Click.java:17)
	at com.amt.testUtil.CommonClass.create_order_from_opportunity(CommonClass.java:391)
	at opportunity.Create_order_from_opportunity_Test.create_order_from_opportunity_test(Create_order_from_opportunity_Test.java:30)
	at java.base/jdk.internal.reflect.DirectMethodHandleAccessor.invoke(DirectMethodHandleAccessor.java:104)
	at java.base/java.lang.reflect.Method.invoke(Method.java:578)
	at org.testng.internal.MethodInvocationHelper.invokeMethod(MethodInvocationHelper.java:133)
	at org.testng.internal.TestInvoker.invokeMethod(TestInvoker.java:598)
	at org.testng.internal.TestInvoker.invokeTestMethod(TestInvoker.java:173)
	at org.testng.internal.MethodRunner.runInSequence(MethodRunner.java:46)
	at org.testng.internal.TestInvoker$MethodInvocationAgent.invoke(TestInvoker.java:824)
	at org.testng.internal.TestInvoker.invokeTestMethods(TestInvoker.java:146)
	at org.testng.internal.TestMethodWorker.invokeTestMethods(TestMethodWorker.java:146)
	at org.testng.internal.TestMethodWorker.run(TestMethodWorker.java:128)
	at java.base/java.util.ArrayList.forEach(ArrayList.java:1511)
	at org.testng.TestRunner.privateRun(TestRunner.java:794)
	at org.testng.TestRunner.run(TestRunner.java:596)
	at org.testng.SuiteRunner.runTest(SuiteRunner.java:377)
	at org.testng.SuiteRunner.runSequentially(SuiteRunner.java:371)
	at org.testng.SuiteRunner.privateRun(SuiteRunner.java:332)
	at org.testng.SuiteRunner.run(SuiteRunner.java:276)
	at org.testng.SuiteRunnerWorker.runSuite(SuiteRunnerWorker.java:53)
	at org.testng.SuiteRunnerWorker.run(SuiteRunnerWorker.java:96)
	at org.testng.TestNG.runSuitesSequentially(TestNG.java:1212)
	at org.testng.TestNG.runSuitesSequentially(TestNG.java:1207)
	at org.testng.TestNG.runSuitesLocally(TestNG.java:1134)
	at org.testng.TestNG.runSuites(TestNG.java:1063)
	at org.testng.TestNG.run(TestNG.java:1031)
	at org.testng.remote.AbstractRemoteTestNG.run(AbstractRemoteTestNG.java:115)
	at org.testng.remote.RemoteTestNG.initAndRun(RemoteTestNG.java:251)
	at org.testng.remote.RemoteTestNG.main(RemoteTestNG.java:77)
Caused by: org.openqa.selenium.NoSuchElementException: no such element: Unable to locate element: {&quot;method&quot;:&quot;xpath&quot;,&quot;selector&quot;:&quot;//*[@id=&apos;requestedDelivery&apos;]&quot;}
  (Session info: chrome=120.0.6099.225)
For documentation on this error, please visit: https://selenium.dev/exceptions/#no_such_element
Build info: version: &apos;4.1.0&apos;, revision: &apos;87802e897b&apos;
System info: host: &apos;DSK-4052&apos;, ip: &apos;172.16.1.80&apos;, os.name: &apos;Windows 10&apos;, os.arch: &apos;amd64&apos;, os.version: &apos;10.0&apos;, java.version: &apos;19.0.1&apos;
Driver info: org.openqa.selenium.chrome.ChromeDriver
Command: [7eb45a22d24777c064cb4fa2165325f3, findElement {using=xpath, value=//*[@id=&apos;requestedDelivery&apos;]}]
Capabilities {acceptInsecureCerts: false, browserName: chrome, browserVersion: 120.0.6099.225, chrome: {chromedriverVersion: 119.0.6045.105 (38c72552c5e..., userDataDir: C:\Users\NITEIN~1.KUR\AppDa...}, fedcm:accounts: true, goog:chromeOptions: {debuggerAddress: localhost:61906}, javascriptEnabled: true, networkConnectionEnabled: false, pageLoadStrategy: normal, platform: WINDOWS, platformName: WINDOWS, proxy: Proxy(), se:cdp: ws://localhost:61906/devtoo..., se:cdpVersion: 120.0.6099.225, setWindowRect: true, strictFileInteractability: false, timeouts: {implicit: 0, pageLoad: 300000, script: 30000}, unhandledPromptBehavior: dismiss and notify, webauthn:extension:credBlob: true, webauthn:extension:largeBlob: true, webauthn:extension:minPinLength: true, webauthn:extension:prf: true, webauthn:virtualAuthenticators: true}
Session ID: 7eb45a22d24777c064cb4fa2165325f3
	at java.base/jdk.internal.reflect.DirectConstructorHandleAccessor.newInstance(DirectConstructorHandleAccessor.java:67)
	at java.base/java.lang.reflect.Constructor.newInstanceWithCaller(Constructor.java:500)
	at java.base/java.lang.reflect.Constructor.newInstance(Constructor.java:484)
	at org.openqa.selenium.remote.codec.w3c.W3CHttpResponseCodec.createException(W3CHttpResponseCodec.java:200)
	at org.openqa.selenium.remote.codec.w3c.W3CHttpResponseCodec.decode(W3CHttpResponseCodec.java:133)
	at org.openqa.selenium.remote.codec.w3c.W3CHttpResponseCodec.decode(W3CHttpResponseCodec.java:53)
	at org.openqa.selenium.remote.HttpCommandExecutor.execute(HttpCommandExecutor.java:184)
	at org.openqa.selenium.remote.service.DriverCommandExecutor.invokeExecute(DriverCommandExecutor.java:164)
	at org.openqa.selenium.remote.service.DriverCommandExecutor.execute(DriverCommandExecutor.java:139)
	at org.openqa.selenium.remote.RemoteWebDriver.execute(RemoteWebDriver.java:559)
	at org.openqa.selenium.remote.ElementLocation$ElementFinder$2.findElement(ElementLocation.java:162)
	at org.openqa.selenium.remote.ElementLocation.findElement(ElementLocation.java:60)
	at org.openqa.selenium.remote.RemoteWebDriver.findElement(RemoteWebDriver.java:383)
	at org.openqa.selenium.remote.RemoteWebDriver.findElement(RemoteWebDriver.java:375)
	at org.openqa.selenium.support.pagefactory.DefaultElementLocator.findElement(DefaultElementLocator.java:70)
	at org.openqa.selenium.support.pagefactory.internal.LocatingElementHandler.invoke(LocatingElementHandler.java:39)
	at jdk.proxy2/jdk.proxy2.$Proxy23.isDisplayed(Unknown Source)
	at org.openqa.selenium.support.ui.ExpectedConditions.elementIfVisible(ExpectedConditions.java:307)
	at org.openqa.selenium.support.ui.ExpectedConditions.access$000(ExpectedConditions.java:40)
	at org.openqa.selenium.support.ui.ExpectedConditions$10.apply(ExpectedConditions.java:293)
	at org.openqa.selenium.support.ui.ExpectedConditions$10.apply(ExpectedConditions.java:290)
	at org.openqa.selenium.support.ui.ExpectedConditions$23.apply(ExpectedConditions.java:660)
	at org.openqa.selenium.support.ui.ExpectedConditions$23.apply(ExpectedConditions.java:656)
	at org.openqa.selenium.support.ui.FluentWait.until(FluentWait.java:208)
	... 30 more
</pre></div></td>
<td>66</td>
<td>opportunity.Create_order_from_opportunity_Test@6aa61224</td></tr>
<tr>
<td title='orders.Orders_Verify_used_car_ownbook_business_purchase_With_Customer_Flow_Test.T4_verify_that_editing_the_basic_cash_price_does_not_affect_the_monthly_payment_on_customer_contract_tab_test()'><b>T4_verify_that_editing_the_basic_cash_price_does_not_affect_the_monthly_payment_on_customer_contract_tab_test</b><br>Test class: orders.Orders_Verify_used_car_ownbook_business_purchase_With_Customer_Flow_Test<br/>
<a href="#Output-1521764461" onClick='toggleBox("Output-1521764461", this, "Show output", "Hide output");'>Show output</a>

<a href="#Output-1521764461" onClick="toggleAllBoxes();">Show all outputs</a>
<div class='log' id="Output-1521764461">
<b>Started verifying monthly payment does not change after editing the basic cash price</b> <br /><br/>
<b>Monthly payment Before Editing the Cash Price is 613.22</b> <br /><br/>
<br>----------Screenshot---------<br><br/>
<img src="D:\Orders_Vehicles\AMT_Orders_Vehicles\target\surefire-reports\html\failure_screenshots\T4_verify_that_editing_the_basic_cash_price_does_not_affect_the_monthly_payment_on_customer_contract_tab_test_31_01_2024_05_52_14.png" height="800" width="1000"><br/>
</div>
</td>
<td><div><pre>org.openqa.selenium.ElementNotInteractableException: element not interactable
  (Session info: chrome=120.0.6099.225)
Build info: version: &apos;4.1.0&apos;, revision: &apos;87802e897b&apos;
System info: host: &apos;DSK-4052&apos;, ip: &apos;172.16.1.80&apos;, os.name: &apos;Windows 10&apos;, os.arch: &apos;amd64&apos;, os.version: &apos;10.0&apos;, java.version: &apos;19.0.1&apos;
Driver info: org.openqa.selenium.chrome.ChromeDriver
Command: [8c1b65b9f6a2a278860c599783670a2c, sendKeysToElement {id=8A3A19D0FA6BE41C03D4872ABC710A7E_element_576, value=[Ljava.lang.CharSequence;@5309d019}]
Capabilities {acceptInsecureCerts: false, browserName: chrome, browserVersion: 120.0.6099.225, chrome: {chromedriverVersion: 119.0.6045.105 (38c72552c5e..., userDataDir: C:\Users\NITEIN~1.KUR\AppDa...}, fedcm:accounts: true, goog:chromeOptions: {debuggerAddress: localhost:62024}, javascriptEnabled: true, networkConnectionEnabled: false, pageLoadStrategy: normal, platform: WINDOWS, platformName: WINDOWS, proxy: Proxy(), se:cdp: ws://localhost:62024/devtoo..., se:cdpVersion: 120.0.6099.225, setWindowRect: true, strictFileInteractability: false, timeouts: {implicit: 0, pageLoad: 300000, script: 30000}, unhandledPromptBehavior: dismiss and notify, webauthn:extension:credBlob: true, webauthn:extension:largeBlob: true, webauthn:extension:minPinLength: true, webauthn:extension:prf: true, webauthn:virtualAuthenticators: true}
Element: [[ChromeDriver: chrome on WINDOWS (8c1b65b9f6a2a278860c599783670a2c)] -&gt; xpath: //*[normalize-space()=&apos;Basic price&apos;]//ancestor::div[1]//div//div//input|//*[normalize-space()=&apos;Vehicle cost price&apos;]//ancestor::div[1]//div//div//input]
Session ID: 8c1b65b9f6a2a278860c599783670a2c
	at org.openqa.selenium.remote.codec.w3c.W3CHttpResponseCodec.createException(W3CHttpResponseCodec.java:200)
	at org.openqa.selenium.remote.codec.w3c.W3CHttpResponseCodec.decode(W3CHttpResponseCodec.java:133)
	at org.openqa.selenium.remote.codec.w3c.W3CHttpResponseCodec.decode(W3CHttpResponseCodec.java:53)
	at org.openqa.selenium.remote.HttpCommandExecutor.execute(HttpCommandExecutor.java:184)
	at org.openqa.selenium.remote.service.DriverCommandExecutor.invokeExecute(DriverCommandExecutor.java:164)
	at org.openqa.selenium.remote.service.DriverCommandExecutor.execute(DriverCommandExecutor.java:139)
	at org.openqa.selenium.remote.RemoteWebDriver.execute(RemoteWebDriver.java:559)
	at org.openqa.selenium.remote.RemoteWebElement.execute(RemoteWebElement.java:251)
	at org.openqa.selenium.remote.RemoteWebElement.sendKeys(RemoteWebElement.java:107)
	at org.openqa.selenium.support.pagefactory.internal.LocatingElementHandler.invoke(LocatingElementHandler.java:52)
	at jdk.proxy2/jdk.proxy2.$Proxy23.sendKeys(Unknown Source)
	at com.amt.pages.CustomerContractPage.verify_that_editing_the_basic_cash_price_does_not_affect_the_monthly_payment_on_customer_contract_tab(CustomerContractPage.java:918)
	at orders.Orders_Verify_used_car_ownbook_business_purchase_With_Customer_Flow_Test.T4_verify_that_editing_the_basic_cash_price_does_not_affect_the_monthly_payment_on_customer_contract_tab_test(Orders_Verify_used_car_ownbook_business_purchase_With_Customer_Flow_Test.java:92)
	at java.base/java.util.ArrayList.forEach(ArrayList.java:1511)
... Removed 31 stack frames</pre></div><a href='#' onClick='toggleBox("stack-trace1521764461", this, "Click to show all stack frames", "Click to hide stack frames")'>Click to show all stack frames</a>
<div class='stack-trace' id='stack-trace1521764461'><pre>org.openqa.selenium.ElementNotInteractableException: element not interactable
  (Session info: chrome=120.0.6099.225)
Build info: version: &apos;4.1.0&apos;, revision: &apos;87802e897b&apos;
System info: host: &apos;DSK-4052&apos;, ip: &apos;172.16.1.80&apos;, os.name: &apos;Windows 10&apos;, os.arch: &apos;amd64&apos;, os.version: &apos;10.0&apos;, java.version: &apos;19.0.1&apos;
Driver info: org.openqa.selenium.chrome.ChromeDriver
Command: [8c1b65b9f6a2a278860c599783670a2c, sendKeysToElement {id=8A3A19D0FA6BE41C03D4872ABC710A7E_element_576, value=[Ljava.lang.CharSequence;@5309d019}]
Capabilities {acceptInsecureCerts: false, browserName: chrome, browserVersion: 120.0.6099.225, chrome: {chromedriverVersion: 119.0.6045.105 (38c72552c5e..., userDataDir: C:\Users\NITEIN~1.KUR\AppDa...}, fedcm:accounts: true, goog:chromeOptions: {debuggerAddress: localhost:62024}, javascriptEnabled: true, networkConnectionEnabled: false, pageLoadStrategy: normal, platform: WINDOWS, platformName: WINDOWS, proxy: Proxy(), se:cdp: ws://localhost:62024/devtoo..., se:cdpVersion: 120.0.6099.225, setWindowRect: true, strictFileInteractability: false, timeouts: {implicit: 0, pageLoad: 300000, script: 30000}, unhandledPromptBehavior: dismiss and notify, webauthn:extension:credBlob: true, webauthn:extension:largeBlob: true, webauthn:extension:minPinLength: true, webauthn:extension:prf: true, webauthn:virtualAuthenticators: true}
Element: [[ChromeDriver: chrome on WINDOWS (8c1b65b9f6a2a278860c599783670a2c)] -&gt; xpath: //*[normalize-space()=&apos;Basic price&apos;]//ancestor::div[1]//div//div//input|//*[normalize-space()=&apos;Vehicle cost price&apos;]//ancestor::div[1]//div//div//input]
Session ID: 8c1b65b9f6a2a278860c599783670a2c
	at java.base/jdk.internal.reflect.DirectConstructorHandleAccessor.newInstance(DirectConstructorHandleAccessor.java:67)
	at java.base/java.lang.reflect.Constructor.newInstanceWithCaller(Constructor.java:500)
	at java.base/java.lang.reflect.Constructor.newInstance(Constructor.java:484)
	at org.openqa.selenium.remote.codec.w3c.W3CHttpResponseCodec.createException(W3CHttpResponseCodec.java:200)
	at org.openqa.selenium.remote.codec.w3c.W3CHttpResponseCodec.decode(W3CHttpResponseCodec.java:133)
	at org.openqa.selenium.remote.codec.w3c.W3CHttpResponseCodec.decode(W3CHttpResponseCodec.java:53)
	at org.openqa.selenium.remote.HttpCommandExecutor.execute(HttpCommandExecutor.java:184)
	at org.openqa.selenium.remote.service.DriverCommandExecutor.invokeExecute(DriverCommandExecutor.java:164)
	at org.openqa.selenium.remote.service.DriverCommandExecutor.execute(DriverCommandExecutor.java:139)
	at org.openqa.selenium.remote.RemoteWebDriver.execute(RemoteWebDriver.java:559)
	at org.openqa.selenium.remote.RemoteWebElement.execute(RemoteWebElement.java:251)
	at org.openqa.selenium.remote.RemoteWebElement.sendKeys(RemoteWebElement.java:107)
	at java.base/jdk.internal.reflect.DirectMethodHandleAccessor.invoke(DirectMethodHandleAccessor.java:104)
	at java.base/java.lang.reflect.Method.invoke(Method.java:578)
	at org.openqa.selenium.support.pagefactory.internal.LocatingElementHandler.invoke(LocatingElementHandler.java:52)
	at jdk.proxy2/jdk.proxy2.$Proxy23.sendKeys(Unknown Source)
	at com.amt.pages.CustomerContractPage.verify_that_editing_the_basic_cash_price_does_not_affect_the_monthly_payment_on_customer_contract_tab(CustomerContractPage.java:918)
	at orders.Orders_Verify_used_car_ownbook_business_purchase_With_Customer_Flow_Test.T4_verify_that_editing_the_basic_cash_price_does_not_affect_the_monthly_payment_on_customer_contract_tab_test(Orders_Verify_used_car_ownbook_business_purchase_With_Customer_Flow_Test.java:92)
	at java.base/jdk.internal.reflect.DirectMethodHandleAccessor.invoke(DirectMethodHandleAccessor.java:104)
	at java.base/java.lang.reflect.Method.invoke(Method.java:578)
	at org.testng.internal.MethodInvocationHelper.invokeMethod(MethodInvocationHelper.java:133)
	at org.testng.internal.TestInvoker.invokeMethod(TestInvoker.java:598)
	at org.testng.internal.TestInvoker.invokeTestMethod(TestInvoker.java:173)
	at org.testng.internal.MethodRunner.runInSequence(MethodRunner.java:46)
	at org.testng.internal.TestInvoker$MethodInvocationAgent.invoke(TestInvoker.java:824)
	at org.testng.internal.TestInvoker.invokeTestMethods(TestInvoker.java:146)
	at org.testng.internal.TestMethodWorker.invokeTestMethods(TestMethodWorker.java:146)
	at org.testng.internal.TestMethodWorker.run(TestMethodWorker.java:128)
	at java.base/java.util.ArrayList.forEach(ArrayList.java:1511)
	at org.testng.TestRunner.privateRun(TestRunner.java:794)
	at org.testng.TestRunner.run(TestRunner.java:596)
	at org.testng.SuiteRunner.runTest(SuiteRunner.java:377)
	at org.testng.SuiteRunner.runSequentially(SuiteRunner.java:371)
	at org.testng.SuiteRunner.privateRun(SuiteRunner.java:332)
	at org.testng.SuiteRunner.run(SuiteRunner.java:276)
	at org.testng.SuiteRunnerWorker.runSuite(SuiteRunnerWorker.java:53)
	at org.testng.SuiteRunnerWorker.run(SuiteRunnerWorker.java:96)
	at org.testng.TestNG.runSuitesSequentially(TestNG.java:1212)
	at org.testng.TestNG.runSuitesSequentially(TestNG.java:1207)
	at org.testng.TestNG.runSuitesLocally(TestNG.java:1134)
	at org.testng.TestNG.runSuites(TestNG.java:1063)
	at org.testng.TestNG.run(TestNG.java:1031)
	at org.testng.remote.AbstractRemoteTestNG.run(AbstractRemoteTestNG.java:115)
	at org.testng.remote.RemoteTestNG.initAndRun(RemoteTestNG.java:251)
	at org.testng.remote.RemoteTestNG.main(RemoteTestNG.java:77)
</pre></div></td>
<td>14</td>
<td>orders.Orders_Verify_used_car_ownbook_business_purchase_With_Customer_Flow_Test@30bce90b</td></tr>
</table><p>
<table width='100%' border='1' class='invocation-passed'>
<tr><td colspan='4' align='center'><b>PASSED TESTS</b></td></tr>
<tr><td><b>Test method</b></td>
<td width="30%"><b>Exception</b></td>
<td width="10%"><b>Time (seconds)</b></td>
<td><b>Instance</b></td>
</tr>
<tr>
<td title='opportunity.LOU_used_car_ownbook_business_purchase_accept_with_changes_Test.L7_verify_current_status_on_opportunity_page_after_sending_contract_for_ownbook_business_flow()'><b>L7_verify_current_status_on_opportunity_page_after_sending_contract_for_ownbook_business_flow</b><br>Test class: opportunity.LOU_used_car_ownbook_business_purchase_accept_with_changes_Test<br/>
<a href="#Output-451566762" onClick='toggleBox("Output-451566762", this, "Show output", "Hide output");'>Show output</a>

<a href="#Output-451566762" onClick="toggleAllBoxes();">Show all outputs</a>
<div class='log' id="Output-451566762">
<b>Current Status of Proposal value is = Proposal Received</b> <br /><br/>
<b>Current Status of Channel value is =  Sent to customer</b> <br /><br/>
<b>Current Status of  Quote ref is = Sent to customer</b> <br /><br/>
<b>Status Verified : Sent to customer</b> <br /><br/>
</div>
</td>
<td></td>
<td>7</td>
<td>opportunity.LOU_used_car_ownbook_business_purchase_accept_with_changes_Test@f99f5e0</td></tr>
<tr>
<td title='opportunity.LOU_used_car_ownbook_business_purchase_accept_with_changes_Test.UW3_verify_underwriting_lisitig_page()'><b>UW3_verify_underwriting_lisitig_page</b><br>Test class: opportunity.LOU_used_car_ownbook_business_purchase_accept_with_changes_Test<br/>
<a href="#Output-1735591856" onClick='toggleBox("Output-1735591856", this, "Show output", "Hide output");'>Show output</a>

<a href="#Output-1735591856" onClick="toggleAllBoxes();">Show all outputs</a>
<div class='log' id="Output-1735591856">
<b>Click on Underwriting menu_link </b> <br /><br/>
<b>Click on Underwriting - ownbook tab </b> <br /><br/>
<b>Click on Search text box - broker tab</b> <br /><br/>
<b>Getting the  proposal id from excel sheet =VLO2197</b> <br /><br/>
<b>Enter the proposal in search text box =VLO2197</b> <br /><br/>
</div>
</td>
<td></td>
<td>24</td>
<td>opportunity.LOU_used_car_ownbook_business_purchase_accept_with_changes_Test@f99f5e0</td></tr>
<tr>
<td title='opportunity.LOU_used_car_ownbook_business_purchase_accept_with_changes_Test.L2_ownbook_business_current_status_before_sending_to_proposal()'><b>L2_ownbook_business_current_status_before_sending_to_proposal</b><br>Test class: opportunity.LOU_used_car_ownbook_business_purchase_accept_with_changes_Test<br/>
<a href="#Output-1846702488" onClick='toggleBox("Output-1846702488", this, "Show output", "Hide output");'>Show output</a>

<a href="#Output-1846702488" onClick="toggleAllBoxes();">Show all outputs</a>
<div class='log' id="Output-1846702488">
<b>Clicked on Opportunity link from Menu </b> <br /><br/>
<b>listing_proposal_status is = Proposal Required</b> <br /><br/>
<b>Enter the Opportunity id in Search Text box</b> <br /><br/>
<b>Current Status of Opportunity Status value is = Open</b> <br /><br/>
<b>Current Status of Proposal value is = Proposal Required</b> <br /><br/>
<b>Current Status of Channel value is =  Draft</b> <br /><br/>
<b>Current Status of  Quote ref is = Draft</b> <br /><br/>
<b>Status Verified : Before sending the proposal</b> <br /><br/>
</div>
</td>
<td></td>
<td>37</td>
<td>opportunity.LOU_used_car_ownbook_business_purchase_accept_with_changes_Test@f99f5e0</td></tr>
<tr>
<td title='opportunity.LOU_used_car_ownbook_business_purchase_accept_with_changes_Test.L4_fill_up_the_required_fields_for_sending_a_proposal()'><b>L4_fill_up_the_required_fields_for_sending_a_proposal</b><br>Test class: opportunity.LOU_used_car_ownbook_business_purchase_accept_with_changes_Test<br/>
<a href="#Output-486104759" onClick='toggleBox("Output-486104759", this, "Show output", "Hide output");'>Show output</a>

<a href="#Output-486104759" onClick="toggleAllBoxes();">Show all outputs</a>
<div class='log' id="Output-486104759">
<b>click on Proposal icon</b> <br /><br/>
<b>click on Proposal icon</b> <br /><br/>
<b>Proposal page will display </b> <br /><br/>
<b>Send proposal to customer pop up  will open</b> <br /><br/>
<b>Click on Manual fill radio button - Yes</b> <br /><br/>
<b>Click on manually submit behalf of customer link</b> <br /><br/>
</div>
</td>
<td></td>
<td>142</td>
<td>opportunity.LOU_used_car_ownbook_business_purchase_accept_with_changes_Test@f99f5e0</td></tr>
<tr>
<td title='acquisition.Acquisition_Quotes_HPNR_HPNR_used_car_without_maintenance_Test.aquisition_quotes_customer_quote_part_exchange_value_edit_check_without_maintenance_test()'><b>aquisition_quotes_customer_quote_part_exchange_value_edit_check_without_maintenance_test</b><br>Test class: acquisition.Acquisition_Quotes_HPNR_HPNR_used_car_without_maintenance_Test<br>Parameters: GY19XAG, 15000, 60000, 1000, 50000, 630, 50, 20000, 35, 35000, 1000, 20, NO, A1 Credit, 100, YES, 2000, 1000, 500, 1000, 1000, 199.99, HPNR_used_car<br/>
<a href="#Output-39589711" onClick='toggleBox("Output-39589711", this, "Show output", "Hide output");'>Show output</a>

<a href="#Output-39589711" onClick="toggleAllBoxes();">Show all outputs</a>
<div class='log' id="Output-39589711">
<b>Clicked on Part Exchange panel</b> <br /><br/>
<b></b> <br /><br/>
<b>Balance To Finance Expected is 21749.996000000003</b> <br /><br/>
<b>Balance To Finance Actual is 21750.0</b> <br /><br/>
<b></b> <br /><br/>
<b>Monthly Finance Payment Expected is 331.21092795139714</b> <br /><br/>
<b>Monthly Finance Payment Actual is 331.21</b> <br /><br/>
<b></b> <br /><br/>
<b>Monthly Finance Payment verified after editing part exchange values and deposit values</b> <br /><br/>
</div>
</td>
<td></td>
<td>113</td>
<td>acquisition.Acquisition_Quotes_HPNR_HPNR_used_car_without_maintenance_Test@c7045b9</td></tr>
<tr>
<td title='opportunity.LOU_used_car_ownbook_business_purchase_accept_with_changes_Test.L3_verify_table_values_on_opportunity_page_before_sending_proposal()'><b>L3_verify_table_values_on_opportunity_page_before_sending_proposal</b><br>Test class: opportunity.LOU_used_car_ownbook_business_purchase_accept_with_changes_Test<br/>
<a href="#Output-644903267" onClick='toggleBox("Output-644903267", this, "Show output", "Hide output");'>Show output</a>

<a href="#Output-644903267" onClick="toggleAllBoxes();">Show all outputs</a>
<div class='log' id="Output-644903267">
<b></b> <br /><br/>
<b>Started Verifying Table values</b> <br /><br/>
<b></b> <br /><br/>
<b>NRQ49216 = NRQ49216</b> <br /><br/>
<b>Quote no. compared and found ok</b> <br /><br/>
<b></b> <br /><br/>
<b>MERCEDES-BENZ A CLASS AMG HATCHBACK (2019 - Current) A35 4Matic Premium 5dr Auto = MERCEDES-BENZ A CLASS AMG HATCHBACK (2019 - Current) A35 4Matic Premium 5dr Auto</b> <br /><br/>
<b>Vehicle name compared and found ok</b> <br /><br/>
<b></b> <br /><br/>
<b>Hire Purchase Non-Regulated = Hire Purchase Non-Regulated</b> <br /><br/>
<b>Contract type compared and found ok</b> <br /><br/>
<b></b> <br /><br/>
<b>380.71 = 380.71</b> <br /><br/>
<b>Monthly finance rental compared and found ok</b> <br /><br/>
<b></b> <br /><br/>
<b>10000.0 = 10000.0</b> <br /><br/>
<b>Mileage compared and found ok</b> <br /><br/>
<b></b> <br /><br/>
<b>36.0 = 36.0</b> <br /><br/>
<b>Terms compared and found ok</b> <br /><br/>
<b></b> <br /><br/>
<b>01/03/2024 != 28/02/2024</b> <br /><br/>
<b>Expiry date compared but found not ok</b> <br /><br/>
<b></b> <br /><br/>
<b>Table values verified Successfully</b> <br /><br/>
</div>
</td>
<td></td>
<td>4</td>
<td>opportunity.LOU_used_car_ownbook_business_purchase_accept_with_changes_Test@f99f5e0</td></tr>
<tr>
<td title='opportunity.LOU_used_car_ownbook_business_purchase_accept_with_changes_Test.UW5_verify_ownbook_underwriting_proposal_decision_with_accept()'><b>UW5_verify_ownbook_underwriting_proposal_decision_with_accept</b><br>Test class: opportunity.LOU_used_car_ownbook_business_purchase_accept_with_changes_Test<br/>
<a href="#Output-1456994756" onClick='toggleBox("Output-1456994756", this, "Show output", "Hide output");'>Show output</a>

<a href="#Output-1456994756" onClick="toggleAllBoxes();">Show all outputs</a>
<div class='log' id="Output-1456994756">
<b>Click on decision Accept button</b> <br /><br/>
<b>Entering values to input field</b> <br /><br/>
<b>Current Status of accept value is = Conditional acceptance</b> <br /><br/>
</div>
</td>
<td></td>
<td>48</td>
<td>opportunity.LOU_used_car_ownbook_business_purchase_accept_with_changes_Test@f99f5e0</td></tr>
<tr>
<td title='acquisition.Acquisition_Quotes_HPNR_HPNR_used_car_without_maintenance_Test.aquisition_quotes_OTR_calculation_without_maintenance_test()'><b>aquisition_quotes_OTR_calculation_without_maintenance_test</b><br>Test class: acquisition.Acquisition_Quotes_HPNR_HPNR_used_car_without_maintenance_Test<br>Parameters: GY19XAG, 15000, 60000, 1000, 50000, 630, 50, 20000, 35, 35000, 1000, 20, NO, A1 Credit, 100, YES, 2000, 1000, 500, 1000, 1000, 199.99, HPNR_used_car<br/>
<a href="#Output-479809551" onClick='toggleBox("Output-479809551", this, "Show output", "Hide output");'>Show output</a>

<a href="#Output-479809551" onClick="toggleAllBoxes();">Show all outputs</a>
<div class='log' id="Output-479809551">
<b>Clicking on New quote</b> <br /><br/>
<b>Clicked on Quote button </b> <br /><br/>
<b>Selecting used vehicle with registration no. = GY19XAG and mileage = 15000</b> <br /><br/>
<b>Vehicle selected</b> <br /><br/>
<b>Paint option has been selected</b> <br /><br/>
<b>Interior option has been selected</b> <br /><br/>
<b> Acquisition Contract type option = HPNR has been selected</b> <br /><br/>
<b> Customer Contract type option = HPNR has been selected</b> <br /><br/>
<b>Cost Price ex VAT and RFL from screen is 18375.0</b> <br /><br/>
<b>VAT from screen is 3675.0</b> <br /><br/>
<b>Cost Price ex VAT and RFL calculated is 18375.0</b> <br /><br/>
<b>Cost Price ex VAT and RFL verified and found OK</b> <br /><br/>
</div>
</td>
<td></td>
<td>111</td>
<td>acquisition.Acquisition_Quotes_HPNR_HPNR_used_car_without_maintenance_Test@c7045b9</td></tr>
<tr>
<td title='opportunity.LOU_used_car_ownbook_business_purchase_accept_with_changes_Test.L9_ownbook_status_after_contract_signed()'><b>L9_ownbook_status_after_contract_signed</b><br>Test class: opportunity.LOU_used_car_ownbook_business_purchase_accept_with_changes_Test<br/>
<a href="#Output-2030136666" onClick='toggleBox("Output-2030136666", this, "Show output", "Hide output");'>Show output</a>

<a href="#Output-2030136666" onClick="toggleAllBoxes();">Show all outputs</a>
<div class='log' id="Output-2030136666">
<b>Current Status of Proposal value is = Proposal Received</b> <br /><br/>
<b>Current Status of Channel value is =  Contract signed</b> <br /><br/>
<b>Current Status of  Quote ref is = Contract signed</b> <br /><br/>
<b>Status Verified : Contract Signed </b> <br /><br/>
</div>
</td>
<td></td>
<td>11</td>
<td>opportunity.LOU_used_car_ownbook_business_purchase_accept_with_changes_Test@f99f5e0</td></tr>
<tr>
<td title='opportunity.LOU_used_car_ownbook_business_purchase_accept_with_changes_Test.UW1_verify_underwriting_flow_ownbook_with_status()'><b>UW1_verify_underwriting_flow_ownbook_with_status</b><br>Test class: opportunity.LOU_used_car_ownbook_business_purchase_accept_with_changes_Test<br/>
<a href="#Output-1773037429" onClick='toggleBox("Output-1773037429", this, "Show output", "Hide output");'>Show output</a>

<a href="#Output-1773037429" onClick="toggleAllBoxes();">Show all outputs</a>
<div class='log' id="Output-1773037429">
<b> Underwriting icon is available </b> <br /><br/>
<b>Underwriting pop up -quote ref no => Quote reference no.:
NRQ49216</b> <br /><br/>
<b>Underwriting Popup Proposal Id is =VLO2197</b> <br /><br/>
<b></b> <br /><br/>
<b>Started Verifying Summary values</b> <br /><br/>
<b></b> <br /><br/>
<b>Quote reference no.:
NRQ49216 != NRQ49216</b> <br /><br/>
<b>Quote no. compared but found not ok</b> <br /><br/>
<b></b> <br /><br/>
<b>MERCEDES-BENZ A CLASS AMG HATCHBACK (2019 - Current) A35 4Matic Premium 5dr Auto = MERCEDES-BENZ A CLASS AMG HATCHBACK (2019 - Current) A35 4Matic Premium 5dr Auto</b> <br /><br/>
<b>Vehicle name compared and found ok</b> <br /><br/>
<b></b> <br /><br/>
<b>Hire Purchase Non-Regulated = Hire Purchase Non-Regulated</b> <br /><br/>
<b>Contract type compared and found ok</b> <br /><br/>
<b></b> <br /><br/>
<b>36.0 = 36.0</b> <br /><br/>
<b>Terms compared and found ok</b> <br /><br/>
<b></b> <br /><br/>
<b>10000.0 = 10000.0</b> <br /><br/>
<b>Mileage compared and found ok</b> <br /><br/>
<b></b> <br /><br/>
<b>20208.33 = 20208.33</b> <br /><br/>
<b>Basic Cash Price found OK</b> <br /><br/>
<b></b> <br /><br/>
<b>4041.67 = 4041.666</b> <br /><br/>
<b>VAT found OK</b> <br /><br/>
<b></b> <br /><br/>
<b>0.0 = 0.0</b> <br /><br/>
<b>Non VAT Items Value found OK</b> <br /><br/>
<b></b> <br /><br/>
<b>24250.0 = 24249.996000000003</b> <br /><br/>
<b>Total Cash Price found OK</b> <br /><br/>
<b></b> <br /><br/>
<b>1000.0 = 1000.0</b> <br /><br/>
<b>Order Deposit found OK</b> <br /><br/>
<b></b> <br /><br/>
<b>1000.0 = 1000.0</b> <br /><br/>
<b>Finance Deposit found OK</b> <br /><br/>
<b></b> <br /><br/>
<b>2000.0 = 2000.0</b> <br /><br/>
<b>Total Deposit found OK</b> <br /><br/>
<b></b> <br /><br/>
<b>500.0 = 500.0</b> <br /><br/>
<b>Part Exchange Value - found OK</b> <br /><br/>
<b></b> <br /><br/>
<b>21750.0 = 21749.996000000003</b> <br /><br/>
<b>Balance to Finance found OK</b> <br /><br/>
<b></b> <br /><br/>
<b>6674.85 = 6674.959606632492</b> <br /><br/>
<b>Finance Charges - found OK</b> <br /><br/>
<b></b> <br /><br/>
<b>199.99 = 199.99</b> <br /><br/>
<b>Document Fee - found OK</b> <br /><br/>
<b></b> <br /><br/>
<b>28674.84 = 28674.943606632496</b> <br /><br/>
<b>Balance Payable - found OK</b> <br /><br/>
<b></b> <br /><br/>
<b>10.0 = 10.0</b> <br /><br/>
<b>Option To Purchase Fee - found OK</b> <br /><br/>
<b></b> <br /><br/>
<b>2239.99 = 2239.988</b> <br /><br/>
<b>Initial Cash Payment - found OK</b> <br /><br/>
<b></b> <br /><br/>
<b>35.0 = 35.0</b> <br /><br/>
<b>Followed By months - found OK</b> <br /><br/>
<b></b> <br /><br/>
<b>380.71 = 380.71301733235714</b> <br /><br/>
<b>Monthly Finance Payment - found OK</b> <br /><br/>
<b></b> <br /><br/>
<b>15100.0 = 15100.0</b> <br /><br/>
<b>Balloon Value - found OK</b> <br /><br/>
<b></b> <br /><br/>
<b>15110.0 = 15110.0</b> <br /><br/>
<b>Final Payment - found OK</b> <br /><br/>
<b></b> <br /><br/>
<b>1833.33 = 1833.3300000000027</b> <br /><br/>
<b>Vehicle Commission - found OK</b> <br /><br/>
<b></b> <br /><br/>
<b>181.25 = 181.24996666666667</b> <br /><br/>
<b>Default Finance Commission - found OK</b> <br /><br/>
<b></b> <br /><br/>
<b>99.99 = 99.99000000000001</b> <br /><br/>
<b>Document Fee Commission - found OK</b> <br /><br/>
<b></b> <br /><br/>
<b>2114.57 = 2114.569966666669</b> <br /><br/>
<b>Total Commission - found OK</b> <br /><br/>
<b></b> <br /><br/>
<b>One or More than One values on underwriting pop up may be wrong , please check all above values printed on console</b> <br /><br/>
<b></b> <br /><br/>
<b>click on underwriting_send_for_underwriting  button </b> <br /><br/>
<b>Values on Underwriting pop up are verified succcessfully and opportunity sent for underwriting</b> <br /><br/>
</div>
</td>
<td></td>
<td>83</td>
<td>opportunity.LOU_used_car_ownbook_business_purchase_accept_with_changes_Test@f99f5e0</td></tr>
<tr>
<td title='acquisition.Acquisition_Quotes_HPNR_HPNR_used_car_without_maintenance_Test.aquisition_quotes_customer_quote_calculations_check_monthly_finance_payment_without_maintenance_test()'><b>aquisition_quotes_customer_quote_calculations_check_monthly_finance_payment_without_maintenance_test</b><br>Test class: acquisition.Acquisition_Quotes_HPNR_HPNR_used_car_without_maintenance_Test<br>Parameters: GY19XAG, 15000, 60000, 1000, 50000, 630, 50, 20000, 35, 35000, 1000, 20, NO, A1 Credit, 100, YES, 2000, 1000, 500, 1000, 1000, 199.99, HPNR_used_car<br/>
<a href="#Output-907489483" onClick='toggleBox("Output-907489483", this, "Show output", "Hide output");'>Show output</a>

<a href="#Output-907489483" onClick="toggleAllBoxes();">Show all outputs</a>
<div class='log' id="Output-907489483">
<b>***********Entered in Customer Quote page ***********</b> <br /><br/>
<b>Matrix credit type A1 Credit has been selected</b> <br /><br/>
<b>Writing configuration values from property file to Excel for customer quote calculation -started</b> <br /><br/>
<b>Writing configuration values from property file to Excel for customer quote calculation -completed</b> <br /><br/>
<b>Actual Monthly Finance Payment from screen is 412.57</b> <br /><br/>
<b>Expected Monthly Finannce Rental from excel is 412.57405491122285</b> <br /><br/>
</div>
</td>
<td></td>
<td>95</td>
<td>acquisition.Acquisition_Quotes_HPNR_HPNR_used_car_without_maintenance_Test@c7045b9</td></tr>
<tr>
<td title='opportunity.LOU_used_car_ownbook_business_purchase_accept_with_changes_Test.L6_ownbook_sending_contract()'><b>L6_ownbook_sending_contract</b><br>Test class: opportunity.LOU_used_car_ownbook_business_purchase_accept_with_changes_Test<br/>
<a href="#Output-1899021164" onClick='toggleBox("Output-1899021164", this, "Show output", "Hide output");'>Show output</a>

<a href="#Output-1899021164" onClick="toggleAllBoxes();">Show all outputs</a>
<div class='log' id="Output-1899021164">
<b>click on Send_Contract icon</b> <br /><br/>
<b>Contract Sent Successfully</b> <br /><br/>
</div>
</td>
<td></td>
<td>26</td>
<td>opportunity.LOU_used_car_ownbook_business_purchase_accept_with_changes_Test@f99f5e0</td></tr>
<tr>
<td title='acquisition.Acquisition_Quotes_HPNR_HPNR_used_car_without_maintenance_Test.aquisition_quotes_quote_summary_values_verification_without_maintenance_test()'><b>aquisition_quotes_quote_summary_values_verification_without_maintenance_test</b><br>Test class: acquisition.Acquisition_Quotes_HPNR_HPNR_used_car_without_maintenance_Test<br>Parameters: GY19XAG, 15000, 60000, 1000, 50000, 630, 50, 20000, 35, 35000, 1000, 20, NO, A1 Credit, 100, YES, 2000, 1000, 500, 1000, 1000, 199.99, HPNR_used_car<br/>
<a href="#Output-105092700" onClick='toggleBox("Output-105092700", this, "Show output", "Hide output");'>Show output</a>

<a href="#Output-105092700" onClick="toggleAllBoxes();">Show all outputs</a>
<div class='log' id="Output-105092700">
<b>*********Customer Quote generated successfully and Quote_ref_no is=NRQ49216</b> <br /><br/>
<b>*************OTR Calulation on quote summary page has been started************</b> <br /><br/>
<b>Reading values from OTR calculation -Quote Summary Page</b> <br /><br/>
<b>Cost otr price from screen is 22050.0</b> <br /><br/>
<b>Cost price ex vat and rfl from screen is 18375.0</b> <br /><br/>
<b>Otr Vat from screen is 3675.0</b> <br /><br/>
<b>Cost otr price from excel is 22050.0</b> <br /><br/>
<b>Cost price ex vat and rfl from excel is 18375.0</b> <br /><br/>
<b>Otr Vat from excel is 3675.0</b> <br /><br/>
<b>OTR price compared</b> <br /><br/>
<b>Cost price ex vat and rfl compared</b> <br /><br/>
<b>VAT compared</b> <br /><br/>
<b>*************Holding Cost Calulation on quote summary page has been started************</b> <br /><br/>
<b>Reading values from Holding Cost summary -Quote Summary Page</b> <br /><br/>
<b></b> <br /><br/>
<b>Holding cost Terms from screen36.0</b> <br /><br/>
<b>Holding cost miles per annum from screen is 10000.0</b> <br /><br/>
<b>Holding cost monthly finance cost from screen is 247.38</b> <br /><br/>
<b>Holding cost total monthly holding cost from screen is 247.38</b> <br /><br/>
<b></b> <br /><br/>
<b>Holding cost Terms from excel is 36.0</b> <br /><br/>
<b>Holding cost miles per annum from excel is 10000.0</b> <br /><br/>
<b>Holding cost monthly finance cost from excel is 247.37909402360353</b> <br /><br/>
<b>Holding cost total monthly holding cost from excel is 247.37909402360353</b> <br /><br/>
<b>terms compared</b> <br /><br/>
<b>Miles per annum compared</b> <br /><br/>
<b>Finance cost compared</b> <br /><br/>
<b>Total Monthly Holding Cost compared</b> <br /><br/>
<b>*************Customer Quote Calulation on quote summary page has been started************</b> <br /><br/>
<b>Terms found OK</b> <br /><br/>
<b>miles found OK</b> <br /><br/>
<b>Basic Cash Price found OK</b> <br /><br/>
<b>VAT found OK</b> <br /><br/>
<b>Non VAT Items Value found OK</b> <br /><br/>
<b>Total Cash Price found OK</b> <br /><br/>
<b>Order Deposit found OK</b> <br /><br/>
<b>Finance Deposit found OK</b> <br /><br/>
<b>Total Deposit found OK</b> <br /><br/>
<b>Part Exchange Value - found OK</b> <br /><br/>
<b>Balance to Finance found OK</b> <br /><br/>
<b>Finance Charges - found OK</b> <br /><br/>
<b>Document Fee - found OK</b> <br /><br/>
<b>Balance Payable - found OK</b> <br /><br/>
<b>Option To Purchase Fee - found OK</b> <br /><br/>
<b>Initial Cash Payment - found OK</b> <br /><br/>
<b>Followed By months - found OK</b> <br /><br/>
<b>Monthly Finance Payment - found OK</b> <br /><br/>
<b>Balloon Value - found OK</b> <br /><br/>
<b>Final Payment - found OK</b> <br /><br/>
<b>Vehicle Commission - found OK</b> <br /><br/>
<b>Default Finance Commission - found OK</b> <br /><br/>
<b>Document Fee Commission - found OK</b> <br /><br/>
<b>Total Commission - found OK</b> <br /><br/>
<b>*************Configuration Values Verification on quote summary page has been started************</b> <br /><br/>
<b>Base Interest Rate found OK</b> <br /><br/>
<b>Finance Margin found OK</b> <br /><br/>
<b>Deductions found OK</b> <br /><br/>
<b>Additional Margin found OK</b> <br /><br/>
<b>Total Margin found OK</b> <br /><br/>
<b>Default Broker Margin percentage found OK</b> <br /><br/>
<b>Customer Interest Rate found OK</b> <br /><br/>
<b>Document Fee Margin found OK</b> <br /><br/>
<b>Default Broker Margin found OK</b> <br /><br/>
<b>*************Editing and Verifying Configuration Values on quote summary page has been started************</b> <br /><br/>
<b>Base Interest Rate changed to 7.0 %</b> <br /><br/>
<b>Holding Cost after changing Base Int. Rate -  found OK</b> <br /><br/>
<b>Monthly Finance Rental after changing Base Int. Rate -  found OK</b> <br /><br/>
<b>Finance Charges - found OK</b> <br /><br/>
<b>Balance Payable - found OK</b> <br /><br/>
<b>*************Editing Customer Rate Over Base and Verifying Values on quote summary page has been started************</b> <br /><br/>
<b>Customer Base Over Rate changed to 5.0 %</b> <br /><br/>
<b>Monthly Finance Rental after changing Customer Base Over Rate -  found OK</b> <br /><br/>
<b>Finance Charges - found OK</b> <br /><br/>
<b>Balance Payable - found OK</b> <br /><br/>
<b>*************Calculations for Quote Summary page gas been started************</b> <br /><br/>
<b>Reading values from OTR calculation -Quote Summary Page</b> <br /><br/>
<b>Writing completed for some of the important required values to quote save excel sheet in the sheet HPNRHPNRQuoteNo</b> <br /><br/>
</div>
</td>
<td></td>
<td>217</td>
<td>acquisition.Acquisition_Quotes_HPNR_HPNR_used_car_without_maintenance_Test@c7045b9</td></tr>
<tr>
<td title='opportunity.LOU_used_car_ownbook_business_purchase_accept_with_changes_Test.UW4_verify_ownbook_underwriting_proposal_page_flow()'><b>UW4_verify_ownbook_underwriting_proposal_page_flow</b><br>Test class: opportunity.LOU_used_car_ownbook_business_purchase_accept_with_changes_Test<br/>
<a href="#Output-1790314345" onClick='toggleBox("Output-1790314345", this, "Show output", "Hide output");'>Show output</a>

<a href="#Output-1790314345" onClick="toggleAllBoxes();">Show all outputs</a>
<div class='log' id="Output-1790314345">
<b>Click on Underwriting detail page for proposal</b> <br /><br/>
<b>Clicked on Underwriting quote page</b> <br /><br/>
<b></b> <br /><br/>
<b>22050.0 = 22050.0</b> <br /><br/>
<b>Cost Otr Price compared and found ok</b> <br /><br/>
<b></b> <br /><br/>
<b>18375.0 = 18375.0</b> <br /><br/>
<b>Cost Otr Price compared and found ok</b> <br /><br/>
<b></b> <br /><br/>
<b>3675.0 = 3675.0</b> <br /><br/>
<b>Otr Vat compared and found ok</b> <br /><br/>
<b></b> <br /><br/>
<b>NRQ49216 = NRQ49216</b> <br /><br/>
<b>Quote no. compared and found ok</b> <br /><br/>
<b></b> <br /><br/>
<b>MERCEDES-BENZ A CLASS AMG HATCHBACK (2019 - Current) A35 4Matic Premium 5dr Auto = MERCEDES-BENZ A CLASS AMG HATCHBACK (2019 - Current) A35 4Matic Premium 5dr Auto</b> <br /><br/>
<b>Vehicle name compared and found ok</b> <br /><br/>
<b></b> <br /><br/>
<b>Hire Purchase Non-Regulated = Hire Purchase Non-Regulated</b> <br /><br/>
<b>Contract type compared and found ok</b> <br /><br/>
<b></b> <br /><br/>
<b>36.0 = 36.0</b> <br /><br/>
<b>Terms compared and found ok</b> <br /><br/>
<b></b> <br /><br/>
<b>10000.0 = 10000.0</b> <br /><br/>
<b>Mileage compared and found ok</b> <br /><br/>
<b></b> <br /><br/>
<b>20208.33 = 20208.33</b> <br /><br/>
<b>Basic Cash Price found OK</b> <br /><br/>
<b></b> <br /><br/>
<b>4041.67 = 4041.666</b> <br /><br/>
<b>VAT found OK</b> <br /><br/>
<b></b> <br /><br/>
<b>0.0 = 0.0</b> <br /><br/>
<b>Non VAT Items Value found OK</b> <br /><br/>
<b></b> <br /><br/>
<b>24250.0 = 24249.996000000003</b> <br /><br/>
<b>Total Cash Price found OK</b> <br /><br/>
<b></b> <br /><br/>
<b>1000.0 = 1000.0</b> <br /><br/>
<b>Order Deposit found OK</b> <br /><br/>
<b></b> <br /><br/>
<b>1000.0 = 1000.0</b> <br /><br/>
<b>Finance Deposit found OK</b> <br /><br/>
<b></b> <br /><br/>
<b>2000.0 = 2000.0</b> <br /><br/>
<b>Total Deposit found OK</b> <br /><br/>
<b></b> <br /><br/>
<b>500.0 = 500.0</b> <br /><br/>
<b>Part Exchange Value - found OK</b> <br /><br/>
<b></b> <br /><br/>
<b>21750.0 = 21749.996000000003</b> <br /><br/>
<b>Balance to Finance found OK</b> <br /><br/>
<b></b> <br /><br/>
<b>6674.85 = 6674.959606632492</b> <br /><br/>
<b>Finance Charges - found OK</b> <br /><br/>
<b></b> <br /><br/>
<b>199.99 = 199.99</b> <br /><br/>
<b>Document Fee - found OK</b> <br /><br/>
<b></b> <br /><br/>
<b>28674.84 = 28674.943606632496</b> <br /><br/>
<b>Balance Payable - found OK</b> <br /><br/>
<b></b> <br /><br/>
<b>10.0 = 10.0</b> <br /><br/>
<b>Option To Purchase Fee - found OK</b> <br /><br/>
<b></b> <br /><br/>
<b>2239.99 = 2239.988</b> <br /><br/>
<b>Initial Cash Payment - found OK</b> <br /><br/>
<b></b> <br /><br/>
<b>35.0 = 35.0</b> <br /><br/>
<b>Followed By months - found OK</b> <br /><br/>
<b></b> <br /><br/>
<b>380.71 = 380.71301733235714</b> <br /><br/>
<b>Monthly Finance Payment - found OK</b> <br /><br/>
<b></b> <br /><br/>
<b>15100.0 = 15100.0</b> <br /><br/>
<b>Balloon Value - found OK</b> <br /><br/>
<b></b> <br /><br/>
<b>15110.0 = 15110.0</b> <br /><br/>
<b>Final Payment - found OK</b> <br /><br/>
<b></b> <br /><br/>
<b>1833.33 = 1833.3300000000027</b> <br /><br/>
<b>Vehicle Commission - found OK</b> <br /><br/>
<b></b> <br /><br/>
<b>181.25 = 181.24996666666667</b> <br /><br/>
<b>Default Finance Commission - found OK</b> <br /><br/>
<b></b> <br /><br/>
<b>99.99 = 99.99000000000001</b> <br /><br/>
<b>Document Fee Commission - found OK</b> <br /><br/>
<b></b> <br /><br/>
<b>2114.57 = 2114.569966666669</b> <br /><br/>
<b>Total Commission - found OK</b> <br /><br/>
<b></b> <br /><br/>
<b>7.0 = 7.0</b> <br /><br/>
<b>Base Interest Rate found OK</b> <br /><br/>
<b></b> <br /><br/>
<b>2801.6 = 2801.705606632495</b> <br /><br/>
<b>Finance Margin found OK</b> <br /><br/>
<b></b> <br /><br/>
<b>217.5 = 217.4999600000004</b> <br /><br/>
<b>Deductions found OK</b> <br /><br/>
<b></b> <br /><br/>
<b>99.99 = 99.99000000000001</b> <br /><br/>
<b>Additional Margin found OK</b> <br /><br/>
<b></b> <br /><br/>
<b>2684.09 = 2684.1956466324946</b> <br /><br/>
<b>Total Margin found OK</b> <br /><br/>
<b></b> <br /><br/>
<b>1.0 = 1.0</b> <br /><br/>
<b>Default Broker Margin percentage found OK</b> <br /><br/>
<b></b> <br /><br/>
<b>12.0 = 12.000000000000002</b> <br /><br/>
<b>Customer Interest Rate found OK</b> <br /><br/>
<b></b> <br /><br/>
<b>99.99 = 99.99000000000001</b> <br /><br/>
<b>Document Fee Margin found OK</b> <br /><br/>
<b></b> <br /><br/>
<b>217.5 = 217.4999600000004</b> <br /><br/>
<b>Default Broker Margin found OK</b> <br /><br/>
<b></b> <br /><br/>
<b>[32mAll values on underwriting quote tab verified successfully[0m</b> <br /><br/>
<b></b> <br /><br/>
<b>Click on decision tab page</b> <br /><br/>
</div>
</td>
<td></td>
<td>117</td>
<td>opportunity.LOU_used_car_ownbook_business_purchase_accept_with_changes_Test@f99f5e0</td></tr>
<tr>
<td title='acquisition.Acquisition_Quotes_HPNR_HPNR_used_car_without_maintenance_Test.aquisition_quotes_customer_quote_monthly_finance_payment_after_balloon_payment_off_without_maintenance_test()'><b>aquisition_quotes_customer_quote_monthly_finance_payment_after_balloon_payment_off_without_maintenance_test</b><br>Test class: acquisition.Acquisition_Quotes_HPNR_HPNR_used_car_without_maintenance_Test<br>Parameters: GY19XAG, 15000, 60000, 1000, 50000, 630, 50, 20000, 35, 35000, 1000, 20, NO, A1 Credit, 100, YES, 2000, 1000, 500, 1000, 1000, 199.99, HPNR_used_car<br/>
<a href="#Output-842889182" onClick='toggleBox("Output-842889182", this, "Show output", "Hide output");'>Show output</a>

<a href="#Output-842889182" onClick="toggleAllBoxes();">Show all outputs</a>
<div class='log' id="Output-842889182">
<b></b> <br /><br/>
<b>Monthly Finance Payment Expected (with balloon payment toggle button off) is 690.6322300447639</b> <br /><br/>
<b>Monthly Finance Payment Actual (with balloon payment toggle button off) is 690.63</b> <br /><br/>
<b></b> <br /><br/>
<b>Monthly Finance Payment verified after making balloon payment toggle button off</b> <br /><br/>
</div>
</td>
<td></td>
<td>24</td>
<td>acquisition.Acquisition_Quotes_HPNR_HPNR_used_car_without_maintenance_Test@c7045b9</td></tr>
<tr>
<td title='orders.Orders_Verify_used_car_ownbook_business_purchase_With_Customer_Flow_Test.T1_open_order_created_in_acquisition_test()'><b>T1_open_order_created_in_acquisition_test</b><br>Test class: orders.Orders_Verify_used_car_ownbook_business_purchase_With_Customer_Flow_Test<br/>
<a href="#Output-2062960853" onClick='toggleBox("Output-2062960853", this, "Show output", "Hide output");'>Show output</a>

<a href="#Output-2062960853" onClick="toggleAllBoxes();">Show all outputs</a>
<div class='log' id="Output-2062960853">
<b></b> <br /><br/>
<b>Searching for Order ID WS-57561</b> <br /><br/>
</div>
</td>
<td></td>
<td>88</td>
<td>orders.Orders_Verify_used_car_ownbook_business_purchase_With_Customer_Flow_Test@30bce90b</td></tr>
<tr>
<td title='orders.Orders_Verify_used_car_ownbook_business_purchase_With_Customer_Flow_Test.T3_verify_summary_section_values()'><b>T3_verify_summary_section_values</b><br>Test class: orders.Orders_Verify_used_car_ownbook_business_purchase_With_Customer_Flow_Test<br/>
<a href="#Output-626485235" onClick='toggleBox("Output-626485235", this, "Show output", "Hide output");'>Show output</a>

<a href="#Output-626485235" onClick="toggleAllBoxes();">Show all outputs</a>
<div class='log' id="Output-626485235">
<b>Started Verifying Quote Summary and Configuration Values</b> <br /><br/>
<b></b> <br /><br/>
<b>CVU61724 != NRQ49216</b> <br /><br/>
<b>Quote no. compared but found not ok</b> <br /><br/>
<b></b> <br /><br/>
<b>MERCEDES-BENZ A CLASS AMG HATCHBACK (2019 - Current) A35 4Matic Premium 5dr Auto = MERCEDES-BENZ A CLASS AMG HATCHBACK (2019 - Current) A35 4Matic Premium 5dr Auto</b> <br /><br/>
<b>Vehicle name compared and found ok</b> <br /><br/>
<b></b> <br /><br/>
<b>Hire Purchase Non-Regulated = Hire Purchase Non-Regulated</b> <br /><br/>
<b>Contract type compared and found ok</b> <br /><br/>
<b></b> <br /><br/>
<b>33.0 != 36.0</b> <br /><br/>
<b>Terms compared but found not ok</b> <br /><br/>
<b></b> <br /><br/>
<b>5000.0 != 10000.0</b> <br /><br/>
<b>Mileage compared but found not ok</b> <br /><br/>
<b></b> <br /><br/>
<b>53163.4 != 20208.33</b> <br /><br/>
<b>Basic Cash Price found wrong</b> <br /><br/>
<b></b> <br /><br/>
<b>10632.68 != 4041.666</b> <br /><br/>
<b>VAT found wrong</b> <br /><br/>
<b></b> <br /><br/>
<b>0.0 = 0.0</b> <br /><br/>
<b>Non VAT Items Value found OK</b> <br /><br/>
<b></b> <br /><br/>
<b>63796.08 != 24249.996000000003</b> <br /><br/>
<b>Total Cash Price found wrong</b> <br /><br/>
<b></b> <br /><br/>
<b>5000.0 = 5000.0</b> <br /><br/>
<b>Order Deposit found OK</b> <br /><br/>
<b></b> <br /><br/>
<b>4000.0 = 4000.0</b> <br /><br/>
<b>Finance Deposit found OK</b> <br /><br/>
<b></b> <br /><br/>
<b>9000.0 = 9000.0</b> <br /><br/>
<b>Total Deposit found OK</b> <br /><br/>
<b></b> <br /><br/>
<b>0.0 != 500.0</b> <br /><br/>
<b>Part Exchange Value - found wrong</b> <br /><br/>
<b></b> <br /><br/>
<b>54796.08 != 14749.996000000003</b> <br /><br/>
<b>Balance to Finance found wrong</b> <br /><br/>
<b></b> <br /><br/>
<b>-29163.04 != 5344.057561385136</b> <br /><br/>
<b>Finance Charges - found wrong</b> <br /><br/>
<b></b> <br /><br/>
<b>199.99 = 199.99</b> <br /><br/>
<b>Document Fee - found OK</b> <br /><br/>
<b></b> <br /><br/>
<b>25883.03 != 20344.04156138514</b> <br /><br/>
<b>Balance Payable - found wrong</b> <br /><br/>
<b></b> <br /><br/>
<b>10.0 = 10.0</b> <br /><br/>
<b>Option To Purchase Fee - found OK</b> <br /><br/>
<b></b> <br /><br/>
<b>9239.99 = 9239.988</b> <br /><br/>
<b>Initial Cash Payment - found OK</b> <br /><br/>
<b></b> <br /><br/>
<b>32.0 != 35.0</b> <br /><br/>
<b>Followed By months - found wrong</b> <br /><br/>
<b></b> <br /><br/>
<b>613.22 != 142.687244611004</b> <br /><br/>
<b>Monthly Finance Payment - found wrong</b> <br /><br/>
<b></b> <br /><br/>
<b>6010.0 != 15100.0</b> <br /><br/>
<b>Balloon Value - found wrong</b> <br /><br/>
<b></b> <br /><br/>
<b>6020.0 != 15110.0</b> <br /><br/>
<b>Final Payment - found wrong</b> <br /><br/>
<b></b> <br /><br/>
<b>-6836.6 != 1833.3300000000027</b> <br /><br/>
<b>Vehicle Commission - found wrong</b> <br /><br/>
<b></b> <br /><br/>
<b>428.09 != 122.91663333333334</b> <br /><br/>
<b>Default Finance Commission - found wrong</b> <br /><br/>
<b></b> <br /><br/>
<b>99.99 = 99.99000000000001</b> <br /><br/>
<b>Document Fee Commission - found OK</b> <br /><br/>
<b></b> <br /><br/>
<b>-6308.52 != 2776.236633333336</b> <br /><br/>
<b>Total Commission - found wrong</b> <br /><br/>
<b></b> <br /><br/>
<b></b> <br /><br/>
<b>7.0 = 7.0</b> <br /><br/>
<b>Base Interest Rate found OK</b> <br /><br/>
<b></b> <br /><br/>
<b>1948.24 != 2229.9535613851403</b> <br /><br/>
<b>Finance Margin found wrong</b> <br /><br/>
<b></b> <br /><br/>
<b>513.71 != 147.4999599999996</b> <br /><br/>
<b>Deductions found wrong</b> <br /><br/>
<b></b> <br /><br/>
<b>99.99 != 7299.99</b> <br /><br/>
<b>Additional Margin found wrong</b> <br /><br/>
<b></b> <br /><br/>
<b>1534.52 != 9382.443601385141</b> <br /><br/>
<b>Total Margin found wrong</b> <br /><br/>
<b></b> <br /><br/>
<b>0.94 = 1.0</b> <br /><br/>
<b>Default Broker Margin percentage found OK</b> <br /><br/>
<b></b> <br /><br/>
<b>12.0 = 12.000000000000002</b> <br /><br/>
<b>Customer Interest Rate found OK</b> <br /><br/>
<b></b> <br /><br/>
<b>99.99 = 99.99000000000001</b> <br /><br/>
<b>Document Fee Margin found OK</b> <br /><br/>
<b></b> <br /><br/>
<b>513.71 != 147.4999599999996</b> <br /><br/>
<b>Default Broker Margin  found wrong</b> <br /><br/>
<b></b> <br /><br/>
<b>One or More than One values on customer contract tab may be wrong , please check all above values printed on console</b> <br /><br/>
<b></b> <br /><br/>
</div>
</td>
<td></td>
<td>104</td>
<td>orders.Orders_Verify_used_car_ownbook_business_purchase_With_Customer_Flow_Test@30bce90b</td></tr>
<tr>
<td title='opportunity.LOU_used_car_ownbook_business_purchase_accept_with_changes_Test.UW7_verify_ownbook_opportunity_accept_with_changes_underwriting_pop_up()'><b>UW7_verify_ownbook_opportunity_accept_with_changes_underwriting_pop_up</b><br>Test class: opportunity.LOU_used_car_ownbook_business_purchase_accept_with_changes_Test<br/>
<a href="#Output-1572694294" onClick='toggleBox("Output-1572694294", this, "Show output", "Hide output");'>Show output</a>

<a href="#Output-1572694294" onClick="toggleAllBoxes();">Show all outputs</a>
<div class='log' id="Output-1572694294">
<b> Underwriting icon is available </b> <br /><br/>
<b>click on underwriting_send_for_underwriting  button </b> <br /><br/>
</div>
</td>
<td></td>
<td>130</td>
<td>opportunity.LOU_used_car_ownbook_business_purchase_accept_with_changes_Test@f99f5e0</td></tr>
<tr>
<td title='opportunity.LOU_used_car_ownbook_business_purchase_accept_with_changes_Test.UW6_verify_ownbook_opportunity_search_text_box_accept_with_changes()'><b>UW6_verify_ownbook_opportunity_search_text_box_accept_with_changes</b><br>Test class: opportunity.LOU_used_car_ownbook_business_purchase_accept_with_changes_Test<br/>
<a href="#Output-2032020531" onClick='toggleBox("Output-2032020531", this, "Show output", "Hide output");'>Show output</a>

<a href="#Output-2032020531" onClick="toggleAllBoxes();">Show all outputs</a>
<div class='log' id="Output-2032020531">
<b>Clicked on Opportunity link from Menu </b> <br /><br/>
<b>Click on Search text box on Opportunity page</b> <br /><br/>
<b>Enter the opportunity ID in search text box =BB-8073</b> <br /><br/>
</div>
</td>
<td></td>
<td>29</td>
<td>opportunity.LOU_used_car_ownbook_business_purchase_accept_with_changes_Test@f99f5e0</td></tr>
<tr>
<td title='orders.Orders_Verify_used_car_ownbook_business_purchase_With_Customer_Flow_Test.T2_pre_order_pass_check_in_customer_contract_tab_test()'><b>T2_pre_order_pass_check_in_customer_contract_tab_test</b><br>Test class: orders.Orders_Verify_used_car_ownbook_business_purchase_With_Customer_Flow_Test<br/>
<a href="#Output-1757998821" onClick='toggleBox("Output-1757998821", this, "Show output", "Hide output");'>Show output</a>

<a href="#Output-1757998821" onClick="toggleAllBoxes();">Show all outputs</a>
<div class='log' id="Output-1757998821">
<b></b> <br /><br/>
<b>Checking pre-order checks</b> <br /><br/>
</div>
</td>
<td></td>
<td>17</td>
<td>orders.Orders_Verify_used_car_ownbook_business_purchase_With_Customer_Flow_Test@30bce90b</td></tr>
<tr>
<td title='acquisition.Acquisition_Quotes_HPNR_HPNR_used_car_without_maintenance_Test.aquisition_quotes_holding_cost_calculations_without_maintenance_test()'><b>aquisition_quotes_holding_cost_calculations_without_maintenance_test</b><br>Test class: acquisition.Acquisition_Quotes_HPNR_HPNR_used_car_without_maintenance_Test<br>Parameters: GY19XAG, 15000, 60000, 1000, 50000, 630, 50, 20000, 35, 35000, 1000, 20, NO, A1 Credit, 100, YES, 2000, 1000, 500, 1000, 1000, 199.99, HPNR_used_car<br/>
<a href="#Output-1158928235" onClick='toggleBox("Output-1158928235", this, "Show output", "Hide output");'>Show output</a>

<a href="#Output-1158928235" onClick="toggleAllBoxes();">Show all outputs</a>
<div class='log' id="Output-1158928235">
<b>***********Entered in holding cost page ***********</b> <br /><br/>
<b>Clicked on holding cost summary</b> <br /><br/>
<b></b> <br /><br/>
<b>Verifying Holding Cost Based on CAP data</b> <br /><br/>
<b>Getting on screen values from Holding Cost Page</b> <br /><br/>
<b>Duration(Terms) =36.0</b> <br /><br/>
<b>Annual_mileage =10000.0</b> <br /><br/>
<b>Cap_residual_value_from_screen =15100.0</b> <br /><br/>
<b>Writing Holding Cost Summary values to excel has been started</b> <br /><br/>
<b>Writing Holding Cost Summary values to excel has been completed</b> <br /><br/>
<b>Reading Monthly Holding Cost value from excel has been started</b> <br /><br/>
<b>Reading Monthly Holding Cost value from excel has been completed</b> <br /><br/>
<b>Total_monthly_holding_cost_from_screen =247.38</b> <br /><br/>
<b>Total_monthly_holding_cost_from_excel =247.37909402360353</b> <br /><br/>
<b>Total Monthly Holding Cost based on CAP data is Verified and Found OK</b> <br /><br/>
</div>
</td>
<td></td>
<td>24</td>
<td>acquisition.Acquisition_Quotes_HPNR_HPNR_used_car_without_maintenance_Test@c7045b9</td></tr>
<tr>
<td title='opportunity.LOU_used_car_ownbook_business_purchase_accept_with_changes_Test.L5_ownbook_create_opportunity_business_currentstatus_after_sending_to_proposal()'><b>L5_ownbook_create_opportunity_business_currentstatus_after_sending_to_proposal</b><br>Test class: opportunity.LOU_used_car_ownbook_business_purchase_accept_with_changes_Test<br/>
<a href="#Output-926678914" onClick='toggleBox("Output-926678914", this, "Show output", "Hide output");'>Show output</a>

<a href="#Output-926678914" onClick="toggleAllBoxes();">Show all outputs</a>
<div class='log' id="Output-926678914">
<b>Current Status of Opportunity Status value is = Open</b> <br /><br/>
<b>Current Status of Proposal value is = Proposal Received</b> <br /><br/>
<b>Current Status of Channel value is =  Draft</b> <br /><br/>
<b>Current Status of  Quote ref is = Draft</b> <br /><br/>
<b>Status Verified : After sending the proposal</b> <br /><br/>
</div>
</td>
<td></td>
<td>0</td>
<td>opportunity.LOU_used_car_ownbook_business_purchase_accept_with_changes_Test@f99f5e0</td></tr>
<tr>
<td title='opportunity.LOU_used_car_ownbook_business_purchase_accept_with_changes_Test.L8_ownbook_signed_contract_status_with_api_call()'><b>L8_ownbook_signed_contract_status_with_api_call</b><br>Test class: opportunity.LOU_used_car_ownbook_business_purchase_accept_with_changes_Test<br/>
<a href="#Output-160044787" onClick='toggleBox("Output-160044787", this, "Show output", "Hide output");'>Show output</a>

<a href="#Output-160044787" onClick="toggleAllBoxes();">Show all outputs</a>
<div class='log' id="Output-160044787">
<b>Status code 200 received </b> <br /><br/>
<b>Enter the Opportunity id in Search Text box</b> <br /><br/>
</div>
</td>
<td></td>
<td>38</td>
<td>opportunity.LOU_used_car_ownbook_business_purchase_accept_with_changes_Test@f99f5e0</td></tr>
<tr>
<td title='opportunity.LOU_used_car_ownbook_business_purchase_accept_with_changes_Test.L1_create_lead_convert_to_lead_for_ownbook_business_flow()'><b>L1_create_lead_convert_to_lead_for_ownbook_business_flow</b><br>Test class: opportunity.LOU_used_car_ownbook_business_purchase_accept_with_changes_Test<br/>
<a href="#Output-856097722" onClick='toggleBox("Output-856097722", this, "Show output", "Hide output");'>Show output</a>

<a href="#Output-856097722" onClick="toggleAllBoxes();">Show all outputs</a>
<div class='log' id="Output-856097722">
<b>Clicked on Leads on Side Menu</b> <br /><br/>
<b>Clicked on add lead</b> <br /><br/>
<b>Lead is assigned</b> <br /><br/>
<b>Added data in General Notes</b> <br /><br/>
<b>Customer type - Business selected</b> <br /><br/>
<b>Clicked on Add new vehicle request</b> <br /><br/>
<b>Clicked on ownbook channel</b> <br /><br/>
<b>Vehicle request for broker has been saved</b> <br /><br/>
<b>Click on Map New Quote icon</b> <br /><br/>
<b>Click on acquisition contract type icon</b> <br /><br/>
<b>Click on customer contract type icon</b> <br /><br/>
<b>Click on search button</b> <br /><br/>
<b>Click on created date button 1st </b> <br /><br/>
<b>Click on created date button 2nd</b> <br /><br/>
<b>New Quote has been mapped with lead</b> <br /><br/>
<b>click ok button on Map  new quote </b> <br /><br/>
<b></b> <br /><br/>
<b>Started Verifying Table values</b> <br /><br/>
<b></b> <br /><br/>
<b>NRQ49216 = NRQ49216</b> <br /><br/>
<b>Quote no. compared and found ok</b> <br /><br/>
<b></b> <br /><br/>
<b>MERCEDES-BENZ A CLASS AMG HATCHBACK (2019 - Current) A35 4Matic Premium 5dr Auto = MERCEDES-BENZ A CLASS AMG HATCHBACK (2019 - Current) A35 4Matic Premium 5dr Auto</b> <br /><br/>
<b>Vehicle name compared and found ok</b> <br /><br/>
<b></b> <br /><br/>
<b>Hire Purchase Non-Regulated = Hire Purchase Non-Regulated</b> <br /><br/>
<b>Contract type compared and found ok</b> <br /><br/>
<b></b> <br /><br/>
<b>380.71 = 380.71</b> <br /><br/>
<b>Monthly finance rental compared and found ok</b> <br /><br/>
<b></b> <br /><br/>
<b>10000.0 = 10000.0</b> <br /><br/>
<b>Mileage compared and found ok</b> <br /><br/>
<b></b> <br /><br/>
<b>36.0 = 36.0</b> <br /><br/>
<b>Terms compared and found ok</b> <br /><br/>
<b></b> <br /><br/>
<b>01/03/2024 != 28/02/2024</b> <br /><br/>
<b>Expiry date compared but found not ok</b> <br /><br/>
<b>Click on Lead save and Convert button</b> <br /><br/>
<b></b> <br /><br/>
<b>Started Verifying Table values</b> <br /><br/>
<b></b> <br /><br/>
<b>NRQ49216 = NRQ49216</b> <br /><br/>
<b>Quote no. compared and found ok</b> <br /><br/>
<b></b> <br /><br/>
<b>MERCEDES-BENZ A CLASS AMG HATCHBACK (2019 - Current) A35 4Matic Premium 5dr Auto = MERCEDES-BENZ A CLASS AMG HATCHBACK (2019 - Current) A35 4Matic Premium 5dr Auto</b> <br /><br/>
<b>Vehicle name compared and found ok</b> <br /><br/>
<b></b> <br /><br/>
<b>Hire Purchase Non-Regulated = Hire Purchase Non-Regulated</b> <br /><br/>
<b>Contract type compared and found ok</b> <br /><br/>
<b></b> <br /><br/>
<b>380.71 = 380.71</b> <br /><br/>
<b>Monthly finance rental compared and found ok</b> <br /><br/>
<b></b> <br /><br/>
<b>10000.0 = 10000.0</b> <br /><br/>
<b>Mileage compared and found ok</b> <br /><br/>
<b></b> <br /><br/>
<b>36.0 = 36.0</b> <br /><br/>
<b>Terms compared and found ok</b> <br /><br/>
<b></b> <br /><br/>
<b>01/03/2024 != 28/02/2024</b> <br /><br/>
<b>Expiry date compared but found not ok</b> <br /><br/>
<b></b> <br /><br/>
<b>In Lead created Opportunity Id is =BB-8073</b> <br /><br/>
<b></b> <br /><br/>
</div>
</td>
<td></td>
<td>210</td>
<td>opportunity.LOU_used_car_ownbook_business_purchase_accept_with_changes_Test@f99f5e0</td></tr>
<tr>
<td title='opportunity.LOU_used_car_ownbook_business_purchase_accept_with_changes_Test.UW2_verify_status_after_sending_to_underwriting()'><b>UW2_verify_status_after_sending_to_underwriting</b><br>Test class: opportunity.LOU_used_car_ownbook_business_purchase_accept_with_changes_Test<br/>
<a href="#Output-909156558" onClick='toggleBox("Output-909156558", this, "Show output", "Hide output");'>Show output</a>

<a href="#Output-909156558" onClick="toggleAllBoxes();">Show all outputs</a>
<div class='log' id="Output-909156558">
<b>Current Status of Proposal value is = Proposal Received</b> <br /><br/>
<b>Current Status of Channel value is =  Awaiting underwriting</b> <br /><br/>
<b>Current Status of  Quote ref is = Awaiting underwriting</b> <br /><br/>
<b>Status Verified : Awaiting Underwriting </b> <br /><br/>
</div>
</td>
<td></td>
<td>4</td>
<td>opportunity.LOU_used_car_ownbook_business_purchase_accept_with_changes_Test@f99f5e0</td></tr>
</table><p>
<table width='100%' border='1' class='invocation-skipped'>
<tr><td colspan='4' align='center'><b>SKIPPED TESTS</b></td></tr>
<tr><td><b>Test method</b></td>
<td width="30%"><b>Exception</b></td>
<td width="10%"><b>Time (seconds)</b></td>
<td><b>Instance</b></td>
</tr>
<tr>
<td title='orders.Orders_Verify_used_car_ownbook_business_purchase_With_Customer_Flow_Test.T9_verify_order_status_after_uploading_order_form_in_vehicle_tab_test()'><b>T9_verify_order_status_after_uploading_order_form_in_vehicle_tab_test</b><br>Test class: orders.Orders_Verify_used_car_ownbook_business_purchase_With_Customer_Flow_Test</td>
<td><div><pre>java.lang.Throwable: Method Orders_Verify_used_car_ownbook_business_purchase_With_Customer_Flow_Test.T9_verify_order_status_after_uploading_order_form_in_vehicle_tab_test()[pri:9, instance:orders.Orders_Verify_used_car_ownbook_business_purchase_With_Customer_Flow_Test@30bce90b] depends on not successfully finished methods
	at java.base/java.util.ArrayList.forEach(ArrayList.java:1511)
... Removed 19 stack frames</pre></div><a href='#' onClick='toggleBox("stack-trace1628012360", this, "Click to show all stack frames", "Click to hide stack frames")'>Click to show all stack frames</a>
<div class='stack-trace' id='stack-trace1628012360'><pre>java.lang.Throwable: Method Orders_Verify_used_car_ownbook_business_purchase_With_Customer_Flow_Test.T9_verify_order_status_after_uploading_order_form_in_vehicle_tab_test()[pri:9, instance:orders.Orders_Verify_used_car_ownbook_business_purchase_With_Customer_Flow_Test@30bce90b] depends on not successfully finished methods
	at org.testng.internal.TestInvoker.invokeTestMethods(TestInvoker.java:102)
	at org.testng.internal.TestMethodWorker.invokeTestMethods(TestMethodWorker.java:146)
	at org.testng.internal.TestMethodWorker.run(TestMethodWorker.java:128)
	at java.base/java.util.ArrayList.forEach(ArrayList.java:1511)
	at org.testng.TestRunner.privateRun(TestRunner.java:794)
	at org.testng.TestRunner.run(TestRunner.java:596)
	at org.testng.SuiteRunner.runTest(SuiteRunner.java:377)
	at org.testng.SuiteRunner.runSequentially(SuiteRunner.java:371)
	at org.testng.SuiteRunner.privateRun(SuiteRunner.java:332)
	at org.testng.SuiteRunner.run(SuiteRunner.java:276)
	at org.testng.SuiteRunnerWorker.runSuite(SuiteRunnerWorker.java:53)
	at org.testng.SuiteRunnerWorker.run(SuiteRunnerWorker.java:96)
	at org.testng.TestNG.runSuitesSequentially(TestNG.java:1212)
	at org.testng.TestNG.runSuitesSequentially(TestNG.java:1207)
	at org.testng.TestNG.runSuitesLocally(TestNG.java:1134)
	at org.testng.TestNG.runSuites(TestNG.java:1063)
	at org.testng.TestNG.run(TestNG.java:1031)
	at org.testng.remote.AbstractRemoteTestNG.run(AbstractRemoteTestNG.java:115)
	at org.testng.remote.RemoteTestNG.initAndRun(RemoteTestNG.java:251)
	at org.testng.remote.RemoteTestNG.main(RemoteTestNG.java:77)
</pre></div></td>
<td>0</td>
<td>orders.Orders_Verify_used_car_ownbook_business_purchase_With_Customer_Flow_Test@30bce90b</td></tr>
<tr>
<td title='orders.Orders_Verify_used_car_ownbook_business_purchase_With_Customer_Flow_Test.T18_verify_delivery_status_after_selecting_date_offered_in_delivery_section_of_customer_contract_tab_test()'><b>T18_verify_delivery_status_after_selecting_date_offered_in_delivery_section_of_customer_contract_tab_test</b><br>Test class: orders.Orders_Verify_used_car_ownbook_business_purchase_With_Customer_Flow_Test</td>
<td><div><pre>java.lang.Throwable: Method Orders_Verify_used_car_ownbook_business_purchase_With_Customer_Flow_Test.T18_verify_delivery_status_after_selecting_date_offered_in_delivery_section_of_customer_contract_tab_test()[pri:18, instance:orders.Orders_Verify_used_car_ownbook_business_purchase_With_Customer_Flow_Test@30bce90b] depends on not successfully finished methods
	at java.base/java.util.ArrayList.forEach(ArrayList.java:1511)
... Removed 19 stack frames</pre></div><a href='#' onClick='toggleBox("stack-trace1078917071", this, "Click to show all stack frames", "Click to hide stack frames")'>Click to show all stack frames</a>
<div class='stack-trace' id='stack-trace1078917071'><pre>java.lang.Throwable: Method Orders_Verify_used_car_ownbook_business_purchase_With_Customer_Flow_Test.T18_verify_delivery_status_after_selecting_date_offered_in_delivery_section_of_customer_contract_tab_test()[pri:18, instance:orders.Orders_Verify_used_car_ownbook_business_purchase_With_Customer_Flow_Test@30bce90b] depends on not successfully finished methods
	at org.testng.internal.TestInvoker.invokeTestMethods(TestInvoker.java:102)
	at org.testng.internal.TestMethodWorker.invokeTestMethods(TestMethodWorker.java:146)
	at org.testng.internal.TestMethodWorker.run(TestMethodWorker.java:128)
	at java.base/java.util.ArrayList.forEach(ArrayList.java:1511)
	at org.testng.TestRunner.privateRun(TestRunner.java:794)
	at org.testng.TestRunner.run(TestRunner.java:596)
	at org.testng.SuiteRunner.runTest(SuiteRunner.java:377)
	at org.testng.SuiteRunner.runSequentially(SuiteRunner.java:371)
	at org.testng.SuiteRunner.privateRun(SuiteRunner.java:332)
	at org.testng.SuiteRunner.run(SuiteRunner.java:276)
	at org.testng.SuiteRunnerWorker.runSuite(SuiteRunnerWorker.java:53)
	at org.testng.SuiteRunnerWorker.run(SuiteRunnerWorker.java:96)
	at org.testng.TestNG.runSuitesSequentially(TestNG.java:1212)
	at org.testng.TestNG.runSuitesSequentially(TestNG.java:1207)
	at org.testng.TestNG.runSuitesLocally(TestNG.java:1134)
	at org.testng.TestNG.runSuites(TestNG.java:1063)
	at org.testng.TestNG.run(TestNG.java:1031)
	at org.testng.remote.AbstractRemoteTestNG.run(AbstractRemoteTestNG.java:115)
	at org.testng.remote.RemoteTestNG.initAndRun(RemoteTestNG.java:251)
	at org.testng.remote.RemoteTestNG.main(RemoteTestNG.java:77)
</pre></div></td>
<td>0</td>
<td>orders.Orders_Verify_used_car_ownbook_business_purchase_With_Customer_Flow_Test@30bce90b</td></tr>
<tr>
<td title='orders.Orders_Verify_used_car_ownbook_business_purchase_With_Customer_Flow_Test.T27_verify_payments_to_funder_statuses_for_required_flow_test()'><b>T27_verify_payments_to_funder_statuses_for_required_flow_test</b><br>Test class: orders.Orders_Verify_used_car_ownbook_business_purchase_With_Customer_Flow_Test</td>
<td><div><pre>java.lang.Throwable: Method Orders_Verify_used_car_ownbook_business_purchase_With_Customer_Flow_Test.T27_verify_payments_to_funder_statuses_for_required_flow_test()[pri:27, instance:orders.Orders_Verify_used_car_ownbook_business_purchase_With_Customer_Flow_Test@30bce90b] depends on not successfully finished methods
	at java.base/java.util.ArrayList.forEach(ArrayList.java:1511)
... Removed 19 stack frames</pre></div><a href='#' onClick='toggleBox("stack-trace558236739", this, "Click to show all stack frames", "Click to hide stack frames")'>Click to show all stack frames</a>
<div class='stack-trace' id='stack-trace558236739'><pre>java.lang.Throwable: Method Orders_Verify_used_car_ownbook_business_purchase_With_Customer_Flow_Test.T27_verify_payments_to_funder_statuses_for_required_flow_test()[pri:27, instance:orders.Orders_Verify_used_car_ownbook_business_purchase_With_Customer_Flow_Test@30bce90b] depends on not successfully finished methods
	at org.testng.internal.TestInvoker.invokeTestMethods(TestInvoker.java:102)
	at org.testng.internal.TestMethodWorker.invokeTestMethods(TestMethodWorker.java:146)
	at org.testng.internal.TestMethodWorker.run(TestMethodWorker.java:128)
	at java.base/java.util.ArrayList.forEach(ArrayList.java:1511)
	at org.testng.TestRunner.privateRun(TestRunner.java:794)
	at org.testng.TestRunner.run(TestRunner.java:596)
	at org.testng.SuiteRunner.runTest(SuiteRunner.java:377)
	at org.testng.SuiteRunner.runSequentially(SuiteRunner.java:371)
	at org.testng.SuiteRunner.privateRun(SuiteRunner.java:332)
	at org.testng.SuiteRunner.run(SuiteRunner.java:276)
	at org.testng.SuiteRunnerWorker.runSuite(SuiteRunnerWorker.java:53)
	at org.testng.SuiteRunnerWorker.run(SuiteRunnerWorker.java:96)
	at org.testng.TestNG.runSuitesSequentially(TestNG.java:1212)
	at org.testng.TestNG.runSuitesSequentially(TestNG.java:1207)
	at org.testng.TestNG.runSuitesLocally(TestNG.java:1134)
	at org.testng.TestNG.runSuites(TestNG.java:1063)
	at org.testng.TestNG.run(TestNG.java:1031)
	at org.testng.remote.AbstractRemoteTestNG.run(AbstractRemoteTestNG.java:115)
	at org.testng.remote.RemoteTestNG.initAndRun(RemoteTestNG.java:251)
	at org.testng.remote.RemoteTestNG.main(RemoteTestNG.java:77)
</pre></div></td>
<td>0</td>
<td>orders.Orders_Verify_used_car_ownbook_business_purchase_With_Customer_Flow_Test@30bce90b</td></tr>
<tr>
<td title='orders.Orders_Verify_used_car_ownbook_business_purchase_With_Customer_Flow_Test.T11_verify_payment_status_after_selecting_payment_sent_date_on_vehicle_tab_test()'><b>T11_verify_payment_status_after_selecting_payment_sent_date_on_vehicle_tab_test</b><br>Test class: orders.Orders_Verify_used_car_ownbook_business_purchase_With_Customer_Flow_Test</td>
<td><div><pre>java.lang.Throwable: Method Orders_Verify_used_car_ownbook_business_purchase_With_Customer_Flow_Test.T11_verify_payment_status_after_selecting_payment_sent_date_on_vehicle_tab_test()[pri:11, instance:orders.Orders_Verify_used_car_ownbook_business_purchase_With_Customer_Flow_Test@30bce90b] depends on not successfully finished methods
	at java.base/java.util.ArrayList.forEach(ArrayList.java:1511)
... Removed 19 stack frames</pre></div><a href='#' onClick='toggleBox("stack-trace1653193475", this, "Click to show all stack frames", "Click to hide stack frames")'>Click to show all stack frames</a>
<div class='stack-trace' id='stack-trace1653193475'><pre>java.lang.Throwable: Method Orders_Verify_used_car_ownbook_business_purchase_With_Customer_Flow_Test.T11_verify_payment_status_after_selecting_payment_sent_date_on_vehicle_tab_test()[pri:11, instance:orders.Orders_Verify_used_car_ownbook_business_purchase_With_Customer_Flow_Test@30bce90b] depends on not successfully finished methods
	at org.testng.internal.TestInvoker.invokeTestMethods(TestInvoker.java:102)
	at org.testng.internal.TestMethodWorker.invokeTestMethods(TestMethodWorker.java:146)
	at org.testng.internal.TestMethodWorker.run(TestMethodWorker.java:128)
	at java.base/java.util.ArrayList.forEach(ArrayList.java:1511)
	at org.testng.TestRunner.privateRun(TestRunner.java:794)
	at org.testng.TestRunner.run(TestRunner.java:596)
	at org.testng.SuiteRunner.runTest(SuiteRunner.java:377)
	at org.testng.SuiteRunner.runSequentially(SuiteRunner.java:371)
	at org.testng.SuiteRunner.privateRun(SuiteRunner.java:332)
	at org.testng.SuiteRunner.run(SuiteRunner.java:276)
	at org.testng.SuiteRunnerWorker.runSuite(SuiteRunnerWorker.java:53)
	at org.testng.SuiteRunnerWorker.run(SuiteRunnerWorker.java:96)
	at org.testng.TestNG.runSuitesSequentially(TestNG.java:1212)
	at org.testng.TestNG.runSuitesSequentially(TestNG.java:1207)
	at org.testng.TestNG.runSuitesLocally(TestNG.java:1134)
	at org.testng.TestNG.runSuites(TestNG.java:1063)
	at org.testng.TestNG.run(TestNG.java:1031)
	at org.testng.remote.AbstractRemoteTestNG.run(AbstractRemoteTestNG.java:115)
	at org.testng.remote.RemoteTestNG.initAndRun(RemoteTestNG.java:251)
	at org.testng.remote.RemoteTestNG.main(RemoteTestNG.java:77)
</pre></div></td>
<td>0</td>
<td>orders.Orders_Verify_used_car_ownbook_business_purchase_With_Customer_Flow_Test@30bce90b</td></tr>
<tr>
<td title='orders.Orders_Verify_used_car_ownbook_business_purchase_With_Customer_Flow_Test.T6_verify_that_monthly_payment_does_not_changes_if_a_added_funder_is_selected_in_the_asset_funding_tab_for_with_customer_flow_test()'><b>T6_verify_that_monthly_payment_does_not_changes_if_a_added_funder_is_selected_in_the_asset_funding_tab_for_with_customer_flow_test</b><br>Test class: orders.Orders_Verify_used_car_ownbook_business_purchase_With_Customer_Flow_Test</td>
<td><div><pre>java.lang.Throwable: Method Orders_Verify_used_car_ownbook_business_purchase_With_Customer_Flow_Test.T6_verify_that_monthly_payment_does_not_changes_if_a_added_funder_is_selected_in_the_asset_funding_tab_for_with_customer_flow_test(java.lang.String,java.lang.String,java.lang.String,java.lang.String,java.lang.String,java.lang.String,java.lang.String,java.lang.String,java.lang.String,java.lang.String,java.lang.String)[pri:6, instance:orders.Orders_Verify_used_car_ownbook_business_purchase_With_Customer_Flow_Test@30bce90b] depends on not successfully finished methods
	at java.base/java.util.ArrayList.forEach(ArrayList.java:1511)
... Removed 19 stack frames</pre></div><a href='#' onClick='toggleBox("stack-trace1517486399", this, "Click to show all stack frames", "Click to hide stack frames")'>Click to show all stack frames</a>
<div class='stack-trace' id='stack-trace1517486399'><pre>java.lang.Throwable: Method Orders_Verify_used_car_ownbook_business_purchase_With_Customer_Flow_Test.T6_verify_that_monthly_payment_does_not_changes_if_a_added_funder_is_selected_in_the_asset_funding_tab_for_with_customer_flow_test(java.lang.String,java.lang.String,java.lang.String,java.lang.String,java.lang.String,java.lang.String,java.lang.String,java.lang.String,java.lang.String,java.lang.String,java.lang.String)[pri:6, instance:orders.Orders_Verify_used_car_ownbook_business_purchase_With_Customer_Flow_Test@30bce90b] depends on not successfully finished methods
	at org.testng.internal.TestInvoker.invokeTestMethods(TestInvoker.java:102)
	at org.testng.internal.TestMethodWorker.invokeTestMethods(TestMethodWorker.java:146)
	at org.testng.internal.TestMethodWorker.run(TestMethodWorker.java:128)
	at java.base/java.util.ArrayList.forEach(ArrayList.java:1511)
	at org.testng.TestRunner.privateRun(TestRunner.java:794)
	at org.testng.TestRunner.run(TestRunner.java:596)
	at org.testng.SuiteRunner.runTest(SuiteRunner.java:377)
	at org.testng.SuiteRunner.runSequentially(SuiteRunner.java:371)
	at org.testng.SuiteRunner.privateRun(SuiteRunner.java:332)
	at org.testng.SuiteRunner.run(SuiteRunner.java:276)
	at org.testng.SuiteRunnerWorker.runSuite(SuiteRunnerWorker.java:53)
	at org.testng.SuiteRunnerWorker.run(SuiteRunnerWorker.java:96)
	at org.testng.TestNG.runSuitesSequentially(TestNG.java:1212)
	at org.testng.TestNG.runSuitesSequentially(TestNG.java:1207)
	at org.testng.TestNG.runSuitesLocally(TestNG.java:1134)
	at org.testng.TestNG.runSuites(TestNG.java:1063)
	at org.testng.TestNG.run(TestNG.java:1031)
	at org.testng.remote.AbstractRemoteTestNG.run(AbstractRemoteTestNG.java:115)
	at org.testng.remote.RemoteTestNG.initAndRun(RemoteTestNG.java:251)
	at org.testng.remote.RemoteTestNG.main(RemoteTestNG.java:77)
</pre></div></td>
<td>0</td>
<td>orders.Orders_Verify_used_car_ownbook_business_purchase_With_Customer_Flow_Test@30bce90b</td></tr>
<tr>
<td title='orders.Orders_Verify_used_car_ownbook_business_purchase_With_Customer_Flow_Test.T24_verify_delivery_status_after_selecting_confirmed_delivery_date_in_delivery_section_of_vehicle_tab_test()'><b>T24_verify_delivery_status_after_selecting_confirmed_delivery_date_in_delivery_section_of_vehicle_tab_test</b><br>Test class: orders.Orders_Verify_used_car_ownbook_business_purchase_With_Customer_Flow_Test</td>
<td><div><pre>java.lang.Throwable: Method Orders_Verify_used_car_ownbook_business_purchase_With_Customer_Flow_Test.T24_verify_delivery_status_after_selecting_confirmed_delivery_date_in_delivery_section_of_vehicle_tab_test()[pri:24, instance:orders.Orders_Verify_used_car_ownbook_business_purchase_With_Customer_Flow_Test@30bce90b] depends on not successfully finished methods
	at java.base/java.util.ArrayList.forEach(ArrayList.java:1511)
... Removed 19 stack frames</pre></div><a href='#' onClick='toggleBox("stack-trace282237406", this, "Click to show all stack frames", "Click to hide stack frames")'>Click to show all stack frames</a>
<div class='stack-trace' id='stack-trace282237406'><pre>java.lang.Throwable: Method Orders_Verify_used_car_ownbook_business_purchase_With_Customer_Flow_Test.T24_verify_delivery_status_after_selecting_confirmed_delivery_date_in_delivery_section_of_vehicle_tab_test()[pri:24, instance:orders.Orders_Verify_used_car_ownbook_business_purchase_With_Customer_Flow_Test@30bce90b] depends on not successfully finished methods
	at org.testng.internal.TestInvoker.invokeTestMethods(TestInvoker.java:102)
	at org.testng.internal.TestMethodWorker.invokeTestMethods(TestMethodWorker.java:146)
	at org.testng.internal.TestMethodWorker.run(TestMethodWorker.java:128)
	at java.base/java.util.ArrayList.forEach(ArrayList.java:1511)
	at org.testng.TestRunner.privateRun(TestRunner.java:794)
	at org.testng.TestRunner.run(TestRunner.java:596)
	at org.testng.SuiteRunner.runTest(SuiteRunner.java:377)
	at org.testng.SuiteRunner.runSequentially(SuiteRunner.java:371)
	at org.testng.SuiteRunner.privateRun(SuiteRunner.java:332)
	at org.testng.SuiteRunner.run(SuiteRunner.java:276)
	at org.testng.SuiteRunnerWorker.runSuite(SuiteRunnerWorker.java:53)
	at org.testng.SuiteRunnerWorker.run(SuiteRunnerWorker.java:96)
	at org.testng.TestNG.runSuitesSequentially(TestNG.java:1212)
	at org.testng.TestNG.runSuitesSequentially(TestNG.java:1207)
	at org.testng.TestNG.runSuitesLocally(TestNG.java:1134)
	at org.testng.TestNG.runSuites(TestNG.java:1063)
	at org.testng.TestNG.run(TestNG.java:1031)
	at org.testng.remote.AbstractRemoteTestNG.run(AbstractRemoteTestNG.java:115)
	at org.testng.remote.RemoteTestNG.initAndRun(RemoteTestNG.java:251)
	at org.testng.remote.RemoteTestNG.main(RemoteTestNG.java:77)
</pre></div></td>
<td>0</td>
<td>orders.Orders_Verify_used_car_ownbook_business_purchase_With_Customer_Flow_Test@30bce90b</td></tr>
<tr>
<td title='orders.Orders_Verify_used_car_ownbook_business_purchase_With_Customer_Flow_Test.T28_verify_completed_status_for_required_flow_test()'><b>T28_verify_completed_status_for_required_flow_test</b><br>Test class: orders.Orders_Verify_used_car_ownbook_business_purchase_With_Customer_Flow_Test</td>
<td><div><pre>java.lang.Throwable: Method Orders_Verify_used_car_ownbook_business_purchase_With_Customer_Flow_Test.T28_verify_completed_status_for_required_flow_test()[pri:28, instance:orders.Orders_Verify_used_car_ownbook_business_purchase_With_Customer_Flow_Test@30bce90b] depends on not successfully finished methods
	at java.base/java.util.ArrayList.forEach(ArrayList.java:1511)
... Removed 19 stack frames</pre></div><a href='#' onClick='toggleBox("stack-trace1726065459", this, "Click to show all stack frames", "Click to hide stack frames")'>Click to show all stack frames</a>
<div class='stack-trace' id='stack-trace1726065459'><pre>java.lang.Throwable: Method Orders_Verify_used_car_ownbook_business_purchase_With_Customer_Flow_Test.T28_verify_completed_status_for_required_flow_test()[pri:28, instance:orders.Orders_Verify_used_car_ownbook_business_purchase_With_Customer_Flow_Test@30bce90b] depends on not successfully finished methods
	at org.testng.internal.TestInvoker.invokeTestMethods(TestInvoker.java:102)
	at org.testng.internal.TestMethodWorker.invokeTestMethods(TestMethodWorker.java:146)
	at org.testng.internal.TestMethodWorker.run(TestMethodWorker.java:128)
	at java.base/java.util.ArrayList.forEach(ArrayList.java:1511)
	at org.testng.TestRunner.privateRun(TestRunner.java:794)
	at org.testng.TestRunner.run(TestRunner.java:596)
	at org.testng.SuiteRunner.runTest(SuiteRunner.java:377)
	at org.testng.SuiteRunner.runSequentially(SuiteRunner.java:371)
	at org.testng.SuiteRunner.privateRun(SuiteRunner.java:332)
	at org.testng.SuiteRunner.run(SuiteRunner.java:276)
	at org.testng.SuiteRunnerWorker.runSuite(SuiteRunnerWorker.java:53)
	at org.testng.SuiteRunnerWorker.run(SuiteRunnerWorker.java:96)
	at org.testng.TestNG.runSuitesSequentially(TestNG.java:1212)
	at org.testng.TestNG.runSuitesSequentially(TestNG.java:1207)
	at org.testng.TestNG.runSuitesLocally(TestNG.java:1134)
	at org.testng.TestNG.runSuites(TestNG.java:1063)
	at org.testng.TestNG.run(TestNG.java:1031)
	at org.testng.remote.AbstractRemoteTestNG.run(AbstractRemoteTestNG.java:115)
	at org.testng.remote.RemoteTestNG.initAndRun(RemoteTestNG.java:251)
	at org.testng.remote.RemoteTestNG.main(RemoteTestNG.java:77)
</pre></div></td>
<td>0</td>
<td>orders.Orders_Verify_used_car_ownbook_business_purchase_With_Customer_Flow_Test@30bce90b</td></tr>
<tr>
<td title='orders.Orders_Verify_used_car_ownbook_business_purchase_With_Customer_Flow_Test.T13_verify_payment_status_after_selecting_payment_sent_date_for_amount_due_on_vehicle_tab_test()'><b>T13_verify_payment_status_after_selecting_payment_sent_date_for_amount_due_on_vehicle_tab_test</b><br>Test class: orders.Orders_Verify_used_car_ownbook_business_purchase_With_Customer_Flow_Test</td>
<td><div><pre>java.lang.Throwable: Method Orders_Verify_used_car_ownbook_business_purchase_With_Customer_Flow_Test.T13_verify_payment_status_after_selecting_payment_sent_date_for_amount_due_on_vehicle_tab_test()[pri:13, instance:orders.Orders_Verify_used_car_ownbook_business_purchase_With_Customer_Flow_Test@30bce90b] depends on not successfully finished methods
	at java.base/java.util.ArrayList.forEach(ArrayList.java:1511)
... Removed 19 stack frames</pre></div><a href='#' onClick='toggleBox("stack-trace1726466036", this, "Click to show all stack frames", "Click to hide stack frames")'>Click to show all stack frames</a>
<div class='stack-trace' id='stack-trace1726466036'><pre>java.lang.Throwable: Method Orders_Verify_used_car_ownbook_business_purchase_With_Customer_Flow_Test.T13_verify_payment_status_after_selecting_payment_sent_date_for_amount_due_on_vehicle_tab_test()[pri:13, instance:orders.Orders_Verify_used_car_ownbook_business_purchase_With_Customer_Flow_Test@30bce90b] depends on not successfully finished methods
	at org.testng.internal.TestInvoker.invokeTestMethods(TestInvoker.java:102)
	at org.testng.internal.TestMethodWorker.invokeTestMethods(TestMethodWorker.java:146)
	at org.testng.internal.TestMethodWorker.run(TestMethodWorker.java:128)
	at java.base/java.util.ArrayList.forEach(ArrayList.java:1511)
	at org.testng.TestRunner.privateRun(TestRunner.java:794)
	at org.testng.TestRunner.run(TestRunner.java:596)
	at org.testng.SuiteRunner.runTest(SuiteRunner.java:377)
	at org.testng.SuiteRunner.runSequentially(SuiteRunner.java:371)
	at org.testng.SuiteRunner.privateRun(SuiteRunner.java:332)
	at org.testng.SuiteRunner.run(SuiteRunner.java:276)
	at org.testng.SuiteRunnerWorker.runSuite(SuiteRunnerWorker.java:53)
	at org.testng.SuiteRunnerWorker.run(SuiteRunnerWorker.java:96)
	at org.testng.TestNG.runSuitesSequentially(TestNG.java:1212)
	at org.testng.TestNG.runSuitesSequentially(TestNG.java:1207)
	at org.testng.TestNG.runSuitesLocally(TestNG.java:1134)
	at org.testng.TestNG.runSuites(TestNG.java:1063)
	at org.testng.TestNG.run(TestNG.java:1031)
	at org.testng.remote.AbstractRemoteTestNG.run(AbstractRemoteTestNG.java:115)
	at org.testng.remote.RemoteTestNG.initAndRun(RemoteTestNG.java:251)
	at org.testng.remote.RemoteTestNG.main(RemoteTestNG.java:77)
</pre></div></td>
<td>0</td>
<td>orders.Orders_Verify_used_car_ownbook_business_purchase_With_Customer_Flow_Test@30bce90b</td></tr>
<tr>
<td title='orders.Orders_Verify_used_car_ownbook_business_purchase_With_Customer_Flow_Test.T25_verify_delivery_status_after_uploading_delivery_note_in_post_delivery_section_on_vehicle_order_tab_test()'><b>T25_verify_delivery_status_after_uploading_delivery_note_in_post_delivery_section_on_vehicle_order_tab_test</b><br>Test class: orders.Orders_Verify_used_car_ownbook_business_purchase_With_Customer_Flow_Test</td>
<td><div><pre>java.lang.Throwable: Method Orders_Verify_used_car_ownbook_business_purchase_With_Customer_Flow_Test.T25_verify_delivery_status_after_uploading_delivery_note_in_post_delivery_section_on_vehicle_order_tab_test()[pri:25, instance:orders.Orders_Verify_used_car_ownbook_business_purchase_With_Customer_Flow_Test@30bce90b] depends on not successfully finished methods
	at java.base/java.util.ArrayList.forEach(ArrayList.java:1511)
... Removed 19 stack frames</pre></div><a href='#' onClick='toggleBox("stack-trace972293730", this, "Click to show all stack frames", "Click to hide stack frames")'>Click to show all stack frames</a>
<div class='stack-trace' id='stack-trace972293730'><pre>java.lang.Throwable: Method Orders_Verify_used_car_ownbook_business_purchase_With_Customer_Flow_Test.T25_verify_delivery_status_after_uploading_delivery_note_in_post_delivery_section_on_vehicle_order_tab_test()[pri:25, instance:orders.Orders_Verify_used_car_ownbook_business_purchase_With_Customer_Flow_Test@30bce90b] depends on not successfully finished methods
	at org.testng.internal.TestInvoker.invokeTestMethods(TestInvoker.java:102)
	at org.testng.internal.TestMethodWorker.invokeTestMethods(TestMethodWorker.java:146)
	at org.testng.internal.TestMethodWorker.run(TestMethodWorker.java:128)
	at java.base/java.util.ArrayList.forEach(ArrayList.java:1511)
	at org.testng.TestRunner.privateRun(TestRunner.java:794)
	at org.testng.TestRunner.run(TestRunner.java:596)
	at org.testng.SuiteRunner.runTest(SuiteRunner.java:377)
	at org.testng.SuiteRunner.runSequentially(SuiteRunner.java:371)
	at org.testng.SuiteRunner.privateRun(SuiteRunner.java:332)
	at org.testng.SuiteRunner.run(SuiteRunner.java:276)
	at org.testng.SuiteRunnerWorker.runSuite(SuiteRunnerWorker.java:53)
	at org.testng.SuiteRunnerWorker.run(SuiteRunnerWorker.java:96)
	at org.testng.TestNG.runSuitesSequentially(TestNG.java:1212)
	at org.testng.TestNG.runSuitesSequentially(TestNG.java:1207)
	at org.testng.TestNG.runSuitesLocally(TestNG.java:1134)
	at org.testng.TestNG.runSuites(TestNG.java:1063)
	at org.testng.TestNG.run(TestNG.java:1031)
	at org.testng.remote.AbstractRemoteTestNG.run(AbstractRemoteTestNG.java:115)
	at org.testng.remote.RemoteTestNG.initAndRun(RemoteTestNG.java:251)
	at org.testng.remote.RemoteTestNG.main(RemoteTestNG.java:77)
</pre></div></td>
<td>0</td>
<td>orders.Orders_Verify_used_car_ownbook_business_purchase_With_Customer_Flow_Test@30bce90b</td></tr>
<tr>
<td title='orders.Orders_Verify_used_car_ownbook_business_purchase_With_Customer_Flow_Test.T19_verify_delivery_status_after_selecting_confirmed_delivery_date_in_delivery_section_of_customer_contract_test()'><b>T19_verify_delivery_status_after_selecting_confirmed_delivery_date_in_delivery_section_of_customer_contract_test</b><br>Test class: orders.Orders_Verify_used_car_ownbook_business_purchase_With_Customer_Flow_Test</td>
<td><div><pre>java.lang.Throwable: Method Orders_Verify_used_car_ownbook_business_purchase_With_Customer_Flow_Test.T19_verify_delivery_status_after_selecting_confirmed_delivery_date_in_delivery_section_of_customer_contract_test()[pri:19, instance:orders.Orders_Verify_used_car_ownbook_business_purchase_With_Customer_Flow_Test@30bce90b] depends on not successfully finished methods
	at java.base/java.util.ArrayList.forEach(ArrayList.java:1511)
... Removed 19 stack frames</pre></div><a href='#' onClick='toggleBox("stack-trace1800137619", this, "Click to show all stack frames", "Click to hide stack frames")'>Click to show all stack frames</a>
<div class='stack-trace' id='stack-trace1800137619'><pre>java.lang.Throwable: Method Orders_Verify_used_car_ownbook_business_purchase_With_Customer_Flow_Test.T19_verify_delivery_status_after_selecting_confirmed_delivery_date_in_delivery_section_of_customer_contract_test()[pri:19, instance:orders.Orders_Verify_used_car_ownbook_business_purchase_With_Customer_Flow_Test@30bce90b] depends on not successfully finished methods
	at org.testng.internal.TestInvoker.invokeTestMethods(TestInvoker.java:102)
	at org.testng.internal.TestMethodWorker.invokeTestMethods(TestMethodWorker.java:146)
	at org.testng.internal.TestMethodWorker.run(TestMethodWorker.java:128)
	at java.base/java.util.ArrayList.forEach(ArrayList.java:1511)
	at org.testng.TestRunner.privateRun(TestRunner.java:794)
	at org.testng.TestRunner.run(TestRunner.java:596)
	at org.testng.SuiteRunner.runTest(SuiteRunner.java:377)
	at org.testng.SuiteRunner.runSequentially(SuiteRunner.java:371)
	at org.testng.SuiteRunner.privateRun(SuiteRunner.java:332)
	at org.testng.SuiteRunner.run(SuiteRunner.java:276)
	at org.testng.SuiteRunnerWorker.runSuite(SuiteRunnerWorker.java:53)
	at org.testng.SuiteRunnerWorker.run(SuiteRunnerWorker.java:96)
	at org.testng.TestNG.runSuitesSequentially(TestNG.java:1212)
	at org.testng.TestNG.runSuitesSequentially(TestNG.java:1207)
	at org.testng.TestNG.runSuitesLocally(TestNG.java:1134)
	at org.testng.TestNG.runSuites(TestNG.java:1063)
	at org.testng.TestNG.run(TestNG.java:1031)
	at org.testng.remote.AbstractRemoteTestNG.run(AbstractRemoteTestNG.java:115)
	at org.testng.remote.RemoteTestNG.initAndRun(RemoteTestNG.java:251)
	at org.testng.remote.RemoteTestNG.main(RemoteTestNG.java:77)
</pre></div></td>
<td>0</td>
<td>orders.Orders_Verify_used_car_ownbook_business_purchase_With_Customer_Flow_Test@30bce90b</td></tr>
<tr>
<td title='opportunity.LOU_used_car_ownbook_business_purchase_accept_with_changes_Test.OP1_ownbook_after_Underwriting_accepted_mothlty_payment_price()'><b>OP1_ownbook_after_Underwriting_accepted_mothlty_payment_price</b><br>Test class: opportunity.LOU_used_car_ownbook_business_purchase_accept_with_changes_Test</td>
<td><div><pre>java.lang.Throwable: Method LOU_used_car_ownbook_business_purchase_accept_with_changes_Test.OP1_ownbook_after_Underwriting_accepted_mothlty_payment_price()[pri:19, instance:opportunity.LOU_used_car_ownbook_business_purchase_accept_with_changes_Test@f99f5e0] depends on not successfully finished methods
	at java.base/java.util.ArrayList.forEach(ArrayList.java:1511)
... Removed 19 stack frames</pre></div><a href='#' onClick='toggleBox("stack-trace216015230", this, "Click to show all stack frames", "Click to hide stack frames")'>Click to show all stack frames</a>
<div class='stack-trace' id='stack-trace216015230'><pre>java.lang.Throwable: Method LOU_used_car_ownbook_business_purchase_accept_with_changes_Test.OP1_ownbook_after_Underwriting_accepted_mothlty_payment_price()[pri:19, instance:opportunity.LOU_used_car_ownbook_business_purchase_accept_with_changes_Test@f99f5e0] depends on not successfully finished methods
	at org.testng.internal.TestInvoker.invokeTestMethods(TestInvoker.java:102)
	at org.testng.internal.TestMethodWorker.invokeTestMethods(TestMethodWorker.java:146)
	at org.testng.internal.TestMethodWorker.run(TestMethodWorker.java:128)
	at java.base/java.util.ArrayList.forEach(ArrayList.java:1511)
	at org.testng.TestRunner.privateRun(TestRunner.java:794)
	at org.testng.TestRunner.run(TestRunner.java:596)
	at org.testng.SuiteRunner.runTest(SuiteRunner.java:377)
	at org.testng.SuiteRunner.runSequentially(SuiteRunner.java:371)
	at org.testng.SuiteRunner.privateRun(SuiteRunner.java:332)
	at org.testng.SuiteRunner.run(SuiteRunner.java:276)
	at org.testng.SuiteRunnerWorker.runSuite(SuiteRunnerWorker.java:53)
	at org.testng.SuiteRunnerWorker.run(SuiteRunnerWorker.java:96)
	at org.testng.TestNG.runSuitesSequentially(TestNG.java:1212)
	at org.testng.TestNG.runSuitesSequentially(TestNG.java:1207)
	at org.testng.TestNG.runSuitesLocally(TestNG.java:1134)
	at org.testng.TestNG.runSuites(TestNG.java:1063)
	at org.testng.TestNG.run(TestNG.java:1031)
	at org.testng.remote.AbstractRemoteTestNG.run(AbstractRemoteTestNG.java:115)
	at org.testng.remote.RemoteTestNG.initAndRun(RemoteTestNG.java:251)
	at org.testng.remote.RemoteTestNG.main(RemoteTestNG.java:77)
</pre></div></td>
<td>0</td>
<td>opportunity.LOU_used_car_ownbook_business_purchase_accept_with_changes_Test@f99f5e0</td></tr>
<tr>
<td title='orders.Orders_Verify_used_car_ownbook_business_purchase_With_Customer_Flow_Test.T8_verify_default_order_status_vehicle_tab_test()'><b>T8_verify_default_order_status_vehicle_tab_test</b><br>Test class: orders.Orders_Verify_used_car_ownbook_business_purchase_With_Customer_Flow_Test</td>
<td><div><pre>java.lang.Throwable: Method Orders_Verify_used_car_ownbook_business_purchase_With_Customer_Flow_Test.T8_verify_default_order_status_vehicle_tab_test()[pri:8, instance:orders.Orders_Verify_used_car_ownbook_business_purchase_With_Customer_Flow_Test@30bce90b] depends on not successfully finished methods
	at java.base/java.util.ArrayList.forEach(ArrayList.java:1511)
... Removed 19 stack frames</pre></div><a href='#' onClick='toggleBox("stack-trace135862713", this, "Click to show all stack frames", "Click to hide stack frames")'>Click to show all stack frames</a>
<div class='stack-trace' id='stack-trace135862713'><pre>java.lang.Throwable: Method Orders_Verify_used_car_ownbook_business_purchase_With_Customer_Flow_Test.T8_verify_default_order_status_vehicle_tab_test()[pri:8, instance:orders.Orders_Verify_used_car_ownbook_business_purchase_With_Customer_Flow_Test@30bce90b] depends on not successfully finished methods
	at org.testng.internal.TestInvoker.invokeTestMethods(TestInvoker.java:102)
	at org.testng.internal.TestMethodWorker.invokeTestMethods(TestMethodWorker.java:146)
	at org.testng.internal.TestMethodWorker.run(TestMethodWorker.java:128)
	at java.base/java.util.ArrayList.forEach(ArrayList.java:1511)
	at org.testng.TestRunner.privateRun(TestRunner.java:794)
	at org.testng.TestRunner.run(TestRunner.java:596)
	at org.testng.SuiteRunner.runTest(SuiteRunner.java:377)
	at org.testng.SuiteRunner.runSequentially(SuiteRunner.java:371)
	at org.testng.SuiteRunner.privateRun(SuiteRunner.java:332)
	at org.testng.SuiteRunner.run(SuiteRunner.java:276)
	at org.testng.SuiteRunnerWorker.runSuite(SuiteRunnerWorker.java:53)
	at org.testng.SuiteRunnerWorker.run(SuiteRunnerWorker.java:96)
	at org.testng.TestNG.runSuitesSequentially(TestNG.java:1212)
	at org.testng.TestNG.runSuitesSequentially(TestNG.java:1207)
	at org.testng.TestNG.runSuitesLocally(TestNG.java:1134)
	at org.testng.TestNG.runSuites(TestNG.java:1063)
	at org.testng.TestNG.run(TestNG.java:1031)
	at org.testng.remote.AbstractRemoteTestNG.run(AbstractRemoteTestNG.java:115)
	at org.testng.remote.RemoteTestNG.initAndRun(RemoteTestNG.java:251)
	at org.testng.remote.RemoteTestNG.main(RemoteTestNG.java:77)
</pre></div></td>
<td>0</td>
<td>orders.Orders_Verify_used_car_ownbook_business_purchase_With_Customer_Flow_Test@30bce90b</td></tr>
<tr>
<td title='orders.Orders_Verify_used_car_ownbook_business_purchase_With_Customer_Flow_Test.T20_verify_delivery_status_after_uploading_delivery_note_in_post_delivery_section_on_customer_contract_tab_test()'><b>T20_verify_delivery_status_after_uploading_delivery_note_in_post_delivery_section_on_customer_contract_tab_test</b><br>Test class: orders.Orders_Verify_used_car_ownbook_business_purchase_With_Customer_Flow_Test</td>
<td><div><pre>java.lang.Throwable: Method Orders_Verify_used_car_ownbook_business_purchase_With_Customer_Flow_Test.T20_verify_delivery_status_after_uploading_delivery_note_in_post_delivery_section_on_customer_contract_tab_test()[pri:20, instance:orders.Orders_Verify_used_car_ownbook_business_purchase_With_Customer_Flow_Test@30bce90b] depends on not successfully finished methods
	at java.base/java.util.ArrayList.forEach(ArrayList.java:1511)
... Removed 19 stack frames</pre></div><a href='#' onClick='toggleBox("stack-trace1590581549", this, "Click to show all stack frames", "Click to hide stack frames")'>Click to show all stack frames</a>
<div class='stack-trace' id='stack-trace1590581549'><pre>java.lang.Throwable: Method Orders_Verify_used_car_ownbook_business_purchase_With_Customer_Flow_Test.T20_verify_delivery_status_after_uploading_delivery_note_in_post_delivery_section_on_customer_contract_tab_test()[pri:20, instance:orders.Orders_Verify_used_car_ownbook_business_purchase_With_Customer_Flow_Test@30bce90b] depends on not successfully finished methods
	at org.testng.internal.TestInvoker.invokeTestMethods(TestInvoker.java:102)
	at org.testng.internal.TestMethodWorker.invokeTestMethods(TestMethodWorker.java:146)
	at org.testng.internal.TestMethodWorker.run(TestMethodWorker.java:128)
	at java.base/java.util.ArrayList.forEach(ArrayList.java:1511)
	at org.testng.TestRunner.privateRun(TestRunner.java:794)
	at org.testng.TestRunner.run(TestRunner.java:596)
	at org.testng.SuiteRunner.runTest(SuiteRunner.java:377)
	at org.testng.SuiteRunner.runSequentially(SuiteRunner.java:371)
	at org.testng.SuiteRunner.privateRun(SuiteRunner.java:332)
	at org.testng.SuiteRunner.run(SuiteRunner.java:276)
	at org.testng.SuiteRunnerWorker.runSuite(SuiteRunnerWorker.java:53)
	at org.testng.SuiteRunnerWorker.run(SuiteRunnerWorker.java:96)
	at org.testng.TestNG.runSuitesSequentially(TestNG.java:1212)
	at org.testng.TestNG.runSuitesSequentially(TestNG.java:1207)
	at org.testng.TestNG.runSuitesLocally(TestNG.java:1134)
	at org.testng.TestNG.runSuites(TestNG.java:1063)
	at org.testng.TestNG.run(TestNG.java:1031)
	at org.testng.remote.AbstractRemoteTestNG.run(AbstractRemoteTestNG.java:115)
	at org.testng.remote.RemoteTestNG.initAndRun(RemoteTestNG.java:251)
	at org.testng.remote.RemoteTestNG.main(RemoteTestNG.java:77)
</pre></div></td>
<td>0</td>
<td>orders.Orders_Verify_used_car_ownbook_business_purchase_With_Customer_Flow_Test@30bce90b</td></tr>
<tr>
<td title='orders.Orders_Verify_used_car_ownbook_business_purchase_With_Customer_Flow_Test.T16_make_payment_with_new_payment()'><b>T16_make_payment_with_new_payment</b><br>Test class: orders.Orders_Verify_used_car_ownbook_business_purchase_With_Customer_Flow_Test</td>
<td><div><pre>java.lang.Throwable: Method Orders_Verify_used_car_ownbook_business_purchase_With_Customer_Flow_Test.T16_make_payment_with_new_payment()[pri:16, instance:orders.Orders_Verify_used_car_ownbook_business_purchase_With_Customer_Flow_Test@30bce90b] depends on not successfully finished methods
	at java.base/java.util.ArrayList.forEach(ArrayList.java:1511)
... Removed 19 stack frames</pre></div><a href='#' onClick='toggleBox("stack-trace1659456589", this, "Click to show all stack frames", "Click to hide stack frames")'>Click to show all stack frames</a>
<div class='stack-trace' id='stack-trace1659456589'><pre>java.lang.Throwable: Method Orders_Verify_used_car_ownbook_business_purchase_With_Customer_Flow_Test.T16_make_payment_with_new_payment()[pri:16, instance:orders.Orders_Verify_used_car_ownbook_business_purchase_With_Customer_Flow_Test@30bce90b] depends on not successfully finished methods
	at org.testng.internal.TestInvoker.invokeTestMethods(TestInvoker.java:102)
	at org.testng.internal.TestMethodWorker.invokeTestMethods(TestMethodWorker.java:146)
	at org.testng.internal.TestMethodWorker.run(TestMethodWorker.java:128)
	at java.base/java.util.ArrayList.forEach(ArrayList.java:1511)
	at org.testng.TestRunner.privateRun(TestRunner.java:794)
	at org.testng.TestRunner.run(TestRunner.java:596)
	at org.testng.SuiteRunner.runTest(SuiteRunner.java:377)
	at org.testng.SuiteRunner.runSequentially(SuiteRunner.java:371)
	at org.testng.SuiteRunner.privateRun(SuiteRunner.java:332)
	at org.testng.SuiteRunner.run(SuiteRunner.java:276)
	at org.testng.SuiteRunnerWorker.runSuite(SuiteRunnerWorker.java:53)
	at org.testng.SuiteRunnerWorker.run(SuiteRunnerWorker.java:96)
	at org.testng.TestNG.runSuitesSequentially(TestNG.java:1212)
	at org.testng.TestNG.runSuitesSequentially(TestNG.java:1207)
	at org.testng.TestNG.runSuitesLocally(TestNG.java:1134)
	at org.testng.TestNG.runSuites(TestNG.java:1063)
	at org.testng.TestNG.run(TestNG.java:1031)
	at org.testng.remote.AbstractRemoteTestNG.run(AbstractRemoteTestNG.java:115)
	at org.testng.remote.RemoteTestNG.initAndRun(RemoteTestNG.java:251)
	at org.testng.remote.RemoteTestNG.main(RemoteTestNG.java:77)
</pre></div></td>
<td>0</td>
<td>orders.Orders_Verify_used_car_ownbook_business_purchase_With_Customer_Flow_Test@30bce90b</td></tr>
<tr>
<td title='orders.Orders_Verify_used_car_ownbook_business_purchase_With_Customer_Flow_Test.T21_verify_delivery_status_on_customer_contract_tab_and_vehicle_order_tab_are_same_when_deliver_to_customer_toggle_button_in_on_test()'><b>T21_verify_delivery_status_on_customer_contract_tab_and_vehicle_order_tab_are_same_when_deliver_to_customer_toggle_button_in_on_test</b><br>Test class: orders.Orders_Verify_used_car_ownbook_business_purchase_With_Customer_Flow_Test</td>
<td><div><pre>java.lang.Throwable: Method Orders_Verify_used_car_ownbook_business_purchase_With_Customer_Flow_Test.T21_verify_delivery_status_on_customer_contract_tab_and_vehicle_order_tab_are_same_when_deliver_to_customer_toggle_button_in_on_test()[pri:21, instance:orders.Orders_Verify_used_car_ownbook_business_purchase_With_Customer_Flow_Test@30bce90b] depends on not successfully finished methods
	at java.base/java.util.ArrayList.forEach(ArrayList.java:1511)
... Removed 19 stack frames</pre></div><a href='#' onClick='toggleBox("stack-trace1180420799", this, "Click to show all stack frames", "Click to hide stack frames")'>Click to show all stack frames</a>
<div class='stack-trace' id='stack-trace1180420799'><pre>java.lang.Throwable: Method Orders_Verify_used_car_ownbook_business_purchase_With_Customer_Flow_Test.T21_verify_delivery_status_on_customer_contract_tab_and_vehicle_order_tab_are_same_when_deliver_to_customer_toggle_button_in_on_test()[pri:21, instance:orders.Orders_Verify_used_car_ownbook_business_purchase_With_Customer_Flow_Test@30bce90b] depends on not successfully finished methods
	at org.testng.internal.TestInvoker.invokeTestMethods(TestInvoker.java:102)
	at org.testng.internal.TestMethodWorker.invokeTestMethods(TestMethodWorker.java:146)
	at org.testng.internal.TestMethodWorker.run(TestMethodWorker.java:128)
	at java.base/java.util.ArrayList.forEach(ArrayList.java:1511)
	at org.testng.TestRunner.privateRun(TestRunner.java:794)
	at org.testng.TestRunner.run(TestRunner.java:596)
	at org.testng.SuiteRunner.runTest(SuiteRunner.java:377)
	at org.testng.SuiteRunner.runSequentially(SuiteRunner.java:371)
	at org.testng.SuiteRunner.privateRun(SuiteRunner.java:332)
	at org.testng.SuiteRunner.run(SuiteRunner.java:276)
	at org.testng.SuiteRunnerWorker.runSuite(SuiteRunnerWorker.java:53)
	at org.testng.SuiteRunnerWorker.run(SuiteRunnerWorker.java:96)
	at org.testng.TestNG.runSuitesSequentially(TestNG.java:1212)
	at org.testng.TestNG.runSuitesSequentially(TestNG.java:1207)
	at org.testng.TestNG.runSuitesLocally(TestNG.java:1134)
	at org.testng.TestNG.runSuites(TestNG.java:1063)
	at org.testng.TestNG.run(TestNG.java:1031)
	at org.testng.remote.AbstractRemoteTestNG.run(AbstractRemoteTestNG.java:115)
	at org.testng.remote.RemoteTestNG.initAndRun(RemoteTestNG.java:251)
	at org.testng.remote.RemoteTestNG.main(RemoteTestNG.java:77)
</pre></div></td>
<td>0</td>
<td>orders.Orders_Verify_used_car_ownbook_business_purchase_With_Customer_Flow_Test@30bce90b</td></tr>
<tr>
<td title='orders.Orders_Verify_used_car_ownbook_business_purchase_With_Customer_Flow_Test.T7_verify_holding_cost_on_adding_funder()'><b>T7_verify_holding_cost_on_adding_funder</b><br>Test class: orders.Orders_Verify_used_car_ownbook_business_purchase_With_Customer_Flow_Test</td>
<td><div><pre>java.lang.Throwable: Method Orders_Verify_used_car_ownbook_business_purchase_With_Customer_Flow_Test.T7_verify_holding_cost_on_adding_funder(java.lang.String,java.lang.String,java.lang.String,java.lang.String,java.lang.String,java.lang.String,java.lang.String,java.lang.String,java.lang.String,java.lang.String,java.lang.String)[pri:7, instance:orders.Orders_Verify_used_car_ownbook_business_purchase_With_Customer_Flow_Test@30bce90b] depends on not successfully finished methods
	at java.base/java.util.ArrayList.forEach(ArrayList.java:1511)
... Removed 19 stack frames</pre></div><a href='#' onClick='toggleBox("stack-trace1798816031", this, "Click to show all stack frames", "Click to hide stack frames")'>Click to show all stack frames</a>
<div class='stack-trace' id='stack-trace1798816031'><pre>java.lang.Throwable: Method Orders_Verify_used_car_ownbook_business_purchase_With_Customer_Flow_Test.T7_verify_holding_cost_on_adding_funder(java.lang.String,java.lang.String,java.lang.String,java.lang.String,java.lang.String,java.lang.String,java.lang.String,java.lang.String,java.lang.String,java.lang.String,java.lang.String)[pri:7, instance:orders.Orders_Verify_used_car_ownbook_business_purchase_With_Customer_Flow_Test@30bce90b] depends on not successfully finished methods
	at org.testng.internal.TestInvoker.invokeTestMethods(TestInvoker.java:102)
	at org.testng.internal.TestMethodWorker.invokeTestMethods(TestMethodWorker.java:146)
	at org.testng.internal.TestMethodWorker.run(TestMethodWorker.java:128)
	at java.base/java.util.ArrayList.forEach(ArrayList.java:1511)
	at org.testng.TestRunner.privateRun(TestRunner.java:794)
	at org.testng.TestRunner.run(TestRunner.java:596)
	at org.testng.SuiteRunner.runTest(SuiteRunner.java:377)
	at org.testng.SuiteRunner.runSequentially(SuiteRunner.java:371)
	at org.testng.SuiteRunner.privateRun(SuiteRunner.java:332)
	at org.testng.SuiteRunner.run(SuiteRunner.java:276)
	at org.testng.SuiteRunnerWorker.runSuite(SuiteRunnerWorker.java:53)
	at org.testng.SuiteRunnerWorker.run(SuiteRunnerWorker.java:96)
	at org.testng.TestNG.runSuitesSequentially(TestNG.java:1212)
	at org.testng.TestNG.runSuitesSequentially(TestNG.java:1207)
	at org.testng.TestNG.runSuitesLocally(TestNG.java:1134)
	at org.testng.TestNG.runSuites(TestNG.java:1063)
	at org.testng.TestNG.run(TestNG.java:1031)
	at org.testng.remote.AbstractRemoteTestNG.run(AbstractRemoteTestNG.java:115)
	at org.testng.remote.RemoteTestNG.initAndRun(RemoteTestNG.java:251)
	at org.testng.remote.RemoteTestNG.main(RemoteTestNG.java:77)
</pre></div></td>
<td>0</td>
<td>orders.Orders_Verify_used_car_ownbook_business_purchase_With_Customer_Flow_Test@30bce90b</td></tr>
<tr>
<td title='orders.Orders_Verify_used_car_ownbook_business_purchase_With_Customer_Flow_Test.T22_verify_delivery_section_gets_enabled_when_deliver_to_customer_toggle_button_is_made_off_test()'><b>T22_verify_delivery_section_gets_enabled_when_deliver_to_customer_toggle_button_is_made_off_test</b><br>Test class: orders.Orders_Verify_used_car_ownbook_business_purchase_With_Customer_Flow_Test</td>
<td><div><pre>java.lang.Throwable: Method Orders_Verify_used_car_ownbook_business_purchase_With_Customer_Flow_Test.T22_verify_delivery_section_gets_enabled_when_deliver_to_customer_toggle_button_is_made_off_test()[pri:22, instance:orders.Orders_Verify_used_car_ownbook_business_purchase_With_Customer_Flow_Test@30bce90b] depends on not successfully finished methods
	at java.base/java.util.ArrayList.forEach(ArrayList.java:1511)
... Removed 19 stack frames</pre></div><a href='#' onClick='toggleBox("stack-trace1241767978", this, "Click to show all stack frames", "Click to hide stack frames")'>Click to show all stack frames</a>
<div class='stack-trace' id='stack-trace1241767978'><pre>java.lang.Throwable: Method Orders_Verify_used_car_ownbook_business_purchase_With_Customer_Flow_Test.T22_verify_delivery_section_gets_enabled_when_deliver_to_customer_toggle_button_is_made_off_test()[pri:22, instance:orders.Orders_Verify_used_car_ownbook_business_purchase_With_Customer_Flow_Test@30bce90b] depends on not successfully finished methods
	at org.testng.internal.TestInvoker.invokeTestMethods(TestInvoker.java:102)
	at org.testng.internal.TestMethodWorker.invokeTestMethods(TestMethodWorker.java:146)
	at org.testng.internal.TestMethodWorker.run(TestMethodWorker.java:128)
	at java.base/java.util.ArrayList.forEach(ArrayList.java:1511)
	at org.testng.TestRunner.privateRun(TestRunner.java:794)
	at org.testng.TestRunner.run(TestRunner.java:596)
	at org.testng.SuiteRunner.runTest(SuiteRunner.java:377)
	at org.testng.SuiteRunner.runSequentially(SuiteRunner.java:371)
	at org.testng.SuiteRunner.privateRun(SuiteRunner.java:332)
	at org.testng.SuiteRunner.run(SuiteRunner.java:276)
	at org.testng.SuiteRunnerWorker.runSuite(SuiteRunnerWorker.java:53)
	at org.testng.SuiteRunnerWorker.run(SuiteRunnerWorker.java:96)
	at org.testng.TestNG.runSuitesSequentially(TestNG.java:1212)
	at org.testng.TestNG.runSuitesSequentially(TestNG.java:1207)
	at org.testng.TestNG.runSuitesLocally(TestNG.java:1134)
	at org.testng.TestNG.runSuites(TestNG.java:1063)
	at org.testng.TestNG.run(TestNG.java:1031)
	at org.testng.remote.AbstractRemoteTestNG.run(AbstractRemoteTestNG.java:115)
	at org.testng.remote.RemoteTestNG.initAndRun(RemoteTestNG.java:251)
	at org.testng.remote.RemoteTestNG.main(RemoteTestNG.java:77)
</pre></div></td>
<td>0</td>
<td>orders.Orders_Verify_used_car_ownbook_business_purchase_With_Customer_Flow_Test@30bce90b</td></tr>
<tr>
<td title='orders.Orders_Verify_used_car_ownbook_business_purchase_With_Customer_Flow_Test.T10_verify_default_payment_status_on_vehicle_tab_test()'><b>T10_verify_default_payment_status_on_vehicle_tab_test</b><br>Test class: orders.Orders_Verify_used_car_ownbook_business_purchase_With_Customer_Flow_Test</td>
<td><div><pre>java.lang.Throwable: Method Orders_Verify_used_car_ownbook_business_purchase_With_Customer_Flow_Test.T10_verify_default_payment_status_on_vehicle_tab_test()[pri:10, instance:orders.Orders_Verify_used_car_ownbook_business_purchase_With_Customer_Flow_Test@30bce90b] depends on not successfully finished methods
	at java.base/java.util.ArrayList.forEach(ArrayList.java:1511)
... Removed 19 stack frames</pre></div><a href='#' onClick='toggleBox("stack-trace1742962959", this, "Click to show all stack frames", "Click to hide stack frames")'>Click to show all stack frames</a>
<div class='stack-trace' id='stack-trace1742962959'><pre>java.lang.Throwable: Method Orders_Verify_used_car_ownbook_business_purchase_With_Customer_Flow_Test.T10_verify_default_payment_status_on_vehicle_tab_test()[pri:10, instance:orders.Orders_Verify_used_car_ownbook_business_purchase_With_Customer_Flow_Test@30bce90b] depends on not successfully finished methods
	at org.testng.internal.TestInvoker.invokeTestMethods(TestInvoker.java:102)
	at org.testng.internal.TestMethodWorker.invokeTestMethods(TestMethodWorker.java:146)
	at org.testng.internal.TestMethodWorker.run(TestMethodWorker.java:128)
	at java.base/java.util.ArrayList.forEach(ArrayList.java:1511)
	at org.testng.TestRunner.privateRun(TestRunner.java:794)
	at org.testng.TestRunner.run(TestRunner.java:596)
	at org.testng.SuiteRunner.runTest(SuiteRunner.java:377)
	at org.testng.SuiteRunner.runSequentially(SuiteRunner.java:371)
	at org.testng.SuiteRunner.privateRun(SuiteRunner.java:332)
	at org.testng.SuiteRunner.run(SuiteRunner.java:276)
	at org.testng.SuiteRunnerWorker.runSuite(SuiteRunnerWorker.java:53)
	at org.testng.SuiteRunnerWorker.run(SuiteRunnerWorker.java:96)
	at org.testng.TestNG.runSuitesSequentially(TestNG.java:1212)
	at org.testng.TestNG.runSuitesSequentially(TestNG.java:1207)
	at org.testng.TestNG.runSuitesLocally(TestNG.java:1134)
	at org.testng.TestNG.runSuites(TestNG.java:1063)
	at org.testng.TestNG.run(TestNG.java:1031)
	at org.testng.remote.AbstractRemoteTestNG.run(AbstractRemoteTestNG.java:115)
	at org.testng.remote.RemoteTestNG.initAndRun(RemoteTestNG.java:251)
	at org.testng.remote.RemoteTestNG.main(RemoteTestNG.java:77)
</pre></div></td>
<td>0</td>
<td>orders.Orders_Verify_used_car_ownbook_business_purchase_With_Customer_Flow_Test@30bce90b</td></tr>
<tr>
<td title='orders.Orders_Verify_used_car_ownbook_business_purchase_With_Customer_Flow_Test.T14_verify_default_status_acceptance_conditions_for_ownbook_purchase_flow()'><b>T14_verify_default_status_acceptance_conditions_for_ownbook_purchase_flow</b><br>Test class: orders.Orders_Verify_used_car_ownbook_business_purchase_With_Customer_Flow_Test</td>
<td><div><pre>java.lang.Throwable: Method Orders_Verify_used_car_ownbook_business_purchase_With_Customer_Flow_Test.T14_verify_default_status_acceptance_conditions_for_ownbook_purchase_flow()[pri:14, instance:orders.Orders_Verify_used_car_ownbook_business_purchase_With_Customer_Flow_Test@30bce90b] depends on not successfully finished methods
	at java.base/java.util.ArrayList.forEach(ArrayList.java:1511)
... Removed 19 stack frames</pre></div><a href='#' onClick='toggleBox("stack-trace501414605", this, "Click to show all stack frames", "Click to hide stack frames")'>Click to show all stack frames</a>
<div class='stack-trace' id='stack-trace501414605'><pre>java.lang.Throwable: Method Orders_Verify_used_car_ownbook_business_purchase_With_Customer_Flow_Test.T14_verify_default_status_acceptance_conditions_for_ownbook_purchase_flow()[pri:14, instance:orders.Orders_Verify_used_car_ownbook_business_purchase_With_Customer_Flow_Test@30bce90b] depends on not successfully finished methods
	at org.testng.internal.TestInvoker.invokeTestMethods(TestInvoker.java:102)
	at org.testng.internal.TestMethodWorker.invokeTestMethods(TestMethodWorker.java:146)
	at org.testng.internal.TestMethodWorker.run(TestMethodWorker.java:128)
	at java.base/java.util.ArrayList.forEach(ArrayList.java:1511)
	at org.testng.TestRunner.privateRun(TestRunner.java:794)
	at org.testng.TestRunner.run(TestRunner.java:596)
	at org.testng.SuiteRunner.runTest(SuiteRunner.java:377)
	at org.testng.SuiteRunner.runSequentially(SuiteRunner.java:371)
	at org.testng.SuiteRunner.privateRun(SuiteRunner.java:332)
	at org.testng.SuiteRunner.run(SuiteRunner.java:276)
	at org.testng.SuiteRunnerWorker.runSuite(SuiteRunnerWorker.java:53)
	at org.testng.SuiteRunnerWorker.run(SuiteRunnerWorker.java:96)
	at org.testng.TestNG.runSuitesSequentially(TestNG.java:1212)
	at org.testng.TestNG.runSuitesSequentially(TestNG.java:1207)
	at org.testng.TestNG.runSuitesLocally(TestNG.java:1134)
	at org.testng.TestNG.runSuites(TestNG.java:1063)
	at org.testng.TestNG.run(TestNG.java:1031)
	at org.testng.remote.AbstractRemoteTestNG.run(AbstractRemoteTestNG.java:115)
	at org.testng.remote.RemoteTestNG.initAndRun(RemoteTestNG.java:251)
	at org.testng.remote.RemoteTestNG.main(RemoteTestNG.java:77)
</pre></div></td>
<td>0</td>
<td>orders.Orders_Verify_used_car_ownbook_business_purchase_With_Customer_Flow_Test@30bce90b</td></tr>
<tr>
<td title='opportunity.LOU_used_car_ownbook_business_purchase_accept_with_changes_Test.UW9_ownbook_after_opportunity_underwriting_accept_with_changes_signed_contract_status_with_api_call()'><b>UW9_ownbook_after_opportunity_underwriting_accept_with_changes_signed_contract_status_with_api_call</b><br>Test class: opportunity.LOU_used_car_ownbook_business_purchase_accept_with_changes_Test</td>
<td><div><pre>java.lang.Throwable: Method LOU_used_car_ownbook_business_purchase_accept_with_changes_Test.UW9_ownbook_after_opportunity_underwriting_accept_with_changes_signed_contract_status_with_api_call()[pri:18, instance:opportunity.LOU_used_car_ownbook_business_purchase_accept_with_changes_Test@f99f5e0] depends on not successfully finished methods
	at java.base/java.util.ArrayList.forEach(ArrayList.java:1511)
... Removed 19 stack frames</pre></div><a href='#' onClick='toggleBox("stack-trace869412960", this, "Click to show all stack frames", "Click to hide stack frames")'>Click to show all stack frames</a>
<div class='stack-trace' id='stack-trace869412960'><pre>java.lang.Throwable: Method LOU_used_car_ownbook_business_purchase_accept_with_changes_Test.UW9_ownbook_after_opportunity_underwriting_accept_with_changes_signed_contract_status_with_api_call()[pri:18, instance:opportunity.LOU_used_car_ownbook_business_purchase_accept_with_changes_Test@f99f5e0] depends on not successfully finished methods
	at org.testng.internal.TestInvoker.invokeTestMethods(TestInvoker.java:102)
	at org.testng.internal.TestMethodWorker.invokeTestMethods(TestMethodWorker.java:146)
	at org.testng.internal.TestMethodWorker.run(TestMethodWorker.java:128)
	at java.base/java.util.ArrayList.forEach(ArrayList.java:1511)
	at org.testng.TestRunner.privateRun(TestRunner.java:794)
	at org.testng.TestRunner.run(TestRunner.java:596)
	at org.testng.SuiteRunner.runTest(SuiteRunner.java:377)
	at org.testng.SuiteRunner.runSequentially(SuiteRunner.java:371)
	at org.testng.SuiteRunner.privateRun(SuiteRunner.java:332)
	at org.testng.SuiteRunner.run(SuiteRunner.java:276)
	at org.testng.SuiteRunnerWorker.runSuite(SuiteRunnerWorker.java:53)
	at org.testng.SuiteRunnerWorker.run(SuiteRunnerWorker.java:96)
	at org.testng.TestNG.runSuitesSequentially(TestNG.java:1212)
	at org.testng.TestNG.runSuitesSequentially(TestNG.java:1207)
	at org.testng.TestNG.runSuitesLocally(TestNG.java:1134)
	at org.testng.TestNG.runSuites(TestNG.java:1063)
	at org.testng.TestNG.run(TestNG.java:1031)
	at org.testng.remote.AbstractRemoteTestNG.run(AbstractRemoteTestNG.java:115)
	at org.testng.remote.RemoteTestNG.initAndRun(RemoteTestNG.java:251)
	at org.testng.remote.RemoteTestNG.main(RemoteTestNG.java:77)
</pre></div></td>
<td>0</td>
<td>opportunity.LOU_used_car_ownbook_business_purchase_accept_with_changes_Test@f99f5e0</td></tr>
<tr>
<td title='orders.Orders_Verify_used_car_ownbook_business_purchase_With_Customer_Flow_Test.T23_verify_delivery_status_after_selecting_date_offered_in_delivery_section_of_vehicle_order_tab_test()'><b>T23_verify_delivery_status_after_selecting_date_offered_in_delivery_section_of_vehicle_order_tab_test</b><br>Test class: orders.Orders_Verify_used_car_ownbook_business_purchase_With_Customer_Flow_Test</td>
<td><div><pre>java.lang.Throwable: Method Orders_Verify_used_car_ownbook_business_purchase_With_Customer_Flow_Test.T23_verify_delivery_status_after_selecting_date_offered_in_delivery_section_of_vehicle_order_tab_test()[pri:23, instance:orders.Orders_Verify_used_car_ownbook_business_purchase_With_Customer_Flow_Test@30bce90b] depends on not successfully finished methods
	at java.base/java.util.ArrayList.forEach(ArrayList.java:1511)
... Removed 19 stack frames</pre></div><a href='#' onClick='toggleBox("stack-trace1700434542", this, "Click to show all stack frames", "Click to hide stack frames")'>Click to show all stack frames</a>
<div class='stack-trace' id='stack-trace1700434542'><pre>java.lang.Throwable: Method Orders_Verify_used_car_ownbook_business_purchase_With_Customer_Flow_Test.T23_verify_delivery_status_after_selecting_date_offered_in_delivery_section_of_vehicle_order_tab_test()[pri:23, instance:orders.Orders_Verify_used_car_ownbook_business_purchase_With_Customer_Flow_Test@30bce90b] depends on not successfully finished methods
	at org.testng.internal.TestInvoker.invokeTestMethods(TestInvoker.java:102)
	at org.testng.internal.TestMethodWorker.invokeTestMethods(TestMethodWorker.java:146)
	at org.testng.internal.TestMethodWorker.run(TestMethodWorker.java:128)
	at java.base/java.util.ArrayList.forEach(ArrayList.java:1511)
	at org.testng.TestRunner.privateRun(TestRunner.java:794)
	at org.testng.TestRunner.run(TestRunner.java:596)
	at org.testng.SuiteRunner.runTest(SuiteRunner.java:377)
	at org.testng.SuiteRunner.runSequentially(SuiteRunner.java:371)
	at org.testng.SuiteRunner.privateRun(SuiteRunner.java:332)
	at org.testng.SuiteRunner.run(SuiteRunner.java:276)
	at org.testng.SuiteRunnerWorker.runSuite(SuiteRunnerWorker.java:53)
	at org.testng.SuiteRunnerWorker.run(SuiteRunnerWorker.java:96)
	at org.testng.TestNG.runSuitesSequentially(TestNG.java:1212)
	at org.testng.TestNG.runSuitesSequentially(TestNG.java:1207)
	at org.testng.TestNG.runSuitesLocally(TestNG.java:1134)
	at org.testng.TestNG.runSuites(TestNG.java:1063)
	at org.testng.TestNG.run(TestNG.java:1031)
	at org.testng.remote.AbstractRemoteTestNG.run(AbstractRemoteTestNG.java:115)
	at org.testng.remote.RemoteTestNG.initAndRun(RemoteTestNG.java:251)
	at org.testng.remote.RemoteTestNG.main(RemoteTestNG.java:77)
</pre></div></td>
<td>0</td>
<td>orders.Orders_Verify_used_car_ownbook_business_purchase_With_Customer_Flow_Test@30bce90b</td></tr>
<tr>
<td title='orders.Orders_Verify_used_car_ownbook_business_purchase_With_Customer_Flow_Test.T5_verify_that_funder_with_different_term_and_mileage_can_not_be_added_for_with_customer_flow_test()'><b>T5_verify_that_funder_with_different_term_and_mileage_can_not_be_added_for_with_customer_flow_test</b><br>Test class: orders.Orders_Verify_used_car_ownbook_business_purchase_With_Customer_Flow_Test</td>
<td><div><pre>java.lang.Throwable: Method Orders_Verify_used_car_ownbook_business_purchase_With_Customer_Flow_Test.T5_verify_that_funder_with_different_term_and_mileage_can_not_be_added_for_with_customer_flow_test(java.lang.String,java.lang.String,java.lang.String,java.lang.String,java.lang.String,java.lang.String,java.lang.String,java.lang.String,java.lang.String,java.lang.String,java.lang.String)[pri:5, instance:orders.Orders_Verify_used_car_ownbook_business_purchase_With_Customer_Flow_Test@30bce90b] depends on not successfully finished methods
	at java.base/java.util.ArrayList.forEach(ArrayList.java:1511)
... Removed 19 stack frames</pre></div><a href='#' onClick='toggleBox("stack-trace232962199", this, "Click to show all stack frames", "Click to hide stack frames")'>Click to show all stack frames</a>
<div class='stack-trace' id='stack-trace232962199'><pre>java.lang.Throwable: Method Orders_Verify_used_car_ownbook_business_purchase_With_Customer_Flow_Test.T5_verify_that_funder_with_different_term_and_mileage_can_not_be_added_for_with_customer_flow_test(java.lang.String,java.lang.String,java.lang.String,java.lang.String,java.lang.String,java.lang.String,java.lang.String,java.lang.String,java.lang.String,java.lang.String,java.lang.String)[pri:5, instance:orders.Orders_Verify_used_car_ownbook_business_purchase_With_Customer_Flow_Test@30bce90b] depends on not successfully finished methods
	at org.testng.internal.TestInvoker.invokeTestMethods(TestInvoker.java:102)
	at org.testng.internal.TestMethodWorker.invokeTestMethods(TestMethodWorker.java:146)
	at org.testng.internal.TestMethodWorker.run(TestMethodWorker.java:128)
	at java.base/java.util.ArrayList.forEach(ArrayList.java:1511)
	at org.testng.TestRunner.privateRun(TestRunner.java:794)
	at org.testng.TestRunner.run(TestRunner.java:596)
	at org.testng.SuiteRunner.runTest(SuiteRunner.java:377)
	at org.testng.SuiteRunner.runSequentially(SuiteRunner.java:371)
	at org.testng.SuiteRunner.privateRun(SuiteRunner.java:332)
	at org.testng.SuiteRunner.run(SuiteRunner.java:276)
	at org.testng.SuiteRunnerWorker.runSuite(SuiteRunnerWorker.java:53)
	at org.testng.SuiteRunnerWorker.run(SuiteRunnerWorker.java:96)
	at org.testng.TestNG.runSuitesSequentially(TestNG.java:1212)
	at org.testng.TestNG.runSuitesSequentially(TestNG.java:1207)
	at org.testng.TestNG.runSuitesLocally(TestNG.java:1134)
	at org.testng.TestNG.runSuites(TestNG.java:1063)
	at org.testng.TestNG.run(TestNG.java:1031)
	at org.testng.remote.AbstractRemoteTestNG.run(AbstractRemoteTestNG.java:115)
	at org.testng.remote.RemoteTestNG.initAndRun(RemoteTestNG.java:251)
	at org.testng.remote.RemoteTestNG.main(RemoteTestNG.java:77)
</pre></div></td>
<td>0</td>
<td>orders.Orders_Verify_used_car_ownbook_business_purchase_With_Customer_Flow_Test@30bce90b</td></tr>
<tr>
<td title='orders.Orders_Verify_used_car_ownbook_business_purchase_With_Customer_Flow_Test.T26_verify_finance_documents_statuses_for_required_flow_test()'><b>T26_verify_finance_documents_statuses_for_required_flow_test</b><br>Test class: orders.Orders_Verify_used_car_ownbook_business_purchase_With_Customer_Flow_Test</td>
<td><div><pre>java.lang.Throwable: Method Orders_Verify_used_car_ownbook_business_purchase_With_Customer_Flow_Test.T26_verify_finance_documents_statuses_for_required_flow_test()[pri:26, instance:orders.Orders_Verify_used_car_ownbook_business_purchase_With_Customer_Flow_Test@30bce90b] depends on not successfully finished methods
	at java.base/java.util.ArrayList.forEach(ArrayList.java:1511)
... Removed 19 stack frames</pre></div><a href='#' onClick='toggleBox("stack-trace1360717740", this, "Click to show all stack frames", "Click to hide stack frames")'>Click to show all stack frames</a>
<div class='stack-trace' id='stack-trace1360717740'><pre>java.lang.Throwable: Method Orders_Verify_used_car_ownbook_business_purchase_With_Customer_Flow_Test.T26_verify_finance_documents_statuses_for_required_flow_test()[pri:26, instance:orders.Orders_Verify_used_car_ownbook_business_purchase_With_Customer_Flow_Test@30bce90b] depends on not successfully finished methods
	at org.testng.internal.TestInvoker.invokeTestMethods(TestInvoker.java:102)
	at org.testng.internal.TestMethodWorker.invokeTestMethods(TestMethodWorker.java:146)
	at org.testng.internal.TestMethodWorker.run(TestMethodWorker.java:128)
	at java.base/java.util.ArrayList.forEach(ArrayList.java:1511)
	at org.testng.TestRunner.privateRun(TestRunner.java:794)
	at org.testng.TestRunner.run(TestRunner.java:596)
	at org.testng.SuiteRunner.runTest(SuiteRunner.java:377)
	at org.testng.SuiteRunner.runSequentially(SuiteRunner.java:371)
	at org.testng.SuiteRunner.privateRun(SuiteRunner.java:332)
	at org.testng.SuiteRunner.run(SuiteRunner.java:276)
	at org.testng.SuiteRunnerWorker.runSuite(SuiteRunnerWorker.java:53)
	at org.testng.SuiteRunnerWorker.run(SuiteRunnerWorker.java:96)
	at org.testng.TestNG.runSuitesSequentially(TestNG.java:1212)
	at org.testng.TestNG.runSuitesSequentially(TestNG.java:1207)
	at org.testng.TestNG.runSuitesLocally(TestNG.java:1134)
	at org.testng.TestNG.runSuites(TestNG.java:1063)
	at org.testng.TestNG.run(TestNG.java:1031)
	at org.testng.remote.AbstractRemoteTestNG.run(AbstractRemoteTestNG.java:115)
	at org.testng.remote.RemoteTestNG.initAndRun(RemoteTestNG.java:251)
	at org.testng.remote.RemoteTestNG.main(RemoteTestNG.java:77)
</pre></div></td>
<td>0</td>
<td>orders.Orders_Verify_used_car_ownbook_business_purchase_With_Customer_Flow_Test@30bce90b</td></tr>
<tr>
<td title='orders.Orders_Verify_used_car_ownbook_business_purchase_With_Customer_Flow_Test.T12_verify_payment_status_should_be_reversed_to_payment_required_after_selecting_payment_by_AMT_on_vehicle_tab_test()'><b>T12_verify_payment_status_should_be_reversed_to_payment_required_after_selecting_payment_by_AMT_on_vehicle_tab_test</b><br>Test class: orders.Orders_Verify_used_car_ownbook_business_purchase_With_Customer_Flow_Test</td>
<td><div><pre>java.lang.Throwable: Method Orders_Verify_used_car_ownbook_business_purchase_With_Customer_Flow_Test.T12_verify_payment_status_should_be_reversed_to_payment_required_after_selecting_payment_by_AMT_on_vehicle_tab_test()[pri:12, instance:orders.Orders_Verify_used_car_ownbook_business_purchase_With_Customer_Flow_Test@30bce90b] depends on not successfully finished methods
	at java.base/java.util.ArrayList.forEach(ArrayList.java:1511)
... Removed 19 stack frames</pre></div><a href='#' onClick='toggleBox("stack-trace49349065", this, "Click to show all stack frames", "Click to hide stack frames")'>Click to show all stack frames</a>
<div class='stack-trace' id='stack-trace49349065'><pre>java.lang.Throwable: Method Orders_Verify_used_car_ownbook_business_purchase_With_Customer_Flow_Test.T12_verify_payment_status_should_be_reversed_to_payment_required_after_selecting_payment_by_AMT_on_vehicle_tab_test()[pri:12, instance:orders.Orders_Verify_used_car_ownbook_business_purchase_With_Customer_Flow_Test@30bce90b] depends on not successfully finished methods
	at org.testng.internal.TestInvoker.invokeTestMethods(TestInvoker.java:102)
	at org.testng.internal.TestMethodWorker.invokeTestMethods(TestMethodWorker.java:146)
	at org.testng.internal.TestMethodWorker.run(TestMethodWorker.java:128)
	at java.base/java.util.ArrayList.forEach(ArrayList.java:1511)
	at org.testng.TestRunner.privateRun(TestRunner.java:794)
	at org.testng.TestRunner.run(TestRunner.java:596)
	at org.testng.SuiteRunner.runTest(SuiteRunner.java:377)
	at org.testng.SuiteRunner.runSequentially(SuiteRunner.java:371)
	at org.testng.SuiteRunner.privateRun(SuiteRunner.java:332)
	at org.testng.SuiteRunner.run(SuiteRunner.java:276)
	at org.testng.SuiteRunnerWorker.runSuite(SuiteRunnerWorker.java:53)
	at org.testng.SuiteRunnerWorker.run(SuiteRunnerWorker.java:96)
	at org.testng.TestNG.runSuitesSequentially(TestNG.java:1212)
	at org.testng.TestNG.runSuitesSequentially(TestNG.java:1207)
	at org.testng.TestNG.runSuitesLocally(TestNG.java:1134)
	at org.testng.TestNG.runSuites(TestNG.java:1063)
	at org.testng.TestNG.run(TestNG.java:1031)
	at org.testng.remote.AbstractRemoteTestNG.run(AbstractRemoteTestNG.java:115)
	at org.testng.remote.RemoteTestNG.initAndRun(RemoteTestNG.java:251)
	at org.testng.remote.RemoteTestNG.main(RemoteTestNG.java:77)
</pre></div></td>
<td>0</td>
<td>orders.Orders_Verify_used_car_ownbook_business_purchase_With_Customer_Flow_Test@30bce90b</td></tr>
<tr>
<td title='orders.Orders_Verify_used_car_ownbook_business_purchase_With_Customer_Flow_Test.T15_verify_payment_default_status()'><b>T15_verify_payment_default_status</b><br>Test class: orders.Orders_Verify_used_car_ownbook_business_purchase_With_Customer_Flow_Test</td>
<td><div><pre>java.lang.Throwable: Method Orders_Verify_used_car_ownbook_business_purchase_With_Customer_Flow_Test.T15_verify_payment_default_status()[pri:15, instance:orders.Orders_Verify_used_car_ownbook_business_purchase_With_Customer_Flow_Test@30bce90b] depends on not successfully finished methods
	at java.base/java.util.ArrayList.forEach(ArrayList.java:1511)
... Removed 19 stack frames</pre></div><a href='#' onClick='toggleBox("stack-trace1167600418", this, "Click to show all stack frames", "Click to hide stack frames")'>Click to show all stack frames</a>
<div class='stack-trace' id='stack-trace1167600418'><pre>java.lang.Throwable: Method Orders_Verify_used_car_ownbook_business_purchase_With_Customer_Flow_Test.T15_verify_payment_default_status()[pri:15, instance:orders.Orders_Verify_used_car_ownbook_business_purchase_With_Customer_Flow_Test@30bce90b] depends on not successfully finished methods
	at org.testng.internal.TestInvoker.invokeTestMethods(TestInvoker.java:102)
	at org.testng.internal.TestMethodWorker.invokeTestMethods(TestMethodWorker.java:146)
	at org.testng.internal.TestMethodWorker.run(TestMethodWorker.java:128)
	at java.base/java.util.ArrayList.forEach(ArrayList.java:1511)
	at org.testng.TestRunner.privateRun(TestRunner.java:794)
	at org.testng.TestRunner.run(TestRunner.java:596)
	at org.testng.SuiteRunner.runTest(SuiteRunner.java:377)
	at org.testng.SuiteRunner.runSequentially(SuiteRunner.java:371)
	at org.testng.SuiteRunner.privateRun(SuiteRunner.java:332)
	at org.testng.SuiteRunner.run(SuiteRunner.java:276)
	at org.testng.SuiteRunnerWorker.runSuite(SuiteRunnerWorker.java:53)
	at org.testng.SuiteRunnerWorker.run(SuiteRunnerWorker.java:96)
	at org.testng.TestNG.runSuitesSequentially(TestNG.java:1212)
	at org.testng.TestNG.runSuitesSequentially(TestNG.java:1207)
	at org.testng.TestNG.runSuitesLocally(TestNG.java:1134)
	at org.testng.TestNG.runSuites(TestNG.java:1063)
	at org.testng.TestNG.run(TestNG.java:1031)
	at org.testng.remote.AbstractRemoteTestNG.run(AbstractRemoteTestNG.java:115)
	at org.testng.remote.RemoteTestNG.initAndRun(RemoteTestNG.java:251)
	at org.testng.remote.RemoteTestNG.main(RemoteTestNG.java:77)
</pre></div></td>
<td>0</td>
<td>orders.Orders_Verify_used_car_ownbook_business_purchase_With_Customer_Flow_Test@30bce90b</td></tr>
<tr>
<td title='orders.Orders_Verify_used_car_ownbook_business_purchase_With_Customer_Flow_Test.T17_verify_payment_status_after_making_a_payment_on_customer_contract_tab()'><b>T17_verify_payment_status_after_making_a_payment_on_customer_contract_tab</b><br>Test class: orders.Orders_Verify_used_car_ownbook_business_purchase_With_Customer_Flow_Test</td>
<td><div><pre>java.lang.Throwable: Method Orders_Verify_used_car_ownbook_business_purchase_With_Customer_Flow_Test.T17_verify_payment_status_after_making_a_payment_on_customer_contract_tab()[pri:17, instance:orders.Orders_Verify_used_car_ownbook_business_purchase_With_Customer_Flow_Test@30bce90b] depends on not successfully finished methods
	at java.base/java.util.ArrayList.forEach(ArrayList.java:1511)
... Removed 19 stack frames</pre></div><a href='#' onClick='toggleBox("stack-trace1070926446", this, "Click to show all stack frames", "Click to hide stack frames")'>Click to show all stack frames</a>
<div class='stack-trace' id='stack-trace1070926446'><pre>java.lang.Throwable: Method Orders_Verify_used_car_ownbook_business_purchase_With_Customer_Flow_Test.T17_verify_payment_status_after_making_a_payment_on_customer_contract_tab()[pri:17, instance:orders.Orders_Verify_used_car_ownbook_business_purchase_With_Customer_Flow_Test@30bce90b] depends on not successfully finished methods
	at org.testng.internal.TestInvoker.invokeTestMethods(TestInvoker.java:102)
	at org.testng.internal.TestMethodWorker.invokeTestMethods(TestMethodWorker.java:146)
	at org.testng.internal.TestMethodWorker.run(TestMethodWorker.java:128)
	at java.base/java.util.ArrayList.forEach(ArrayList.java:1511)
	at org.testng.TestRunner.privateRun(TestRunner.java:794)
	at org.testng.TestRunner.run(TestRunner.java:596)
	at org.testng.SuiteRunner.runTest(SuiteRunner.java:377)
	at org.testng.SuiteRunner.runSequentially(SuiteRunner.java:371)
	at org.testng.SuiteRunner.privateRun(SuiteRunner.java:332)
	at org.testng.SuiteRunner.run(SuiteRunner.java:276)
	at org.testng.SuiteRunnerWorker.runSuite(SuiteRunnerWorker.java:53)
	at org.testng.SuiteRunnerWorker.run(SuiteRunnerWorker.java:96)
	at org.testng.TestNG.runSuitesSequentially(TestNG.java:1212)
	at org.testng.TestNG.runSuitesSequentially(TestNG.java:1207)
	at org.testng.TestNG.runSuitesLocally(TestNG.java:1134)
	at org.testng.TestNG.runSuites(TestNG.java:1063)
	at org.testng.TestNG.run(TestNG.java:1031)
	at org.testng.remote.AbstractRemoteTestNG.run(AbstractRemoteTestNG.java:115)
	at org.testng.remote.RemoteTestNG.initAndRun(RemoteTestNG.java:251)
	at org.testng.remote.RemoteTestNG.main(RemoteTestNG.java:77)
</pre></div></td>
<td>0</td>
<td>orders.Orders_Verify_used_car_ownbook_business_purchase_With_Customer_Flow_Test@30bce90b</td></tr>
</table><p>
</body>
</html>