<html>
<head>
<title>TestNG:  Default test</title>
<link href="../testng.css" rel="stylesheet" type="text/css" />
<link href="../my-testng.css" rel="stylesheet" type="text/css" />

<style type="text/css">
.log { display: none;} 
.stack-trace { display: none;} 
</style>
<script type="text/javascript">
<!--
function flip(e) {
  current = e.style.display;
  if (current == 'block') {
    e.style.display = 'none';
    return 0;
  }
  else {
    e.style.display = 'block';
    return 1;
  }
}

function toggleBox(szDivId, elem, msg1, msg2)
{
  var res = -1;  if (document.getElementById) {
    res = flip(document.getElementById(szDivId));
  }
  else if (document.all) {
    // this is the way old msie versions work
    res = flip(document.all[szDivId]);
  }
  if(elem) {
    if(res == 0) elem.innerHTML = msg1; else elem.innerHTML = msg2;
  }

}

function toggleAllBoxes() {
  if (document.getElementsByTagName) {
    d = document.getElementsByTagName('div');
    for (i = 0; i < d.length; i++) {
      if (d[i].className == 'log') {
        flip(d[i]);
      }
    }
  }
}

// -->
</script>

</head>
<body>
<h2 align='center'>Default test</h2><table border='1' align="center">
<tr>
<td>Tests passed/Failed/Skipped:</td><td>12/1/16</td>
</tr><tr>
<td>Started on:</td><td>Wed Jan 31 15:59:18 IST 2024</td>
</tr>
<tr><td>Total time:</td><td>529 seconds (529177 ms)</td>
</tr><tr>
<td>Included groups:</td><td></td>
</tr><tr>
<td>Excluded groups:</td><td></td>
</tr>
</table><p/>
<small><i>(Hover the method name to see the test class name)</i></small><p/>
<table width='100%' border='1' class='invocation-failed'>
<tr><td colspan='4' align='center'><b>FAILED TESTS</b></td></tr>
<tr><td><b>Test method</b></td>
<td width="30%"><b>Exception</b></td>
<td width="10%"><b>Time (seconds)</b></td>
<td><b>Instance</b></td>
</tr>
<tr>
<td title='orders.Orders_Verify_used_car_ownbook_business_hire_With_Customer_Flow_Test.T13_verify_payment_status_after_selecting_payment_sent_date_for_amount_due_on_vehicle_tab_test()'><b>T13_verify_payment_status_after_selecting_payment_sent_date_for_amount_due_on_vehicle_tab_test</b><br>Test class: orders.Orders_Verify_used_car_ownbook_business_hire_With_Customer_Flow_Test<br/>
<a href="#Output-1345323672" onClick='toggleBox("Output-1345323672", this, "Show output", "Hide output");'>Show output</a>

<a href="#Output-1345323672" onClick="toggleAllBoxes();">Show all outputs</a>
<div class='log' id="Output-1345323672">
<br>----------Screenshot---------<br><br/>
<img src="D:\Orders_Vehicles\AMT_Orders_Vehicles\target\surefire-reports\html\failure_screenshots\T13_verify_payment_status_after_selecting_payment_sent_date_for_amount_due_on_vehicle_tab_test_31_01_2024_04_08_07.png" height="800" width="1000"><br/>
</div>
</td>
<td><div><pre>org.openqa.selenium.TimeoutException: Expected condition failed: waiting for element to be clickable: Proxy element for: DefaultElementLocator &apos;By.xpath: (//label[normalize-space()=&apos;Payment requested&apos;]//ancestor::div[1]//input)[2]&apos; (tried for 20 second(s) with 500 milliseconds interval)
	at org.openqa.selenium.support.ui.WebDriverWait.timeoutException(WebDriverWait.java:138)
	at org.openqa.selenium.support.ui.FluentWait.until(FluentWait.java:231)
	at com.amt.testUtil.Click.on(Click.java:17)
	at com.amt.pages.VehicleOrderPage.verify_payment_status_after_selecting_payment_sent_date_for_amount_due_if_payment_by_AMT(VehicleOrderPage.java:571)
	at orders.Orders_Verify_used_car_ownbook_business_hire_With_Customer_Flow_Test.T13_verify_payment_status_after_selecting_payment_sent_date_for_amount_due_on_vehicle_tab_test(Orders_Verify_used_car_ownbook_business_hire_With_Customer_Flow_Test.java:238)
	at java.base/jdk.internal.reflect.DirectMethodHandleAccessor.invoke(DirectMethodHandleAccessor.java:104)
	at java.base/java.lang.reflect.Method.invoke(Method.java:578)
	at org.testng.internal.MethodInvocationHelper.invokeMethod(MethodInvocationHelper.java:133)
	at org.testng.internal.TestInvoker.invokeMethod(TestInvoker.java:598)
	at org.testng.internal.TestInvoker.invokeTestMethod(TestInvoker.java:173)
	at org.testng.internal.MethodRunner.runInSequence(MethodRunner.java:46)
	at org.testng.internal.TestInvoker$MethodInvocationAgent.invoke(TestInvoker.java:824)
	at org.testng.internal.TestInvoker.invokeTestMethods(TestInvoker.java:146)
	at org.testng.internal.TestMethodWorker.invokeTestMethods(TestMethodWorker.java:146)
	at org.testng.internal.TestMethodWorker.run(TestMethodWorker.java:128)
	at java.base/java.util.ArrayList.forEach(ArrayList.java:1511)
	at org.testng.TestRunner.privateRun(TestRunner.java:794)
	at org.testng.TestRunner.run(TestRunner.java:596)
	at org.testng.SuiteRunner.runTest(SuiteRunner.java:377)
	at org.testng.SuiteRunner.runSequentially(SuiteRunner.java:371)
	at org.testng.SuiteRunner.privateRun(SuiteRunner.java:332)
	at org.testng.SuiteRunner.run(SuiteRunner.java:276)
	at org.testng.SuiteRunnerWorker.runSuite(SuiteRunnerWorker.java:53)
	at org.testng.SuiteRunnerWorker.run(SuiteRunnerWorker.java:96)
	at org.testng.TestNG.runSuitesSequentially(TestNG.java:1212)
	at org.testng.TestNG.runSuitesLocally(TestNG.java:1134)
	at org.testng.TestNG.runSuites(TestNG.java:1063)
	at org.testng.TestNG.run(TestNG.java:1031)
	at org.testng.remote.AbstractRemoteTestNG.run(AbstractRemoteTestNG.java:115)
	at org.testng.remote.RemoteTestNG.initAndRun(RemoteTestNG.java:251)
	at org.testng.remote.RemoteTestNG.main(RemoteTestNG.java:77)
Caused by: org.openqa.selenium.NoSuchElementException: no such element: Unable to locate element: {&quot;method&quot;:&quot;xpath&quot;,&quot;selector&quot;:&quot;(//label[normalize-space()=&apos;Payment requested&apos;]//ancestor::div[1]//input)[2]&quot;}
  (Session info: chrome=120.0.6099.225)
For documentation on this error, please visit: https://selenium.dev/exceptions/#no_such_element
Build info: version: &apos;4.1.0&apos;, revision: &apos;87802e897b&apos;
System info: host: &apos;DSK-4052&apos;, ip: &apos;172.16.1.80&apos;, os.name: &apos;Windows 10&apos;, os.arch: &apos;amd64&apos;, os.version: &apos;10.0&apos;, java.version: &apos;19.0.1&apos;
Driver info: org.openqa.selenium.chrome.ChromeDriver
Command: [0ee302582b725a0f20bd97d1faac8b2b, findElement {using=xpath, value=(//label[normalize-space()=&apos;Payment requested&apos;]//ancestor::div[1]//input)[2]}]
Capabilities {acceptInsecureCerts: false, browserName: chrome, browserVersion: 120.0.6099.225, chrome: {chromedriverVersion: 119.0.6045.105 (38c72552c5e..., userDataDir: C:\Users\NITEIN~1.KUR\AppDa...}, fedcm:accounts: true, goog:chromeOptions: {debuggerAddress: localhost:55336}, javascriptEnabled: true, networkConnectionEnabled: false, pageLoadStrategy: normal, platform: WINDOWS, platformName: WINDOWS, proxy: Proxy(), se:cdp: ws://localhost:55336/devtoo..., se:cdpVersion: 120.0.6099.225, setWindowRect: true, strictFileInteractability: false, timeouts: {implicit: 0, pageLoad: 300000, script: 30000}, unhandledPromptBehavior: dismiss and notify, webauthn:extension:credBlob: true, webauthn:extension:largeBlob: true, webauthn:extension:minPinLength: true, webauthn:extension:prf: true, webauthn:virtualAuthenticators: true}
Session ID: 0ee302582b725a0f20bd97d1faac8b2b
	at java.base/jdk.internal.reflect.DirectConstructorHandleAccessor.newInstance(DirectConstructorHandleAccessor.java:67)
	at java.base/java.lang.reflect.Constructor.newInstanceWithCaller(Constructor.java:500)
	at java.base/java.lang.reflect.Constructor.newInstance(Constructor.java:484)
	at org.openqa.selenium.remote.codec.w3c.W3CHttpResponseCodec.createException(W3CHttpResponseCodec.java:200)
	at org.openqa.selenium.remote.codec.w3c.W3CHttpResponseCodec.decode(W3CHttpResponseCodec.java:133)
	at org.openqa.selenium.remote.codec.w3c.W3CHttpResponseCodec.decode(W3CHttpResponseCodec.java:53)
	at org.openqa.selenium.remote.HttpCommandExecutor.execute(HttpCommandExecutor.java:184)
	at org.openqa.selenium.remote.service.DriverCommandExecutor.invokeExecute(DriverCommandExecutor.java:164)
	at org.openqa.selenium.remote.service.DriverCommandExecutor.execute(DriverCommandExecutor.java:139)
	at org.openqa.selenium.remote.RemoteWebDriver.execute(RemoteWebDriver.java:559)
	at org.openqa.selenium.remote.ElementLocation$ElementFinder$2.findElement(ElementLocation.java:162)
	at org.openqa.selenium.remote.ElementLocation.findElement(ElementLocation.java:60)
	at org.openqa.selenium.remote.RemoteWebDriver.findElement(RemoteWebDriver.java:383)
	at org.openqa.selenium.remote.RemoteWebDriver.findElement(RemoteWebDriver.java:375)
	at org.openqa.selenium.support.pagefactory.DefaultElementLocator.findElement(DefaultElementLocator.java:70)
	at org.openqa.selenium.support.pagefactory.internal.LocatingElementHandler.invoke(LocatingElementHandler.java:39)
	at jdk.proxy2/jdk.proxy2.$Proxy22.isDisplayed(Unknown Source)
	at org.openqa.selenium.support.ui.ExpectedConditions.elementIfVisible(ExpectedConditions.java:307)
	at org.openqa.selenium.support.ui.ExpectedConditions.access$000(ExpectedConditions.java:40)
	at org.openqa.selenium.support.ui.ExpectedConditions$10.apply(ExpectedConditions.java:293)
	at org.openqa.selenium.support.ui.ExpectedConditions$10.apply(ExpectedConditions.java:290)
	at org.openqa.selenium.support.ui.ExpectedConditions$23.apply(ExpectedConditions.java:660)
	at org.openqa.selenium.support.ui.ExpectedConditions$23.apply(ExpectedConditions.java:656)
	at org.openqa.selenium.support.ui.FluentWait.until(FluentWait.java:208)
	... 29 more
</pre></div><a href='#' onClick='toggleBox("stack-trace1345323672", this, "Click to show all stack frames", "Click to hide stack frames")'>Click to show all stack frames</a>
<div class='stack-trace' id='stack-trace1345323672'><pre>org.openqa.selenium.TimeoutException: Expected condition failed: waiting for element to be clickable: Proxy element for: DefaultElementLocator &apos;By.xpath: (//label[normalize-space()=&apos;Payment requested&apos;]//ancestor::div[1]//input)[2]&apos; (tried for 20 second(s) with 500 milliseconds interval)
	at org.openqa.selenium.support.ui.WebDriverWait.timeoutException(WebDriverWait.java:138)
	at org.openqa.selenium.support.ui.FluentWait.until(FluentWait.java:231)
	at com.amt.testUtil.Click.on(Click.java:17)
	at com.amt.pages.VehicleOrderPage.verify_payment_status_after_selecting_payment_sent_date_for_amount_due_if_payment_by_AMT(VehicleOrderPage.java:571)
	at orders.Orders_Verify_used_car_ownbook_business_hire_With_Customer_Flow_Test.T13_verify_payment_status_after_selecting_payment_sent_date_for_amount_due_on_vehicle_tab_test(Orders_Verify_used_car_ownbook_business_hire_With_Customer_Flow_Test.java:238)
	at java.base/jdk.internal.reflect.DirectMethodHandleAccessor.invoke(DirectMethodHandleAccessor.java:104)
	at java.base/java.lang.reflect.Method.invoke(Method.java:578)
	at org.testng.internal.MethodInvocationHelper.invokeMethod(MethodInvocationHelper.java:133)
	at org.testng.internal.TestInvoker.invokeMethod(TestInvoker.java:598)
	at org.testng.internal.TestInvoker.invokeTestMethod(TestInvoker.java:173)
	at org.testng.internal.MethodRunner.runInSequence(MethodRunner.java:46)
	at org.testng.internal.TestInvoker$MethodInvocationAgent.invoke(TestInvoker.java:824)
	at org.testng.internal.TestInvoker.invokeTestMethods(TestInvoker.java:146)
	at org.testng.internal.TestMethodWorker.invokeTestMethods(TestMethodWorker.java:146)
	at org.testng.internal.TestMethodWorker.run(TestMethodWorker.java:128)
	at java.base/java.util.ArrayList.forEach(ArrayList.java:1511)
	at org.testng.TestRunner.privateRun(TestRunner.java:794)
	at org.testng.TestRunner.run(TestRunner.java:596)
	at org.testng.SuiteRunner.runTest(SuiteRunner.java:377)
	at org.testng.SuiteRunner.runSequentially(SuiteRunner.java:371)
	at org.testng.SuiteRunner.privateRun(SuiteRunner.java:332)
	at org.testng.SuiteRunner.run(SuiteRunner.java:276)
	at org.testng.SuiteRunnerWorker.runSuite(SuiteRunnerWorker.java:53)
	at org.testng.SuiteRunnerWorker.run(SuiteRunnerWorker.java:96)
	at org.testng.TestNG.runSuitesSequentially(TestNG.java:1212)
	at org.testng.TestNG.runSuitesLocally(TestNG.java:1134)
	at org.testng.TestNG.runSuites(TestNG.java:1063)
	at org.testng.TestNG.run(TestNG.java:1031)
	at org.testng.remote.AbstractRemoteTestNG.run(AbstractRemoteTestNG.java:115)
	at org.testng.remote.RemoteTestNG.initAndRun(RemoteTestNG.java:251)
	at org.testng.remote.RemoteTestNG.main(RemoteTestNG.java:77)
Caused by: org.openqa.selenium.NoSuchElementException: no such element: Unable to locate element: {&quot;method&quot;:&quot;xpath&quot;,&quot;selector&quot;:&quot;(//label[normalize-space()=&apos;Payment requested&apos;]//ancestor::div[1]//input)[2]&quot;}
  (Session info: chrome=120.0.6099.225)
For documentation on this error, please visit: https://selenium.dev/exceptions/#no_such_element
Build info: version: &apos;4.1.0&apos;, revision: &apos;87802e897b&apos;
System info: host: &apos;DSK-4052&apos;, ip: &apos;172.16.1.80&apos;, os.name: &apos;Windows 10&apos;, os.arch: &apos;amd64&apos;, os.version: &apos;10.0&apos;, java.version: &apos;19.0.1&apos;
Driver info: org.openqa.selenium.chrome.ChromeDriver
Command: [0ee302582b725a0f20bd97d1faac8b2b, findElement {using=xpath, value=(//label[normalize-space()=&apos;Payment requested&apos;]//ancestor::div[1]//input)[2]}]
Capabilities {acceptInsecureCerts: false, browserName: chrome, browserVersion: 120.0.6099.225, chrome: {chromedriverVersion: 119.0.6045.105 (38c72552c5e..., userDataDir: C:\Users\NITEIN~1.KUR\AppDa...}, fedcm:accounts: true, goog:chromeOptions: {debuggerAddress: localhost:55336}, javascriptEnabled: true, networkConnectionEnabled: false, pageLoadStrategy: normal, platform: WINDOWS, platformName: WINDOWS, proxy: Proxy(), se:cdp: ws://localhost:55336/devtoo..., se:cdpVersion: 120.0.6099.225, setWindowRect: true, strictFileInteractability: false, timeouts: {implicit: 0, pageLoad: 300000, script: 30000}, unhandledPromptBehavior: dismiss and notify, webauthn:extension:credBlob: true, webauthn:extension:largeBlob: true, webauthn:extension:minPinLength: true, webauthn:extension:prf: true, webauthn:virtualAuthenticators: true}
Session ID: 0ee302582b725a0f20bd97d1faac8b2b
	at java.base/jdk.internal.reflect.DirectConstructorHandleAccessor.newInstance(DirectConstructorHandleAccessor.java:67)
	at java.base/java.lang.reflect.Constructor.newInstanceWithCaller(Constructor.java:500)
	at java.base/java.lang.reflect.Constructor.newInstance(Constructor.java:484)
	at org.openqa.selenium.remote.codec.w3c.W3CHttpResponseCodec.createException(W3CHttpResponseCodec.java:200)
	at org.openqa.selenium.remote.codec.w3c.W3CHttpResponseCodec.decode(W3CHttpResponseCodec.java:133)
	at org.openqa.selenium.remote.codec.w3c.W3CHttpResponseCodec.decode(W3CHttpResponseCodec.java:53)
	at org.openqa.selenium.remote.HttpCommandExecutor.execute(HttpCommandExecutor.java:184)
	at org.openqa.selenium.remote.service.DriverCommandExecutor.invokeExecute(DriverCommandExecutor.java:164)
	at org.openqa.selenium.remote.service.DriverCommandExecutor.execute(DriverCommandExecutor.java:139)
	at org.openqa.selenium.remote.RemoteWebDriver.execute(RemoteWebDriver.java:559)
	at org.openqa.selenium.remote.ElementLocation$ElementFinder$2.findElement(ElementLocation.java:162)
	at org.openqa.selenium.remote.ElementLocation.findElement(ElementLocation.java:60)
	at org.openqa.selenium.remote.RemoteWebDriver.findElement(RemoteWebDriver.java:383)
	at org.openqa.selenium.remote.RemoteWebDriver.findElement(RemoteWebDriver.java:375)
	at org.openqa.selenium.support.pagefactory.DefaultElementLocator.findElement(DefaultElementLocator.java:70)
	at org.openqa.selenium.support.pagefactory.internal.LocatingElementHandler.invoke(LocatingElementHandler.java:39)
	at jdk.proxy2/jdk.proxy2.$Proxy22.isDisplayed(Unknown Source)
	at org.openqa.selenium.support.ui.ExpectedConditions.elementIfVisible(ExpectedConditions.java:307)
	at org.openqa.selenium.support.ui.ExpectedConditions.access$000(ExpectedConditions.java:40)
	at org.openqa.selenium.support.ui.ExpectedConditions$10.apply(ExpectedConditions.java:293)
	at org.openqa.selenium.support.ui.ExpectedConditions$10.apply(ExpectedConditions.java:290)
	at org.openqa.selenium.support.ui.ExpectedConditions$23.apply(ExpectedConditions.java:660)
	at org.openqa.selenium.support.ui.ExpectedConditions$23.apply(ExpectedConditions.java:656)
	at org.openqa.selenium.support.ui.FluentWait.until(FluentWait.java:208)
	... 29 more
</pre></div></td>
<td>56</td>
<td>orders.Orders_Verify_used_car_ownbook_business_hire_With_Customer_Flow_Test@7ef82753</td></tr>
</table><p>
<table width='100%' border='1' class='invocation-passed'>
<tr><td colspan='4' align='center'><b>PASSED TESTS</b></td></tr>
<tr><td><b>Test method</b></td>
<td width="30%"><b>Exception</b></td>
<td width="10%"><b>Time (seconds)</b></td>
<td><b>Instance</b></td>
</tr>
<tr>
<td title='orders.Orders_Verify_used_car_ownbook_business_hire_With_Customer_Flow_Test.T9_verify_order_status_after_uploading_order_form_in_vehicle_tab_test()'><b>T9_verify_order_status_after_uploading_order_form_in_vehicle_tab_test</b><br>Test class: orders.Orders_Verify_used_car_ownbook_business_hire_With_Customer_Flow_Test<br/>
<a href="#Output-842153846" onClick='toggleBox("Output-842153846", this, "Show output", "Hide output");'>Show output</a>

<a href="#Output-842153846" onClick="toggleAllBoxes();">Show all outputs</a>
<div class='log' id="Output-842153846">
<b>File is Uploaded Successfully</b> <br /><br/>
<b>Order Status after uploading order form - Found OK i.e Order Confirmed </b> <br /><br/>
</div>
</td>
<td></td>
<td>47</td>
<td>orders.Orders_Verify_used_car_ownbook_business_hire_With_Customer_Flow_Test@7ef82753</td></tr>
<tr>
<td title='orders.Orders_Verify_used_car_ownbook_business_hire_With_Customer_Flow_Test.T5_verify_that_funder_with_different_term_and_mileage_can_not_be_added_for_with_customer_flow_test()'><b>T5_verify_that_funder_with_different_term_and_mileage_can_not_be_added_for_with_customer_flow_test</b><br>Test class: orders.Orders_Verify_used_car_ownbook_business_hire_With_Customer_Flow_Test<br>Parameters: REF001, 05/12/26, 33, 5000, 1000, 200, 12, 500, 6000, 20, HPNR (Formula 3) - HPNR<br/>
<a href="#Output-467868870" onClick='toggleBox("Output-467868870", this, "Show output", "Hide output");'>Show output</a>

<a href="#Output-467868870" onClick="toggleAllBoxes();">Show all outputs</a>
<div class='log' id="Output-467868870">
<b></b> <br /><br/>
<b>Writing Holding Cost Summary values to excel has been completed</b> <br /><br/>
<b>Actual and Expected Message matches, hence test passed</b> <br /><br/>
</div>
</td>
<td></td>
<td>36</td>
<td>orders.Orders_Verify_used_car_ownbook_business_hire_With_Customer_Flow_Test@7ef82753</td></tr>
<tr>
<td title='orders.Orders_Verify_used_car_ownbook_business_hire_With_Customer_Flow_Test.T12_verify_payment_status_should_be_reversed_to_payment_required_after_selecting_payment_by_AMT_on_vehicle_tab_test()'><b>T12_verify_payment_status_should_be_reversed_to_payment_required_after_selecting_payment_by_AMT_on_vehicle_tab_test</b><br>Test class: orders.Orders_Verify_used_car_ownbook_business_hire_With_Customer_Flow_Test<br/>
<a href="#Output-1746207731" onClick='toggleBox("Output-1746207731", this, "Show output", "Hide output");'>Show output</a>

<a href="#Output-1746207731" onClick="toggleAllBoxes();">Show all outputs</a>
<div class='log' id="Output-1746207731">
<b></b> <br /><br/>
<b>Click on a payments by dropdown and Select option AMT</b> <br /><br/>
<b></b> <br /><br/>
<b>Clicking on PAYMENTS TO DEALER</b> <br /><br/>
<b>Payments to dealer -- Default Status - Found OK i.e Payment Required</b> <br /><br/>
</div>
</td>
<td></td>
<td>10</td>
<td>orders.Orders_Verify_used_car_ownbook_business_hire_With_Customer_Flow_Test@7ef82753</td></tr>
<tr>
<td title='orders.Orders_Verify_used_car_ownbook_business_hire_With_Customer_Flow_Test.T1_open_order_created_in_acquisition_test()'><b>T1_open_order_created_in_acquisition_test</b><br>Test class: orders.Orders_Verify_used_car_ownbook_business_hire_With_Customer_Flow_Test<br/>
<a href="#Output-1204822967" onClick='toggleBox("Output-1204822967", this, "Show output", "Hide output");'>Show output</a>

<a href="#Output-1204822967" onClick="toggleAllBoxes();">Show all outputs</a>
<div class='log' id="Output-1204822967">
<b></b> <br /><br/>
<b>Searching for Order ID ZI-13706</b> <br /><br/>
</div>
</td>
<td></td>
<td>82</td>
<td>orders.Orders_Verify_used_car_ownbook_business_hire_With_Customer_Flow_Test@7ef82753</td></tr>
<tr>
<td title='orders.Orders_Verify_used_car_ownbook_business_hire_With_Customer_Flow_Test.T3_verify_summary_section_values()'><b>T3_verify_summary_section_values</b><br>Test class: orders.Orders_Verify_used_car_ownbook_business_hire_With_Customer_Flow_Test<br/>
<a href="#Output-206999441" onClick='toggleBox("Output-206999441", this, "Show output", "Hide output");'>Show output</a>

<a href="#Output-206999441" onClick="toggleAllBoxes();">Show all outputs</a>
<div class='log' id="Output-206999441">
<b>Started Verifying Quote Summary and Configuration Values</b> <br /><br/>
<b></b> <br /><br/>
<b>EVH63916 != RBX94490</b> <br /><br/>
<b>Quote no. compared but found not ok</b> <br /><br/>
<b></b> <br /><br/>
<b>MERCEDES-BENZ A CLASS AMG HATCHBACK (2019 - Current) A35 4Matic Premium 5dr Auto = MERCEDES-BENZ A CLASS AMG HATCHBACK (2019 - Current) A35 4Matic Premium 5dr Auto</b> <br /><br/>
<b>Vehicle name compared and found ok</b> <br /><br/>
<b></b> <br /><br/>
<b>Business Contract Hire = Business Contract Hire</b> <br /><br/>
<b>Contract type compared and found ok</b> <br /><br/>
<b></b> <br /><br/>
<b>36.0 = 36.0</b> <br /><br/>
<b>Terms compared and found ok</b> <br /><br/>
<b></b> <br /><br/>
<b>10000.0 = 10000.0</b> <br /><br/>
<b>Mileage compared and found ok</b> <br /><br/>
<b></b> <br /><br/>
<b>586.79 = 586.79375472588</b> <br /><br/>
<b>Monthly Finance Rental compared and found ok</b> <br /><br/>
<b></b> <br /><br/>
<b>-734.29 != 586.79375472588</b> <br /><br/>
<b>Initial Finance Rental found wrong</b> <br /><br/>
<b></b> <br /><br/>
<b>35.0 = 35.0</b> <br /><br/>
<b>Followed By months - found OK</b> <br /><br/>
<b></b> <br /><br/>
<b>26.9 = 26.9316</b> <br /><br/>
<b>Pence per excess mile finance - found OK</b> <br /><br/>
<b></b> <br /><br/>
<b>199.99 = 199.99</b> <br /><br/>
<b>Document Fee - found OK</b> <br /><br/>
<b></b> <br /><br/>
<b>400.0 = 400.0</b> <br /><br/>
<b>Upsell - found OK</b> <br /><br/>
<b></b> <br /><br/>
<b>441.0 = 441.0</b> <br /><br/>
<b>Default Finance Commission - found OK</b> <br /><br/>
<b></b> <br /><br/>
<b>400.0 = 400.0</b> <br /><br/>
<b>Upsell Commission - found OK</b> <br /><br/>
<b></b> <br /><br/>
<b>99.99 = 99.99000000000001</b> <br /><br/>
<b>Document Fee Commission - found OK</b> <br /><br/>
<b></b> <br /><br/>
<b>1660.99 = 1660.99</b> <br /><br/>
<b>Total Commission - found OK</b> <br /><br/>
<b></b> <br /><br/>
<b>200.0 = 200.0</b> <br /><br/>
<b>Referrer Commission - found OK</b> <br /><br/>
<b></b> <br /><br/>
<b>6.5 = 6.5</b> <br /><br/>
<b>Base Interest Rate found OK</b> <br /><br/>
<b></b> <br /><br/>
<b>10000.0 = 10000.0</b> <br /><br/>
<b>Finance Margin found OK</b> <br /><br/>
<b></b> <br /><br/>
<b>441.0 = 441.0</b> <br /><br/>
<b>Deductions found OK</b> <br /><br/>
<b></b> <br /><br/>
<b>7539.99 = 7539.99</b> <br /><br/>
<b>Additional Margin found OK</b> <br /><br/>
<b></b> <br /><br/>
<b>17098.99 = 17098.989999999998</b> <br /><br/>
<b>Total Margin found OK</b> <br /><br/>
<b></b> <br /><br/>
<b>2.0 = 2.0</b> <br /><br/>
<b>Default Broker Margin percentage found OK</b> <br /><br/>
<b></b> <br /><br/>
<b>0.1 = 0.1</b> <br /><br/>
<b>Broker Upsell Margin percentage found OK</b> <br /><br/>
<b></b> <br /><br/>
<b>400.0 != 40.0</b> <br /><br/>
<b>Broker Upsell Margin  found wrong</b> <br /><br/>
<b></b> <br /><br/>
<b>99.99 = 99.99000000000001</b> <br /><br/>
<b>Document Fee Margin  found OK</b> <br /><br/>
<b></b> <br /><br/>
<b>200.0 = 200.00000000000003</b> <br /><br/>
<b>Refferer Margin  found OK</b> <br /><br/>
</div>
</td>
<td></td>
<td>59</td>
<td>orders.Orders_Verify_used_car_ownbook_business_hire_With_Customer_Flow_Test@7ef82753</td></tr>
<tr>
<td title='orders.Orders_Verify_used_car_ownbook_business_hire_With_Customer_Flow_Test.T10_verify_default_payment_status_on_vehicle_tab_test()'><b>T10_verify_default_payment_status_on_vehicle_tab_test</b><br>Test class: orders.Orders_Verify_used_car_ownbook_business_hire_With_Customer_Flow_Test<br/>
<a href="#Output-22360543" onClick='toggleBox("Output-22360543", this, "Show output", "Hide output");'>Show output</a>

<a href="#Output-22360543" onClick="toggleAllBoxes();">Show all outputs</a>
<div class='log' id="Output-22360543">
<b></b> <br /><br/>
<b>Clicking on PAYMENTS TO DEALER</b> <br /><br/>
<b>Payments to dealer -- Default Status - Found OK i.e Payment Required</b> <br /><br/>
</div>
</td>
<td></td>
<td>7</td>
<td>orders.Orders_Verify_used_car_ownbook_business_hire_With_Customer_Flow_Test@7ef82753</td></tr>
<tr>
<td title='orders.Orders_Verify_used_car_ownbook_business_hire_With_Customer_Flow_Test.T2_pre_order_pass_check_in_customer_contract_tab_test()'><b>T2_pre_order_pass_check_in_customer_contract_tab_test</b><br>Test class: orders.Orders_Verify_used_car_ownbook_business_hire_With_Customer_Flow_Test<br/>
<a href="#Output-1130250604" onClick='toggleBox("Output-1130250604", this, "Show output", "Hide output");'>Show output</a>

<a href="#Output-1130250604" onClick="toggleAllBoxes();">Show all outputs</a>
<div class='log' id="Output-1130250604">
<b></b> <br /><br/>
<b>Checking pre-order checks</b> <br /><br/>
</div>
</td>
<td></td>
<td>17</td>
<td>orders.Orders_Verify_used_car_ownbook_business_hire_With_Customer_Flow_Test@7ef82753</td></tr>
<tr>
<td title='orders.Orders_Verify_used_car_ownbook_business_hire_With_Customer_Flow_Test.T4_verify_that_editing_the_basic_cash_price_does_not_affect_the_monthly_payment_on_customer_contract_tab_test()'><b>T4_verify_that_editing_the_basic_cash_price_does_not_affect_the_monthly_payment_on_customer_contract_tab_test</b><br>Test class: orders.Orders_Verify_used_car_ownbook_business_hire_With_Customer_Flow_Test<br/>
<a href="#Output-178181933" onClick='toggleBox("Output-178181933", this, "Show output", "Hide output");'>Show output</a>

<a href="#Output-178181933" onClick="toggleAllBoxes();">Show all outputs</a>
<div class='log' id="Output-178181933">
<b>Started verifying monthly payment does not change after editing the basic cash price</b> <br /><br/>
<b>Monthly payment Before Editing the Cash Price is 586.79</b> <br /><br/>
<b>Vehicle's Basic Cash Price Changed to 60,000</b> <br /><br/>
<b>Now Getting the Monthly payment from customer contract tab</b> <br /><br/>
<b>Monthly payment After Editing the Cash Price is 586.79</b> <br /><br/>
<b>Verified that monthly payment does not change after editing the basic cash price</b> <br /><br/>
</div>
</td>
<td></td>
<td>76</td>
<td>orders.Orders_Verify_used_car_ownbook_business_hire_With_Customer_Flow_Test@7ef82753</td></tr>
<tr>
<td title='orders.Orders_Verify_used_car_ownbook_business_hire_With_Customer_Flow_Test.T7_verify_holding_cost_on_adding_funder()'><b>T7_verify_holding_cost_on_adding_funder</b><br>Test class: orders.Orders_Verify_used_car_ownbook_business_hire_With_Customer_Flow_Test<br>Parameters: REF001, 05/12/26, 33, 5000, 1000, 200, 12, 500, 6000, 20, HPNR (Formula 3) - HPNR<br/>
<a href="#Output-1260060578" onClick='toggleBox("Output-1260060578", this, "Show output", "Hide output");'>Show output</a>

<a href="#Output-1260060578" onClick="toggleAllBoxes();">Show all outputs</a>
<div class='log' id="Output-1260060578">
<b></b> <br /><br/>
<b>Total monthly holding cost from screen =500.33</b> <br /><br/>
<b>Total monthly holding cost from excel =500.3333333333333</b> <br /><br/>
</div>
</td>
<td></td>
<td>9</td>
<td>orders.Orders_Verify_used_car_ownbook_business_hire_With_Customer_Flow_Test@7ef82753</td></tr>
<tr>
<td title='orders.Orders_Verify_used_car_ownbook_business_hire_With_Customer_Flow_Test.T6_verify_that_monthly_payment_does_not_changes_if_a_added_funder_is_selected_in_the_asset_funding_tab_for_with_customer_flow_test()'><b>T6_verify_that_monthly_payment_does_not_changes_if_a_added_funder_is_selected_in_the_asset_funding_tab_for_with_customer_flow_test</b><br>Test class: orders.Orders_Verify_used_car_ownbook_business_hire_With_Customer_Flow_Test<br>Parameters: REF001, 05/12/26, 33, 5000, 1000, 200, 12, 500, 6000, 20, HPNR (Formula 3) - HPNR<br/>
<a href="#Output-950060411" onClick='toggleBox("Output-950060411", this, "Show output", "Hide output");'>Show output</a>

<a href="#Output-950060411" onClick="toggleAllBoxes();">Show all outputs</a>
<div class='log' id="Output-950060411">
<b></b> <br /><br/>
<b>Monthly payment Before selecting a funder1821.08</b> <br /><br/>
<b>Writing Holding Cost Summary values to excel has been completed</b> <br /><br/>
<b>Monthly payment After selecting a funder 1821.08</b> <br /><br/>
<b>Verified that monthly payment does not change after selecting a funder</b> <br /><br/>
</div>
</td>
<td></td>
<td>91</td>
<td>orders.Orders_Verify_used_car_ownbook_business_hire_With_Customer_Flow_Test@7ef82753</td></tr>
<tr>
<td title='orders.Orders_Verify_used_car_ownbook_business_hire_With_Customer_Flow_Test.T11_verify_payment_status_after_selecting_payment_sent_date_on_vehicle_tab_test()'><b>T11_verify_payment_status_after_selecting_payment_sent_date_on_vehicle_tab_test</b><br>Test class: orders.Orders_Verify_used_car_ownbook_business_hire_With_Customer_Flow_Test</td>
<td></td>
<td>10</td>
<td>orders.Orders_Verify_used_car_ownbook_business_hire_With_Customer_Flow_Test@7ef82753</td></tr>
<tr>
<td title='orders.Orders_Verify_used_car_ownbook_business_hire_With_Customer_Flow_Test.T8_verify_default_order_status_vehicle_tab_test()'><b>T8_verify_default_order_status_vehicle_tab_test</b><br>Test class: orders.Orders_Verify_used_car_ownbook_business_hire_With_Customer_Flow_Test<br/>
<a href="#Output-1127523179" onClick='toggleBox("Output-1127523179", this, "Show output", "Hide output");'>Show output</a>

<a href="#Output-1127523179" onClick="toggleAllBoxes();">Show all outputs</a>
<div class='log' id="Output-1127523179">
<b>Order -- Default Status - Found OK i.e Order Pending </b> <br /><br/>
</div>
</td>
<td></td>
<td>10</td>
<td>orders.Orders_Verify_used_car_ownbook_business_hire_With_Customer_Flow_Test@7ef82753</td></tr>
</table><p>
<table width='100%' border='1' class='invocation-skipped'>
<tr><td colspan='4' align='center'><b>SKIPPED TESTS</b></td></tr>
<tr><td><b>Test method</b></td>
<td width="30%"><b>Exception</b></td>
<td width="10%"><b>Time (seconds)</b></td>
<td><b>Instance</b></td>
</tr>
<tr>
<td title='orders.Orders_Verify_used_car_ownbook_business_hire_With_Customer_Flow_Test.T28_verify_payments_to_funder_statuses_test()'><b>T28_verify_payments_to_funder_statuses_test</b><br>Test class: orders.Orders_Verify_used_car_ownbook_business_hire_With_Customer_Flow_Test</td>
<td><div><pre>java.lang.Throwable: Method Orders_Verify_used_car_ownbook_business_hire_With_Customer_Flow_Test.T28_verify_payments_to_funder_statuses_test()[pri:28, instance:orders.Orders_Verify_used_car_ownbook_business_hire_With_Customer_Flow_Test@7ef82753] depends on not successfully finished methods
	at org.testng.internal.TestInvoker.invokeTestMethods(TestInvoker.java:102)
	at org.testng.internal.TestMethodWorker.invokeTestMethods(TestMethodWorker.java:146)
	at org.testng.internal.TestMethodWorker.run(TestMethodWorker.java:128)
	at java.base/java.util.ArrayList.forEach(ArrayList.java:1511)
	at org.testng.TestRunner.privateRun(TestRunner.java:794)
	at org.testng.TestRunner.run(TestRunner.java:596)
	at org.testng.SuiteRunner.runTest(SuiteRunner.java:377)
	at org.testng.SuiteRunner.runSequentially(SuiteRunner.java:371)
	at org.testng.SuiteRunner.privateRun(SuiteRunner.java:332)
	at org.testng.SuiteRunner.run(SuiteRunner.java:276)
	at org.testng.SuiteRunnerWorker.runSuite(SuiteRunnerWorker.java:53)
	at org.testng.SuiteRunnerWorker.run(SuiteRunnerWorker.java:96)
	at org.testng.TestNG.runSuitesSequentially(TestNG.java:1212)
	at org.testng.TestNG.runSuitesLocally(TestNG.java:1134)
	at org.testng.TestNG.runSuites(TestNG.java:1063)
	at org.testng.TestNG.run(TestNG.java:1031)
	at org.testng.remote.AbstractRemoteTestNG.run(AbstractRemoteTestNG.java:115)
	at org.testng.remote.RemoteTestNG.initAndRun(RemoteTestNG.java:251)
	at org.testng.remote.RemoteTestNG.main(RemoteTestNG.java:77)
</pre></div><a href='#' onClick='toggleBox("stack-trace1220790530", this, "Click to show all stack frames", "Click to hide stack frames")'>Click to show all stack frames</a>
<div class='stack-trace' id='stack-trace1220790530'><pre>java.lang.Throwable: Method Orders_Verify_used_car_ownbook_business_hire_With_Customer_Flow_Test.T28_verify_payments_to_funder_statuses_test()[pri:28, instance:orders.Orders_Verify_used_car_ownbook_business_hire_With_Customer_Flow_Test@7ef82753] depends on not successfully finished methods
	at org.testng.internal.TestInvoker.invokeTestMethods(TestInvoker.java:102)
	at org.testng.internal.TestMethodWorker.invokeTestMethods(TestMethodWorker.java:146)
	at org.testng.internal.TestMethodWorker.run(TestMethodWorker.java:128)
	at java.base/java.util.ArrayList.forEach(ArrayList.java:1511)
	at org.testng.TestRunner.privateRun(TestRunner.java:794)
	at org.testng.TestRunner.run(TestRunner.java:596)
	at org.testng.SuiteRunner.runTest(SuiteRunner.java:377)
	at org.testng.SuiteRunner.runSequentially(SuiteRunner.java:371)
	at org.testng.SuiteRunner.privateRun(SuiteRunner.java:332)
	at org.testng.SuiteRunner.run(SuiteRunner.java:276)
	at org.testng.SuiteRunnerWorker.runSuite(SuiteRunnerWorker.java:53)
	at org.testng.SuiteRunnerWorker.run(SuiteRunnerWorker.java:96)
	at org.testng.TestNG.runSuitesSequentially(TestNG.java:1212)
	at org.testng.TestNG.runSuitesLocally(TestNG.java:1134)
	at org.testng.TestNG.runSuites(TestNG.java:1063)
	at org.testng.TestNG.run(TestNG.java:1031)
	at org.testng.remote.AbstractRemoteTestNG.run(AbstractRemoteTestNG.java:115)
	at org.testng.remote.RemoteTestNG.initAndRun(RemoteTestNG.java:251)
	at org.testng.remote.RemoteTestNG.main(RemoteTestNG.java:77)
</pre></div></td>
<td>0</td>
<td>orders.Orders_Verify_used_car_ownbook_business_hire_With_Customer_Flow_Test@7ef82753</td></tr>
<tr>
<td title='orders.Orders_Verify_used_car_ownbook_business_hire_With_Customer_Flow_Test.T20_verify_delivery_status_after_selecting_confirmed_delivery_date_in_delivery_section_of_customer_contract_test()'><b>T20_verify_delivery_status_after_selecting_confirmed_delivery_date_in_delivery_section_of_customer_contract_test</b><br>Test class: orders.Orders_Verify_used_car_ownbook_business_hire_With_Customer_Flow_Test</td>
<td><div><pre>java.lang.Throwable: Method Orders_Verify_used_car_ownbook_business_hire_With_Customer_Flow_Test.T20_verify_delivery_status_after_selecting_confirmed_delivery_date_in_delivery_section_of_customer_contract_test()[pri:20, instance:orders.Orders_Verify_used_car_ownbook_business_hire_With_Customer_Flow_Test@7ef82753] depends on not successfully finished methods
	at org.testng.internal.TestInvoker.invokeTestMethods(TestInvoker.java:102)
	at org.testng.internal.TestMethodWorker.invokeTestMethods(TestMethodWorker.java:146)
	at org.testng.internal.TestMethodWorker.run(TestMethodWorker.java:128)
	at java.base/java.util.ArrayList.forEach(ArrayList.java:1511)
	at org.testng.TestRunner.privateRun(TestRunner.java:794)
	at org.testng.TestRunner.run(TestRunner.java:596)
	at org.testng.SuiteRunner.runTest(SuiteRunner.java:377)
	at org.testng.SuiteRunner.runSequentially(SuiteRunner.java:371)
	at org.testng.SuiteRunner.privateRun(SuiteRunner.java:332)
	at org.testng.SuiteRunner.run(SuiteRunner.java:276)
	at org.testng.SuiteRunnerWorker.runSuite(SuiteRunnerWorker.java:53)
	at org.testng.SuiteRunnerWorker.run(SuiteRunnerWorker.java:96)
	at org.testng.TestNG.runSuitesSequentially(TestNG.java:1212)
	at org.testng.TestNG.runSuitesLocally(TestNG.java:1134)
	at org.testng.TestNG.runSuites(TestNG.java:1063)
	at org.testng.TestNG.run(TestNG.java:1031)
	at org.testng.remote.AbstractRemoteTestNG.run(AbstractRemoteTestNG.java:115)
	at org.testng.remote.RemoteTestNG.initAndRun(RemoteTestNG.java:251)
	at org.testng.remote.RemoteTestNG.main(RemoteTestNG.java:77)
</pre></div><a href='#' onClick='toggleBox("stack-trace2107875360", this, "Click to show all stack frames", "Click to hide stack frames")'>Click to show all stack frames</a>
<div class='stack-trace' id='stack-trace2107875360'><pre>java.lang.Throwable: Method Orders_Verify_used_car_ownbook_business_hire_With_Customer_Flow_Test.T20_verify_delivery_status_after_selecting_confirmed_delivery_date_in_delivery_section_of_customer_contract_test()[pri:20, instance:orders.Orders_Verify_used_car_ownbook_business_hire_With_Customer_Flow_Test@7ef82753] depends on not successfully finished methods
	at org.testng.internal.TestInvoker.invokeTestMethods(TestInvoker.java:102)
	at org.testng.internal.TestMethodWorker.invokeTestMethods(TestMethodWorker.java:146)
	at org.testng.internal.TestMethodWorker.run(TestMethodWorker.java:128)
	at java.base/java.util.ArrayList.forEach(ArrayList.java:1511)
	at org.testng.TestRunner.privateRun(TestRunner.java:794)
	at org.testng.TestRunner.run(TestRunner.java:596)
	at org.testng.SuiteRunner.runTest(SuiteRunner.java:377)
	at org.testng.SuiteRunner.runSequentially(SuiteRunner.java:371)
	at org.testng.SuiteRunner.privateRun(SuiteRunner.java:332)
	at org.testng.SuiteRunner.run(SuiteRunner.java:276)
	at org.testng.SuiteRunnerWorker.runSuite(SuiteRunnerWorker.java:53)
	at org.testng.SuiteRunnerWorker.run(SuiteRunnerWorker.java:96)
	at org.testng.TestNG.runSuitesSequentially(TestNG.java:1212)
	at org.testng.TestNG.runSuitesLocally(TestNG.java:1134)
	at org.testng.TestNG.runSuites(TestNG.java:1063)
	at org.testng.TestNG.run(TestNG.java:1031)
	at org.testng.remote.AbstractRemoteTestNG.run(AbstractRemoteTestNG.java:115)
	at org.testng.remote.RemoteTestNG.initAndRun(RemoteTestNG.java:251)
	at org.testng.remote.RemoteTestNG.main(RemoteTestNG.java:77)
</pre></div></td>
<td>0</td>
<td>orders.Orders_Verify_used_car_ownbook_business_hire_With_Customer_Flow_Test@7ef82753</td></tr>
<tr>
<td title='orders.Orders_Verify_used_car_ownbook_business_hire_With_Customer_Flow_Test.T17_make_payment_with_new_payment()'><b>T17_make_payment_with_new_payment</b><br>Test class: orders.Orders_Verify_used_car_ownbook_business_hire_With_Customer_Flow_Test</td>
<td><div><pre>java.lang.Throwable: Method Orders_Verify_used_car_ownbook_business_hire_With_Customer_Flow_Test.T17_make_payment_with_new_payment()[pri:17, instance:orders.Orders_Verify_used_car_ownbook_business_hire_With_Customer_Flow_Test@7ef82753] depends on not successfully finished methods
	at org.testng.internal.TestInvoker.invokeTestMethods(TestInvoker.java:102)
	at org.testng.internal.TestMethodWorker.invokeTestMethods(TestMethodWorker.java:146)
	at org.testng.internal.TestMethodWorker.run(TestMethodWorker.java:128)
	at java.base/java.util.ArrayList.forEach(ArrayList.java:1511)
	at org.testng.TestRunner.privateRun(TestRunner.java:794)
	at org.testng.TestRunner.run(TestRunner.java:596)
	at org.testng.SuiteRunner.runTest(SuiteRunner.java:377)
	at org.testng.SuiteRunner.runSequentially(SuiteRunner.java:371)
	at org.testng.SuiteRunner.privateRun(SuiteRunner.java:332)
	at org.testng.SuiteRunner.run(SuiteRunner.java:276)
	at org.testng.SuiteRunnerWorker.runSuite(SuiteRunnerWorker.java:53)
	at org.testng.SuiteRunnerWorker.run(SuiteRunnerWorker.java:96)
	at org.testng.TestNG.runSuitesSequentially(TestNG.java:1212)
	at org.testng.TestNG.runSuitesLocally(TestNG.java:1134)
	at org.testng.TestNG.runSuites(TestNG.java:1063)
	at org.testng.TestNG.run(TestNG.java:1031)
	at org.testng.remote.AbstractRemoteTestNG.run(AbstractRemoteTestNG.java:115)
	at org.testng.remote.RemoteTestNG.initAndRun(RemoteTestNG.java:251)
	at org.testng.remote.RemoteTestNG.main(RemoteTestNG.java:77)
</pre></div><a href='#' onClick='toggleBox("stack-trace743403626", this, "Click to show all stack frames", "Click to hide stack frames")'>Click to show all stack frames</a>
<div class='stack-trace' id='stack-trace743403626'><pre>java.lang.Throwable: Method Orders_Verify_used_car_ownbook_business_hire_With_Customer_Flow_Test.T17_make_payment_with_new_payment()[pri:17, instance:orders.Orders_Verify_used_car_ownbook_business_hire_With_Customer_Flow_Test@7ef82753] depends on not successfully finished methods
	at org.testng.internal.TestInvoker.invokeTestMethods(TestInvoker.java:102)
	at org.testng.internal.TestMethodWorker.invokeTestMethods(TestMethodWorker.java:146)
	at org.testng.internal.TestMethodWorker.run(TestMethodWorker.java:128)
	at java.base/java.util.ArrayList.forEach(ArrayList.java:1511)
	at org.testng.TestRunner.privateRun(TestRunner.java:794)
	at org.testng.TestRunner.run(TestRunner.java:596)
	at org.testng.SuiteRunner.runTest(SuiteRunner.java:377)
	at org.testng.SuiteRunner.runSequentially(SuiteRunner.java:371)
	at org.testng.SuiteRunner.privateRun(SuiteRunner.java:332)
	at org.testng.SuiteRunner.run(SuiteRunner.java:276)
	at org.testng.SuiteRunnerWorker.runSuite(SuiteRunnerWorker.java:53)
	at org.testng.SuiteRunnerWorker.run(SuiteRunnerWorker.java:96)
	at org.testng.TestNG.runSuitesSequentially(TestNG.java:1212)
	at org.testng.TestNG.runSuitesLocally(TestNG.java:1134)
	at org.testng.TestNG.runSuites(TestNG.java:1063)
	at org.testng.TestNG.run(TestNG.java:1031)
	at org.testng.remote.AbstractRemoteTestNG.run(AbstractRemoteTestNG.java:115)
	at org.testng.remote.RemoteTestNG.initAndRun(RemoteTestNG.java:251)
	at org.testng.remote.RemoteTestNG.main(RemoteTestNG.java:77)
</pre></div></td>
<td>0</td>
<td>orders.Orders_Verify_used_car_ownbook_business_hire_With_Customer_Flow_Test@7ef82753</td></tr>
<tr>
<td title='orders.Orders_Verify_used_car_ownbook_business_hire_With_Customer_Flow_Test.T22_verify_delivery_status_on_customer_contract_tab_and_vehicle_order_tab_are_same_when_deliver_to_customer_toggle_button_in_on_test()'><b>T22_verify_delivery_status_on_customer_contract_tab_and_vehicle_order_tab_are_same_when_deliver_to_customer_toggle_button_in_on_test</b><br>Test class: orders.Orders_Verify_used_car_ownbook_business_hire_With_Customer_Flow_Test</td>
<td><div><pre>java.lang.Throwable: Method Orders_Verify_used_car_ownbook_business_hire_With_Customer_Flow_Test.T22_verify_delivery_status_on_customer_contract_tab_and_vehicle_order_tab_are_same_when_deliver_to_customer_toggle_button_in_on_test()[pri:22, instance:orders.Orders_Verify_used_car_ownbook_business_hire_With_Customer_Flow_Test@7ef82753] depends on not successfully finished methods
	at org.testng.internal.TestInvoker.invokeTestMethods(TestInvoker.java:102)
	at org.testng.internal.TestMethodWorker.invokeTestMethods(TestMethodWorker.java:146)
	at org.testng.internal.TestMethodWorker.run(TestMethodWorker.java:128)
	at java.base/java.util.ArrayList.forEach(ArrayList.java:1511)
	at org.testng.TestRunner.privateRun(TestRunner.java:794)
	at org.testng.TestRunner.run(TestRunner.java:596)
	at org.testng.SuiteRunner.runTest(SuiteRunner.java:377)
	at org.testng.SuiteRunner.runSequentially(SuiteRunner.java:371)
	at org.testng.SuiteRunner.privateRun(SuiteRunner.java:332)
	at org.testng.SuiteRunner.run(SuiteRunner.java:276)
	at org.testng.SuiteRunnerWorker.runSuite(SuiteRunnerWorker.java:53)
	at org.testng.SuiteRunnerWorker.run(SuiteRunnerWorker.java:96)
	at org.testng.TestNG.runSuitesSequentially(TestNG.java:1212)
	at org.testng.TestNG.runSuitesLocally(TestNG.java:1134)
	at org.testng.TestNG.runSuites(TestNG.java:1063)
	at org.testng.TestNG.run(TestNG.java:1031)
	at org.testng.remote.AbstractRemoteTestNG.run(AbstractRemoteTestNG.java:115)
	at org.testng.remote.RemoteTestNG.initAndRun(RemoteTestNG.java:251)
	at org.testng.remote.RemoteTestNG.main(RemoteTestNG.java:77)
</pre></div><a href='#' onClick='toggleBox("stack-trace558157569", this, "Click to show all stack frames", "Click to hide stack frames")'>Click to show all stack frames</a>
<div class='stack-trace' id='stack-trace558157569'><pre>java.lang.Throwable: Method Orders_Verify_used_car_ownbook_business_hire_With_Customer_Flow_Test.T22_verify_delivery_status_on_customer_contract_tab_and_vehicle_order_tab_are_same_when_deliver_to_customer_toggle_button_in_on_test()[pri:22, instance:orders.Orders_Verify_used_car_ownbook_business_hire_With_Customer_Flow_Test@7ef82753] depends on not successfully finished methods
	at org.testng.internal.TestInvoker.invokeTestMethods(TestInvoker.java:102)
	at org.testng.internal.TestMethodWorker.invokeTestMethods(TestMethodWorker.java:146)
	at org.testng.internal.TestMethodWorker.run(TestMethodWorker.java:128)
	at java.base/java.util.ArrayList.forEach(ArrayList.java:1511)
	at org.testng.TestRunner.privateRun(TestRunner.java:794)
	at org.testng.TestRunner.run(TestRunner.java:596)
	at org.testng.SuiteRunner.runTest(SuiteRunner.java:377)
	at org.testng.SuiteRunner.runSequentially(SuiteRunner.java:371)
	at org.testng.SuiteRunner.privateRun(SuiteRunner.java:332)
	at org.testng.SuiteRunner.run(SuiteRunner.java:276)
	at org.testng.SuiteRunnerWorker.runSuite(SuiteRunnerWorker.java:53)
	at org.testng.SuiteRunnerWorker.run(SuiteRunnerWorker.java:96)
	at org.testng.TestNG.runSuitesSequentially(TestNG.java:1212)
	at org.testng.TestNG.runSuitesLocally(TestNG.java:1134)
	at org.testng.TestNG.runSuites(TestNG.java:1063)
	at org.testng.TestNG.run(TestNG.java:1031)
	at org.testng.remote.AbstractRemoteTestNG.run(AbstractRemoteTestNG.java:115)
	at org.testng.remote.RemoteTestNG.initAndRun(RemoteTestNG.java:251)
	at org.testng.remote.RemoteTestNG.main(RemoteTestNG.java:77)
</pre></div></td>
<td>0</td>
<td>orders.Orders_Verify_used_car_ownbook_business_hire_With_Customer_Flow_Test@7ef82753</td></tr>
<tr>
<td title='orders.Orders_Verify_used_car_ownbook_business_hire_With_Customer_Flow_Test.T26_verify_delivery_status_after_uploading_delivery_note_in_post_delivery_section_on_vehicle_order_tab_test()'><b>T26_verify_delivery_status_after_uploading_delivery_note_in_post_delivery_section_on_vehicle_order_tab_test</b><br>Test class: orders.Orders_Verify_used_car_ownbook_business_hire_With_Customer_Flow_Test</td>
<td><div><pre>java.lang.Throwable: Method Orders_Verify_used_car_ownbook_business_hire_With_Customer_Flow_Test.T26_verify_delivery_status_after_uploading_delivery_note_in_post_delivery_section_on_vehicle_order_tab_test()[pri:26, instance:orders.Orders_Verify_used_car_ownbook_business_hire_With_Customer_Flow_Test@7ef82753] depends on not successfully finished methods
	at org.testng.internal.TestInvoker.invokeTestMethods(TestInvoker.java:102)
	at org.testng.internal.TestMethodWorker.invokeTestMethods(TestMethodWorker.java:146)
	at org.testng.internal.TestMethodWorker.run(TestMethodWorker.java:128)
	at java.base/java.util.ArrayList.forEach(ArrayList.java:1511)
	at org.testng.TestRunner.privateRun(TestRunner.java:794)
	at org.testng.TestRunner.run(TestRunner.java:596)
	at org.testng.SuiteRunner.runTest(SuiteRunner.java:377)
	at org.testng.SuiteRunner.runSequentially(SuiteRunner.java:371)
	at org.testng.SuiteRunner.privateRun(SuiteRunner.java:332)
	at org.testng.SuiteRunner.run(SuiteRunner.java:276)
	at org.testng.SuiteRunnerWorker.runSuite(SuiteRunnerWorker.java:53)
	at org.testng.SuiteRunnerWorker.run(SuiteRunnerWorker.java:96)
	at org.testng.TestNG.runSuitesSequentially(TestNG.java:1212)
	at org.testng.TestNG.runSuitesLocally(TestNG.java:1134)
	at org.testng.TestNG.runSuites(TestNG.java:1063)
	at org.testng.TestNG.run(TestNG.java:1031)
	at org.testng.remote.AbstractRemoteTestNG.run(AbstractRemoteTestNG.java:115)
	at org.testng.remote.RemoteTestNG.initAndRun(RemoteTestNG.java:251)
	at org.testng.remote.RemoteTestNG.main(RemoteTestNG.java:77)
</pre></div><a href='#' onClick='toggleBox("stack-trace194497873", this, "Click to show all stack frames", "Click to hide stack frames")'>Click to show all stack frames</a>
<div class='stack-trace' id='stack-trace194497873'><pre>java.lang.Throwable: Method Orders_Verify_used_car_ownbook_business_hire_With_Customer_Flow_Test.T26_verify_delivery_status_after_uploading_delivery_note_in_post_delivery_section_on_vehicle_order_tab_test()[pri:26, instance:orders.Orders_Verify_used_car_ownbook_business_hire_With_Customer_Flow_Test@7ef82753] depends on not successfully finished methods
	at org.testng.internal.TestInvoker.invokeTestMethods(TestInvoker.java:102)
	at org.testng.internal.TestMethodWorker.invokeTestMethods(TestMethodWorker.java:146)
	at org.testng.internal.TestMethodWorker.run(TestMethodWorker.java:128)
	at java.base/java.util.ArrayList.forEach(ArrayList.java:1511)
	at org.testng.TestRunner.privateRun(TestRunner.java:794)
	at org.testng.TestRunner.run(TestRunner.java:596)
	at org.testng.SuiteRunner.runTest(SuiteRunner.java:377)
	at org.testng.SuiteRunner.runSequentially(SuiteRunner.java:371)
	at org.testng.SuiteRunner.privateRun(SuiteRunner.java:332)
	at org.testng.SuiteRunner.run(SuiteRunner.java:276)
	at org.testng.SuiteRunnerWorker.runSuite(SuiteRunnerWorker.java:53)
	at org.testng.SuiteRunnerWorker.run(SuiteRunnerWorker.java:96)
	at org.testng.TestNG.runSuitesSequentially(TestNG.java:1212)
	at org.testng.TestNG.runSuitesLocally(TestNG.java:1134)
	at org.testng.TestNG.runSuites(TestNG.java:1063)
	at org.testng.TestNG.run(TestNG.java:1031)
	at org.testng.remote.AbstractRemoteTestNG.run(AbstractRemoteTestNG.java:115)
	at org.testng.remote.RemoteTestNG.initAndRun(RemoteTestNG.java:251)
	at org.testng.remote.RemoteTestNG.main(RemoteTestNG.java:77)
</pre></div></td>
<td>0</td>
<td>orders.Orders_Verify_used_car_ownbook_business_hire_With_Customer_Flow_Test@7ef82753</td></tr>
<tr>
<td title='orders.Orders_Verify_used_car_ownbook_business_hire_With_Customer_Flow_Test.T23_verify_delivery_section_gets_enabled_when_deliver_to_customer_toggle_button_is_made_off_test()'><b>T23_verify_delivery_section_gets_enabled_when_deliver_to_customer_toggle_button_is_made_off_test</b><br>Test class: orders.Orders_Verify_used_car_ownbook_business_hire_With_Customer_Flow_Test</td>
<td><div><pre>java.lang.Throwable: Method Orders_Verify_used_car_ownbook_business_hire_With_Customer_Flow_Test.T23_verify_delivery_section_gets_enabled_when_deliver_to_customer_toggle_button_is_made_off_test()[pri:23, instance:orders.Orders_Verify_used_car_ownbook_business_hire_With_Customer_Flow_Test@7ef82753] depends on not successfully finished methods
	at org.testng.internal.TestInvoker.invokeTestMethods(TestInvoker.java:102)
	at org.testng.internal.TestMethodWorker.invokeTestMethods(TestMethodWorker.java:146)
	at org.testng.internal.TestMethodWorker.run(TestMethodWorker.java:128)
	at java.base/java.util.ArrayList.forEach(ArrayList.java:1511)
	at org.testng.TestRunner.privateRun(TestRunner.java:794)
	at org.testng.TestRunner.run(TestRunner.java:596)
	at org.testng.SuiteRunner.runTest(SuiteRunner.java:377)
	at org.testng.SuiteRunner.runSequentially(SuiteRunner.java:371)
	at org.testng.SuiteRunner.privateRun(SuiteRunner.java:332)
	at org.testng.SuiteRunner.run(SuiteRunner.java:276)
	at org.testng.SuiteRunnerWorker.runSuite(SuiteRunnerWorker.java:53)
	at org.testng.SuiteRunnerWorker.run(SuiteRunnerWorker.java:96)
	at org.testng.TestNG.runSuitesSequentially(TestNG.java:1212)
	at org.testng.TestNG.runSuitesLocally(TestNG.java:1134)
	at org.testng.TestNG.runSuites(TestNG.java:1063)
	at org.testng.TestNG.run(TestNG.java:1031)
	at org.testng.remote.AbstractRemoteTestNG.run(AbstractRemoteTestNG.java:115)
	at org.testng.remote.RemoteTestNG.initAndRun(RemoteTestNG.java:251)
	at org.testng.remote.RemoteTestNG.main(RemoteTestNG.java:77)
</pre></div><a href='#' onClick='toggleBox("stack-trace1446872403", this, "Click to show all stack frames", "Click to hide stack frames")'>Click to show all stack frames</a>
<div class='stack-trace' id='stack-trace1446872403'><pre>java.lang.Throwable: Method Orders_Verify_used_car_ownbook_business_hire_With_Customer_Flow_Test.T23_verify_delivery_section_gets_enabled_when_deliver_to_customer_toggle_button_is_made_off_test()[pri:23, instance:orders.Orders_Verify_used_car_ownbook_business_hire_With_Customer_Flow_Test@7ef82753] depends on not successfully finished methods
	at org.testng.internal.TestInvoker.invokeTestMethods(TestInvoker.java:102)
	at org.testng.internal.TestMethodWorker.invokeTestMethods(TestMethodWorker.java:146)
	at org.testng.internal.TestMethodWorker.run(TestMethodWorker.java:128)
	at java.base/java.util.ArrayList.forEach(ArrayList.java:1511)
	at org.testng.TestRunner.privateRun(TestRunner.java:794)
	at org.testng.TestRunner.run(TestRunner.java:596)
	at org.testng.SuiteRunner.runTest(SuiteRunner.java:377)
	at org.testng.SuiteRunner.runSequentially(SuiteRunner.java:371)
	at org.testng.SuiteRunner.privateRun(SuiteRunner.java:332)
	at org.testng.SuiteRunner.run(SuiteRunner.java:276)
	at org.testng.SuiteRunnerWorker.runSuite(SuiteRunnerWorker.java:53)
	at org.testng.SuiteRunnerWorker.run(SuiteRunnerWorker.java:96)
	at org.testng.TestNG.runSuitesSequentially(TestNG.java:1212)
	at org.testng.TestNG.runSuitesLocally(TestNG.java:1134)
	at org.testng.TestNG.runSuites(TestNG.java:1063)
	at org.testng.TestNG.run(TestNG.java:1031)
	at org.testng.remote.AbstractRemoteTestNG.run(AbstractRemoteTestNG.java:115)
	at org.testng.remote.RemoteTestNG.initAndRun(RemoteTestNG.java:251)
	at org.testng.remote.RemoteTestNG.main(RemoteTestNG.java:77)
</pre></div></td>
<td>0</td>
<td>orders.Orders_Verify_used_car_ownbook_business_hire_With_Customer_Flow_Test@7ef82753</td></tr>
<tr>
<td title='orders.Orders_Verify_used_car_ownbook_business_hire_With_Customer_Flow_Test.T25_verify_delivery_status_after_selecting_confirmed_delivery_date_in_delivery_section_of_vehicle_tab_test()'><b>T25_verify_delivery_status_after_selecting_confirmed_delivery_date_in_delivery_section_of_vehicle_tab_test</b><br>Test class: orders.Orders_Verify_used_car_ownbook_business_hire_With_Customer_Flow_Test</td>
<td><div><pre>java.lang.Throwable: Method Orders_Verify_used_car_ownbook_business_hire_With_Customer_Flow_Test.T25_verify_delivery_status_after_selecting_confirmed_delivery_date_in_delivery_section_of_vehicle_tab_test()[pri:25, instance:orders.Orders_Verify_used_car_ownbook_business_hire_With_Customer_Flow_Test@7ef82753] depends on not successfully finished methods
	at org.testng.internal.TestInvoker.invokeTestMethods(TestInvoker.java:102)
	at org.testng.internal.TestMethodWorker.invokeTestMethods(TestMethodWorker.java:146)
	at org.testng.internal.TestMethodWorker.run(TestMethodWorker.java:128)
	at java.base/java.util.ArrayList.forEach(ArrayList.java:1511)
	at org.testng.TestRunner.privateRun(TestRunner.java:794)
	at org.testng.TestRunner.run(TestRunner.java:596)
	at org.testng.SuiteRunner.runTest(SuiteRunner.java:377)
	at org.testng.SuiteRunner.runSequentially(SuiteRunner.java:371)
	at org.testng.SuiteRunner.privateRun(SuiteRunner.java:332)
	at org.testng.SuiteRunner.run(SuiteRunner.java:276)
	at org.testng.SuiteRunnerWorker.runSuite(SuiteRunnerWorker.java:53)
	at org.testng.SuiteRunnerWorker.run(SuiteRunnerWorker.java:96)
	at org.testng.TestNG.runSuitesSequentially(TestNG.java:1212)
	at org.testng.TestNG.runSuitesLocally(TestNG.java:1134)
	at org.testng.TestNG.runSuites(TestNG.java:1063)
	at org.testng.TestNG.run(TestNG.java:1031)
	at org.testng.remote.AbstractRemoteTestNG.run(AbstractRemoteTestNG.java:115)
	at org.testng.remote.RemoteTestNG.initAndRun(RemoteTestNG.java:251)
	at org.testng.remote.RemoteTestNG.main(RemoteTestNG.java:77)
</pre></div><a href='#' onClick='toggleBox("stack-trace1393238980", this, "Click to show all stack frames", "Click to hide stack frames")'>Click to show all stack frames</a>
<div class='stack-trace' id='stack-trace1393238980'><pre>java.lang.Throwable: Method Orders_Verify_used_car_ownbook_business_hire_With_Customer_Flow_Test.T25_verify_delivery_status_after_selecting_confirmed_delivery_date_in_delivery_section_of_vehicle_tab_test()[pri:25, instance:orders.Orders_Verify_used_car_ownbook_business_hire_With_Customer_Flow_Test@7ef82753] depends on not successfully finished methods
	at org.testng.internal.TestInvoker.invokeTestMethods(TestInvoker.java:102)
	at org.testng.internal.TestMethodWorker.invokeTestMethods(TestMethodWorker.java:146)
	at org.testng.internal.TestMethodWorker.run(TestMethodWorker.java:128)
	at java.base/java.util.ArrayList.forEach(ArrayList.java:1511)
	at org.testng.TestRunner.privateRun(TestRunner.java:794)
	at org.testng.TestRunner.run(TestRunner.java:596)
	at org.testng.SuiteRunner.runTest(SuiteRunner.java:377)
	at org.testng.SuiteRunner.runSequentially(SuiteRunner.java:371)
	at org.testng.SuiteRunner.privateRun(SuiteRunner.java:332)
	at org.testng.SuiteRunner.run(SuiteRunner.java:276)
	at org.testng.SuiteRunnerWorker.runSuite(SuiteRunnerWorker.java:53)
	at org.testng.SuiteRunnerWorker.run(SuiteRunnerWorker.java:96)
	at org.testng.TestNG.runSuitesSequentially(TestNG.java:1212)
	at org.testng.TestNG.runSuitesLocally(TestNG.java:1134)
	at org.testng.TestNG.runSuites(TestNG.java:1063)
	at org.testng.TestNG.run(TestNG.java:1031)
	at org.testng.remote.AbstractRemoteTestNG.run(AbstractRemoteTestNG.java:115)
	at org.testng.remote.RemoteTestNG.initAndRun(RemoteTestNG.java:251)
	at org.testng.remote.RemoteTestNG.main(RemoteTestNG.java:77)
</pre></div></td>
<td>0</td>
<td>orders.Orders_Verify_used_car_ownbook_business_hire_With_Customer_Flow_Test@7ef82753</td></tr>
<tr>
<td title='orders.Orders_Verify_used_car_ownbook_business_hire_With_Customer_Flow_Test.T16_verify_payment_default_status()'><b>T16_verify_payment_default_status</b><br>Test class: orders.Orders_Verify_used_car_ownbook_business_hire_With_Customer_Flow_Test</td>
<td><div><pre>java.lang.Throwable: Method Orders_Verify_used_car_ownbook_business_hire_With_Customer_Flow_Test.T16_verify_payment_default_status()[pri:16, instance:orders.Orders_Verify_used_car_ownbook_business_hire_With_Customer_Flow_Test@7ef82753] depends on not successfully finished methods
	at org.testng.internal.TestInvoker.invokeTestMethods(TestInvoker.java:102)
	at org.testng.internal.TestMethodWorker.invokeTestMethods(TestMethodWorker.java:146)
	at org.testng.internal.TestMethodWorker.run(TestMethodWorker.java:128)
	at java.base/java.util.ArrayList.forEach(ArrayList.java:1511)
	at org.testng.TestRunner.privateRun(TestRunner.java:794)
	at org.testng.TestRunner.run(TestRunner.java:596)
	at org.testng.SuiteRunner.runTest(SuiteRunner.java:377)
	at org.testng.SuiteRunner.runSequentially(SuiteRunner.java:371)
	at org.testng.SuiteRunner.privateRun(SuiteRunner.java:332)
	at org.testng.SuiteRunner.run(SuiteRunner.java:276)
	at org.testng.SuiteRunnerWorker.runSuite(SuiteRunnerWorker.java:53)
	at org.testng.SuiteRunnerWorker.run(SuiteRunnerWorker.java:96)
	at org.testng.TestNG.runSuitesSequentially(TestNG.java:1212)
	at org.testng.TestNG.runSuitesLocally(TestNG.java:1134)
	at org.testng.TestNG.runSuites(TestNG.java:1063)
	at org.testng.TestNG.run(TestNG.java:1031)
	at org.testng.remote.AbstractRemoteTestNG.run(AbstractRemoteTestNG.java:115)
	at org.testng.remote.RemoteTestNG.initAndRun(RemoteTestNG.java:251)
	at org.testng.remote.RemoteTestNG.main(RemoteTestNG.java:77)
</pre></div><a href='#' onClick='toggleBox("stack-trace561445606", this, "Click to show all stack frames", "Click to hide stack frames")'>Click to show all stack frames</a>
<div class='stack-trace' id='stack-trace561445606'><pre>java.lang.Throwable: Method Orders_Verify_used_car_ownbook_business_hire_With_Customer_Flow_Test.T16_verify_payment_default_status()[pri:16, instance:orders.Orders_Verify_used_car_ownbook_business_hire_With_Customer_Flow_Test@7ef82753] depends on not successfully finished methods
	at org.testng.internal.TestInvoker.invokeTestMethods(TestInvoker.java:102)
	at org.testng.internal.TestMethodWorker.invokeTestMethods(TestMethodWorker.java:146)
	at org.testng.internal.TestMethodWorker.run(TestMethodWorker.java:128)
	at java.base/java.util.ArrayList.forEach(ArrayList.java:1511)
	at org.testng.TestRunner.privateRun(TestRunner.java:794)
	at org.testng.TestRunner.run(TestRunner.java:596)
	at org.testng.SuiteRunner.runTest(SuiteRunner.java:377)
	at org.testng.SuiteRunner.runSequentially(SuiteRunner.java:371)
	at org.testng.SuiteRunner.privateRun(SuiteRunner.java:332)
	at org.testng.SuiteRunner.run(SuiteRunner.java:276)
	at org.testng.SuiteRunnerWorker.runSuite(SuiteRunnerWorker.java:53)
	at org.testng.SuiteRunnerWorker.run(SuiteRunnerWorker.java:96)
	at org.testng.TestNG.runSuitesSequentially(TestNG.java:1212)
	at org.testng.TestNG.runSuitesLocally(TestNG.java:1134)
	at org.testng.TestNG.runSuites(TestNG.java:1063)
	at org.testng.TestNG.run(TestNG.java:1031)
	at org.testng.remote.AbstractRemoteTestNG.run(AbstractRemoteTestNG.java:115)
	at org.testng.remote.RemoteTestNG.initAndRun(RemoteTestNG.java:251)
	at org.testng.remote.RemoteTestNG.main(RemoteTestNG.java:77)
</pre></div></td>
<td>0</td>
<td>orders.Orders_Verify_used_car_ownbook_business_hire_With_Customer_Flow_Test@7ef82753</td></tr>
<tr>
<td title='orders.Orders_Verify_used_car_ownbook_business_hire_With_Customer_Flow_Test.T18_verify_payment_status_after_making_a_payment_on_customer_contract_tab()'><b>T18_verify_payment_status_after_making_a_payment_on_customer_contract_tab</b><br>Test class: orders.Orders_Verify_used_car_ownbook_business_hire_With_Customer_Flow_Test</td>
<td><div><pre>java.lang.Throwable: Method Orders_Verify_used_car_ownbook_business_hire_With_Customer_Flow_Test.T18_verify_payment_status_after_making_a_payment_on_customer_contract_tab()[pri:18, instance:orders.Orders_Verify_used_car_ownbook_business_hire_With_Customer_Flow_Test@7ef82753] depends on not successfully finished methods
	at org.testng.internal.TestInvoker.invokeTestMethods(TestInvoker.java:102)
	at org.testng.internal.TestMethodWorker.invokeTestMethods(TestMethodWorker.java:146)
	at org.testng.internal.TestMethodWorker.run(TestMethodWorker.java:128)
	at java.base/java.util.ArrayList.forEach(ArrayList.java:1511)
	at org.testng.TestRunner.privateRun(TestRunner.java:794)
	at org.testng.TestRunner.run(TestRunner.java:596)
	at org.testng.SuiteRunner.runTest(SuiteRunner.java:377)
	at org.testng.SuiteRunner.runSequentially(SuiteRunner.java:371)
	at org.testng.SuiteRunner.privateRun(SuiteRunner.java:332)
	at org.testng.SuiteRunner.run(SuiteRunner.java:276)
	at org.testng.SuiteRunnerWorker.runSuite(SuiteRunnerWorker.java:53)
	at org.testng.SuiteRunnerWorker.run(SuiteRunnerWorker.java:96)
	at org.testng.TestNG.runSuitesSequentially(TestNG.java:1212)
	at org.testng.TestNG.runSuitesLocally(TestNG.java:1134)
	at org.testng.TestNG.runSuites(TestNG.java:1063)
	at org.testng.TestNG.run(TestNG.java:1031)
	at org.testng.remote.AbstractRemoteTestNG.run(AbstractRemoteTestNG.java:115)
	at org.testng.remote.RemoteTestNG.initAndRun(RemoteTestNG.java:251)
	at org.testng.remote.RemoteTestNG.main(RemoteTestNG.java:77)
</pre></div><a href='#' onClick='toggleBox("stack-trace302264183", this, "Click to show all stack frames", "Click to hide stack frames")'>Click to show all stack frames</a>
<div class='stack-trace' id='stack-trace302264183'><pre>java.lang.Throwable: Method Orders_Verify_used_car_ownbook_business_hire_With_Customer_Flow_Test.T18_verify_payment_status_after_making_a_payment_on_customer_contract_tab()[pri:18, instance:orders.Orders_Verify_used_car_ownbook_business_hire_With_Customer_Flow_Test@7ef82753] depends on not successfully finished methods
	at org.testng.internal.TestInvoker.invokeTestMethods(TestInvoker.java:102)
	at org.testng.internal.TestMethodWorker.invokeTestMethods(TestMethodWorker.java:146)
	at org.testng.internal.TestMethodWorker.run(TestMethodWorker.java:128)
	at java.base/java.util.ArrayList.forEach(ArrayList.java:1511)
	at org.testng.TestRunner.privateRun(TestRunner.java:794)
	at org.testng.TestRunner.run(TestRunner.java:596)
	at org.testng.SuiteRunner.runTest(SuiteRunner.java:377)
	at org.testng.SuiteRunner.runSequentially(SuiteRunner.java:371)
	at org.testng.SuiteRunner.privateRun(SuiteRunner.java:332)
	at org.testng.SuiteRunner.run(SuiteRunner.java:276)
	at org.testng.SuiteRunnerWorker.runSuite(SuiteRunnerWorker.java:53)
	at org.testng.SuiteRunnerWorker.run(SuiteRunnerWorker.java:96)
	at org.testng.TestNG.runSuitesSequentially(TestNG.java:1212)
	at org.testng.TestNG.runSuitesLocally(TestNG.java:1134)
	at org.testng.TestNG.runSuites(TestNG.java:1063)
	at org.testng.TestNG.run(TestNG.java:1031)
	at org.testng.remote.AbstractRemoteTestNG.run(AbstractRemoteTestNG.java:115)
	at org.testng.remote.RemoteTestNG.initAndRun(RemoteTestNG.java:251)
	at org.testng.remote.RemoteTestNG.main(RemoteTestNG.java:77)
</pre></div></td>
<td>0</td>
<td>orders.Orders_Verify_used_car_ownbook_business_hire_With_Customer_Flow_Test@7ef82753</td></tr>
<tr>
<td title='orders.Orders_Verify_used_car_ownbook_business_hire_With_Customer_Flow_Test.T14_verify_default_status_acceptance_conditions_for_ownbook_hire_flow()'><b>T14_verify_default_status_acceptance_conditions_for_ownbook_hire_flow</b><br>Test class: orders.Orders_Verify_used_car_ownbook_business_hire_With_Customer_Flow_Test</td>
<td><div><pre>java.lang.Throwable: Method Orders_Verify_used_car_ownbook_business_hire_With_Customer_Flow_Test.T14_verify_default_status_acceptance_conditions_for_ownbook_hire_flow()[pri:14, instance:orders.Orders_Verify_used_car_ownbook_business_hire_With_Customer_Flow_Test@7ef82753] depends on not successfully finished methods
	at org.testng.internal.TestInvoker.invokeTestMethods(TestInvoker.java:102)
	at org.testng.internal.TestMethodWorker.invokeTestMethods(TestMethodWorker.java:146)
	at org.testng.internal.TestMethodWorker.run(TestMethodWorker.java:128)
	at java.base/java.util.ArrayList.forEach(ArrayList.java:1511)
	at org.testng.TestRunner.privateRun(TestRunner.java:794)
	at org.testng.TestRunner.run(TestRunner.java:596)
	at org.testng.SuiteRunner.runTest(SuiteRunner.java:377)
	at org.testng.SuiteRunner.runSequentially(SuiteRunner.java:371)
	at org.testng.SuiteRunner.privateRun(SuiteRunner.java:332)
	at org.testng.SuiteRunner.run(SuiteRunner.java:276)
	at org.testng.SuiteRunnerWorker.runSuite(SuiteRunnerWorker.java:53)
	at org.testng.SuiteRunnerWorker.run(SuiteRunnerWorker.java:96)
	at org.testng.TestNG.runSuitesSequentially(TestNG.java:1212)
	at org.testng.TestNG.runSuitesLocally(TestNG.java:1134)
	at org.testng.TestNG.runSuites(TestNG.java:1063)
	at org.testng.TestNG.run(TestNG.java:1031)
	at org.testng.remote.AbstractRemoteTestNG.run(AbstractRemoteTestNG.java:115)
	at org.testng.remote.RemoteTestNG.initAndRun(RemoteTestNG.java:251)
	at org.testng.remote.RemoteTestNG.main(RemoteTestNG.java:77)
</pre></div><a href='#' onClick='toggleBox("stack-trace1859541186", this, "Click to show all stack frames", "Click to hide stack frames")'>Click to show all stack frames</a>
<div class='stack-trace' id='stack-trace1859541186'><pre>java.lang.Throwable: Method Orders_Verify_used_car_ownbook_business_hire_With_Customer_Flow_Test.T14_verify_default_status_acceptance_conditions_for_ownbook_hire_flow()[pri:14, instance:orders.Orders_Verify_used_car_ownbook_business_hire_With_Customer_Flow_Test@7ef82753] depends on not successfully finished methods
	at org.testng.internal.TestInvoker.invokeTestMethods(TestInvoker.java:102)
	at org.testng.internal.TestMethodWorker.invokeTestMethods(TestMethodWorker.java:146)
	at org.testng.internal.TestMethodWorker.run(TestMethodWorker.java:128)
	at java.base/java.util.ArrayList.forEach(ArrayList.java:1511)
	at org.testng.TestRunner.privateRun(TestRunner.java:794)
	at org.testng.TestRunner.run(TestRunner.java:596)
	at org.testng.SuiteRunner.runTest(SuiteRunner.java:377)
	at org.testng.SuiteRunner.runSequentially(SuiteRunner.java:371)
	at org.testng.SuiteRunner.privateRun(SuiteRunner.java:332)
	at org.testng.SuiteRunner.run(SuiteRunner.java:276)
	at org.testng.SuiteRunnerWorker.runSuite(SuiteRunnerWorker.java:53)
	at org.testng.SuiteRunnerWorker.run(SuiteRunnerWorker.java:96)
	at org.testng.TestNG.runSuitesSequentially(TestNG.java:1212)
	at org.testng.TestNG.runSuitesLocally(TestNG.java:1134)
	at org.testng.TestNG.runSuites(TestNG.java:1063)
	at org.testng.TestNG.run(TestNG.java:1031)
	at org.testng.remote.AbstractRemoteTestNG.run(AbstractRemoteTestNG.java:115)
	at org.testng.remote.RemoteTestNG.initAndRun(RemoteTestNG.java:251)
	at org.testng.remote.RemoteTestNG.main(RemoteTestNG.java:77)
</pre></div></td>
<td>0</td>
<td>orders.Orders_Verify_used_car_ownbook_business_hire_With_Customer_Flow_Test@7ef82753</td></tr>
<tr>
<td title='orders.Orders_Verify_used_car_ownbook_business_hire_With_Customer_Flow_Test.T19_verify_delivery_status_after_selecting_date_offered_in_delivery_section_of_customer_contract_tab_test()'><b>T19_verify_delivery_status_after_selecting_date_offered_in_delivery_section_of_customer_contract_tab_test</b><br>Test class: orders.Orders_Verify_used_car_ownbook_business_hire_With_Customer_Flow_Test</td>
<td><div><pre>java.lang.Throwable: Method Orders_Verify_used_car_ownbook_business_hire_With_Customer_Flow_Test.T19_verify_delivery_status_after_selecting_date_offered_in_delivery_section_of_customer_contract_tab_test()[pri:19, instance:orders.Orders_Verify_used_car_ownbook_business_hire_With_Customer_Flow_Test@7ef82753] depends on not successfully finished methods
	at org.testng.internal.TestInvoker.invokeTestMethods(TestInvoker.java:102)
	at org.testng.internal.TestMethodWorker.invokeTestMethods(TestMethodWorker.java:146)
	at org.testng.internal.TestMethodWorker.run(TestMethodWorker.java:128)
	at java.base/java.util.ArrayList.forEach(ArrayList.java:1511)
	at org.testng.TestRunner.privateRun(TestRunner.java:794)
	at org.testng.TestRunner.run(TestRunner.java:596)
	at org.testng.SuiteRunner.runTest(SuiteRunner.java:377)
	at org.testng.SuiteRunner.runSequentially(SuiteRunner.java:371)
	at org.testng.SuiteRunner.privateRun(SuiteRunner.java:332)
	at org.testng.SuiteRunner.run(SuiteRunner.java:276)
	at org.testng.SuiteRunnerWorker.runSuite(SuiteRunnerWorker.java:53)
	at org.testng.SuiteRunnerWorker.run(SuiteRunnerWorker.java:96)
	at org.testng.TestNG.runSuitesSequentially(TestNG.java:1212)
	at org.testng.TestNG.runSuitesLocally(TestNG.java:1134)
	at org.testng.TestNG.runSuites(TestNG.java:1063)
	at org.testng.TestNG.run(TestNG.java:1031)
	at org.testng.remote.AbstractRemoteTestNG.run(AbstractRemoteTestNG.java:115)
	at org.testng.remote.RemoteTestNG.initAndRun(RemoteTestNG.java:251)
	at org.testng.remote.RemoteTestNG.main(RemoteTestNG.java:77)
</pre></div><a href='#' onClick='toggleBox("stack-trace1348756208", this, "Click to show all stack frames", "Click to hide stack frames")'>Click to show all stack frames</a>
<div class='stack-trace' id='stack-trace1348756208'><pre>java.lang.Throwable: Method Orders_Verify_used_car_ownbook_business_hire_With_Customer_Flow_Test.T19_verify_delivery_status_after_selecting_date_offered_in_delivery_section_of_customer_contract_tab_test()[pri:19, instance:orders.Orders_Verify_used_car_ownbook_business_hire_With_Customer_Flow_Test@7ef82753] depends on not successfully finished methods
	at org.testng.internal.TestInvoker.invokeTestMethods(TestInvoker.java:102)
	at org.testng.internal.TestMethodWorker.invokeTestMethods(TestMethodWorker.java:146)
	at org.testng.internal.TestMethodWorker.run(TestMethodWorker.java:128)
	at java.base/java.util.ArrayList.forEach(ArrayList.java:1511)
	at org.testng.TestRunner.privateRun(TestRunner.java:794)
	at org.testng.TestRunner.run(TestRunner.java:596)
	at org.testng.SuiteRunner.runTest(SuiteRunner.java:377)
	at org.testng.SuiteRunner.runSequentially(SuiteRunner.java:371)
	at org.testng.SuiteRunner.privateRun(SuiteRunner.java:332)
	at org.testng.SuiteRunner.run(SuiteRunner.java:276)
	at org.testng.SuiteRunnerWorker.runSuite(SuiteRunnerWorker.java:53)
	at org.testng.SuiteRunnerWorker.run(SuiteRunnerWorker.java:96)
	at org.testng.TestNG.runSuitesSequentially(TestNG.java:1212)
	at org.testng.TestNG.runSuitesLocally(TestNG.java:1134)
	at org.testng.TestNG.runSuites(TestNG.java:1063)
	at org.testng.TestNG.run(TestNG.java:1031)
	at org.testng.remote.AbstractRemoteTestNG.run(AbstractRemoteTestNG.java:115)
	at org.testng.remote.RemoteTestNG.initAndRun(RemoteTestNG.java:251)
	at org.testng.remote.RemoteTestNG.main(RemoteTestNG.java:77)
</pre></div></td>
<td>0</td>
<td>orders.Orders_Verify_used_car_ownbook_business_hire_With_Customer_Flow_Test@7ef82753</td></tr>
<tr>
<td title='orders.Orders_Verify_used_car_ownbook_business_hire_With_Customer_Flow_Test.T27_verify_finance_documents_statuses_test()'><b>T27_verify_finance_documents_statuses_test</b><br>Test class: orders.Orders_Verify_used_car_ownbook_business_hire_With_Customer_Flow_Test</td>
<td><div><pre>java.lang.Throwable: Method Orders_Verify_used_car_ownbook_business_hire_With_Customer_Flow_Test.T27_verify_finance_documents_statuses_test()[pri:27, instance:orders.Orders_Verify_used_car_ownbook_business_hire_With_Customer_Flow_Test@7ef82753] depends on not successfully finished methods
	at org.testng.internal.TestInvoker.invokeTestMethods(TestInvoker.java:102)
	at org.testng.internal.TestMethodWorker.invokeTestMethods(TestMethodWorker.java:146)
	at org.testng.internal.TestMethodWorker.run(TestMethodWorker.java:128)
	at java.base/java.util.ArrayList.forEach(ArrayList.java:1511)
	at org.testng.TestRunner.privateRun(TestRunner.java:794)
	at org.testng.TestRunner.run(TestRunner.java:596)
	at org.testng.SuiteRunner.runTest(SuiteRunner.java:377)
	at org.testng.SuiteRunner.runSequentially(SuiteRunner.java:371)
	at org.testng.SuiteRunner.privateRun(SuiteRunner.java:332)
	at org.testng.SuiteRunner.run(SuiteRunner.java:276)
	at org.testng.SuiteRunnerWorker.runSuite(SuiteRunnerWorker.java:53)
	at org.testng.SuiteRunnerWorker.run(SuiteRunnerWorker.java:96)
	at org.testng.TestNG.runSuitesSequentially(TestNG.java:1212)
	at org.testng.TestNG.runSuitesLocally(TestNG.java:1134)
	at org.testng.TestNG.runSuites(TestNG.java:1063)
	at org.testng.TestNG.run(TestNG.java:1031)
	at org.testng.remote.AbstractRemoteTestNG.run(AbstractRemoteTestNG.java:115)
	at org.testng.remote.RemoteTestNG.initAndRun(RemoteTestNG.java:251)
	at org.testng.remote.RemoteTestNG.main(RemoteTestNG.java:77)
</pre></div><a href='#' onClick='toggleBox("stack-trace1507035111", this, "Click to show all stack frames", "Click to hide stack frames")'>Click to show all stack frames</a>
<div class='stack-trace' id='stack-trace1507035111'><pre>java.lang.Throwable: Method Orders_Verify_used_car_ownbook_business_hire_With_Customer_Flow_Test.T27_verify_finance_documents_statuses_test()[pri:27, instance:orders.Orders_Verify_used_car_ownbook_business_hire_With_Customer_Flow_Test@7ef82753] depends on not successfully finished methods
	at org.testng.internal.TestInvoker.invokeTestMethods(TestInvoker.java:102)
	at org.testng.internal.TestMethodWorker.invokeTestMethods(TestMethodWorker.java:146)
	at org.testng.internal.TestMethodWorker.run(TestMethodWorker.java:128)
	at java.base/java.util.ArrayList.forEach(ArrayList.java:1511)
	at org.testng.TestRunner.privateRun(TestRunner.java:794)
	at org.testng.TestRunner.run(TestRunner.java:596)
	at org.testng.SuiteRunner.runTest(SuiteRunner.java:377)
	at org.testng.SuiteRunner.runSequentially(SuiteRunner.java:371)
	at org.testng.SuiteRunner.privateRun(SuiteRunner.java:332)
	at org.testng.SuiteRunner.run(SuiteRunner.java:276)
	at org.testng.SuiteRunnerWorker.runSuite(SuiteRunnerWorker.java:53)
	at org.testng.SuiteRunnerWorker.run(SuiteRunnerWorker.java:96)
	at org.testng.TestNG.runSuitesSequentially(TestNG.java:1212)
	at org.testng.TestNG.runSuitesLocally(TestNG.java:1134)
	at org.testng.TestNG.runSuites(TestNG.java:1063)
	at org.testng.TestNG.run(TestNG.java:1031)
	at org.testng.remote.AbstractRemoteTestNG.run(AbstractRemoteTestNG.java:115)
	at org.testng.remote.RemoteTestNG.initAndRun(RemoteTestNG.java:251)
	at org.testng.remote.RemoteTestNG.main(RemoteTestNG.java:77)
</pre></div></td>
<td>0</td>
<td>orders.Orders_Verify_used_car_ownbook_business_hire_With_Customer_Flow_Test@7ef82753</td></tr>
<tr>
<td title='orders.Orders_Verify_used_car_ownbook_business_hire_With_Customer_Flow_Test.T15_verify_summary_section_values()'><b>T15_verify_summary_section_values</b><br>Test class: orders.Orders_Verify_used_car_ownbook_business_hire_With_Customer_Flow_Test</td>
<td><div><pre>java.lang.Throwable: Method Orders_Verify_used_car_ownbook_business_hire_With_Customer_Flow_Test.T15_verify_summary_section_values()[pri:15, instance:orders.Orders_Verify_used_car_ownbook_business_hire_With_Customer_Flow_Test@7ef82753] depends on not successfully finished methods
	at org.testng.internal.TestInvoker.invokeTestMethods(TestInvoker.java:102)
	at org.testng.internal.TestMethodWorker.invokeTestMethods(TestMethodWorker.java:146)
	at org.testng.internal.TestMethodWorker.run(TestMethodWorker.java:128)
	at java.base/java.util.ArrayList.forEach(ArrayList.java:1511)
	at org.testng.TestRunner.privateRun(TestRunner.java:794)
	at org.testng.TestRunner.run(TestRunner.java:596)
	at org.testng.SuiteRunner.runTest(SuiteRunner.java:377)
	at org.testng.SuiteRunner.runSequentially(SuiteRunner.java:371)
	at org.testng.SuiteRunner.privateRun(SuiteRunner.java:332)
	at org.testng.SuiteRunner.run(SuiteRunner.java:276)
	at org.testng.SuiteRunnerWorker.runSuite(SuiteRunnerWorker.java:53)
	at org.testng.SuiteRunnerWorker.run(SuiteRunnerWorker.java:96)
	at org.testng.TestNG.runSuitesSequentially(TestNG.java:1212)
	at org.testng.TestNG.runSuitesLocally(TestNG.java:1134)
	at org.testng.TestNG.runSuites(TestNG.java:1063)
	at org.testng.TestNG.run(TestNG.java:1031)
	at org.testng.remote.AbstractRemoteTestNG.run(AbstractRemoteTestNG.java:115)
	at org.testng.remote.RemoteTestNG.initAndRun(RemoteTestNG.java:251)
	at org.testng.remote.RemoteTestNG.main(RemoteTestNG.java:77)
</pre></div><a href='#' onClick='toggleBox("stack-trace1862886449", this, "Click to show all stack frames", "Click to hide stack frames")'>Click to show all stack frames</a>
<div class='stack-trace' id='stack-trace1862886449'><pre>java.lang.Throwable: Method Orders_Verify_used_car_ownbook_business_hire_With_Customer_Flow_Test.T15_verify_summary_section_values()[pri:15, instance:orders.Orders_Verify_used_car_ownbook_business_hire_With_Customer_Flow_Test@7ef82753] depends on not successfully finished methods
	at org.testng.internal.TestInvoker.invokeTestMethods(TestInvoker.java:102)
	at org.testng.internal.TestMethodWorker.invokeTestMethods(TestMethodWorker.java:146)
	at org.testng.internal.TestMethodWorker.run(TestMethodWorker.java:128)
	at java.base/java.util.ArrayList.forEach(ArrayList.java:1511)
	at org.testng.TestRunner.privateRun(TestRunner.java:794)
	at org.testng.TestRunner.run(TestRunner.java:596)
	at org.testng.SuiteRunner.runTest(SuiteRunner.java:377)
	at org.testng.SuiteRunner.runSequentially(SuiteRunner.java:371)
	at org.testng.SuiteRunner.privateRun(SuiteRunner.java:332)
	at org.testng.SuiteRunner.run(SuiteRunner.java:276)
	at org.testng.SuiteRunnerWorker.runSuite(SuiteRunnerWorker.java:53)
	at org.testng.SuiteRunnerWorker.run(SuiteRunnerWorker.java:96)
	at org.testng.TestNG.runSuitesSequentially(TestNG.java:1212)
	at org.testng.TestNG.runSuitesLocally(TestNG.java:1134)
	at org.testng.TestNG.runSuites(TestNG.java:1063)
	at org.testng.TestNG.run(TestNG.java:1031)
	at org.testng.remote.AbstractRemoteTestNG.run(AbstractRemoteTestNG.java:115)
	at org.testng.remote.RemoteTestNG.initAndRun(RemoteTestNG.java:251)
	at org.testng.remote.RemoteTestNG.main(RemoteTestNG.java:77)
</pre></div></td>
<td>0</td>
<td>orders.Orders_Verify_used_car_ownbook_business_hire_With_Customer_Flow_Test@7ef82753</td></tr>
<tr>
<td title='orders.Orders_Verify_used_car_ownbook_business_hire_With_Customer_Flow_Test.T24_verify_delivery_status_after_selecting_date_offered_in_delivery_section_of_vehicle_order_tab_test()'><b>T24_verify_delivery_status_after_selecting_date_offered_in_delivery_section_of_vehicle_order_tab_test</b><br>Test class: orders.Orders_Verify_used_car_ownbook_business_hire_With_Customer_Flow_Test</td>
<td><div><pre>java.lang.Throwable: Method Orders_Verify_used_car_ownbook_business_hire_With_Customer_Flow_Test.T24_verify_delivery_status_after_selecting_date_offered_in_delivery_section_of_vehicle_order_tab_test()[pri:24, instance:orders.Orders_Verify_used_car_ownbook_business_hire_With_Customer_Flow_Test@7ef82753] depends on not successfully finished methods
	at org.testng.internal.TestInvoker.invokeTestMethods(TestInvoker.java:102)
	at org.testng.internal.TestMethodWorker.invokeTestMethods(TestMethodWorker.java:146)
	at org.testng.internal.TestMethodWorker.run(TestMethodWorker.java:128)
	at java.base/java.util.ArrayList.forEach(ArrayList.java:1511)
	at org.testng.TestRunner.privateRun(TestRunner.java:794)
	at org.testng.TestRunner.run(TestRunner.java:596)
	at org.testng.SuiteRunner.runTest(SuiteRunner.java:377)
	at org.testng.SuiteRunner.runSequentially(SuiteRunner.java:371)
	at org.testng.SuiteRunner.privateRun(SuiteRunner.java:332)
	at org.testng.SuiteRunner.run(SuiteRunner.java:276)
	at org.testng.SuiteRunnerWorker.runSuite(SuiteRunnerWorker.java:53)
	at org.testng.SuiteRunnerWorker.run(SuiteRunnerWorker.java:96)
	at org.testng.TestNG.runSuitesSequentially(TestNG.java:1212)
	at org.testng.TestNG.runSuitesLocally(TestNG.java:1134)
	at org.testng.TestNG.runSuites(TestNG.java:1063)
	at org.testng.TestNG.run(TestNG.java:1031)
	at org.testng.remote.AbstractRemoteTestNG.run(AbstractRemoteTestNG.java:115)
	at org.testng.remote.RemoteTestNG.initAndRun(RemoteTestNG.java:251)
	at org.testng.remote.RemoteTestNG.main(RemoteTestNG.java:77)
</pre></div><a href='#' onClick='toggleBox("stack-trace643438082", this, "Click to show all stack frames", "Click to hide stack frames")'>Click to show all stack frames</a>
<div class='stack-trace' id='stack-trace643438082'><pre>java.lang.Throwable: Method Orders_Verify_used_car_ownbook_business_hire_With_Customer_Flow_Test.T24_verify_delivery_status_after_selecting_date_offered_in_delivery_section_of_vehicle_order_tab_test()[pri:24, instance:orders.Orders_Verify_used_car_ownbook_business_hire_With_Customer_Flow_Test@7ef82753] depends on not successfully finished methods
	at org.testng.internal.TestInvoker.invokeTestMethods(TestInvoker.java:102)
	at org.testng.internal.TestMethodWorker.invokeTestMethods(TestMethodWorker.java:146)
	at org.testng.internal.TestMethodWorker.run(TestMethodWorker.java:128)
	at java.base/java.util.ArrayList.forEach(ArrayList.java:1511)
	at org.testng.TestRunner.privateRun(TestRunner.java:794)
	at org.testng.TestRunner.run(TestRunner.java:596)
	at org.testng.SuiteRunner.runTest(SuiteRunner.java:377)
	at org.testng.SuiteRunner.runSequentially(SuiteRunner.java:371)
	at org.testng.SuiteRunner.privateRun(SuiteRunner.java:332)
	at org.testng.SuiteRunner.run(SuiteRunner.java:276)
	at org.testng.SuiteRunnerWorker.runSuite(SuiteRunnerWorker.java:53)
	at org.testng.SuiteRunnerWorker.run(SuiteRunnerWorker.java:96)
	at org.testng.TestNG.runSuitesSequentially(TestNG.java:1212)
	at org.testng.TestNG.runSuitesLocally(TestNG.java:1134)
	at org.testng.TestNG.runSuites(TestNG.java:1063)
	at org.testng.TestNG.run(TestNG.java:1031)
	at org.testng.remote.AbstractRemoteTestNG.run(AbstractRemoteTestNG.java:115)
	at org.testng.remote.RemoteTestNG.initAndRun(RemoteTestNG.java:251)
	at org.testng.remote.RemoteTestNG.main(RemoteTestNG.java:77)
</pre></div></td>
<td>0</td>
<td>orders.Orders_Verify_used_car_ownbook_business_hire_With_Customer_Flow_Test@7ef82753</td></tr>
<tr>
<td title='orders.Orders_Verify_used_car_ownbook_business_hire_With_Customer_Flow_Test.T21_verify_delivery_status_after_uploading_delivery_note_in_post_delivery_section_on_customer_contract_tab_test()'><b>T21_verify_delivery_status_after_uploading_delivery_note_in_post_delivery_section_on_customer_contract_tab_test</b><br>Test class: orders.Orders_Verify_used_car_ownbook_business_hire_With_Customer_Flow_Test</td>
<td><div><pre>java.lang.Throwable: Method Orders_Verify_used_car_ownbook_business_hire_With_Customer_Flow_Test.T21_verify_delivery_status_after_uploading_delivery_note_in_post_delivery_section_on_customer_contract_tab_test()[pri:21, instance:orders.Orders_Verify_used_car_ownbook_business_hire_With_Customer_Flow_Test@7ef82753] depends on not successfully finished methods
	at org.testng.internal.TestInvoker.invokeTestMethods(TestInvoker.java:102)
	at org.testng.internal.TestMethodWorker.invokeTestMethods(TestMethodWorker.java:146)
	at org.testng.internal.TestMethodWorker.run(TestMethodWorker.java:128)
	at java.base/java.util.ArrayList.forEach(ArrayList.java:1511)
	at org.testng.TestRunner.privateRun(TestRunner.java:794)
	at org.testng.TestRunner.run(TestRunner.java:596)
	at org.testng.SuiteRunner.runTest(SuiteRunner.java:377)
	at org.testng.SuiteRunner.runSequentially(SuiteRunner.java:371)
	at org.testng.SuiteRunner.privateRun(SuiteRunner.java:332)
	at org.testng.SuiteRunner.run(SuiteRunner.java:276)
	at org.testng.SuiteRunnerWorker.runSuite(SuiteRunnerWorker.java:53)
	at org.testng.SuiteRunnerWorker.run(SuiteRunnerWorker.java:96)
	at org.testng.TestNG.runSuitesSequentially(TestNG.java:1212)
	at org.testng.TestNG.runSuitesLocally(TestNG.java:1134)
	at org.testng.TestNG.runSuites(TestNG.java:1063)
	at org.testng.TestNG.run(TestNG.java:1031)
	at org.testng.remote.AbstractRemoteTestNG.run(AbstractRemoteTestNG.java:115)
	at org.testng.remote.RemoteTestNG.initAndRun(RemoteTestNG.java:251)
	at org.testng.remote.RemoteTestNG.main(RemoteTestNG.java:77)
</pre></div><a href='#' onClick='toggleBox("stack-trace1968538927", this, "Click to show all stack frames", "Click to hide stack frames")'>Click to show all stack frames</a>
<div class='stack-trace' id='stack-trace1968538927'><pre>java.lang.Throwable: Method Orders_Verify_used_car_ownbook_business_hire_With_Customer_Flow_Test.T21_verify_delivery_status_after_uploading_delivery_note_in_post_delivery_section_on_customer_contract_tab_test()[pri:21, instance:orders.Orders_Verify_used_car_ownbook_business_hire_With_Customer_Flow_Test@7ef82753] depends on not successfully finished methods
	at org.testng.internal.TestInvoker.invokeTestMethods(TestInvoker.java:102)
	at org.testng.internal.TestMethodWorker.invokeTestMethods(TestMethodWorker.java:146)
	at org.testng.internal.TestMethodWorker.run(TestMethodWorker.java:128)
	at java.base/java.util.ArrayList.forEach(ArrayList.java:1511)
	at org.testng.TestRunner.privateRun(TestRunner.java:794)
	at org.testng.TestRunner.run(TestRunner.java:596)
	at org.testng.SuiteRunner.runTest(SuiteRunner.java:377)
	at org.testng.SuiteRunner.runSequentially(SuiteRunner.java:371)
	at org.testng.SuiteRunner.privateRun(SuiteRunner.java:332)
	at org.testng.SuiteRunner.run(SuiteRunner.java:276)
	at org.testng.SuiteRunnerWorker.runSuite(SuiteRunnerWorker.java:53)
	at org.testng.SuiteRunnerWorker.run(SuiteRunnerWorker.java:96)
	at org.testng.TestNG.runSuitesSequentially(TestNG.java:1212)
	at org.testng.TestNG.runSuitesLocally(TestNG.java:1134)
	at org.testng.TestNG.runSuites(TestNG.java:1063)
	at org.testng.TestNG.run(TestNG.java:1031)
	at org.testng.remote.AbstractRemoteTestNG.run(AbstractRemoteTestNG.java:115)
	at org.testng.remote.RemoteTestNG.initAndRun(RemoteTestNG.java:251)
	at org.testng.remote.RemoteTestNG.main(RemoteTestNG.java:77)
</pre></div></td>
<td>0</td>
<td>orders.Orders_Verify_used_car_ownbook_business_hire_With_Customer_Flow_Test@7ef82753</td></tr>
<tr>
<td title='orders.Orders_Verify_used_car_ownbook_business_hire_With_Customer_Flow_Test.T29_verify_completed_status_for_test()'><b>T29_verify_completed_status_for_test</b><br>Test class: orders.Orders_Verify_used_car_ownbook_business_hire_With_Customer_Flow_Test</td>
<td><div><pre>java.lang.Throwable: Method Orders_Verify_used_car_ownbook_business_hire_With_Customer_Flow_Test.T29_verify_completed_status_for_test()[pri:29, instance:orders.Orders_Verify_used_car_ownbook_business_hire_With_Customer_Flow_Test@7ef82753] depends on not successfully finished methods
	at org.testng.internal.TestInvoker.invokeTestMethods(TestInvoker.java:102)
	at org.testng.internal.TestMethodWorker.invokeTestMethods(TestMethodWorker.java:146)
	at org.testng.internal.TestMethodWorker.run(TestMethodWorker.java:128)
	at java.base/java.util.ArrayList.forEach(ArrayList.java:1511)
	at org.testng.TestRunner.privateRun(TestRunner.java:794)
	at org.testng.TestRunner.run(TestRunner.java:596)
	at org.testng.SuiteRunner.runTest(SuiteRunner.java:377)
	at org.testng.SuiteRunner.runSequentially(SuiteRunner.java:371)
	at org.testng.SuiteRunner.privateRun(SuiteRunner.java:332)
	at org.testng.SuiteRunner.run(SuiteRunner.java:276)
	at org.testng.SuiteRunnerWorker.runSuite(SuiteRunnerWorker.java:53)
	at org.testng.SuiteRunnerWorker.run(SuiteRunnerWorker.java:96)
	at org.testng.TestNG.runSuitesSequentially(TestNG.java:1212)
	at org.testng.TestNG.runSuitesLocally(TestNG.java:1134)
	at org.testng.TestNG.runSuites(TestNG.java:1063)
	at org.testng.TestNG.run(TestNG.java:1031)
	at org.testng.remote.AbstractRemoteTestNG.run(AbstractRemoteTestNG.java:115)
	at org.testng.remote.RemoteTestNG.initAndRun(RemoteTestNG.java:251)
	at org.testng.remote.RemoteTestNG.main(RemoteTestNG.java:77)
</pre></div><a href='#' onClick='toggleBox("stack-trace986437940", this, "Click to show all stack frames", "Click to hide stack frames")'>Click to show all stack frames</a>
<div class='stack-trace' id='stack-trace986437940'><pre>java.lang.Throwable: Method Orders_Verify_used_car_ownbook_business_hire_With_Customer_Flow_Test.T29_verify_completed_status_for_test()[pri:29, instance:orders.Orders_Verify_used_car_ownbook_business_hire_With_Customer_Flow_Test@7ef82753] depends on not successfully finished methods
	at org.testng.internal.TestInvoker.invokeTestMethods(TestInvoker.java:102)
	at org.testng.internal.TestMethodWorker.invokeTestMethods(TestMethodWorker.java:146)
	at org.testng.internal.TestMethodWorker.run(TestMethodWorker.java:128)
	at java.base/java.util.ArrayList.forEach(ArrayList.java:1511)
	at org.testng.TestRunner.privateRun(TestRunner.java:794)
	at org.testng.TestRunner.run(TestRunner.java:596)
	at org.testng.SuiteRunner.runTest(SuiteRunner.java:377)
	at org.testng.SuiteRunner.runSequentially(SuiteRunner.java:371)
	at org.testng.SuiteRunner.privateRun(SuiteRunner.java:332)
	at org.testng.SuiteRunner.run(SuiteRunner.java:276)
	at org.testng.SuiteRunnerWorker.runSuite(SuiteRunnerWorker.java:53)
	at org.testng.SuiteRunnerWorker.run(SuiteRunnerWorker.java:96)
	at org.testng.TestNG.runSuitesSequentially(TestNG.java:1212)
	at org.testng.TestNG.runSuitesLocally(TestNG.java:1134)
	at org.testng.TestNG.runSuites(TestNG.java:1063)
	at org.testng.TestNG.run(TestNG.java:1031)
	at org.testng.remote.AbstractRemoteTestNG.run(AbstractRemoteTestNG.java:115)
	at org.testng.remote.RemoteTestNG.initAndRun(RemoteTestNG.java:251)
	at org.testng.remote.RemoteTestNG.main(RemoteTestNG.java:77)
</pre></div></td>
<td>0</td>
<td>orders.Orders_Verify_used_car_ownbook_business_hire_With_Customer_Flow_Test@7ef82753</td></tr>
</table><p>
</body>
</html>