<html>
<head>
<title>TestNG:  Check Required to Funded Flow For BCH</title>
<link href="../testng.css" rel="stylesheet" type="text/css" />
<link href="../my-testng.css" rel="stylesheet" type="text/css" />

<style type="text/css">
.log { display: none;} 
.stack-trace { display: none;} 
</style>
<script type="text/javascript">
<!--
function flip(e) {
  current = e.style.display;
  if (current == 'block') {
    e.style.display = 'none';
    return 0;
  }
  else {
    e.style.display = 'block';
    return 1;
  }
}

function toggleBox(szDivId, elem, msg1, msg2)
{
  var res = -1;  if (document.getElementById) {
    res = flip(document.getElementById(szDivId));
  }
  else if (document.all) {
    // this is the way old msie versions work
    res = flip(document.all[szDivId]);
  }
  if(elem) {
    if(res == 0) elem.innerHTML = msg1; else elem.innerHTML = msg2;
  }

}

function toggleAllBoxes() {
  if (document.getElementsByTagName) {
    d = document.getElementsByTagName('div');
    for (i = 0; i < d.length; i++) {
      if (d[i].className == 'log') {
        flip(d[i]);
      }
    }
  }
}

// -->
</script>

</head>
<body>
<h2 align='center'>Check Required to Funded Flow For BCH</h2><table border='1' align="center">
<tr>
<td>Tests passed/Failed/Skipped:</td><td>7/1/2</td>
</tr><tr>
<td>Started on:</td><td>Wed Jan 03 19:43:11 IST 2024</td>
</tr>
<tr><td>Total time:</td><td>653 seconds (653934 ms)</td>
</tr><tr>
<td>Included groups:</td><td></td>
</tr><tr>
<td>Excluded groups:</td><td></td>
</tr>
</table><p/>
<small><i>(Hover the method name to see the test class name)</i></small><p/>
<table width='100%' border='1' class='invocation-failed'>
<tr><td colspan='4' align='center'><b>FAILED TESTS</b></td></tr>
<tr><td><b>Test method</b></td>
<td width="30%"><b>Exception</b></td>
<td width="10%"><b>Time (seconds)</b></td>
<td><b>Instance</b></td>
</tr>
<tr>
<td title='orders.Orders_Asset_Funding_Required_Flow_BCH_Test.verify_finance_documents_statuses_for_required_flow_test()'><b>verify_finance_documents_statuses_for_required_flow_test</b><br>Test class: orders.Orders_Asset_Funding_Required_Flow_BCH_Test<br/>
<a href="#Output-1180563966" onClick='toggleBox("Output-1180563966", this, "Show output", "Hide output");'>Show output</a>

<a href="#Output-1180563966" onClick="toggleAllBoxes();">Show all outputs</a>
<div class='log' id="Output-1180563966">
<b></b> <br /><br/>
<b>Sterted Verifying Finance Document Statuses for required flow</b> <br /><br/>
<b>Finance Document Status after selecting agreement requested date- Found OK i.e Finance docs Requested</b> <br /><br/>
<b>Finance Document Status after selecting agreement received date- Found OK i.e Finance Docs Received</b> <br /><br/>
<b>Finance Document Status after uploading signed documents - Found OK i.e Finance Docs Signed</b> <br /><br/>
<b>Finance Document Status after selecting uploaded to funder date- Found OK i.e Upload to Funder</b> <br /><br/>
<br>----------Screenshot---------<br><br/>
<img src="D:\Orders_Vehicles\AMT_Orders_Vehicles\target\surefire-reports\html\failure_screenshots\verify_finance_documents_statuses_for_required_flow_test_03_01_2024_07_54_04.png" height="800" width="1000"><br/>
</div>
</td>
<td><div><pre>org.openqa.selenium.TimeoutException: Expected condition failed: waiting for element to be clickable: [[ChromeDriver: chrome on WINDOWS (20fd665ec019ad86368a46230787dec6)] -&gt; xpath: //*[@id=&apos;financeactivated&apos;]] (tried for 20 second(s) with 500 milliseconds interval)
Build info: version: &apos;4.1.0&apos;, revision: &apos;87802e897b&apos;
System info: host: &apos;DSK-4052&apos;, ip: &apos;172.16.1.80&apos;, os.name: &apos;Windows 10&apos;, os.arch: &apos;amd64&apos;, os.version: &apos;10.0&apos;, java.version: &apos;19.0.1&apos;
Driver info: org.openqa.selenium.chrome.ChromeDriver
Capabilities {acceptInsecureCerts: false, browserName: chrome, browserVersion: 120.0.6099.130, chrome: {chromedriverVersion: 119.0.6045.105 (38c72552c5e..., userDataDir: C:\Users\NITEIN~1.KUR\AppDa...}, fedcm:accounts: true, goog:chromeOptions: {debuggerAddress: localhost:59216}, javascriptEnabled: true, networkConnectionEnabled: false, pageLoadStrategy: normal, platform: WINDOWS, platformName: WINDOWS, proxy: Proxy(), se:cdp: ws://localhost:59216/devtoo..., se:cdpVersion: 120.0.6099.130, setWindowRect: true, strictFileInteractability: false, timeouts: {implicit: 0, pageLoad: 300000, script: 30000}, unhandledPromptBehavior: dismiss and notify, webauthn:extension:credBlob: true, webauthn:extension:largeBlob: true, webauthn:extension:minPinLength: true, webauthn:extension:prf: true, webauthn:virtualAuthenticators: true}
Session ID: 20fd665ec019ad86368a46230787dec6
	at org.openqa.selenium.support.ui.WebDriverWait.timeoutException(WebDriverWait.java:138)
	at org.openqa.selenium.support.ui.FluentWait.until(FluentWait.java:231)
	at com.amt.testUtil.Click.on(Click.java:17)
	at com.amt.pages.AssetFundingPage.verify_finance_documents_statuses(AssetFundingPage.java:2686)
	at orders.Orders_Asset_Funding_Required_Flow_BCH_Test.verify_finance_documents_statuses_for_required_flow_test(Orders_Asset_Funding_Required_Flow_BCH_Test.java:81)
	at java.base/java.util.ArrayList.forEach(ArrayList.java:1511)
... Removed 25 stack frames</pre></div><a href='#' onClick='toggleBox("stack-trace1180563966", this, "Click to show all stack frames", "Click to hide stack frames")'>Click to show all stack frames</a>
<div class='stack-trace' id='stack-trace1180563966'><pre>org.openqa.selenium.TimeoutException: Expected condition failed: waiting for element to be clickable: [[ChromeDriver: chrome on WINDOWS (20fd665ec019ad86368a46230787dec6)] -&gt; xpath: //*[@id=&apos;financeactivated&apos;]] (tried for 20 second(s) with 500 milliseconds interval)
Build info: version: &apos;4.1.0&apos;, revision: &apos;87802e897b&apos;
System info: host: &apos;DSK-4052&apos;, ip: &apos;172.16.1.80&apos;, os.name: &apos;Windows 10&apos;, os.arch: &apos;amd64&apos;, os.version: &apos;10.0&apos;, java.version: &apos;19.0.1&apos;
Driver info: org.openqa.selenium.chrome.ChromeDriver
Capabilities {acceptInsecureCerts: false, browserName: chrome, browserVersion: 120.0.6099.130, chrome: {chromedriverVersion: 119.0.6045.105 (38c72552c5e..., userDataDir: C:\Users\NITEIN~1.KUR\AppDa...}, fedcm:accounts: true, goog:chromeOptions: {debuggerAddress: localhost:59216}, javascriptEnabled: true, networkConnectionEnabled: false, pageLoadStrategy: normal, platform: WINDOWS, platformName: WINDOWS, proxy: Proxy(), se:cdp: ws://localhost:59216/devtoo..., se:cdpVersion: 120.0.6099.130, setWindowRect: true, strictFileInteractability: false, timeouts: {implicit: 0, pageLoad: 300000, script: 30000}, unhandledPromptBehavior: dismiss and notify, webauthn:extension:credBlob: true, webauthn:extension:largeBlob: true, webauthn:extension:minPinLength: true, webauthn:extension:prf: true, webauthn:virtualAuthenticators: true}
Session ID: 20fd665ec019ad86368a46230787dec6
	at org.openqa.selenium.support.ui.WebDriverWait.timeoutException(WebDriverWait.java:138)
	at org.openqa.selenium.support.ui.FluentWait.until(FluentWait.java:231)
	at com.amt.testUtil.Click.on(Click.java:17)
	at com.amt.pages.AssetFundingPage.verify_finance_documents_statuses(AssetFundingPage.java:2686)
	at orders.Orders_Asset_Funding_Required_Flow_BCH_Test.verify_finance_documents_statuses_for_required_flow_test(Orders_Asset_Funding_Required_Flow_BCH_Test.java:81)
	at java.base/jdk.internal.reflect.DirectMethodHandleAccessor.invoke(DirectMethodHandleAccessor.java:104)
	at java.base/java.lang.reflect.Method.invoke(Method.java:578)
	at org.testng.internal.MethodInvocationHelper.invokeMethod(MethodInvocationHelper.java:133)
	at org.testng.internal.TestInvoker.invokeMethod(TestInvoker.java:598)
	at org.testng.internal.TestInvoker.invokeTestMethod(TestInvoker.java:173)
	at org.testng.internal.MethodRunner.runInSequence(MethodRunner.java:46)
	at org.testng.internal.TestInvoker$MethodInvocationAgent.invoke(TestInvoker.java:824)
	at org.testng.internal.TestInvoker.invokeTestMethods(TestInvoker.java:146)
	at org.testng.internal.TestMethodWorker.invokeTestMethods(TestMethodWorker.java:146)
	at org.testng.internal.TestMethodWorker.run(TestMethodWorker.java:128)
	at java.base/java.util.ArrayList.forEach(ArrayList.java:1511)
	at org.testng.TestRunner.privateRun(TestRunner.java:794)
	at org.testng.TestRunner.run(TestRunner.java:596)
	at org.testng.SuiteRunner.runTest(SuiteRunner.java:377)
	at org.testng.SuiteRunner.runSequentially(SuiteRunner.java:371)
	at org.testng.SuiteRunner.privateRun(SuiteRunner.java:332)
	at org.testng.SuiteRunner.run(SuiteRunner.java:276)
	at org.testng.SuiteRunnerWorker.runSuite(SuiteRunnerWorker.java:53)
	at org.testng.SuiteRunnerWorker.run(SuiteRunnerWorker.java:96)
	at org.testng.TestNG.runSuitesSequentially(TestNG.java:1212)
	at org.testng.TestNG.runSuitesLocally(TestNG.java:1134)
	at org.testng.TestNG.runSuites(TestNG.java:1063)
	at org.testng.TestNG.run(TestNG.java:1031)
	at org.testng.remote.AbstractRemoteTestNG.run(AbstractRemoteTestNG.java:115)
	at org.testng.remote.RemoteTestNG.initAndRun(RemoteTestNG.java:251)
	at org.testng.remote.RemoteTestNG.main(RemoteTestNG.java:77)
</pre></div></td>
<td>118</td>
<td>orders.Orders_Asset_Funding_Required_Flow_BCH_Test@563f38c4</td></tr>
</table><p>
<table width='100%' border='1' class='invocation-passed'>
<tr><td colspan='4' align='center'><b>PASSED TESTS</b></td></tr>
<tr><td><b>Test method</b></td>
<td width="30%"><b>Exception</b></td>
<td width="10%"><b>Time (seconds)</b></td>
<td><b>Instance</b></td>
</tr>
<tr>
<td title='acquisition.Acquisition_Quotes_BCH_BCH_without_maintenance_Test.aquisition_quotes_BCH_BCH_after_discount_calculations_without_maintenance_test()'><b>aquisition_quotes_BCH_BCH_after_discount_calculations_without_maintenance_test</b><br>Test class: acquisition.Acquisition_Quotes_BCH_BCH_without_maintenance_Test<br>Parameters: AUDI, A7, 1, 05/12/26, 12, 5000, 500, 12, 1, 10000, 6000, 2000, 1000, 199.99, 500, 200, 200, 22, 22000, NO, 0, 200, YES, 0, BCH (Formula 3) - BCH<br/>
<a href="#Output-647987486" onClick='toggleBox("Output-647987486", this, "Show output", "Hide output");'>Show output</a>

<a href="#Output-647987486" onClick="toggleAllBoxes();">Show all outputs</a>
<div class='log' id="Output-647987486">
<b>*********Calculations for On Road Price has been started***********</b> <br /><br/>
<b>Started getting On screen values from after discount table </b> <br /><br/>
<b>Manufacture_delivery_charges =550.0</b> <br /><br/>
<b>Road_tax_first_year =585.0</b> <br /><br/>
<b>First_registration_fee =65.0</b> <br /><br/>
<b>Rebate =0.0</b> <br /><br/>
<b>Writing After discount values to excel has been started</b> <br /><br/>
<b>Writing After discount values to excel has been completed</b> <br /><br/>
<b>Reading On Road Price for invoice from excel has been Started</b> <br /><br/>
<b>Reading On Road Price for invoice from excel has been completed</b> <br /><br/>
<b>Expected on the road price from excel is =58535.0</b> <br /><br/>
<b>Actual on the road price from screen is =58535.00</b> <br /><br/>
<b>****************************************************************</b> <br /><br/>
<b>*****************Assertion Passed For OTR Price*****************</b> <br /><br/>
<b>****************************************************************</b> <br /><br/>
</div>
</td>
<td></td>
<td>4</td>
<td>acquisition.Acquisition_Quotes_BCH_BCH_without_maintenance_Test@74ea2410</td></tr>
<tr>
<td title='acquisition.Acquisition_Quotes_BCH_BCH_without_maintenance_Test.aquisition_quotes_BCH_BCH_holding_cost_calculations_without_maintenance_test()'><b>aquisition_quotes_BCH_BCH_holding_cost_calculations_without_maintenance_test</b><br>Test class: acquisition.Acquisition_Quotes_BCH_BCH_without_maintenance_Test<br>Parameters: AUDI, A7, 1, 05/12/26, 12, 5000, 500, 12, 1, 10000, 6000, 2000, 1000, 199.99, 500, 200, 200, 22, 22000, NO, 0, 200, YES, 0, BCH (Formula 3) - BCH<br/>
<a href="#Output-400146874" onClick='toggleBox("Output-400146874", this, "Show output", "Hide output");'>Show output</a>

<a href="#Output-400146874" onClick="toggleAllBoxes();">Show all outputs</a>
<div class='log' id="Output-400146874">
<b>***********Entered in holding cost page ***********</b> <br /><br/>
<b>Funder added successfully</b> <br /><br/>
<b>Holding cost verified successfully</b> <br /><br/>
<b>****************************************************************</b> <br /><br/>
<b>***************Assertion Passed For Holding Cost****************</b> <br /><br/>
<b>****************************************************************</b> <br /><br/>
</div>
</td>
<td></td>
<td>25</td>
<td>acquisition.Acquisition_Quotes_BCH_BCH_without_maintenance_Test@74ea2410</td></tr>
<tr>
<td title='acquisition.Acquisition_Quotes_BCH_BCH_without_maintenance_Test.aquisition_quotes_BCH_BCH_customer_quote_payment_profile_calculations_without_maintenance_test()'><b>aquisition_quotes_BCH_BCH_customer_quote_payment_profile_calculations_without_maintenance_test</b><br>Test class: acquisition.Acquisition_Quotes_BCH_BCH_without_maintenance_Test<br>Parameters: AUDI, A7, 1, 05/12/26, 12, 5000, 500, 12, 1, 10000, 6000, 2000, 1000, 199.99, 500, 200, 200, 22, 22000, NO, 0, 200, YES, 0, BCH (Formula 3) - BCH<br/>
<a href="#Output-2093310934" onClick='toggleBox("Output-2093310934", this, "Show output", "Hide output");'>Show output</a>

<a href="#Output-2093310934" onClick="toggleAllBoxes();">Show all outputs</a>
<div class='log' id="Output-2093310934">
<b>Writing configuration values from property file to Excel for customer quote calculation -started</b> <br /><br/>
<b>Writing configuration values from property file to Excel for customer quote calculation -completed</b> <br /><br/>
<b>************Calculations for Customer Quote Page has been started***********</b> <br /><br/>
<b>Payment Profile Monthly in Advance option has been selected</b> <br /><br/>
<b>Writing values to Excel for customer quote calculation -started</b> <br /><br/>
<b>Writing values to Excel for customer quote calculation -completed</b> <br /><br/>
<b>Reading  Monthly Finance Rental from  Excel   -started</b> <br /><br/>
<b>Reading  Monthly Finance Rental from  Excel   -completed</b> <br /><br/>
<b>Monthly Finance Rental from Excel is =901.2328559903167</b> <br /><br/>
<b>Monthly Finance Rental from screen is 901.23</b> <br /><br/>
<b>****************************************************************</b> <br /><br/>
<b>***********Assertion Passed For Monthly Finance Rental***********</b> <br /><br/>
<b>****************************************************************</b> <br /><br/>
<b>Monthly Finance Rental from screen (after submitting upsell values) is 938.58</b> <br /><br/>
<b>Writing upsell values to excel</b> <br /><br/>
<b>Monthly Finance Rental from Excel (after submitting upsell values) is 938.5836396097583</b> <br /><br/>
<b>Monthly finance (after submitting upsell values) is found OK</b> <br /><br/>
<b>***********Assertion Passed For Monthly Finance Rental on adding upsell values***********</b> <br /><br/>
<b>****************************************************************</b> <br /><br/>
<b>Clicked on Part Exchange panel</b> <br /><br/>
<b>Monthly Finance Rental from screen (part exchange values) is 938.58</b> <br /><br/>
<b>Writing part exchange values to excel</b> <br /><br/>
<b>Monthly finance rental part exchange values) is found OK</b> <br /><br/>
<b>*****Assertion Passed For Monthly Finance Rental*****</b> <br /><br/>
<b>****************************************************************</b> <br /><br/>
<b>Started verifying Balance Due value</b> <br /><br/>
<b>Balance due value (with part exchange values) is verified and found ok</b> <br /><br/>
<b>*************Assertion Passed For Balance Due Value*************</b> <br /><br/>
<b>****************************************************************</b> <br /><br/>
<b>Assertion Passed For Monthly Finance Rental with part Exchange On</b> <br /><br/>
<b>****************************************************************</b> <br /><br/>
<b>Monthly Finance Rental from screen (after updating customer quote summary upsell value) is 957.26</b> <br /><br/>
<b>Writing upsell values to excel</b> <br /><br/>
<b>Monthly Finance Rental from Excel (after updating customer quote summary upsell value) is 957.2590314194833</b> <br /><br/>
<b>Monthly finance rental (after updating customer quote summary upsell value) is found OK</b> <br /><br/>
<b>***********Assertion Passed For Monthly Finance Rental on updating upsell values***********</b> <br /><br/>
<b>****************************************************************</b> <br /><br/>
</div>
</td>
<td></td>
<td>107</td>
<td>acquisition.Acquisition_Quotes_BCH_BCH_without_maintenance_Test@74ea2410</td></tr>
<tr>
<td title='acquisition.Acquisition_Quotes_BCH_BCH_without_maintenance_Test.aquisition_quotes_BCH_BCH_quote_summary_values_verification_without_maintenance_test()'><b>aquisition_quotes_BCH_BCH_quote_summary_values_verification_without_maintenance_test</b><br>Test class: acquisition.Acquisition_Quotes_BCH_BCH_without_maintenance_Test<br>Parameters: AUDI, A7, 1, 05/12/26, 12, 5000, 500, 12, 1, 10000, 6000, 2000, 1000, 199.99, 500, 200, 200, 22, 22000, NO, 0, 200, YES, 0, BCH (Formula 3) - BCH<br/>
<a href="#Output-1654889387" onClick='toggleBox("Output-1654889387", this, "Show output", "Hide output");'>Show output</a>

<a href="#Output-1654889387" onClick="toggleAllBoxes();">Show all outputs</a>
<div class='log' id="Output-1654889387">
<b>*********Quote generated successfully and Quote_ref_no is=STB57078</b> <br /><br/>
<b>*************OTR Calulation on quote summary page has been started************</b> <br /><br/>
<b>Reading values from OTR calculation -Quote Summary Page</b> <br /><br/>
<b>OTR_calculation_cost_otr_price_from_screen =58535.0</b> <br /><br/>
<b>OTR_calculation_cost_price_ex_vat_and_rfl_from_screen =48237.5</b> <br /><br/>
<b>OTR_calculation_otr_vat_from_screen =9647.5</b> <br /><br/>
<b>OTR_calculation_otr_rfl_and_frf_from_screen =650.0</b> <br /><br/>
<b>OTR price compared</b> <br /><br/>
<b>Cost price ex vat and rfl compared</b> <br /><br/>
<b>VAT compared</b> <br /><br/>
<b>RFL & FRF compared</b> <br /><br/>
<b>*************Holding Cost Calulation on quote summary page has been started************</b> <br /><br/>
<b>Reading values from Holding Cost summary -Quote Summary Page</b> <br /><br/>
<b>holding_cost_terms_from_screen12.0</b> <br /><br/>
<b>holding_cost_miles_per_annum_from_screen5000.0</b> <br /><br/>
<b>holding_cost_monthly_finance_cost_from_screen501.0</b> <br /><br/>
<b>holding_cost_total_monthly_holding_cost_from_screen =501.0</b> <br /><br/>
<b>terms compared</b> <br /><br/>
<b>Miles per annum compared</b> <br /><br/>
<b>Finance cost compared</b> <br /><br/>
<b>Total Monthly Holding Cost compared</b> <br /><br/>
<b>*************Customer Quote Calulation on quote summary page has been started************</b> <br /><br/>
<b>Terms found OK</b> <br /><br/>
<b>miles found OK</b> <br /><br/>
<b>Monthly Finance Rental found OK</b> <br /><br/>
<b>Initial Finance Rental found OK</b> <br /><br/>
<b>Followed By months - found OK</b> <br /><br/>
<b>Part Exchange Value - found OK</b> <br /><br/>
<b>Pence per excess mile finance - found OK</b> <br /><br/>
<b>Document Fee - found OK</b> <br /><br/>
<b>Upsell - found OK</b> <br /><br/>
<b>Default Finance Commission - found OK</b> <br /><br/>
<b>Upsell Commission - found OK</b> <br /><br/>
<b>Document Fee Commission - found OK</b> <br /><br/>
<b>Total Commission - found OK</b> <br /><br/>
<b>Referrer Commission - found OK</b> <br /><br/>
<b>*************Configuration Values Verification on quote summary page has been started************</b> <br /><br/>
<b>Finance Margin found OK</b> <br /><br/>
<b>Deductions found OK</b> <br /><br/>
<b>Additional Margin found OK</b> <br /><br/>
<b>Total Margin found OK</b> <br /><br/>
<b>Default Broker Margin percentage found OK</b> <br /><br/>
<b>Broker Upsell Margin percentage found OK</b> <br /><br/>
<b>Broker Upsell Margin  found OK</b> <br /><br/>
<b>Document Fee Margin  found OK</b> <br /><br/>
<b>Refferer Margin  found OK</b> <br /><br/>
<b> </b> <br /><br/>
<b>*****Creating Order Started*****</b> <br /><br/>
<b> </b> <br /><br/>
<b>***** Order Created Successfully *****</b> <br /><br/>
<b>Order ID RF-08966 is saved to Excel sheet named Quote Save, in the sheet Order_ID</b> <br /><br/>
<b>*****xxxxxxxxxxxxxxxxxxxxxxxxxxxxx*****</b> <br /><br/>
</div>
</td>
<td></td>
<td>161</td>
<td>acquisition.Acquisition_Quotes_BCH_BCH_without_maintenance_Test@74ea2410</td></tr>
<tr>
<td title='orders.Orders_Asset_Funding_Required_Flow_BCH_Test.verify_default_status_required_flow_test()'><b>verify_default_status_required_flow_test</b><br>Test class: orders.Orders_Asset_Funding_Required_Flow_BCH_Test<br/>
<a href="#Output-1834421854" onClick='toggleBox("Output-1834421854", this, "Show output", "Hide output");'>Show output</a>

<a href="#Output-1834421854" onClick="toggleAllBoxes();">Show all outputs</a>
<div class='log' id="Output-1834421854">
<b></b> <br /><br/>
<b>Started verifying Default Status for BCH required flow</b> <br /><br/>
<b>Default Status for BCH required flow Found OK i.e Quote Accepted because Funder is already added from acquisition quote</b> <br /><br/>
</div>
</td>
<td></td>
<td>10</td>
<td>orders.Orders_Asset_Funding_Required_Flow_BCH_Test@563f38c4</td></tr>
<tr>
<td title='orders.Orders_Asset_Funding_Required_Flow_BCH_Test.open_order_created_in_acquisition_test()'><b>open_order_created_in_acquisition_test</b><br>Test class: orders.Orders_Asset_Funding_Required_Flow_BCH_Test<br/>
<a href="#Output-427378279" onClick='toggleBox("Output-427378279", this, "Show output", "Hide output");'>Show output</a>

<a href="#Output-427378279" onClick="toggleAllBoxes();">Show all outputs</a>
<div class='log' id="Output-427378279">
<b></b> <br /><br/>
<b>Searching for Order ID RF-08966</b> <br /><br/>
</div>
</td>
<td></td>
<td>63</td>
<td>orders.Orders_Asset_Funding_Required_Flow_BCH_Test@563f38c4</td></tr>
<tr>
<td title='acquisition.Acquisition_Quotes_BCH_BCH_without_maintenance_Test.aquisition_quotes_BCH_BCH_OTR_calculation_without_maintenance_test()'><b>aquisition_quotes_BCH_BCH_OTR_calculation_without_maintenance_test</b><br>Test class: acquisition.Acquisition_Quotes_BCH_BCH_without_maintenance_Test<br>Parameters: AUDI, A7, 1, 05/12/26, 12, 5000, 500, 12, 1, 10000, 6000, 2000, 1000, 199.99, 500, 200, 200, 22, 22000, NO, 0, 200, YES, 0, BCH (Formula 3) - BCH<br/>
<a href="#Output-940369315" onClick='toggleBox("Output-940369315", this, "Show output", "Hide output");'>Show output</a>

<a href="#Output-940369315" onClick="toggleAllBoxes();">Show all outputs</a>
<div class='log' id="Output-940369315">
<b>Clicking on New quote</b> <br /><br/>
<b>Clicked on Quote button </b> <br /><br/>
<b>Manufacture =AUDI has been selected</b> <br /><br/>
<b>Model range =A7 has been selected</b> <br /><br/>
<b>Vehicle has been selected</b> <br /><br/>
<b>Paint option has been selected</b> <br /><br/>
<b>Interior option has been selected</b> <br /><br/>
<b> Acquisition Contract type option = Business Contract Hire(BCH) has been selected</b> <br /><br/>
<b> Customer Contract type option = Business Contract Hire(BCH) has been selected</b> <br /><br/>
<b>Getting Basic Price- Vehicle value is  =46854.17</b> <br /><br/>
<b>Getting Basic Price - Paint  value is  =0.00</b> <br /><br/>
<b>Getting  Basic Price - Options value is   =833.33</b> <br /><br/>
<b>Getting Discount- Vehicle value is  =0.00</b> <br /><br/>
<b>Getting   Discount - Paint value is   =0.00</b> <br /><br/>
<b>Getting  Discount- Options value is   =0.00</b> <br /><br/>
<b>Getting Additional Discount- Vehicle value is  =0.00</b> <br /><br/>
<b>Getting  Additional Discount - paint value is  =0.00</b> <br /><br/>
<b>Getting  Additional Discount - Options value is  =0.00</b> <br /><br/>
<b>Writing OTR table values to excel sheet -Started </b> <br /><br/>
<b>Writing OTR table values to excel sheet -Completed </b> <br /><br/>
<b>Reading Subtotal After Discount from excel sheet -Started </b> <br /><br/>
<b>Reading Subtotal After Discount from excel sheet -Started </b> <br /><br/>
<b>Subtotal After Discount from excel sheet is =47687.5</b> <br /><br/>
<b>Subtotal after discount actual value from screen =£ 47,687.50</b> <br /><br/>
<b>****************************************************************</b> <br /><br/>
<b>**********Assertion Passed For Subtotal After Discount**********</b> <br /><br/>
<b>****************************************************************</b> <br /><br/>
</div>
</td>
<td></td>
<td>135</td>
<td>acquisition.Acquisition_Quotes_BCH_BCH_without_maintenance_Test@74ea2410</td></tr>
</table><p>
<table width='100%' border='1' class='invocation-skipped'>
<tr><td colspan='4' align='center'><b>SKIPPED TESTS</b></td></tr>
<tr><td><b>Test method</b></td>
<td width="30%"><b>Exception</b></td>
<td width="10%"><b>Time (seconds)</b></td>
<td><b>Instance</b></td>
</tr>
<tr>
<td title='orders.Orders_Asset_Funding_Required_Flow_BCH_Test.verify_payments_to_funder_statuses_for_required_flow_test()'><b>verify_payments_to_funder_statuses_for_required_flow_test</b><br>Test class: orders.Orders_Asset_Funding_Required_Flow_BCH_Test</td>
<td><div><pre>java.lang.Throwable: Method Orders_Asset_Funding_Required_Flow_BCH_Test.verify_payments_to_funder_statuses_for_required_flow_test()[pri:5, instance:orders.Orders_Asset_Funding_Required_Flow_BCH_Test@563f38c4] depends on not successfully finished methods
	at java.base/java.util.ArrayList.forEach(ArrayList.java:1511)
... Removed 18 stack frames</pre></div><a href='#' onClick='toggleBox("stack-trace1692456946", this, "Click to show all stack frames", "Click to hide stack frames")'>Click to show all stack frames</a>
<div class='stack-trace' id='stack-trace1692456946'><pre>java.lang.Throwable: Method Orders_Asset_Funding_Required_Flow_BCH_Test.verify_payments_to_funder_statuses_for_required_flow_test()[pri:5, instance:orders.Orders_Asset_Funding_Required_Flow_BCH_Test@563f38c4] depends on not successfully finished methods
	at org.testng.internal.TestInvoker.invokeTestMethods(TestInvoker.java:102)
	at org.testng.internal.TestMethodWorker.invokeTestMethods(TestMethodWorker.java:146)
	at org.testng.internal.TestMethodWorker.run(TestMethodWorker.java:128)
	at java.base/java.util.ArrayList.forEach(ArrayList.java:1511)
	at org.testng.TestRunner.privateRun(TestRunner.java:794)
	at org.testng.TestRunner.run(TestRunner.java:596)
	at org.testng.SuiteRunner.runTest(SuiteRunner.java:377)
	at org.testng.SuiteRunner.runSequentially(SuiteRunner.java:371)
	at org.testng.SuiteRunner.privateRun(SuiteRunner.java:332)
	at org.testng.SuiteRunner.run(SuiteRunner.java:276)
	at org.testng.SuiteRunnerWorker.runSuite(SuiteRunnerWorker.java:53)
	at org.testng.SuiteRunnerWorker.run(SuiteRunnerWorker.java:96)
	at org.testng.TestNG.runSuitesSequentially(TestNG.java:1212)
	at org.testng.TestNG.runSuitesLocally(TestNG.java:1134)
	at org.testng.TestNG.runSuites(TestNG.java:1063)
	at org.testng.TestNG.run(TestNG.java:1031)
	at org.testng.remote.AbstractRemoteTestNG.run(AbstractRemoteTestNG.java:115)
	at org.testng.remote.RemoteTestNG.initAndRun(RemoteTestNG.java:251)
	at org.testng.remote.RemoteTestNG.main(RemoteTestNG.java:77)
</pre></div></td>
<td>0</td>
<td>orders.Orders_Asset_Funding_Required_Flow_BCH_Test@563f38c4</td></tr>
<tr>
<td title='orders.Orders_Asset_Funding_Required_Flow_BCH_Test.verify_completed_status_for_required_flow_test()'><b>verify_completed_status_for_required_flow_test</b><br>Test class: orders.Orders_Asset_Funding_Required_Flow_BCH_Test</td>
<td><div><pre>java.lang.Throwable: Method Orders_Asset_Funding_Required_Flow_BCH_Test.verify_completed_status_for_required_flow_test()[pri:6, instance:orders.Orders_Asset_Funding_Required_Flow_BCH_Test@563f38c4] depends on not successfully finished methods
	at java.base/java.util.ArrayList.forEach(ArrayList.java:1511)
... Removed 18 stack frames</pre></div><a href='#' onClick='toggleBox("stack-trace975108608", this, "Click to show all stack frames", "Click to hide stack frames")'>Click to show all stack frames</a>
<div class='stack-trace' id='stack-trace975108608'><pre>java.lang.Throwable: Method Orders_Asset_Funding_Required_Flow_BCH_Test.verify_completed_status_for_required_flow_test()[pri:6, instance:orders.Orders_Asset_Funding_Required_Flow_BCH_Test@563f38c4] depends on not successfully finished methods
	at org.testng.internal.TestInvoker.invokeTestMethods(TestInvoker.java:102)
	at org.testng.internal.TestMethodWorker.invokeTestMethods(TestMethodWorker.java:146)
	at org.testng.internal.TestMethodWorker.run(TestMethodWorker.java:128)
	at java.base/java.util.ArrayList.forEach(ArrayList.java:1511)
	at org.testng.TestRunner.privateRun(TestRunner.java:794)
	at org.testng.TestRunner.run(TestRunner.java:596)
	at org.testng.SuiteRunner.runTest(SuiteRunner.java:377)
	at org.testng.SuiteRunner.runSequentially(SuiteRunner.java:371)
	at org.testng.SuiteRunner.privateRun(SuiteRunner.java:332)
	at org.testng.SuiteRunner.run(SuiteRunner.java:276)
	at org.testng.SuiteRunnerWorker.runSuite(SuiteRunnerWorker.java:53)
	at org.testng.SuiteRunnerWorker.run(SuiteRunnerWorker.java:96)
	at org.testng.TestNG.runSuitesSequentially(TestNG.java:1212)
	at org.testng.TestNG.runSuitesLocally(TestNG.java:1134)
	at org.testng.TestNG.runSuites(TestNG.java:1063)
	at org.testng.TestNG.run(TestNG.java:1031)
	at org.testng.remote.AbstractRemoteTestNG.run(AbstractRemoteTestNG.java:115)
	at org.testng.remote.RemoteTestNG.initAndRun(RemoteTestNG.java:251)
	at org.testng.remote.RemoteTestNG.main(RemoteTestNG.java:77)
</pre></div></td>
<td>0</td>
<td>orders.Orders_Asset_Funding_Required_Flow_BCH_Test@563f38c4</td></tr>
</table><p>
</body>
</html>