<html>
<head>
<title>TestNG:  Check Stocking plan in Asset Funding Tab</title>
<link href="../testng.css" rel="stylesheet" type="text/css" />
<link href="../my-testng.css" rel="stylesheet" type="text/css" />

<style type="text/css">
.log { display: none;} 
.stack-trace { display: none;} 
</style>
<script type="text/javascript">
<!--
function flip(e) {
  current = e.style.display;
  if (current == 'block') {
    e.style.display = 'none';
    return 0;
  }
  else {
    e.style.display = 'block';
    return 1;
  }
}

function toggleBox(szDivId, elem, msg1, msg2)
{
  var res = -1;  if (document.getElementById) {
    res = flip(document.getElementById(szDivId));
  }
  else if (document.all) {
    // this is the way old msie versions work
    res = flip(document.all[szDivId]);
  }
  if(elem) {
    if(res == 0) elem.innerHTML = msg1; else elem.innerHTML = msg2;
  }

}

function toggleAllBoxes() {
  if (document.getElementsByTagName) {
    d = document.getElementsByTagName('div');
    for (i = 0; i < d.length; i++) {
      if (d[i].className == 'log') {
        flip(d[i]);
      }
    }
  }
}

// -->
</script>

</head>
<body>
<h2 align='center'>Check Stocking plan in Asset Funding Tab</h2><table border='1' align="center">
<tr>
<td>Tests passed/Failed/Skipped:</td><td>5/1/1</td>
</tr><tr>
<td>Started on:</td><td>Tue Jan 09 19:05:31 IST 2024</td>
</tr>
<tr><td>Total time:</td><td>474 seconds (474883 ms)</td>
</tr><tr>
<td>Included groups:</td><td></td>
</tr><tr>
<td>Excluded groups:</td><td></td>
</tr>
</table><p/>
<small><i>(Hover the method name to see the test class name)</i></small><p/>
<table width='100%' border='1' class='invocation-failed'>
<tr><td colspan='4' align='center'><b>FAILED TESTS</b></td></tr>
<tr><td><b>Test method</b></td>
<td width="30%"><b>Exception</b></td>
<td width="10%"><b>Time (seconds)</b></td>
<td><b>Instance</b></td>
</tr>
<tr>
<td title='orders.Orders_Asset_Funding_Add_Stocking_Plan_Test.deliver_vehicle_tab_test()'><b>deliver_vehicle_tab_test</b><br>Test class: orders.Orders_Asset_Funding_Add_Stocking_Plan_Test<br/>
<a href="#Output-173458266" onClick='toggleBox("Output-173458266", this, "Show output", "Hide output");'>Show output</a>

<a href="#Output-173458266" onClick="toggleAllBoxes();">Show all outputs</a>
<div class='log' id="Output-173458266">
<b>File is Uploaded Successfully</b> <br /><br/>
<br>----------Screenshot---------<br><br/>
<img src="D:\Orders_Vehicles\AMT_Orders_Vehicles\target\surefire-reports\html\failure_screenshots\deliver_vehicle_tab_test_09_01_2024_07_13_26.png" height="800" width="1000"><br/>
</div>
</td>
<td><div><pre>org.openqa.selenium.TimeoutException: Expected condition failed: waiting for element to be clickable: [[ChromeDriver: chrome on WINDOWS (41ee92f7ce57cb687cfff534c27710f4)] -&gt; xpath: //*[normalize-space()=&apos;Date offered&apos;]//input] (tried for 20 second(s) with 500 milliseconds interval)
Build info: version: &apos;4.1.0&apos;, revision: &apos;87802e897b&apos;
System info: host: &apos;DSK-4052&apos;, ip: &apos;172.16.1.80&apos;, os.name: &apos;Windows 10&apos;, os.arch: &apos;amd64&apos;, os.version: &apos;10.0&apos;, java.version: &apos;19.0.1&apos;
Driver info: org.openqa.selenium.chrome.ChromeDriver
Capabilities {acceptInsecureCerts: false, browserName: chrome, browserVersion: 120.0.6099.200, chrome: {chromedriverVersion: 119.0.6045.105 (38c72552c5e..., userDataDir: C:\Users\NITEIN~1.KUR\AppDa...}, fedcm:accounts: true, goog:chromeOptions: {debuggerAddress: localhost:61324}, javascriptEnabled: true, networkConnectionEnabled: false, pageLoadStrategy: normal, platform: WINDOWS, platformName: WINDOWS, proxy: Proxy(), se:cdp: ws://localhost:61324/devtoo..., se:cdpVersion: 120.0.6099.200, setWindowRect: true, strictFileInteractability: false, timeouts: {implicit: 0, pageLoad: 300000, script: 30000}, unhandledPromptBehavior: dismiss and notify, webauthn:extension:credBlob: true, webauthn:extension:largeBlob: true, webauthn:extension:minPinLength: true, webauthn:extension:prf: true, webauthn:virtualAuthenticators: true}
Session ID: 41ee92f7ce57cb687cfff534c27710f4
	at org.openqa.selenium.support.ui.WebDriverWait.timeoutException(WebDriverWait.java:138)
	at org.openqa.selenium.support.ui.FluentWait.until(FluentWait.java:231)
	at com.amt.testUtil.Click.on(Click.java:17)
	at com.amt.pages.VehicleOrderPage.fill_up_delivery_info_on_vehicle_order_tab(VehicleOrderPage.java:1162)
	at com.amt.pages.VehicleOrderPage.deliver_vehicle(VehicleOrderPage.java:362)
	at orders.Orders_Asset_Funding_Add_Stocking_Plan_Test.deliver_vehicle_tab_test(Orders_Asset_Funding_Add_Stocking_Plan_Test.java:47)
	at java.base/java.util.ArrayList.forEach(ArrayList.java:1511)
... Removed 25 stack frames</pre></div><a href='#' onClick='toggleBox("stack-trace173458266", this, "Click to show all stack frames", "Click to hide stack frames")'>Click to show all stack frames</a>
<div class='stack-trace' id='stack-trace173458266'><pre>org.openqa.selenium.TimeoutException: Expected condition failed: waiting for element to be clickable: [[ChromeDriver: chrome on WINDOWS (41ee92f7ce57cb687cfff534c27710f4)] -&gt; xpath: //*[normalize-space()=&apos;Date offered&apos;]//input] (tried for 20 second(s) with 500 milliseconds interval)
Build info: version: &apos;4.1.0&apos;, revision: &apos;87802e897b&apos;
System info: host: &apos;DSK-4052&apos;, ip: &apos;172.16.1.80&apos;, os.name: &apos;Windows 10&apos;, os.arch: &apos;amd64&apos;, os.version: &apos;10.0&apos;, java.version: &apos;19.0.1&apos;
Driver info: org.openqa.selenium.chrome.ChromeDriver
Capabilities {acceptInsecureCerts: false, browserName: chrome, browserVersion: 120.0.6099.200, chrome: {chromedriverVersion: 119.0.6045.105 (38c72552c5e..., userDataDir: C:\Users\NITEIN~1.KUR\AppDa...}, fedcm:accounts: true, goog:chromeOptions: {debuggerAddress: localhost:61324}, javascriptEnabled: true, networkConnectionEnabled: false, pageLoadStrategy: normal, platform: WINDOWS, platformName: WINDOWS, proxy: Proxy(), se:cdp: ws://localhost:61324/devtoo..., se:cdpVersion: 120.0.6099.200, setWindowRect: true, strictFileInteractability: false, timeouts: {implicit: 0, pageLoad: 300000, script: 30000}, unhandledPromptBehavior: dismiss and notify, webauthn:extension:credBlob: true, webauthn:extension:largeBlob: true, webauthn:extension:minPinLength: true, webauthn:extension:prf: true, webauthn:virtualAuthenticators: true}
Session ID: 41ee92f7ce57cb687cfff534c27710f4
	at org.openqa.selenium.support.ui.WebDriverWait.timeoutException(WebDriverWait.java:138)
	at org.openqa.selenium.support.ui.FluentWait.until(FluentWait.java:231)
	at com.amt.testUtil.Click.on(Click.java:17)
	at com.amt.pages.VehicleOrderPage.fill_up_delivery_info_on_vehicle_order_tab(VehicleOrderPage.java:1162)
	at com.amt.pages.VehicleOrderPage.deliver_vehicle(VehicleOrderPage.java:362)
	at orders.Orders_Asset_Funding_Add_Stocking_Plan_Test.deliver_vehicle_tab_test(Orders_Asset_Funding_Add_Stocking_Plan_Test.java:47)
	at java.base/jdk.internal.reflect.DirectMethodHandleAccessor.invoke(DirectMethodHandleAccessor.java:104)
	at java.base/java.lang.reflect.Method.invoke(Method.java:578)
	at org.testng.internal.MethodInvocationHelper.invokeMethod(MethodInvocationHelper.java:133)
	at org.testng.internal.TestInvoker.invokeMethod(TestInvoker.java:598)
	at org.testng.internal.TestInvoker.invokeTestMethod(TestInvoker.java:173)
	at org.testng.internal.MethodRunner.runInSequence(MethodRunner.java:46)
	at org.testng.internal.TestInvoker$MethodInvocationAgent.invoke(TestInvoker.java:824)
	at org.testng.internal.TestInvoker.invokeTestMethods(TestInvoker.java:146)
	at org.testng.internal.TestMethodWorker.invokeTestMethods(TestMethodWorker.java:146)
	at org.testng.internal.TestMethodWorker.run(TestMethodWorker.java:128)
	at java.base/java.util.ArrayList.forEach(ArrayList.java:1511)
	at org.testng.TestRunner.privateRun(TestRunner.java:794)
	at org.testng.TestRunner.run(TestRunner.java:596)
	at org.testng.SuiteRunner.runTest(SuiteRunner.java:377)
	at org.testng.SuiteRunner.runSequentially(SuiteRunner.java:371)
	at org.testng.SuiteRunner.privateRun(SuiteRunner.java:332)
	at org.testng.SuiteRunner.run(SuiteRunner.java:276)
	at org.testng.SuiteRunnerWorker.runSuite(SuiteRunnerWorker.java:53)
	at org.testng.SuiteRunnerWorker.run(SuiteRunnerWorker.java:96)
	at org.testng.TestNG.runSuitesSequentially(TestNG.java:1212)
	at org.testng.TestNG.runSuitesLocally(TestNG.java:1134)
	at org.testng.TestNG.runSuites(TestNG.java:1063)
	at org.testng.TestNG.run(TestNG.java:1031)
	at org.testng.remote.AbstractRemoteTestNG.run(AbstractRemoteTestNG.java:115)
	at org.testng.remote.RemoteTestNG.initAndRun(RemoteTestNG.java:251)
	at org.testng.remote.RemoteTestNG.main(RemoteTestNG.java:77)
</pre></div></td>
<td>89</td>
<td>orders.Orders_Asset_Funding_Add_Stocking_Plan_Test@76b1e9b8</td></tr>
</table><p>
<table width='100%' border='1' class='invocation-passed'>
<tr><td colspan='4' align='center'><b>PASSED TESTS</b></td></tr>
<tr><td><b>Test method</b></td>
<td width="30%"><b>Exception</b></td>
<td width="10%"><b>Time (seconds)</b></td>
<td><b>Instance</b></td>
</tr>
<tr>
<td title='acquisition.Acquisition_Quotes_OP_OP_used_car_Test.aquisition_quotes_OP_OP_OTR_calculation_test()'><b>aquisition_quotes_OP_OP_OTR_calculation_test</b><br>Test class: acquisition.Acquisition_Quotes_OP_OP_used_car_Test<br>Parameters: GY12RZB, 10000, 60000, 500, 10, 15, 1000, 2000, 1000, 500, 1000, 200, HPNR_used_car<br/>
<a href="#Output-244428576" onClick='toggleBox("Output-244428576", this, "Show output", "Hide output");'>Show output</a>

<a href="#Output-244428576" onClick="toggleAllBoxes();">Show all outputs</a>
<div class='log' id="Output-244428576">
<b>Clicking on New quote</b> <br /><br/>
<b>Clicked on Quote button </b> <br /><br/>
<b>Selecting used vehicle with registration no. = GY12RZB and mileage = 10000</b> <br /><br/>
<b>Vehicle selected</b> <br /><br/>
<b>Paint option has been selected</b> <br /><br/>
<b>Interior option has been selected</b> <br /><br/>
<b> Acquisition Contract type option = Outright Purchase has been selected</b> <br /><br/>
<b> Customer Contract type option = Outright Purchase has been selected</b> <br /><br/>
<b>Cost Price ex VAT and RFL from screen is 8550.0</b> <br /><br/>
<b>VAT from screen is 0.0</b> <br /><br/>
<b>Cost Price ex VAT and RFL calculated is 8550.0</b> <br /><br/>
<b>Cost Price ex VAT and RFL verified and found OK</b> <br /><br/>
</div>
</td>
<td></td>
<td>85</td>
<td>acquisition.Acquisition_Quotes_OP_OP_used_car_Test@8f2ef19</td></tr>
<tr>
<td title='acquisition.Acquisition_Quotes_OP_OP_used_car_Test.aquisition_quotes_OP_OP_customer_quote_part_exchange_value_edit_test()'><b>aquisition_quotes_OP_OP_customer_quote_part_exchange_value_edit_test</b><br>Test class: acquisition.Acquisition_Quotes_OP_OP_used_car_Test<br>Parameters: GY12RZB, 10000, 60000, 500, 10, 15, 1000, 2000, 1000, 500, 1000, 200, HPNR_used_car<br/>
<a href="#Output-825556050" onClick='toggleBox("Output-825556050", this, "Show output", "Hide output");'>Show output</a>

<a href="#Output-825556050" onClick="toggleAllBoxes();">Show all outputs</a>
<div class='log' id="Output-825556050">
<b>Pending Amount from screen 8290.0 Verified Successfully with applied formula 8290.0 i.e. true</b> <br /><br/>
</div>
</td>
<td></td>
<td>25</td>
<td>acquisition.Acquisition_Quotes_OP_OP_used_car_Test@8f2ef19</td></tr>
<tr>
<td title='orders.Orders_Asset_Funding_Add_Stocking_Plan_Test.open_order_created_in_acquisition_test()'><b>open_order_created_in_acquisition_test</b><br>Test class: orders.Orders_Asset_Funding_Add_Stocking_Plan_Test<br/>
<a href="#Output-998359270" onClick='toggleBox("Output-998359270", this, "Show output", "Hide output");'>Show output</a>

<a href="#Output-998359270" onClick="toggleAllBoxes();">Show all outputs</a>
<div class='log' id="Output-998359270">
<b></b> <br /><br/>
<b>Searching for Order ID AS-53996</b> <br /><br/>
</div>
</td>
<td></td>
<td>125</td>
<td>orders.Orders_Asset_Funding_Add_Stocking_Plan_Test@76b1e9b8</td></tr>
<tr>
<td title='acquisition.Acquisition_Quotes_OP_OP_used_car_Test.aquisition_quotes_OP_OP_customer_quote_vehicle_profit_edit_test()'><b>aquisition_quotes_OP_OP_customer_quote_vehicle_profit_edit_test</b><br>Test class: acquisition.Acquisition_Quotes_OP_OP_used_car_Test<br>Parameters: GY12RZB, 10000, 60000, 500, 10, 15, 1000, 2000, 1000, 500, 1000, 200, HPNR_used_car<br/>
<a href="#Output-1969619214" onClick='toggleBox("Output-1969619214", this, "Show output", "Hide output");'>Show output</a>

<a href="#Output-1969619214" onClick="toggleAllBoxes();">Show all outputs</a>
<div class='log' id="Output-1969619214">
<b>***********Entered in Customer Quote page ***********</b> <br /><br/>
</div>
</td>
<td></td>
<td>6</td>
<td>acquisition.Acquisition_Quotes_OP_OP_used_car_Test@8f2ef19</td></tr>
<tr>
<td title='acquisition.Acquisition_Quotes_OP_OP_used_car_Test.aquisition_quotes_OP_OP_quote_summary_values_verification_with_maintenance_test()'><b>aquisition_quotes_OP_OP_quote_summary_values_verification_with_maintenance_test</b><br>Test class: acquisition.Acquisition_Quotes_OP_OP_used_car_Test<br>Parameters: GY12RZB, 10000, 60000, 500, 10, 15, 1000, 2000, 1000, 500, 1000, 200, HPNR_used_car<br/>
<a href="#Output-205972076" onClick='toggleBox("Output-205972076", this, "Show output", "Hide output");'>Show output</a>

<a href="#Output-205972076" onClick="toggleAllBoxes();">Show all outputs</a>
<div class='log' id="Output-205972076">
<b>*************OTR Calulation on quote summary page has been started************</b> <br /><br/>
<b>Reading values from OTR calculation -Quote Summary Page</b> <br /><br/>
<b>Cost otr price from screen =8550.0</b> <br /><br/>
<b>Cost price ex vat and rfl from screen =8550.0</b> <br /><br/>
<b>OTR vat from screen =0.0</b> <br /><br/>
<b>Cost price compared</b> <br /><br/>
<b>Quote no. ZLO29981 is saved to Excel sheet named Quote Save, in the sheet Order_ID</b> <br /><br/>
<b> </b> <br /><br/>
<b>*****Creating Order Started*****</b> <br /><br/>
<b> </b> <br /><br/>
<b>***** Order Created Successfully *****</b> <br /><br/>
<b>Order ID AS-53996 is saved to Excel sheet named Quote Save, in the sheet Order_ID</b> <br /><br/>
<b>*****xxxxxxxxxxxxxxxxxxxxxxxxxxxxx*****</b> <br /><br/>
</div>
</td>
<td></td>
<td>106</td>
<td>acquisition.Acquisition_Quotes_OP_OP_used_car_Test@8f2ef19</td></tr>
</table><p>
<table width='100%' border='1' class='invocation-skipped'>
<tr><td colspan='4' align='center'><b>SKIPPED TESTS</b></td></tr>
<tr><td><b>Test method</b></td>
<td width="30%"><b>Exception</b></td>
<td width="10%"><b>Time (seconds)</b></td>
<td><b>Instance</b></td>
</tr>
<tr>
<td title='orders.Orders_Asset_Funding_Add_Stocking_Plan_Test.add_stocking_plan_test()'><b>add_stocking_plan_test</b><br>Test class: orders.Orders_Asset_Funding_Add_Stocking_Plan_Test</td>
<td><div><pre>java.lang.Throwable: Method Orders_Asset_Funding_Add_Stocking_Plan_Test.add_stocking_plan_test()[pri:3, instance:orders.Orders_Asset_Funding_Add_Stocking_Plan_Test@76b1e9b8] depends on not successfully finished methods
	at java.base/java.util.ArrayList.forEach(ArrayList.java:1511)
... Removed 18 stack frames</pre></div><a href='#' onClick='toggleBox("stack-trace1510620898", this, "Click to show all stack frames", "Click to hide stack frames")'>Click to show all stack frames</a>
<div class='stack-trace' id='stack-trace1510620898'><pre>java.lang.Throwable: Method Orders_Asset_Funding_Add_Stocking_Plan_Test.add_stocking_plan_test()[pri:3, instance:orders.Orders_Asset_Funding_Add_Stocking_Plan_Test@76b1e9b8] depends on not successfully finished methods
	at org.testng.internal.TestInvoker.invokeTestMethods(TestInvoker.java:102)
	at org.testng.internal.TestMethodWorker.invokeTestMethods(TestMethodWorker.java:146)
	at org.testng.internal.TestMethodWorker.run(TestMethodWorker.java:128)
	at java.base/java.util.ArrayList.forEach(ArrayList.java:1511)
	at org.testng.TestRunner.privateRun(TestRunner.java:794)
	at org.testng.TestRunner.run(TestRunner.java:596)
	at org.testng.SuiteRunner.runTest(SuiteRunner.java:377)
	at org.testng.SuiteRunner.runSequentially(SuiteRunner.java:371)
	at org.testng.SuiteRunner.privateRun(SuiteRunner.java:332)
	at org.testng.SuiteRunner.run(SuiteRunner.java:276)
	at org.testng.SuiteRunnerWorker.runSuite(SuiteRunnerWorker.java:53)
	at org.testng.SuiteRunnerWorker.run(SuiteRunnerWorker.java:96)
	at org.testng.TestNG.runSuitesSequentially(TestNG.java:1212)
	at org.testng.TestNG.runSuitesLocally(TestNG.java:1134)
	at org.testng.TestNG.runSuites(TestNG.java:1063)
	at org.testng.TestNG.run(TestNG.java:1031)
	at org.testng.remote.AbstractRemoteTestNG.run(AbstractRemoteTestNG.java:115)
	at org.testng.remote.RemoteTestNG.initAndRun(RemoteTestNG.java:251)
	at org.testng.remote.RemoteTestNG.main(RemoteTestNG.java:77)
</pre></div></td>
<td>0</td>
<td>orders.Orders_Asset_Funding_Add_Stocking_Plan_Test@76b1e9b8</td></tr>
</table><p>
</body>
</html>