<?xml version="1.0" encoding="UTF-8"?>
<!-- Generated by org.testng.reporters.JUnitXMLReporter -->
<testsuite ignored="2" hostname="DSK-4052" failures="1" tests="7" name="Check Stocking plan in Asset Funding Tab" time="474.883" errors="0" timestamp="2024-01-09T19:13:26 IST">
  <testcase classname="acquisition.Acquisition_Quotes_OP_OP_used_car_Test" name="aquisition_quotes_OP_OP_OTR_calculation_test" time="85.189"/>
  <testcase classname="acquisition.Acquisition_Quotes_OP_OP_used_car_Test" name="aquisition_quotes_OP_OP_customer_quote_vehicle_profit_edit_test" time="6.233"/>
  <testcase classname="acquisition.Acquisition_Quotes_OP_OP_used_car_Test" name="aquisition_quotes_OP_OP_customer_quote_part_exchange_value_edit_test" time="25.528"/>
  <testcase classname="acquisition.Acquisition_Quotes_OP_OP_used_car_Test" name="aquisition_quotes_OP_OP_quote_summary_values_verification_with_maintenance_test" time="106.912"/>
  <testcase classname="orders.Orders_Asset_Funding_Add_Stocking_Plan_Test" name="open_order_created_in_acquisition_test" time="125.716"/>
  <testcase classname="orders.Orders_Asset_Funding_Add_Stocking_Plan_Test" name="deliver_vehicle_tab_test" time="89.685">
    <failure type="org.openqa.selenium.TimeoutException" message="Expected condition failed: waiting for element to be clickable: [[ChromeDriver: chrome on WINDOWS (41ee92f7ce57cb687cfff534c27710f4)] -&amp;gt; xpath: //*[normalize-space()=&amp;apos;Date offered&amp;apos;]//input] (tried for 20 second(s) with 500 milliseconds interval)
Build info: version: &amp;apos;4.1.0&amp;apos;, revision: &amp;apos;87802e897b&amp;apos;
System info: host: &amp;apos;DSK-4052&amp;apos;, ip: &amp;apos;172.16.1.80&amp;apos;, os.name: &amp;apos;Windows 10&amp;apos;, os.arch: &amp;apos;amd64&amp;apos;, os.version: &amp;apos;10.0&amp;apos;, java.version: &amp;apos;19.0.1&amp;apos;
Driver info: org.openqa.selenium.chrome.ChromeDriver
Capabilities {acceptInsecureCerts: false, browserName: chrome, browserVersion: 120.0.6099.200, chrome: {chromedriverVersion: 119.0.6045.105 (38c72552c5e..., userDataDir: C:\Users\NITEIN~1.KUR\AppDa...}, fedcm:accounts: true, goog:chromeOptions: {debuggerAddress: localhost:61324}, javascriptEnabled: true, networkConnectionEnabled: false, pageLoadStrategy: normal, platform: WINDOWS, platformName: WINDOWS, proxy: Proxy(), se:cdp: ws://localhost:61324/devtoo..., se:cdpVersion: 120.0.6099.200, setWindowRect: true, strictFileInteractability: false, timeouts: {implicit: 0, pageLoad: 300000, script: 30000}, unhandledPromptBehavior: dismiss and notify, webauthn:extension:credBlob: true, webauthn:extension:largeBlob: true, webauthn:extension:minPinLength: true, webauthn:extension:prf: true, webauthn:virtualAuthenticators: true}
Session ID: 41ee92f7ce57cb687cfff534c27710f4">
      <![CDATA[org.openqa.selenium.TimeoutException: Expected condition failed: waiting for element to be clickable: [[ChromeDriver: chrome on WINDOWS (41ee92f7ce57cb687cfff534c27710f4)] -> xpath: //*[normalize-space()='Date offered']//input] (tried for 20 second(s) with 500 milliseconds interval)
Build info: version: '4.1.0', revision: '87802e897b'
System info: host: 'DSK-4052', ip: '172.16.1.80', os.name: 'Windows 10', os.arch: 'amd64', os.version: '10.0', java.version: '19.0.1'
Driver info: org.openqa.selenium.chrome.ChromeDriver
Capabilities {acceptInsecureCerts: false, browserName: chrome, browserVersion: 120.0.6099.200, chrome: {chromedriverVersion: 119.0.6045.105 (38c72552c5e..., userDataDir: C:\Users\NITEIN~1.KUR\AppDa...}, fedcm:accounts: true, goog:chromeOptions: {debuggerAddress: localhost:61324}, javascriptEnabled: true, networkConnectionEnabled: false, pageLoadStrategy: normal, platform: WINDOWS, platformName: WINDOWS, proxy: Proxy(), se:cdp: ws://localhost:61324/devtoo..., se:cdpVersion: 120.0.6099.200, setWindowRect: true, strictFileInteractability: false, timeouts: {implicit: 0, pageLoad: 300000, script: 30000}, unhandledPromptBehavior: dismiss and notify, webauthn:extension:credBlob: true, webauthn:extension:largeBlob: true, webauthn:extension:minPinLength: true, webauthn:extension:prf: true, webauthn:virtualAuthenticators: true}
Session ID: 41ee92f7ce57cb687cfff534c27710f4
at org.openqa.selenium.support.ui.WebDriverWait.timeoutException(WebDriverWait.java:138)
at org.openqa.selenium.support.ui.FluentWait.until(FluentWait.java:231)
at com.amt.testUtil.Click.on(Click.java:17)
at com.amt.pages.VehicleOrderPage.fill_up_delivery_info_on_vehicle_order_tab(VehicleOrderPage.java:1162)
at com.amt.pages.VehicleOrderPage.deliver_vehicle(VehicleOrderPage.java:362)
at orders.Orders_Asset_Funding_Add_Stocking_Plan_Test.deliver_vehicle_tab_test(Orders_Asset_Funding_Add_Stocking_Plan_Test.java:47)
at java.base/java.util.ArrayList.forEach(ArrayList.java:1511)
... Removed 25 stack frames]]>
    </failure>
  </testcase> <!-- deliver_vehicle_tab_test -->
  <testcase classname="orders.Orders_Asset_Funding_Add_Stocking_Plan_Test" name="add_stocking_plan_test" time="0.0">
    <skipped/>
  </testcase> <!-- add_stocking_plan_test -->
  <testcase classname="com.amt.testBase.TestBase" name="@AfterSuite end" time="0.0">
    <ignored/>
  </testcase> <!-- @AfterSuite end -->
  <testcase classname="com.amt.testBase.TestBase" name="@BeforeTest start_info" time="0.0">
    <ignored/>
  </testcase> <!-- @BeforeTest start_info -->
</testsuite> <!-- Check Stocking plan in Asset Funding Tab -->
