<?xml version="1.0" encoding="UTF-8"?>
<!-- Generated by org.testng.reporters.JUnitXMLReporter -->
<testsuite ignored="2" hostname="DSK-4052" failures="1" tests="15" name="Check Asset Funding Funder Related Cases with FL" time="692.681" errors="0" timestamp="2024-01-03T21:18:33 IST">
  <testcase classname="acquisition.Acquisition_Quotes_FL_BCH_with_funder_quote_addition_with_maintenance_Test" name="aquisition_quotes_FL_BCH_OTR_calculation_with_maintenance_test" time="135.388"/>
  <testcase classname="acquisition.Acquisition_Quotes_FL_BCH_with_funder_quote_addition_with_maintenance_Test" name="aquisition_quotes_FL_BCH_after_discount_calculations_with_maintenance_test" time="5.12"/>
  <testcase classname="acquisition.Acquisition_Quotes_FL_BCH_with_funder_quote_addition_with_maintenance_Test" name="aquisition_quotes_FL_BCH_holding_cost_calculations_with_maintenance_test" time="73.36"/>
  <testcase classname="acquisition.Acquisition_Quotes_FL_BCH_with_funder_quote_addition_with_maintenance_Test" name="aquisition_quotes_FL_BCH_customer_quote_payment_profile_calculations_with_maintenance_test" time="105.035"/>
  <testcase classname="acquisition.Acquisition_Quotes_FL_BCH_with_funder_quote_addition_with_maintenance_Test" name="aquisition_quotes_FL_BCH_quote_summary_values_verification_with_maintenance_test" time="101.028"/>
  <testcase classname="orders.Orders_Asset_Funding_Required_Flow_FL_BCH_with_funder_with_maintenance_Test" name="open_order_created_in_acquisition_test" time="102.71"/>
  <testcase classname="orders.Orders_Asset_Funding_Required_Flow_FL_BCH_with_funder_with_maintenance_Test" name="verify_default_status_required_flow_test" time="12.526"/>
  <testcase classname="orders.Orders_Asset_Funding_Required_Flow_FL_BCH_with_funder_with_maintenance_Test" name="verify_default_funder_is_not_deleted_test" time="2.118"/>
  <testcase classname="orders.Orders_Asset_Funding_Required_Flow_FL_BCH_with_funder_with_maintenance_Test" name="verify_selected_funder_can_not_be_edited_test" time="0.278"/>
  <testcase classname="orders.Orders_Asset_Funding_Required_Flow_FL_BCH_with_funder_with_maintenance_Test" name="verify_holding_cost_after_deselecting_funder_test" time="21.021"/>
  <testcase classname="orders.Orders_Asset_Funding_Required_Flow_FL_BCH_with_funder_with_maintenance_Test" name="verify_holding_cost_based_on_ownbook_calculation_on_toggling_in_funder_test" time="12.691"/>
  <testcase classname="orders.Orders_Asset_Funding_Required_Flow_FL_BCH_with_funder_with_maintenance_Test" name="verify_holding_cost_without_maintenance_based_on_ownbook_calculation_test" time="8.312"/>
  <testcase classname="orders.Orders_Asset_Funding_Required_Flow_FL_BCH_with_funder_with_maintenance_Test" name="verify_funder_is_deselected_after_selecting_the_other_matrix_cell_test" time="18.811">
    <failure type="org.openqa.selenium.StaleElementReferenceException" message="stale element reference: stale element not found
  (Session info: chrome=120.0.6099.130)
For documentation on this error, please visit: https://selenium.dev/exceptions/#stale_element_reference
Build info: version: &amp;apos;4.1.0&amp;apos;, revision: &amp;apos;87802e897b&amp;apos;
System info: host: &amp;apos;DSK-4052&amp;apos;, ip: &amp;apos;172.16.1.80&amp;apos;, os.name: &amp;apos;Windows 10&amp;apos;, os.arch: &amp;apos;amd64&amp;apos;, os.version: &amp;apos;10.0&amp;apos;, java.version: &amp;apos;19.0.1&amp;apos;
Driver info: org.openqa.selenium.chrome.ChromeDriver
Command: [cd20df5cf4a636308a599c464669f985, getElementAttribute {id=4D99BB8511964626922023BC366B56FE_element_503, name=class}]
Capabilities {acceptInsecureCerts: false, browserName: chrome, browserVersion: 120.0.6099.130, chrome: {chromedriverVersion: 119.0.6045.105 (38c72552c5e..., userDataDir: C:\Users\NITEIN~1.KUR\AppDa...}, fedcm:accounts: true, goog:chromeOptions: {debuggerAddress: localhost:50217}, javascriptEnabled: true, networkConnectionEnabled: false, pageLoadStrategy: normal, platform: WINDOWS, platformName: WINDOWS, proxy: Proxy(), se:cdp: ws://localhost:50217/devtoo..., se:cdpVersion: 120.0.6099.130, setWindowRect: true, strictFileInteractability: false, timeouts: {implicit: 0, pageLoad: 300000, script: 30000}, unhandledPromptBehavior: dismiss and notify, webauthn:extension:credBlob: true, webauthn:extension:largeBlob: true, webauthn:extension:minPinLength: true, webauthn:extension:prf: true, webauthn:virtualAuthenticators: true}
Element: [[ChromeDriver: chrome on WINDOWS (cd20df5cf4a636308a599c464669f985)] -&amp;gt; xpath: //*[contains(@class, &amp;apos;rTableCell&amp;apos;)]]
Session ID: cd20df5cf4a636308a599c464669f985">
      <![CDATA[org.openqa.selenium.StaleElementReferenceException: stale element reference: stale element not found
  (Session info: chrome=120.0.6099.130)
For documentation on this error, please visit: https://selenium.dev/exceptions/#stale_element_reference
Build info: version: '4.1.0', revision: '87802e897b'
System info: host: 'DSK-4052', ip: '172.16.1.80', os.name: 'Windows 10', os.arch: 'amd64', os.version: '10.0', java.version: '19.0.1'
Driver info: org.openqa.selenium.chrome.ChromeDriver
Command: [cd20df5cf4a636308a599c464669f985, getElementAttribute {id=4D99BB8511964626922023BC366B56FE_element_503, name=class}]
Capabilities {acceptInsecureCerts: false, browserName: chrome, browserVersion: 120.0.6099.130, chrome: {chromedriverVersion: 119.0.6045.105 (38c72552c5e..., userDataDir: C:\Users\NITEIN~1.KUR\AppDa...}, fedcm:accounts: true, goog:chromeOptions: {debuggerAddress: localhost:50217}, javascriptEnabled: true, networkConnectionEnabled: false, pageLoadStrategy: normal, platform: WINDOWS, platformName: WINDOWS, proxy: Proxy(), se:cdp: ws://localhost:50217/devtoo..., se:cdpVersion: 120.0.6099.130, setWindowRect: true, strictFileInteractability: false, timeouts: {implicit: 0, pageLoad: 300000, script: 30000}, unhandledPromptBehavior: dismiss and notify, webauthn:extension:credBlob: true, webauthn:extension:largeBlob: true, webauthn:extension:minPinLength: true, webauthn:extension:prf: true, webauthn:virtualAuthenticators: true}
Element: [[ChromeDriver: chrome on WINDOWS (cd20df5cf4a636308a599c464669f985)] -> xpath: //*[contains(@class, 'rTableCell')]]
Session ID: cd20df5cf4a636308a599c464669f985
at org.openqa.selenium.remote.codec.w3c.W3CHttpResponseCodec.createException(W3CHttpResponseCodec.java:200)
at org.openqa.selenium.remote.codec.w3c.W3CHttpResponseCodec.decode(W3CHttpResponseCodec.java:133)
at org.openqa.selenium.remote.codec.w3c.W3CHttpResponseCodec.decode(W3CHttpResponseCodec.java:53)
at org.openqa.selenium.remote.HttpCommandExecutor.execute(HttpCommandExecutor.java:184)
at org.openqa.selenium.remote.service.DriverCommandExecutor.invokeExecute(DriverCommandExecutor.java:164)
at org.openqa.selenium.remote.service.DriverCommandExecutor.execute(DriverCommandExecutor.java:139)
at org.openqa.selenium.remote.RemoteWebDriver.execute(RemoteWebDriver.java:559)
at org.openqa.selenium.remote.RemoteWebElement.execute(RemoteWebElement.java:251)
at org.openqa.selenium.remote.RemoteWebElement.getAttribute(RemoteWebElement.java:152)
at com.amt.pages.AssetFundingPage.verify_funder_is_deselected_after_selecting_the_other_matrix_cell(AssetFundingPage.java:2467)
at orders.Orders_Asset_Funding_Required_Flow_FL_BCH_with_funder_with_maintenance_Test.verify_funder_is_deselected_after_selecting_the_other_matrix_cell_test(Orders_Asset_Funding_Required_Flow_FL_BCH_with_funder_with_maintenance_Test.java:140)
at java.base/java.util.ArrayList.forEach(ArrayList.java:1511)
... Removed 28 stack frames]]>
    </failure>
  </testcase> <!-- verify_funder_is_deselected_after_selecting_the_other_matrix_cell_test -->
  <testcase classname="orders.Orders_Asset_Funding_Required_Flow_FL_BCH_with_funder_with_maintenance_Test" name="verify_document_is_uploaded_in_funder_test" time="21.698"/>
  <testcase classname="orders.Orders_Asset_Funding_Required_Flow_FL_BCH_with_funder_with_maintenance_Test" name="verify_funders_are_deleted_on_changing_contract_type_test" time="49.921"/>
  <testcase classname="com.amt.testBase.TestBase" name="@AfterSuite end" time="0.0">
    <ignored/>
  </testcase> <!-- @AfterSuite end -->
  <testcase classname="com.amt.testBase.TestBase" name="@BeforeTest start_info" time="0.0">
    <ignored/>
  </testcase> <!-- @BeforeTest start_info -->
</testsuite> <!-- Check Asset Funding Funder Related Cases with FL -->
