<?xml version="1.0" encoding="UTF-8"?>
<!-- Generated by org.testng.reporters.JUnitXMLReporter -->
<testsuite ignored="4" hostname="DSK-4052" failures="1" tests="28" name="Create Order From Opportunity Ownbook Purchase" time="1401.668" errors="0" timestamp="2023-12-15T14:44:31 IST">
  <testcase classname="acquisition.Acquisition_Quotes_HPNR_HPNR_without_maintenance_Test" name="aquisition_quotes_HPNR_HPNR_OTR_calculation_without_maintenance_test" time="142.374"/>
  <testcase classname="acquisition.Acquisition_Quotes_HPNR_HPNR_without_maintenance_Test" name="aquisition_quotes_HPNR_HPNR_after_discount_calculations_without_maintenance_test" time="9.023"/>
  <testcase classname="acquisition.Acquisition_Quotes_HPNR_HPNR_without_maintenance_Test" name="aquisition_quotes_HPNR_HPNR_holding_cost_calculations_without_maintenance_test" time="31.997"/>
  <testcase classname="acquisition.Acquisition_Quotes_HPNR_HPNR_without_maintenance_Test" name="aquisition_quotes_HPNR_HPNR_customer_quote_calculations_check_monthly_finance_payment_without_maintenance_test" time="142.399"/>
  <testcase classname="acquisition.Acquisition_Quotes_HPNR_HPNR_without_maintenance_Test" name="aquisition_quotes_HPNR_HPNR_customer_quote_vehicle_profit_edit_check_without_maintenance_test" time="42.511"/>
  <testcase classname="acquisition.Acquisition_Quotes_HPNR_HPNR_without_maintenance_Test" name="aquisition_quotes_HPNR_HPNR_customer_quote_part_exchange_value_edit_check_without_maintenance_test" time="78.436"/>
  <testcase classname="acquisition.Acquisition_Quotes_HPNR_HPNR_without_maintenance_Test" name="aquisition_quotes_HPNR_HPNR_customer_quote_monthly_finance_payment_after_balloon_payment_off_without_maintenance_test" time="17.568"/>
  <testcase classname="acquisition.Acquisition_Quotes_HPNR_HPNR_without_maintenance_Test" name="aquisition_quotes_HPNR_HPNR_quote_summary_values_verification_without_maintenance_test" time="153.987"/>
  <testcase classname="opportunity.LOU_ownbook_business_purchase_accept_with_changes_Test" name="L1_create_lead_convert_to_lead_for_ownbook_business_flow" time="127.279"/>
  <testcase classname="opportunity.LOU_ownbook_business_purchase_accept_with_changes_Test" name="L2_ownbook_business_current_status_before_sending_to_proposal" time="23.868"/>
  <testcase classname="opportunity.LOU_ownbook_business_purchase_accept_with_changes_Test" name="L3_verify_table_values_on_opportunity_page_before_sending_proposal" time="4.089"/>
  <testcase classname="opportunity.LOU_ownbook_business_purchase_accept_with_changes_Test" name="L4_fill_up_the_required_fields_for_sending_a_proposal" time="79.745"/>
  <testcase classname="opportunity.LOU_ownbook_business_purchase_accept_with_changes_Test" name="L5_ownbook_create_opportunity_business_currentstatus_after_sending_to_proposal" time="0.18"/>
  <testcase classname="opportunity.LOU_ownbook_business_purchase_accept_with_changes_Test" name="L6_ownbook_sending_contract" time="20.833"/>
  <testcase classname="opportunity.LOU_ownbook_business_purchase_accept_with_changes_Test" name="L7_verify_current_status_on_opportunity_page_after_sending_contract_for_ownbook_business_flow" time="5.176"/>
  <testcase classname="opportunity.LOU_ownbook_business_purchase_accept_with_changes_Test" name="L8_ownbook_signed_contract_status_with_api_call" time="47.37"/>
  <testcase classname="opportunity.LOU_ownbook_business_purchase_accept_with_changes_Test" name="L9_ownbook_status_after_contract_signed" time="9.149"/>
  <testcase classname="opportunity.LOU_ownbook_business_purchase_accept_with_changes_Test" name="UW1_verify_underwriting_flow_ownbook_with_status" time="68.184"/>
  <testcase classname="opportunity.LOU_ownbook_business_purchase_accept_with_changes_Test" name="UW2_verify_status_after_sending_to_underwriting" time="2.127"/>
  <testcase classname="opportunity.LOU_ownbook_business_purchase_accept_with_changes_Test" name="UW3_verify_underwriting_lisitig_page" time="15.183"/>
  <testcase classname="opportunity.LOU_ownbook_business_purchase_accept_with_changes_Test" name="UW4_verify_ownbook_underwriting_proposal_page_flow" time="102.775"/>
  <testcase classname="opportunity.LOU_ownbook_business_purchase_accept_with_changes_Test" name="UW5_verify_ownbook_underwriting_proposal_decision_with_accept" time="35.434"/>
  <testcase classname="opportunity.LOU_ownbook_business_purchase_accept_with_changes_Test" name="UW6_verify_ownbook_opportunity_search_text_box_accept_with_changes" time="42.664"/>
  <testcase classname="opportunity.LOU_ownbook_business_purchase_accept_with_changes_Test" name="UW7_verify_ownbook_opportunity_accept_with_changes_underwriting_pop_up" time="12.019"/>
  <testcase classname="opportunity.LOU_ownbook_business_purchase_accept_with_changes_Test" name="UW8_verify_ownbook_opportunity_underwriting_accept_with_changes_cancel_flow_verification" time="46.65"/>
  <testcase classname="opportunity.LOU_ownbook_business_purchase_accept_with_changes_Test" name="UW9_ownbook_after_opportunity_underwriting_accept_with_changes_signed_contract_status_with_api_call" time="71.603"/>
  <testcase classname="opportunity.LOU_ownbook_business_purchase_accept_with_changes_Test" name="OP1_ownbook_after_Underwriting_accepted_mothlty_payment_price" time="3.837"/>
  <testcase classname="opportunity.Create_order_from_opportunity_Test" name="create_order_from_opportunity_test" time="32.604">
    <failure type="org.openqa.selenium.ElementClickInterceptedException" message="element click intercepted: Element &amp;lt;a class=&amp;quot;ico-btn ng-star-inserted&amp;quot; href=&amp;quot;javascript:void(0);&amp;quot; style=&amp;quot;margin-right: 5px; opacity: 0.3; pointer-events: none; cursor: not-allowed;&amp;quot; title=&amp;quot;Create order&amp;quot;&amp;gt;...&amp;lt;/a&amp;gt; is not clickable at point (1769, 449). Other element would receive the click: &amp;lt;div class=&amp;quot;d-flex justify-content-center align-items-center sub-level-action&amp;quot;&amp;gt;...&amp;lt;/div&amp;gt;
  (Session info: chrome=120.0.6099.72)
Build info: version: &amp;apos;4.1.0&amp;apos;, revision: &amp;apos;87802e897b&amp;apos;
System info: host: &amp;apos;DSK-4052&amp;apos;, ip: &amp;apos;172.16.1.80&amp;apos;, os.name: &amp;apos;Windows 10&amp;apos;, os.arch: &amp;apos;amd64&amp;apos;, os.version: &amp;apos;10.0&amp;apos;, java.version: &amp;apos;19.0.1&amp;apos;
Driver info: org.openqa.selenium.chrome.ChromeDriver
Command: [6c998e49c6899bbcf06d8e8101aa0997, clickElement {id=55E25E0AF07B76553093EE4576B49CD8_element_218}]
Capabilities {acceptInsecureCerts: false, browserName: chrome, browserVersion: 120.0.6099.72, chrome: {chromedriverVersion: 119.0.6045.105 (38c72552c5e..., userDataDir: C:\Users\NITEIN~1.KUR\AppDa...}, fedcm:accounts: true, goog:chromeOptions: {debuggerAddress: localhost:58333}, javascriptEnabled: true, networkConnectionEnabled: false, pageLoadStrategy: normal, platform: WINDOWS, platformName: WINDOWS, proxy: Proxy(), se:cdp: ws://localhost:58333/devtoo..., se:cdpVersion: 120.0.6099.72, setWindowRect: true, strictFileInteractability: false, timeouts: {implicit: 0, pageLoad: 300000, script: 30000}, unhandledPromptBehavior: dismiss and notify, webauthn:extension:credBlob: true, webauthn:extension:largeBlob: true, webauthn:extension:minPinLength: true, webauthn:extension:prf: true, webauthn:virtualAuthenticators: true}
Element: [[ChromeDriver: chrome on WINDOWS (6c998e49c6899bbcf06d8e8101aa0997)] -&amp;gt; xpath: //button[normalize-space()=&amp;apos;Create order&amp;apos;]|//*[@title=&amp;apos;Create order&amp;apos;]|//*[@src=&amp;apos;../../assets/images/opportunity/shopping-cart.svg&amp;apos;]]
Session ID: 6c998e49c6899bbcf06d8e8101aa0997">
      <![CDATA[org.openqa.selenium.ElementClickInterceptedException: element click intercepted: Element <a class="ico-btn ng-star-inserted" href="javascript:void(0);" style="margin-right: 5px; opacity: 0.3; pointer-events: none; cursor: not-allowed;" title="Create order">...</a> is not clickable at point (1769, 449). Other element would receive the click: <div class="d-flex justify-content-center align-items-center sub-level-action">...</div>
  (Session info: chrome=120.0.6099.72)
Build info: version: '4.1.0', revision: '87802e897b'
System info: host: 'DSK-4052', ip: '172.16.1.80', os.name: 'Windows 10', os.arch: 'amd64', os.version: '10.0', java.version: '19.0.1'
Driver info: org.openqa.selenium.chrome.ChromeDriver
Command: [6c998e49c6899bbcf06d8e8101aa0997, clickElement {id=55E25E0AF07B76553093EE4576B49CD8_element_218}]
Capabilities {acceptInsecureCerts: false, browserName: chrome, browserVersion: 120.0.6099.72, chrome: {chromedriverVersion: 119.0.6045.105 (38c72552c5e..., userDataDir: C:\Users\NITEIN~1.KUR\AppDa...}, fedcm:accounts: true, goog:chromeOptions: {debuggerAddress: localhost:58333}, javascriptEnabled: true, networkConnectionEnabled: false, pageLoadStrategy: normal, platform: WINDOWS, platformName: WINDOWS, proxy: Proxy(), se:cdp: ws://localhost:58333/devtoo..., se:cdpVersion: 120.0.6099.72, setWindowRect: true, strictFileInteractability: false, timeouts: {implicit: 0, pageLoad: 300000, script: 30000}, unhandledPromptBehavior: dismiss and notify, webauthn:extension:credBlob: true, webauthn:extension:largeBlob: true, webauthn:extension:minPinLength: true, webauthn:extension:prf: true, webauthn:virtualAuthenticators: true}
Element: [[ChromeDriver: chrome on WINDOWS (6c998e49c6899bbcf06d8e8101aa0997)] -> xpath: //button[normalize-space()='Create order']|//*[@title='Create order']|//*[@src='../../assets/images/opportunity/shopping-cart.svg']]
Session ID: 6c998e49c6899bbcf06d8e8101aa0997
at org.openqa.selenium.remote.codec.w3c.W3CHttpResponseCodec.createException(W3CHttpResponseCodec.java:200)
at org.openqa.selenium.remote.codec.w3c.W3CHttpResponseCodec.decode(W3CHttpResponseCodec.java:133)
at org.openqa.selenium.remote.codec.w3c.W3CHttpResponseCodec.decode(W3CHttpResponseCodec.java:53)
at org.openqa.selenium.remote.HttpCommandExecutor.execute(HttpCommandExecutor.java:184)
at org.openqa.selenium.remote.service.DriverCommandExecutor.invokeExecute(DriverCommandExecutor.java:164)
at org.openqa.selenium.remote.service.DriverCommandExecutor.execute(DriverCommandExecutor.java:139)
at org.openqa.selenium.remote.RemoteWebDriver.execute(RemoteWebDriver.java:559)
at org.openqa.selenium.remote.RemoteWebElement.execute(RemoteWebElement.java:251)
at org.openqa.selenium.remote.RemoteWebElement.click(RemoteWebElement.java:77)
at com.amt.testUtil.CommonClass.create_order_from_opportunity(CommonClass.java:343)
at opportunity.Create_order_from_opportunity_Test.create_order_from_opportunity_test(Create_order_from_opportunity_Test.java:30)
at java.base/java.util.ArrayList.forEach(ArrayList.java:1511)
... Removed 28 stack frames]]>
    </failure>
  </testcase> <!-- create_order_from_opportunity_test -->
  <testcase classname="com.amt.testBase.TestBase" name="@AfterSuite end" time="0.0">
    <ignored/>
  </testcase> <!-- @AfterSuite end -->
  <testcase classname="com.amt.testBase.TestBase" name="@AfterSuite end" time="0.0">
    <ignored/>
  </testcase> <!-- @AfterSuite end -->
  <testcase classname="com.amt.testBase.TestBase" name="@BeforeTest start_info" time="0.0">
    <ignored/>
  </testcase> <!-- @BeforeTest start_info -->
  <testcase classname="com.amt.testBase.TestBase" name="@BeforeTest start_info" time="0.0">
    <ignored/>
  </testcase> <!-- @BeforeTest start_info -->
</testsuite> <!-- Create Order From Opportunity Ownbook Purchase -->
