<?xml version="1.0" encoding="UTF-8"?>
<!-- Generated by org.testng.reporters.JUnitXMLReporter -->
<testsuite ignored="2" hostname="DSK-4052" failures="1" tests="13" name="Verify Asset Funding Funder Related Cases For HPNR BCH" time="867.318" errors="0" timestamp="2024-01-03T18:31:27 IST">
  <testcase classname="acquisition.Acquisition_Quotes_HPNR_BCH_with_funder_quote_addition_with_maintenance_Test" name="aquisition_quotes_HPNR_BCH_OTR_calculation_with_maintenance_test" time="109.27"/>
  <testcase classname="acquisition.Acquisition_Quotes_HPNR_BCH_with_funder_quote_addition_with_maintenance_Test" name="aquisition_quotes_HPNR_BCH_after_discount_calculations_with_maintenance_test" time="4.692"/>
  <testcase classname="acquisition.Acquisition_Quotes_HPNR_BCH_with_funder_quote_addition_with_maintenance_Test" name="aquisition_quotes_HPNR_BCH_holding_cost_calculations_with_maintenance_test" time="41.625"/>
  <testcase classname="acquisition.Acquisition_Quotes_HPNR_BCH_with_funder_quote_addition_with_maintenance_Test" name="aquisition_quotes_HPNR_BCH_customer_quote_payment_profile_calculations_with_maintenance_test" time="138.215"/>
  <testcase classname="acquisition.Acquisition_Quotes_HPNR_BCH_with_funder_quote_addition_with_maintenance_Test" name="aquisition_quotes_HPNR_BCH_quote_summary_values_verification_with_maintenance_test" time="103.168"/>
  <testcase classname="orders.Orders_Asset_Funding_Required_Flow_HPNR_BCH_with_funder_with_maintenance_Test" name="open_order_created_in_acquisition_test" time="70.795"/>
  <testcase classname="orders.Orders_Asset_Funding_Required_Flow_HPNR_BCH_with_funder_with_maintenance_Test" name="deliver_vehicle_tab_test" time="153.534"/>
  <testcase classname="orders.Orders_Asset_Funding_Required_Flow_HPNR_BCH_with_funder_with_maintenance_Test" name="verify_default_status_required_flow_test" time="11.55"/>
  <testcase classname="orders.Orders_Asset_Funding_Required_Flow_HPNR_BCH_with_funder_with_maintenance_Test" name="verify_default_funder_is_not_deleted_test" time="2.133"/>
  <testcase classname="orders.Orders_Asset_Funding_Required_Flow_HPNR_BCH_with_funder_with_maintenance_Test" name="verify_selected_funder_can_not_be_edited_test" time="0.225"/>
  <testcase classname="orders.Orders_Asset_Funding_Required_Flow_HPNR_BCH_with_funder_with_maintenance_Test" name="verify_finance_documents_statuses_for_required_flow_test" time="113.098"/>
  <testcase classname="orders.Orders_Asset_Funding_Required_Flow_HPNR_BCH_with_funder_with_maintenance_Test" name="verify_payments_to_funder_statuses_for_required_flow_test" time="95.861">
    <failure type="org.openqa.selenium.TimeoutException" message="Expected condition failed: waiting for element to be clickable: Proxy element for: DefaultElementLocator &amp;apos;By.xpath: //button[normalize-space()=&amp;apos;Generate invoice&amp;apos;]&amp;apos; (tried for 30 second(s) with 500 milliseconds interval)">
      <![CDATA[org.openqa.selenium.TimeoutException: Expected condition failed: waiting for element to be clickable: Proxy element for: DefaultElementLocator 'By.xpath: //button[normalize-space()='Generate invoice']' (tried for 30 second(s) with 500 milliseconds interval)
at org.openqa.selenium.support.ui.WebDriverWait.timeoutException(WebDriverWait.java:138)
at org.openqa.selenium.support.ui.FluentWait.until(FluentWait.java:231)
at com.amt.testUtil.Click.on(Click.java:17)
at com.amt.pages.AssetFundingPage.verify_payments_to_funder_statuses(AssetFundingPage.java:2786)
at orders.Orders_Asset_Funding_Required_Flow_HPNR_BCH_with_funder_with_maintenance_Test.verify_payments_to_funder_statuses_for_required_flow_test(Orders_Asset_Funding_Required_Flow_HPNR_BCH_with_funder_with_maintenance_Test.java:132)
at java.base/java.util.ArrayList.forEach(ArrayList.java:1511)
Caused by: org.openqa.selenium.NoSuchElementException: no such element: Unable to locate element: {"method":"xpath","selector":"//button[normalize-space()='Generate invoice']"}
  (Session info: chrome=120.0.6099.130)
For documentation on this error, please visit: https://selenium.dev/exceptions/#no_such_element
Build info: version: '4.1.0', revision: '87802e897b'
System info: host: 'DSK-4052', ip: '172.16.1.80', os.name: 'Windows 10', os.arch: 'amd64', os.version: '10.0', java.version: '19.0.1'
Driver info: org.openqa.selenium.chrome.ChromeDriver
Command: [3a91fe120a76c5714ded162f693445c5, findElement {using=xpath, value=//button[normalize-space()='Generate invoice']}]
Capabilities {acceptInsecureCerts: false, browserName: chrome, browserVersion: 120.0.6099.130, chrome: {chromedriverVersion: 119.0.6045.105 (38c72552c5e..., userDataDir: C:\Users\NITEIN~1.KUR\AppDa...}, fedcm:accounts: true, goog:chromeOptions: {debuggerAddress: localhost:55576}, javascriptEnabled: true, networkConnectionEnabled: false, pageLoadStrategy: normal, platform: WINDOWS, platformName: WINDOWS, proxy: Proxy(), se:cdp: ws://localhost:55576/devtoo..., se:cdpVersion: 120.0.6099.130, setWindowRect: true, strictFileInteractability: false, timeouts: {implicit: 0, pageLoad: 300000, script: 30000}, unhandledPromptBehavior: dismiss and notify, webauthn:extension:credBlob: true, webauthn:extension:largeBlob: true, webauthn:extension:minPinLength: true, webauthn:extension:prf: true, webauthn:virtualAuthenticators: true}
Session ID: 3a91fe120a76c5714ded162f693445c5
at org.openqa.selenium.remote.codec.w3c.W3CHttpResponseCodec.createException(W3CHttpResponseCodec.java:200)
at org.openqa.selenium.remote.codec.w3c.W3CHttpResponseCodec.decode(W3CHttpResponseCodec.java:133)
at org.openqa.selenium.remote.codec.w3c.W3CHttpResponseCodec.decode(W3CHttpResponseCodec.java:53)
at org.openqa.selenium.remote.HttpCommandExecutor.execute(HttpCommandExecutor.java:184)
at org.openqa.selenium.remote.service.DriverCommandExecutor.invokeExecute(DriverCommandExecutor.java:164)
at org.openqa.selenium.remote.service.DriverCommandExecutor.execute(DriverCommandExecutor.java:139)
at org.openqa.selenium.remote.RemoteWebDriver.execute(RemoteWebDriver.java:559)
at org.openqa.selenium.remote.ElementLocation$ElementFinder$2.findElement(ElementLocation.java:162)
at org.openqa.selenium.remote.ElementLocation.findElement(ElementLocation.java:60)
at org.openqa.selenium.remote.RemoteWebDriver.findElement(RemoteWebDriver.java:383)
at org.openqa.selenium.remote.RemoteWebDriver.findElement(RemoteWebDriver.java:375)
at org.openqa.selenium.support.pagefactory.DefaultElementLocator.findElement(DefaultElementLocator.java:70)
at org.openqa.selenium.support.pagefactory.internal.LocatingElementHandler.invoke(LocatingElementHandler.java:39)
at jdk.proxy2/jdk.proxy2.$Proxy22.isDisplayed(Unknown Source)
at org.openqa.selenium.support.ui.ExpectedConditions.elementIfVisible(ExpectedConditions.java:307)
at org.openqa.selenium.support.ui.ExpectedConditions.access$000(ExpectedConditions.java:40)
at org.openqa.selenium.support.ui.ExpectedConditions$10.apply(ExpectedConditions.java:293)
at org.openqa.selenium.support.ui.ExpectedConditions$10.apply(ExpectedConditions.java:290)
at org.openqa.selenium.support.ui.ExpectedConditions$23.apply(ExpectedConditions.java:660)
at org.openqa.selenium.support.ui.ExpectedConditions$23.apply(ExpectedConditions.java:656)
at org.openqa.selenium.support.ui.FluentWait.until(FluentWait.java:208)
... 29 more
... Removed 28 stack frames]]>
    </failure>
  </testcase> <!-- verify_payments_to_funder_statuses_for_required_flow_test -->
  <testcase classname="orders.Orders_Asset_Funding_Required_Flow_HPNR_BCH_with_funder_with_maintenance_Test" name="verify_completed_status_for_required_flow_test" time="0.0">
    <skipped/>
  </testcase> <!-- verify_completed_status_for_required_flow_test -->
  <testcase classname="com.amt.testBase.TestBase" name="@AfterSuite end" time="0.0">
    <ignored/>
  </testcase> <!-- @AfterSuite end -->
  <testcase classname="com.amt.testBase.TestBase" name="@BeforeTest start_info" time="0.0">
    <ignored/>
  </testcase> <!-- @BeforeTest start_info -->
</testsuite> <!-- Verify Asset Funding Funder Related Cases For HPNR BCH -->
