<?xml version="1.0" encoding="UTF-8"?>
<!-- Generated by org.testng.reporters.JUnitXMLReporter -->
<testsuite ignored="6" hostname="DSK-4052" failures="1" tests="38" name="Verify Order Flow For Outright Purchase With Customer Flow For Used Car" time="672.524" errors="0" timestamp="2024-01-09T17:11:30 IST">
  <testcase classname="acquisition.Acquisition_Quotes_OP_OP_used_car_For_With_Customer_Order_Flow_Test" name="aquisition_quotes_OP_OP_OTR_calculation_test" time="74.36"/>
  <testcase classname="acquisition.Acquisition_Quotes_OP_OP_used_car_For_With_Customer_Order_Flow_Test" name="aquisition_quotes_OP_OP_customer_quote_vehicle_profit_edit_test" time="6.209"/>
  <testcase classname="acquisition.Acquisition_Quotes_OP_OP_used_car_For_With_Customer_Order_Flow_Test" name="aquisition_quotes_OP_OP_customer_quote_part_exchange_value_edit_test" time="25.343"/>
  <testcase classname="acquisition.Acquisition_Quotes_OP_OP_used_car_For_With_Customer_Order_Flow_Test" name="aquisition_quotes_OP_OP_quote_summary_values_verification_with_maintenance_test" time="40.008"/>
  <testcase classname="opportunity.LOU_OP_OP_Business_Flow_Test" name="L1_create_lead_for_Outright_Purchase_business" time="162.691"/>
  <testcase classname="opportunity.LOU_OP_OP_Business_Flow_Test" name="L2_current_status_before_sending_to_proposal" time="17.09"/>
  <testcase classname="opportunity.LOU_OP_OP_Business_Flow_Test" name="L3_fill_up_the_required_fields_for_sending_a_proposal" time="59.204"/>
  <testcase classname="opportunity.LOU_OP_OP_Business_Flow_Test" name="L4_ownbook_create_opportunity_business_current_status_after_sending_to_proposal" time="0.182"/>
  <testcase classname="opportunity.LOU_OP_OP_Business_Flow_Test" name="L5_sending_contract" time="21.222"/>
  <testcase classname="opportunity.LOU_OP_OP_Business_Flow_Test" name="L6_verify_current_status_on_opportunity_page_after_sending_contract_for_broker_business_flow" time="5.487"/>
  <testcase classname="opportunity.LOU_OP_OP_Business_Flow_Test" name="L7_verify_signed_contract_status_with_api_call" time="28.982"/>
  <testcase classname="opportunity.LOU_OP_OP_Business_Flow_Test" name="L8_verify_status_after_contract_signed" time="9.112"/>
  <testcase classname="opportunity.Create_order_from_opportunity_Test" name="create_order_from_opportunity_test" time="59.484"/>
  <testcase classname="orders.Orders_Verify_Outright_Purchase_With_Customer_Flow_Test" name="T1_open_order_created_in_acquisition_test" time="77.692"/>
  <testcase classname="orders.Orders_Verify_Outright_Purchase_With_Customer_Flow_Test" name="T2_pass_the_pre_order_check_test" time="28.102"/>
  <testcase classname="orders.Orders_Verify_Outright_Purchase_With_Customer_Flow_Test" name="T3_verify_default_order_status_vehicle_tab_test" time="6.394"/>
  <testcase classname="orders.Orders_Verify_Outright_Purchase_With_Customer_Flow_Test" name="T4_verify_order_status_after_uploading_order_form_in_vehicle_tab_test" time="11.421">
    <failure type="org.openqa.selenium.ElementClickInterceptedException" message="element click intercepted: Element &amp;lt;button _ngcontent-hgp-c35=&amp;quot;&amp;quot; class=&amp;quot;btn btn-outline-secondary px-2&amp;quot; type=&amp;quot;button&amp;quot; title=&amp;quot;Supported file types (.pdf, .doc, .docx, .png, .jpeg, .jpg, .gif, .bmp, .heic). Maximum file size 10MB.&amp;quot;&amp;gt;...&amp;lt;/button&amp;gt; is not clickable at point (384, 897). Other element would receive the click: &amp;lt;div _ngcontent-hgp-c35=&amp;quot;&amp;quot; class=&amp;quot;uploadBtn w-auto&amp;quot; data-dfreceived=&amp;quot;dfreceived&amp;quot;&amp;gt;...&amp;lt;/div&amp;gt;
  (Session info: chrome=120.0.6099.200)
Build info: version: &amp;apos;4.1.0&amp;apos;, revision: &amp;apos;87802e897b&amp;apos;
System info: host: &amp;apos;DSK-4052&amp;apos;, ip: &amp;apos;172.16.1.80&amp;apos;, os.name: &amp;apos;Windows 10&amp;apos;, os.arch: &amp;apos;amd64&amp;apos;, os.version: &amp;apos;10.0&amp;apos;, java.version: &amp;apos;19.0.1&amp;apos;
Driver info: org.openqa.selenium.chrome.ChromeDriver
Command: [a7d7119c9489212151bc7fd79d6085ff, clickElement {id=E4911FFBA54F1B0854E6DB09A743477E_element_448}]
Capabilities {acceptInsecureCerts: false, browserName: chrome, browserVersion: 120.0.6099.200, chrome: {chromedriverVersion: 119.0.6045.105 (38c72552c5e..., userDataDir: C:\Users\NITEIN~1.KUR\AppDa...}, fedcm:accounts: true, goog:chromeOptions: {debuggerAddress: localhost:59222}, javascriptEnabled: true, networkConnectionEnabled: false, pageLoadStrategy: normal, platform: WINDOWS, platformName: WINDOWS, proxy: Proxy(), se:cdp: ws://localhost:59222/devtoo..., se:cdpVersion: 120.0.6099.200, setWindowRect: true, strictFileInteractability: false, timeouts: {implicit: 0, pageLoad: 300000, script: 30000}, unhandledPromptBehavior: dismiss and notify, webauthn:extension:credBlob: true, webauthn:extension:largeBlob: true, webauthn:extension:minPinLength: true, webauthn:extension:prf: true, webauthn:virtualAuthenticators: true}
Element: [[ChromeDriver: chrome on WINDOWS (a7d7119c9489212151bc7fd79d6085ff)] -&amp;gt; xpath: //*[normalize-space()=&amp;apos;Order form&amp;apos;]//ancestor::div[1]//button[normalize-space()=&amp;apos;Upload&amp;apos;]]
Session ID: a7d7119c9489212151bc7fd79d6085ff">
      <![CDATA[org.openqa.selenium.ElementClickInterceptedException: element click intercepted: Element <button _ngcontent-hgp-c35="" class="btn btn-outline-secondary px-2" type="button" title="Supported file types (.pdf, .doc, .docx, .png, .jpeg, .jpg, .gif, .bmp, .heic). Maximum file size 10MB.">...</button> is not clickable at point (384, 897). Other element would receive the click: <div _ngcontent-hgp-c35="" class="uploadBtn w-auto" data-dfreceived="dfreceived">...</div>
  (Session info: chrome=120.0.6099.200)
Build info: version: '4.1.0', revision: '87802e897b'
System info: host: 'DSK-4052', ip: '172.16.1.80', os.name: 'Windows 10', os.arch: 'amd64', os.version: '10.0', java.version: '19.0.1'
Driver info: org.openqa.selenium.chrome.ChromeDriver
Command: [a7d7119c9489212151bc7fd79d6085ff, clickElement {id=E4911FFBA54F1B0854E6DB09A743477E_element_448}]
Capabilities {acceptInsecureCerts: false, browserName: chrome, browserVersion: 120.0.6099.200, chrome: {chromedriverVersion: 119.0.6045.105 (38c72552c5e..., userDataDir: C:\Users\NITEIN~1.KUR\AppDa...}, fedcm:accounts: true, goog:chromeOptions: {debuggerAddress: localhost:59222}, javascriptEnabled: true, networkConnectionEnabled: false, pageLoadStrategy: normal, platform: WINDOWS, platformName: WINDOWS, proxy: Proxy(), se:cdp: ws://localhost:59222/devtoo..., se:cdpVersion: 120.0.6099.200, setWindowRect: true, strictFileInteractability: false, timeouts: {implicit: 0, pageLoad: 300000, script: 30000}, unhandledPromptBehavior: dismiss and notify, webauthn:extension:credBlob: true, webauthn:extension:largeBlob: true, webauthn:extension:minPinLength: true, webauthn:extension:prf: true, webauthn:virtualAuthenticators: true}
Element: [[ChromeDriver: chrome on WINDOWS (a7d7119c9489212151bc7fd79d6085ff)] -> xpath: //*[normalize-space()='Order form']//ancestor::div[1]//button[normalize-space()='Upload']]
Session ID: a7d7119c9489212151bc7fd79d6085ff
at org.openqa.selenium.remote.codec.w3c.W3CHttpResponseCodec.createException(W3CHttpResponseCodec.java:200)
at org.openqa.selenium.remote.codec.w3c.W3CHttpResponseCodec.decode(W3CHttpResponseCodec.java:133)
at org.openqa.selenium.remote.codec.w3c.W3CHttpResponseCodec.decode(W3CHttpResponseCodec.java:53)
at org.openqa.selenium.remote.HttpCommandExecutor.execute(HttpCommandExecutor.java:184)
at org.openqa.selenium.remote.service.DriverCommandExecutor.invokeExecute(DriverCommandExecutor.java:164)
at org.openqa.selenium.remote.service.DriverCommandExecutor.execute(DriverCommandExecutor.java:139)
at org.openqa.selenium.remote.RemoteWebDriver.execute(RemoteWebDriver.java:559)
at org.openqa.selenium.remote.RemoteWebElement.execute(RemoteWebElement.java:251)
at org.openqa.selenium.remote.RemoteWebElement.click(RemoteWebElement.java:77)
at org.openqa.selenium.support.pagefactory.internal.LocatingElementHandler.invoke(LocatingElementHandler.java:52)
at jdk.proxy2/jdk.proxy2.$Proxy22.click(Unknown Source)
at com.amt.testUtil.Click.on(Click.java:22)
at com.amt.pages.VehicleOrderPage.fill_up_purchase_order_info_on_vehicle_order_tab(VehicleOrderPage.java:1244)
at com.amt.pages.VehicleOrderPage.verify_order_status_in_vehicle_order_tab_after_uploading_order_form(VehicleOrderPage.java:771)
at orders.Orders_Verify_Outright_Purchase_With_Customer_Flow_Test.T4_verify_order_status_after_uploading_order_form_in_vehicle_tab_test(Orders_Verify_Outright_Purchase_With_Customer_Flow_Test.java:92)
at java.base/java.util.ArrayList.forEach(ArrayList.java:1511)
... Removed 30 stack frames]]>
    </failure>
  </testcase> <!-- T4_verify_order_status_after_uploading_order_form_in_vehicle_tab_test -->
  <testcase classname="orders.Orders_Verify_Outright_Purchase_With_Customer_Flow_Test" name="T5_verify_default_payment_status_on_vehicle_tab_test" time="0.0">
    <skipped/>
  </testcase> <!-- T5_verify_default_payment_status_on_vehicle_tab_test -->
  <testcase classname="orders.Orders_Verify_Outright_Purchase_With_Customer_Flow_Test" name="T6_verify_payment_status_after_selecting_payment_sent_date_on_vehicle_tab_test" time="0.0">
    <skipped/>
  </testcase> <!-- T6_verify_payment_status_after_selecting_payment_sent_date_on_vehicle_tab_test -->
  <testcase classname="orders.Orders_Verify_Outright_Purchase_With_Customer_Flow_Test" name="T7_verify_payment_status_should_be_reversed_to_payment_required_after_selecting_payment_by_AMT_on_vehicle_tab_test" time="0.0">
    <skipped/>
  </testcase> <!-- T7_verify_payment_status_should_be_reversed_to_payment_required_after_selecting_payment_by_AMT_on_vehicle_tab_test -->
  <testcase classname="orders.Orders_Verify_Outright_Purchase_With_Customer_Flow_Test" name="T8_verify_payment_status_after_selecting_payment_sent_date_for_amount_due_on_vehicle_tab_test" time="0.0">
    <skipped/>
  </testcase> <!-- T8_verify_payment_status_after_selecting_payment_sent_date_for_amount_due_on_vehicle_tab_test -->
  <testcase classname="orders.Orders_Verify_Outright_Purchase_With_Customer_Flow_Test" name="T9_open_asset_funding_tab_and_verify_default_status_cash_purchase_pending" time="0.0">
    <skipped/>
  </testcase> <!-- T9_open_asset_funding_tab_and_verify_default_status_cash_purchase_pending -->
  <testcase classname="orders.Orders_Verify_Outright_Purchase_With_Customer_Flow_Test" name="T10_complete_cash_purchase" time="0.0">
    <skipped/>
  </testcase> <!-- T10_complete_cash_purchase -->
  <testcase classname="orders.Orders_Verify_Outright_Purchase_With_Customer_Flow_Test" name="T11_verify_status_cash_purchase_completed" time="0.0">
    <skipped/>
  </testcase> <!-- T11_verify_status_cash_purchase_completed -->
  <testcase classname="orders.Orders_Verify_Outright_Purchase_With_Customer_Flow_Test" name="T12_verify_default_status_acceptance_conditions_for_outright_purchase_flow" time="0.0">
    <skipped/>
  </testcase> <!-- T12_verify_default_status_acceptance_conditions_for_outright_purchase_flow -->
  <testcase classname="orders.Orders_Verify_Outright_Purchase_With_Customer_Flow_Test" name="T13_verify_payment_section_values" time="0.0">
    <skipped/>
  </testcase> <!-- T13_verify_payment_section_values -->
  <testcase classname="orders.Orders_Verify_Outright_Purchase_With_Customer_Flow_Test" name="T14_verify_payment_default_status" time="0.0">
    <skipped/>
  </testcase> <!-- T14_verify_payment_default_status -->
  <testcase classname="orders.Orders_Verify_Outright_Purchase_With_Customer_Flow_Test" name="T15_make_payment_with_new_payment" time="0.0">
    <skipped/>
  </testcase> <!-- T15_make_payment_with_new_payment -->
  <testcase classname="orders.Orders_Verify_Outright_Purchase_With_Customer_Flow_Test" name="T16_verify_payment_status_after_making_a_payment_on_customer_contract_tab" time="0.0">
    <skipped/>
  </testcase> <!-- T16_verify_payment_status_after_making_a_payment_on_customer_contract_tab -->
  <testcase classname="orders.Orders_Verify_Outright_Purchase_With_Customer_Flow_Test" name="T17_verify_delivery_status_after_selecting_date_offered_in_delivery_section_of_customer_contract_tab_test" time="0.0">
    <skipped/>
  </testcase> <!-- T17_verify_delivery_status_after_selecting_date_offered_in_delivery_section_of_customer_contract_tab_test -->
  <testcase classname="orders.Orders_Verify_Outright_Purchase_With_Customer_Flow_Test" name="T18_verify_delivery_status_after_selecting_confirmed_delivery_date_in_delivery_section_of_customer_contract_test" time="0.0">
    <skipped/>
  </testcase> <!-- T18_verify_delivery_status_after_selecting_confirmed_delivery_date_in_delivery_section_of_customer_contract_test -->
  <testcase classname="orders.Orders_Verify_Outright_Purchase_With_Customer_Flow_Test" name="T19_verify_delivery_status_after_uploading_delivery_note_in_post_delivery_section_on_customer_contract_tab_test" time="0.0">
    <skipped/>
  </testcase> <!-- T19_verify_delivery_status_after_uploading_delivery_note_in_post_delivery_section_on_customer_contract_tab_test -->
  <testcase classname="orders.Orders_Verify_Outright_Purchase_With_Customer_Flow_Test" name="T20_verify_delivery_status_on_customer_contract_tab_and_vehicle_order_tab_are_same_when_deliver_to_customer_toggle_button_in_on_test" time="0.0">
    <skipped/>
  </testcase> <!-- T20_verify_delivery_status_on_customer_contract_tab_and_vehicle_order_tab_are_same_when_deliver_to_customer_toggle_button_in_on_test -->
  <testcase classname="orders.Orders_Verify_Outright_Purchase_With_Customer_Flow_Test" name="T21_verify_payout_pack_statuses_on_customer_contract_tab_test" time="0.0">
    <skipped/>
  </testcase> <!-- T21_verify_payout_pack_statuses_on_customer_contract_tab_test -->
  <testcase classname="orders.Orders_Verify_Outright_Purchase_With_Customer_Flow_Test" name="T22_verify_delivery_section_gets_enabled_when_deliver_to_customer_toggle_button_is_made_off_test" time="0.0">
    <skipped/>
  </testcase> <!-- T22_verify_delivery_section_gets_enabled_when_deliver_to_customer_toggle_button_is_made_off_test -->
  <testcase classname="orders.Orders_Verify_Outright_Purchase_With_Customer_Flow_Test" name="T23_verify_delivery_status_after_selecting_date_offered_in_delivery_section_of_vehicle_order_tab_test" time="0.0">
    <skipped/>
  </testcase> <!-- T23_verify_delivery_status_after_selecting_date_offered_in_delivery_section_of_vehicle_order_tab_test -->
  <testcase classname="orders.Orders_Verify_Outright_Purchase_With_Customer_Flow_Test" name="T24_verify_delivery_status_after_selecting_confirmed_delivery_date_in_delivery_section_of_vehicle_tab_test" time="0.0">
    <skipped/>
  </testcase> <!-- T24_verify_delivery_status_after_selecting_confirmed_delivery_date_in_delivery_section_of_vehicle_tab_test -->
  <testcase classname="orders.Orders_Verify_Outright_Purchase_With_Customer_Flow_Test" name="T25_verify_delivery_status_after_uploading_delivery_note_in_post_delivery_section_on_vehicle_order_tab_test" time="0.0">
    <skipped/>
  </testcase> <!-- T25_verify_delivery_status_after_uploading_delivery_note_in_post_delivery_section_on_vehicle_order_tab_test -->
  <testcase classname="com.amt.testBase.TestBase" name="@AfterSuite end" time="0.0">
    <ignored/>
  </testcase> <!-- @AfterSuite end -->
  <testcase classname="com.amt.testBase.TestBase" name="@AfterSuite end" time="0.0">
    <ignored/>
  </testcase> <!-- @AfterSuite end -->
  <testcase classname="com.amt.testBase.TestBase" name="@AfterSuite end" time="0.0">
    <ignored/>
  </testcase> <!-- @AfterSuite end -->
  <testcase classname="com.amt.testBase.TestBase" name="@BeforeTest start_info" time="0.0">
    <ignored/>
  </testcase> <!-- @BeforeTest start_info -->
  <testcase classname="com.amt.testBase.TestBase" name="@BeforeTest start_info" time="0.0">
    <ignored/>
  </testcase> <!-- @BeforeTest start_info -->
  <testcase classname="com.amt.testBase.TestBase" name="@BeforeTest start_info" time="0.0">
    <ignored/>
  </testcase> <!-- @BeforeTest start_info -->
</testsuite> <!-- Verify Order Flow For Outright Purchase With Customer Flow For Used Car -->
