<html>
<head>
<title>TestNG:  Verify With Customer Flow For Ownbook Hire Without Funder</title>
<link href="../testng.css" rel="stylesheet" type="text/css" />
<link href="../my-testng.css" rel="stylesheet" type="text/css" />

<style type="text/css">
.log { display: none;} 
.stack-trace { display: none;} 
</style>
<script type="text/javascript">
<!--
function flip(e) {
  current = e.style.display;
  if (current == 'block') {
    e.style.display = 'none';
    return 0;
  }
  else {
    e.style.display = 'block';
    return 1;
  }
}

function toggleBox(szDivId, elem, msg1, msg2)
{
  var res = -1;  if (document.getElementById) {
    res = flip(document.getElementById(szDivId));
  }
  else if (document.all) {
    // this is the way old msie versions work
    res = flip(document.all[szDivId]);
  }
  if(elem) {
    if(res == 0) elem.innerHTML = msg1; else elem.innerHTML = msg2;
  }

}

function toggleAllBoxes() {
  if (document.getElementsByTagName) {
    d = document.getElementsByTagName('div');
    for (i = 0; i < d.length; i++) {
      if (d[i].className == 'log') {
        flip(d[i]);
      }
    }
  }
}

// -->
</script>

</head>
<body>
<h2 align='center'>Verify With Customer Flow For Ownbook Hire Without Funder</h2><table border='1' align="center">
<tr>
<td>Tests passed/Failed/Skipped:</td><td>22/2/26</td>
</tr><tr>
<td>Started on:</td><td>Thu Jan 18 20:04:27 IST 2024</td>
</tr>
<tr><td>Total time:</td><td>1165 seconds (1165834 ms)</td>
</tr><tr>
<td>Included groups:</td><td></td>
</tr><tr>
<td>Excluded groups:</td><td></td>
</tr>
</table><p/>
<small><i>(Hover the method name to see the test class name)</i></small><p/>
<table width='100%' border='1' class='invocation-failed'>
<tr><td colspan='4' align='center'><b>FAILED TESTS</b></td></tr>
<tr><td><b>Test method</b></td>
<td width="30%"><b>Exception</b></td>
<td width="10%"><b>Time (seconds)</b></td>
<td><b>Instance</b></td>
</tr>
<tr>
<td title='opportunity.LOU_ownbook_business_hire_accept_with_changes_Test.OP1_ownbook_after_Underwriting_accepted_mothlty_payment_price()'><b>OP1_ownbook_after_Underwriting_accepted_mothlty_payment_price</b><br>Test class: opportunity.LOU_ownbook_business_hire_accept_with_changes_Test<br/>
<a href="#Output-1721574250" onClick='toggleBox("Output-1721574250", this, "Show output", "Hide output");'>Show output</a>

<a href="#Output-1721574250" onClick="toggleAllBoxes();">Show all outputs</a>
<div class='log' id="Output-1721574250">
<b>New Quote ref in Opportunity TMP25129</b> <br /><br/>
<b>New Quote Monthly Payment is  = £ 1,313.21 ex. VAT</b> <br /><br/>
<b>Cancelled Quote ref in Opportunity is = null</b> <br /><br/>
<b>Cancelled Monthly Payment value is = £ 1,256.29 ex. VAT</b> <br /><br/>
<b>Monthly Payment verified (found wrong) after accepting new quote, Actual value is 1313.21 and Expected value is 478.7835368096257</b> <br /><br/>
<br>----------Screenshot---------<br><br/>
<img src="D:\Orders_Vehicles\AMT_Orders_Vehicles\target\surefire-reports\html\failure_screenshots\OP1_ownbook_after_Underwriting_accepted_mothlty_payment_price_18_01_2024_08_19_30.png" height="800" width="1000"><br/>
</div>
</td>
<td><div><pre>java.lang.AssertionError: expected [true] but found [false]
	at opportunity.LOU_ownbook_business_hire_accept_with_changes_Test.OP1_ownbook_after_Underwriting_accepted_mothlty_payment_price(LOU_ownbook_business_hire_accept_with_changes_Test.java:475)
	at java.base/java.util.ArrayList.forEach(ArrayList.java:1511)
... Removed 29 stack frames</pre></div><a href='#' onClick='toggleBox("stack-trace1721574250", this, "Click to show all stack frames", "Click to hide stack frames")'>Click to show all stack frames</a>
<div class='stack-trace' id='stack-trace1721574250'><pre>java.lang.AssertionError: expected [true] but found [false]
	at org.testng.Assert.fail(Assert.java:99)
	at org.testng.Assert.failNotEquals(Assert.java:1037)
	at org.testng.Assert.assertTrue(Assert.java:45)
	at org.testng.Assert.assertTrue(Assert.java:55)
	at opportunity.LOU_ownbook_business_hire_accept_with_changes_Test.OP1_ownbook_after_Underwriting_accepted_mothlty_payment_price(LOU_ownbook_business_hire_accept_with_changes_Test.java:475)
	at java.base/jdk.internal.reflect.DirectMethodHandleAccessor.invoke(DirectMethodHandleAccessor.java:104)
	at java.base/java.lang.reflect.Method.invoke(Method.java:578)
	at org.testng.internal.MethodInvocationHelper.invokeMethod(MethodInvocationHelper.java:133)
	at org.testng.internal.TestInvoker.invokeMethod(TestInvoker.java:598)
	at org.testng.internal.TestInvoker.invokeTestMethod(TestInvoker.java:173)
	at org.testng.internal.MethodRunner.runInSequence(MethodRunner.java:46)
	at org.testng.internal.TestInvoker$MethodInvocationAgent.invoke(TestInvoker.java:824)
	at org.testng.internal.TestInvoker.invokeTestMethods(TestInvoker.java:146)
	at org.testng.internal.TestMethodWorker.invokeTestMethods(TestMethodWorker.java:146)
	at org.testng.internal.TestMethodWorker.run(TestMethodWorker.java:128)
	at java.base/java.util.ArrayList.forEach(ArrayList.java:1511)
	at org.testng.TestRunner.privateRun(TestRunner.java:794)
	at org.testng.TestRunner.run(TestRunner.java:596)
	at org.testng.SuiteRunner.runTest(SuiteRunner.java:377)
	at org.testng.SuiteRunner.runSequentially(SuiteRunner.java:371)
	at org.testng.SuiteRunner.privateRun(SuiteRunner.java:332)
	at org.testng.SuiteRunner.run(SuiteRunner.java:276)
	at org.testng.SuiteRunnerWorker.runSuite(SuiteRunnerWorker.java:53)
	at org.testng.SuiteRunnerWorker.run(SuiteRunnerWorker.java:96)
	at org.testng.TestNG.runSuitesSequentially(TestNG.java:1212)
	at org.testng.TestNG.runSuitesLocally(TestNG.java:1134)
	at org.testng.TestNG.runSuites(TestNG.java:1063)
	at org.testng.TestNG.run(TestNG.java:1031)
	at org.testng.remote.AbstractRemoteTestNG.run(AbstractRemoteTestNG.java:115)
	at org.testng.remote.RemoteTestNG.initAndRun(RemoteTestNG.java:251)
	at org.testng.remote.RemoteTestNG.main(RemoteTestNG.java:77)
</pre></div></td>
<td>5</td>
<td>opportunity.LOU_ownbook_business_hire_accept_with_changes_Test@cb0755b</td></tr>
<tr>
<td title='orders.Orders_Verify_ownbook_business_hire_With_Customer_Flow_Test.T3_verify_summary_section_values()'><b>T3_verify_summary_section_values</b><br>Test class: orders.Orders_Verify_ownbook_business_hire_With_Customer_Flow_Test<br/>
<a href="#Output-443755021" onClick='toggleBox("Output-443755021", this, "Show output", "Hide output");'>Show output</a>

<a href="#Output-443755021" onClick="toggleAllBoxes();">Show all outputs</a>
<div class='log' id="Output-443755021">
<b>Started Verifying Quote Summary and Configuration Values</b> <br /><br/>
<br>----------Screenshot---------<br><br/>
<img src="D:\Orders_Vehicles\AMT_Orders_Vehicles\target\surefire-reports\html\failure_screenshots\T3_verify_summary_section_values_18_01_2024_08_23_52.png" height="800" width="1000"><br/>
</div>
</td>
<td><div><pre>org.openqa.selenium.TimeoutException: Expected condition failed: waiting for visibility of Proxy element for: DefaultElementLocator &apos;By.xpath: //*[normalize-space()=&apos;Basic cash price&apos;]//ancestor::div[1]//div//strong&apos; (tried for 20 second(s) with 500 milliseconds interval)
	at org.openqa.selenium.support.ui.WebDriverWait.timeoutException(WebDriverWait.java:138)
	at org.openqa.selenium.support.ui.FluentWait.until(FluentWait.java:231)
	at com.amt.testUtil.ExplicitWait.visibleElement(ExplicitWait.java:23)
	at com.amt.pages.CustomerContractPage.verify_quote_summary_and_configuration_values_on_customer_contract_tab_for_ownbook_purchase_flow(CustomerContractPage.java:3024)
	at orders.Orders_Verify_ownbook_business_hire_With_Customer_Flow_Test.T3_verify_summary_section_values(Orders_Verify_ownbook_business_hire_With_Customer_Flow_Test.java:76)
	at java.base/java.util.ArrayList.forEach(ArrayList.java:1511)
Caused by: org.openqa.selenium.NoSuchElementException: no such element: Unable to locate element: {&quot;method&quot;:&quot;xpath&quot;,&quot;selector&quot;:&quot;//*[normalize-space()=&apos;Basic cash price&apos;]//ancestor::div[1]//div//strong&quot;}
  (Session info: chrome=120.0.6099.218)
For documentation on this error, please visit: https://selenium.dev/exceptions/#no_such_element
Build info: version: &apos;4.1.0&apos;, revision: &apos;87802e897b&apos;
System info: host: &apos;DSK-4052&apos;, ip: &apos;172.16.1.80&apos;, os.name: &apos;Windows 10&apos;, os.arch: &apos;amd64&apos;, os.version: &apos;10.0&apos;, java.version: &apos;19.0.1&apos;
Driver info: org.openqa.selenium.chrome.ChromeDriver
Command: [c368ae2703eae23663c6f92484ea4840, findElement {using=xpath, value=//*[normalize-space()=&apos;Basic cash price&apos;]//ancestor::div[1]//div//strong}]
Capabilities {acceptInsecureCerts: false, browserName: chrome, browserVersion: 120.0.6099.218, chrome: {chromedriverVersion: 119.0.6045.105 (38c72552c5e..., userDataDir: C:\Users\NITEIN~1.KUR\AppDa...}, fedcm:accounts: true, goog:chromeOptions: {debuggerAddress: localhost:56393}, javascriptEnabled: true, networkConnectionEnabled: false, pageLoadStrategy: normal, platform: WINDOWS, platformName: WINDOWS, proxy: Proxy(), se:cdp: ws://localhost:56393/devtoo..., se:cdpVersion: 120.0.6099.218, setWindowRect: true, strictFileInteractability: false, timeouts: {implicit: 0, pageLoad: 300000, script: 30000}, unhandledPromptBehavior: dismiss and notify, webauthn:extension:credBlob: true, webauthn:extension:largeBlob: true, webauthn:extension:minPinLength: true, webauthn:extension:prf: true, webauthn:virtualAuthenticators: true}
Session ID: c368ae2703eae23663c6f92484ea4840
	at org.openqa.selenium.remote.codec.w3c.W3CHttpResponseCodec.createException(W3CHttpResponseCodec.java:200)
	at org.openqa.selenium.remote.codec.w3c.W3CHttpResponseCodec.decode(W3CHttpResponseCodec.java:133)
	at org.openqa.selenium.remote.codec.w3c.W3CHttpResponseCodec.decode(W3CHttpResponseCodec.java:53)
	at org.openqa.selenium.remote.HttpCommandExecutor.execute(HttpCommandExecutor.java:184)
	at org.openqa.selenium.remote.service.DriverCommandExecutor.invokeExecute(DriverCommandExecutor.java:164)
	at org.openqa.selenium.remote.service.DriverCommandExecutor.execute(DriverCommandExecutor.java:139)
	at org.openqa.selenium.remote.RemoteWebDriver.execute(RemoteWebDriver.java:559)
	at org.openqa.selenium.remote.ElementLocation$ElementFinder$2.findElement(ElementLocation.java:162)
	at org.openqa.selenium.remote.ElementLocation.findElement(ElementLocation.java:60)
	at org.openqa.selenium.remote.RemoteWebDriver.findElement(RemoteWebDriver.java:383)
	at org.openqa.selenium.remote.RemoteWebDriver.findElement(RemoteWebDriver.java:375)
	at org.openqa.selenium.support.pagefactory.DefaultElementLocator.findElement(DefaultElementLocator.java:70)
	at org.openqa.selenium.support.pagefactory.internal.LocatingElementHandler.invoke(LocatingElementHandler.java:39)
	at jdk.proxy2/jdk.proxy2.$Proxy22.isDisplayed(Unknown Source)
	at org.openqa.selenium.support.ui.ExpectedConditions.elementIfVisible(ExpectedConditions.java:307)
	at org.openqa.selenium.support.ui.ExpectedConditions.access$000(ExpectedConditions.java:40)
	at org.openqa.selenium.support.ui.ExpectedConditions$10.apply(ExpectedConditions.java:293)
	at org.openqa.selenium.support.ui.ExpectedConditions$10.apply(ExpectedConditions.java:290)
	at org.openqa.selenium.support.ui.FluentWait.until(FluentWait.java:208)
	... 29 more
... Removed 28 stack frames</pre></div><a href='#' onClick='toggleBox("stack-trace443755021", this, "Click to show all stack frames", "Click to hide stack frames")'>Click to show all stack frames</a>
<div class='stack-trace' id='stack-trace443755021'><pre>org.openqa.selenium.TimeoutException: Expected condition failed: waiting for visibility of Proxy element for: DefaultElementLocator &apos;By.xpath: //*[normalize-space()=&apos;Basic cash price&apos;]//ancestor::div[1]//div//strong&apos; (tried for 20 second(s) with 500 milliseconds interval)
	at org.openqa.selenium.support.ui.WebDriverWait.timeoutException(WebDriverWait.java:138)
	at org.openqa.selenium.support.ui.FluentWait.until(FluentWait.java:231)
	at com.amt.testUtil.ExplicitWait.visibleElement(ExplicitWait.java:23)
	at com.amt.pages.CustomerContractPage.verify_quote_summary_and_configuration_values_on_customer_contract_tab_for_ownbook_purchase_flow(CustomerContractPage.java:3024)
	at orders.Orders_Verify_ownbook_business_hire_With_Customer_Flow_Test.T3_verify_summary_section_values(Orders_Verify_ownbook_business_hire_With_Customer_Flow_Test.java:76)
	at java.base/jdk.internal.reflect.DirectMethodHandleAccessor.invoke(DirectMethodHandleAccessor.java:104)
	at java.base/java.lang.reflect.Method.invoke(Method.java:578)
	at org.testng.internal.MethodInvocationHelper.invokeMethod(MethodInvocationHelper.java:133)
	at org.testng.internal.TestInvoker.invokeMethod(TestInvoker.java:598)
	at org.testng.internal.TestInvoker.invokeTestMethod(TestInvoker.java:173)
	at org.testng.internal.MethodRunner.runInSequence(MethodRunner.java:46)
	at org.testng.internal.TestInvoker$MethodInvocationAgent.invoke(TestInvoker.java:824)
	at org.testng.internal.TestInvoker.invokeTestMethods(TestInvoker.java:146)
	at org.testng.internal.TestMethodWorker.invokeTestMethods(TestMethodWorker.java:146)
	at org.testng.internal.TestMethodWorker.run(TestMethodWorker.java:128)
	at java.base/java.util.ArrayList.forEach(ArrayList.java:1511)
	at org.testng.TestRunner.privateRun(TestRunner.java:794)
	at org.testng.TestRunner.run(TestRunner.java:596)
	at org.testng.SuiteRunner.runTest(SuiteRunner.java:377)
	at org.testng.SuiteRunner.runSequentially(SuiteRunner.java:371)
	at org.testng.SuiteRunner.privateRun(SuiteRunner.java:332)
	at org.testng.SuiteRunner.run(SuiteRunner.java:276)
	at org.testng.SuiteRunnerWorker.runSuite(SuiteRunnerWorker.java:53)
	at org.testng.SuiteRunnerWorker.run(SuiteRunnerWorker.java:96)
	at org.testng.TestNG.runSuitesSequentially(TestNG.java:1212)
	at org.testng.TestNG.runSuitesLocally(TestNG.java:1134)
	at org.testng.TestNG.runSuites(TestNG.java:1063)
	at org.testng.TestNG.run(TestNG.java:1031)
	at org.testng.remote.AbstractRemoteTestNG.run(AbstractRemoteTestNG.java:115)
	at org.testng.remote.RemoteTestNG.initAndRun(RemoteTestNG.java:251)
	at org.testng.remote.RemoteTestNG.main(RemoteTestNG.java:77)
Caused by: org.openqa.selenium.NoSuchElementException: no such element: Unable to locate element: {&quot;method&quot;:&quot;xpath&quot;,&quot;selector&quot;:&quot;//*[normalize-space()=&apos;Basic cash price&apos;]//ancestor::div[1]//div//strong&quot;}
  (Session info: chrome=120.0.6099.218)
For documentation on this error, please visit: https://selenium.dev/exceptions/#no_such_element
Build info: version: &apos;4.1.0&apos;, revision: &apos;87802e897b&apos;
System info: host: &apos;DSK-4052&apos;, ip: &apos;172.16.1.80&apos;, os.name: &apos;Windows 10&apos;, os.arch: &apos;amd64&apos;, os.version: &apos;10.0&apos;, java.version: &apos;19.0.1&apos;
Driver info: org.openqa.selenium.chrome.ChromeDriver
Command: [c368ae2703eae23663c6f92484ea4840, findElement {using=xpath, value=//*[normalize-space()=&apos;Basic cash price&apos;]//ancestor::div[1]//div//strong}]
Capabilities {acceptInsecureCerts: false, browserName: chrome, browserVersion: 120.0.6099.218, chrome: {chromedriverVersion: 119.0.6045.105 (38c72552c5e..., userDataDir: C:\Users\NITEIN~1.KUR\AppDa...}, fedcm:accounts: true, goog:chromeOptions: {debuggerAddress: localhost:56393}, javascriptEnabled: true, networkConnectionEnabled: false, pageLoadStrategy: normal, platform: WINDOWS, platformName: WINDOWS, proxy: Proxy(), se:cdp: ws://localhost:56393/devtoo..., se:cdpVersion: 120.0.6099.218, setWindowRect: true, strictFileInteractability: false, timeouts: {implicit: 0, pageLoad: 300000, script: 30000}, unhandledPromptBehavior: dismiss and notify, webauthn:extension:credBlob: true, webauthn:extension:largeBlob: true, webauthn:extension:minPinLength: true, webauthn:extension:prf: true, webauthn:virtualAuthenticators: true}
Session ID: c368ae2703eae23663c6f92484ea4840
	at java.base/jdk.internal.reflect.DirectConstructorHandleAccessor.newInstance(DirectConstructorHandleAccessor.java:67)
	at java.base/java.lang.reflect.Constructor.newInstanceWithCaller(Constructor.java:500)
	at java.base/java.lang.reflect.Constructor.newInstance(Constructor.java:484)
	at org.openqa.selenium.remote.codec.w3c.W3CHttpResponseCodec.createException(W3CHttpResponseCodec.java:200)
	at org.openqa.selenium.remote.codec.w3c.W3CHttpResponseCodec.decode(W3CHttpResponseCodec.java:133)
	at org.openqa.selenium.remote.codec.w3c.W3CHttpResponseCodec.decode(W3CHttpResponseCodec.java:53)
	at org.openqa.selenium.remote.HttpCommandExecutor.execute(HttpCommandExecutor.java:184)
	at org.openqa.selenium.remote.service.DriverCommandExecutor.invokeExecute(DriverCommandExecutor.java:164)
	at org.openqa.selenium.remote.service.DriverCommandExecutor.execute(DriverCommandExecutor.java:139)
	at org.openqa.selenium.remote.RemoteWebDriver.execute(RemoteWebDriver.java:559)
	at org.openqa.selenium.remote.ElementLocation$ElementFinder$2.findElement(ElementLocation.java:162)
	at org.openqa.selenium.remote.ElementLocation.findElement(ElementLocation.java:60)
	at org.openqa.selenium.remote.RemoteWebDriver.findElement(RemoteWebDriver.java:383)
	at org.openqa.selenium.remote.RemoteWebDriver.findElement(RemoteWebDriver.java:375)
	at org.openqa.selenium.support.pagefactory.DefaultElementLocator.findElement(DefaultElementLocator.java:70)
	at org.openqa.selenium.support.pagefactory.internal.LocatingElementHandler.invoke(LocatingElementHandler.java:39)
	at jdk.proxy2/jdk.proxy2.$Proxy22.isDisplayed(Unknown Source)
	at org.openqa.selenium.support.ui.ExpectedConditions.elementIfVisible(ExpectedConditions.java:307)
	at org.openqa.selenium.support.ui.ExpectedConditions.access$000(ExpectedConditions.java:40)
	at org.openqa.selenium.support.ui.ExpectedConditions$10.apply(ExpectedConditions.java:293)
	at org.openqa.selenium.support.ui.ExpectedConditions$10.apply(ExpectedConditions.java:290)
	at org.openqa.selenium.support.ui.FluentWait.until(FluentWait.java:208)
	... 29 more
</pre></div></td>
<td>42</td>
<td>orders.Orders_Verify_ownbook_business_hire_With_Customer_Flow_Test@196a42c3</td></tr>
</table><p>
<table width='100%' border='1' class='invocation-passed'>
<tr><td colspan='4' align='center'><b>PASSED TESTS</b></td></tr>
<tr><td><b>Test method</b></td>
<td width="30%"><b>Exception</b></td>
<td width="10%"><b>Time (seconds)</b></td>
<td><b>Instance</b></td>
</tr>
<tr>
<td title='opportunity.LOU_ownbook_business_hire_accept_with_changes_Test.UW2_verify_underwriting_pop_up_summary_values_for_ownbook_business_flow()'><b>UW2_verify_underwriting_pop_up_summary_values_for_ownbook_business_flow</b><br>Test class: opportunity.LOU_ownbook_business_hire_accept_with_changes_Test<br/>
<a href="#Output-887596583" onClick='toggleBox("Output-887596583", this, "Show output", "Hide output");'>Show output</a>

<a href="#Output-887596583" onClick="toggleAllBoxes();">Show all outputs</a>
<div class='log' id="Output-887596583">
<b> Underwriting icon is available </b> <br /><br/>
<b>Underwriting pop up -quote ref no => Quote reference no.:
JXW66293</b> <br /><br/>
<b>Underwriting Popup Proposal Id is =HHD3456</b> <br /><br/>
<b></b> <br /><br/>
<b>Started Verifying Summary values</b> <br /><br/>
<b></b> <br /><br/>
<b>Quote reference no.:
JXW66293 != WEX97908</b> <br /><br/>
<b>Quote no. compared but found not ok</b> <br /><br/>
<b></b> <br /><br/>
<b>AUDI A7 DIESEL SPORTBACK (2018 - Current) 40 TDI Quattro Black Edition 5dr S Tronic = AUDI A7 DIESEL SPORTBACK (2018 - Current) 40 TDI Quattro Black Edition 5dr S Tronic</b> <br /><br/>
<b>Vehicle name compared and found ok</b> <br /><br/>
<b></b> <br /><br/>
<b>Business Contract Hire = Business Contract Hire</b> <br /><br/>
<b>Contract type compared and found ok</b> <br /><br/>
<b></b> <br /><br/>
<b>36.0 = 36.0</b> <br /><br/>
<b>Terms compared and found ok</b> <br /><br/>
<b></b> <br /><br/>
<b>10000.0 = 10000.0</b> <br /><br/>
<b>Mileage compared and found ok</b> <br /><br/>
<b></b> <br /><br/>
<b>1256.29 != 445.039549676025</b> <br /><br/>
<b>Monthly Finance Rental found wrong</b> <br /><br/>
<b></b> <br /><br/>
<b>1256.29 != 445.039549676025</b> <br /><br/>
<b>Initial Finance Rental found wrong</b> <br /><br/>
<b></b> <br /><br/>
<b>35.0 = 35.0</b> <br /><br/>
<b>Followed By months - found OK</b> <br /><br/>
<b></b> <br /><br/>
<b>41.6 != 18.46080288</b> <br /><br/>
<b>Pence per excess mile finance - found wrong</b> <br /><br/>
<b></b> <br /><br/>
<b>199.99 = 199.99</b> <br /><br/>
<b>Document Fee - found OK</b> <br /><br/>
<b></b> <br /><br/>
<b>400.0 != 0.0</b> <br /><br/>
<b>Upsell - found wrong</b> <br /><br/>
<b></b> <br /><br/>
<b>1157.7 != 512.80008</b> <br /><br/>
<b>Default Finance Commission - found wrong</b> <br /><br/>
<b></b> <br /><br/>
<b>400.0 != 0.0</b> <br /><br/>
<b>Upsell Commission - found wrong</b> <br /><br/>
<b></b> <br /><br/>
<b>99.99 = 99.99000000000001</b> <br /><br/>
<b>Document Fee Commission - found OK</b> <br /><br/>
<b></b> <br /><br/>
<b>1657.69 != 612.79008</b> <br /><br/>
<b>Total Commission - found wrong</b> <br /><br/>
<b></b> <br /><br/>
<b>200.0 != 0.0</b> <br /><br/>
<b>Referrer Commission - found wrong</b> <br /><br/>
<b>click on underwriting_send_for_underwriting  button </b> <br /><br/>
<b>Values on Underwriting pop up are verified succcessfully and opportunity sent for underwriting</b> <br /><br/>
</div>
</td>
<td></td>
<td>54</td>
<td>opportunity.LOU_ownbook_business_hire_accept_with_changes_Test@cb0755b</td></tr>
<tr>
<td title='opportunity.LOU_ownbook_business_hire_accept_with_changes_Test.UW9_verify_ownbook_opportunity_underwriting_accept_with_changes_underwriting_pop_up()'><b>UW9_verify_ownbook_opportunity_underwriting_accept_with_changes_underwriting_pop_up</b><br>Test class: opportunity.LOU_ownbook_business_hire_accept_with_changes_Test<br/>
<a href="#Output-1038345346" onClick='toggleBox("Output-1038345346", this, "Show output", "Hide output");'>Show output</a>

<a href="#Output-1038345346" onClick="toggleAllBoxes();">Show all outputs</a>
<div class='log' id="Output-1038345346">
<b>Click on Search text box on Opportunity page</b> <br /><br/>
<b>Enter the opportunity ID in search text box =ES-4297</b> <br /><br/>
</div>
</td>
<td></td>
<td>13</td>
<td>opportunity.LOU_ownbook_business_hire_accept_with_changes_Test@cb0755b</td></tr>
<tr>
<td title='opportunity.LOU_ownbook_business_hire_accept_with_changes_Test.L6_ownbook_sending_contract()'><b>L6_ownbook_sending_contract</b><br>Test class: opportunity.LOU_ownbook_business_hire_accept_with_changes_Test<br/>
<a href="#Output-788790720" onClick='toggleBox("Output-788790720", this, "Show output", "Hide output");'>Show output</a>

<a href="#Output-788790720" onClick="toggleAllBoxes();">Show all outputs</a>
<div class='log' id="Output-788790720">
<b>click on Send_Contract icon</b> <br /><br/>
<b>Contract Sent Successfully</b> <br /><br/>
</div>
</td>
<td></td>
<td>28</td>
<td>opportunity.LOU_ownbook_business_hire_accept_with_changes_Test@cb0755b</td></tr>
<tr>
<td title='opportunity.LOU_ownbook_business_hire_accept_with_changes_Test.UW4_verify_values_on_underwriting_quote_tab_for_ownbook_business_flow()'><b>UW4_verify_values_on_underwriting_quote_tab_for_ownbook_business_flow</b><br>Test class: opportunity.LOU_ownbook_business_hire_accept_with_changes_Test<br/>
<a href="#Output-1298042586" onClick='toggleBox("Output-1298042586", this, "Show output", "Hide output");'>Show output</a>

<a href="#Output-1298042586" onClick="toggleAllBoxes();">Show all outputs</a>
<div class='log' id="Output-1298042586">
<b>Click on Underwriting detail page for proposal</b> <br /><br/>
<b>Clicked on Underwriting quote page</b> <br /><br/>
<b></b> <br /><br/>
<b>58535.0 != 25885.003999999997</b> <br /><br/>
<b>Cost Otr Price compared but found not ok</b> <br /><br/>
<b></b> <br /><br/>
<b>48237.5 != 21366.67</b> <br /><br/>
<b>Cost Price Ex Vat And Rfl compared but found not ok</b> <br /><br/>
<b></b> <br /><br/>
<b>9647.5 != 4273.334</b> <br /><br/>
<b>Otr Vat compared but found not ok</b> <br /><br/>
<b></b> <br /><br/>
<b>650.0 != 245.0</b> <br /><br/>
<b>Otr Rfl And Frf compared but found not ok</b> <br /><br/>
<b></b> <br /><br/>
<b>JXW66293 != WEX97908</b> <br /><br/>
<b>Quote no. compared but found not ok</b> <br /><br/>
<b></b> <br /><br/>
<b>AUDI A7 DIESEL SPORTBACK (2018 - Current) 40 TDI Quattro Black Edition 5dr S Tronic = AUDI A7 DIESEL SPORTBACK (2018 - Current) 40 TDI Quattro Black Edition 5dr S Tronic</b> <br /><br/>
<b>Vehicle name compared and found ok</b> <br /><br/>
<b></b> <br /><br/>
<b>Business Contract Hire = Business Contract Hire</b> <br /><br/>
<b>Contract type compared and found ok</b> <br /><br/>
<b></b> <br /><br/>
<b>36.0 = 36.0</b> <br /><br/>
<b>Terms compared and found ok</b> <br /><br/>
<b></b> <br /><br/>
<b>10000.0 = 10000.0</b> <br /><br/>
<b>Mileage compared and found ok</b> <br /><br/>
<b></b> <br /><br/>
<b>1256.29 != 445.039549676025</b> <br /><br/>
<b>Monthly Finance Rental found wrong</b> <br /><br/>
<b></b> <br /><br/>
<b>1256.29 != 445.039549676025</b> <br /><br/>
<b>Initial Finance Rental found wrong</b> <br /><br/>
<b></b> <br /><br/>
<b>35.0 = 35.0</b> <br /><br/>
<b>Followed By months - found OK</b> <br /><br/>
<b></b> <br /><br/>
<b>41.6 != 18.46080288</b> <br /><br/>
<b>Pence per excess mile finance - found wrong</b> <br /><br/>
<b></b> <br /><br/>
<b>199.99 = 199.99</b> <br /><br/>
<b>Document Fee - found OK</b> <br /><br/>
<b></b> <br /><br/>
<b>400.0 != 0.0</b> <br /><br/>
<b>Upsell - found wrong</b> <br /><br/>
<b></b> <br /><br/>
<b>1157.7 != 512.80008</b> <br /><br/>
<b>Default Finance Commission - found wrong</b> <br /><br/>
<b></b> <br /><br/>
<b>400.0 != 0.0</b> <br /><br/>
<b>Upsell Commission - found wrong</b> <br /><br/>
<b></b> <br /><br/>
<b>99.99 = 99.99000000000001</b> <br /><br/>
<b>Document Fee Commission - found OK</b> <br /><br/>
<b></b> <br /><br/>
<b>1657.69 != 612.79008</b> <br /><br/>
<b>Total Commission - found wrong</b> <br /><br/>
<b></b> <br /><br/>
<b>200.0 != 0.0</b> <br /><br/>
<b>Referrer Commission - found wrong</b> <br /><br/>
<b></b> <br /><br/>
<b>6.5 = 6.5</b> <br /><br/>
<b>Base Interest Rate found OK</b> <br /><br/>
<b></b> <br /><br/>
<b>10000.0 != 2692.20042</b> <br /><br/>
<b>Finance Margin found wrong</b> <br /><br/>
<b></b> <br /><br/>
<b>1157.7 != 512.80008</b> <br /><br/>
<b>Deductions found wrong</b> <br /><br/>
<b></b> <br /><br/>
<b>339.99 != 99.99000000000001</b> <br /><br/>
<b>Additional Margin found wrong</b> <br /><br/>
<b></b> <br /><br/>
<b>9182.29 != 2279.39034</b> <br /><br/>
<b>Total Margin found wrong</b> <br /><br/>
<b></b> <br /><br/>
<b>2.0 = 2.0</b> <br /><br/>
<b>Default Broker Margin percentage found OK</b> <br /><br/>
<b></b> <br /><br/>
<b>0.1 = 0.1</b> <br /><br/>
<b>Broker Upsell Margin percentage found OK</b> <br /><br/>
<b></b> <br /><br/>
<b>40.0 != 0.0</b> <br /><br/>
<b>Broker Upsell Margin  found wrong</b> <br /><br/>
<b></b> <br /><br/>
<b>99.99 = 99.99000000000001</b> <br /><br/>
<b>Document Fee Margin  found OK</b> <br /><br/>
<b></b> <br /><br/>
<b>200.0 != 0.0</b> <br /><br/>
<b>Refferer  Margin  found wrong</b> <br /><br/>
<b>Click on decision tab page</b> <br /><br/>
</div>
</td>
<td></td>
<td>99</td>
<td>opportunity.LOU_ownbook_business_hire_accept_with_changes_Test@cb0755b</td></tr>
<tr>
<td title='orders.Orders_Verify_ownbook_business_hire_With_Customer_Flow_Test.T1_open_order_created_in_acquisition_test()'><b>T1_open_order_created_in_acquisition_test</b><br>Test class: orders.Orders_Verify_ownbook_business_hire_With_Customer_Flow_Test<br/>
<a href="#Output-1228434718" onClick='toggleBox("Output-1228434718", this, "Show output", "Hide output");'>Show output</a>

<a href="#Output-1228434718" onClick="toggleAllBoxes();">Show all outputs</a>
<div class='log' id="Output-1228434718">
<b></b> <br /><br/>
<b>Searching for Order ID BM-27578</b> <br /><br/>
</div>
</td>
<td></td>
<td>81</td>
<td>orders.Orders_Verify_ownbook_business_hire_With_Customer_Flow_Test@196a42c3</td></tr>
<tr>
<td title='opportunity.LOU_ownbook_business_hire_accept_with_changes_Test.L2_ownbook_business_current_status_before_sending_to_proposal()'><b>L2_ownbook_business_current_status_before_sending_to_proposal</b><br>Test class: opportunity.LOU_ownbook_business_hire_accept_with_changes_Test<br/>
<a href="#Output-1273093350" onClick='toggleBox("Output-1273093350", this, "Show output", "Hide output");'>Show output</a>

<a href="#Output-1273093350" onClick="toggleAllBoxes();">Show all outputs</a>
<div class='log' id="Output-1273093350">
<b>Clicked on Opportunity link from Menu </b> <br /><br/>
<b>listing_proposal_status is = Proposal Required</b> <br /><br/>
<b>Enter the Opportunity id in Search Text box</b> <br /><br/>
<b>Current Status of Opportunity Status value is = Open</b> <br /><br/>
<b>Current Status of Proposal value is = Proposal Required</b> <br /><br/>
<b>Current Status of Channel value is =  Draft</b> <br /><br/>
<b>Current Status of  Quote ref is = Draft</b> <br /><br/>
<b>Status Verified : Before sending the proposal</b> <br /><br/>
</div>
</td>
<td></td>
<td>29</td>
<td>opportunity.LOU_ownbook_business_hire_accept_with_changes_Test@cb0755b</td></tr>
<tr>
<td title='opportunity.LOU_ownbook_business_hire_accept_with_changes_Test.L4_fill_up_the_required_fields_for_sending_a_proposal()'><b>L4_fill_up_the_required_fields_for_sending_a_proposal</b><br>Test class: opportunity.LOU_ownbook_business_hire_accept_with_changes_Test<br/>
<a href="#Output-1041697470" onClick='toggleBox("Output-1041697470", this, "Show output", "Hide output");'>Show output</a>

<a href="#Output-1041697470" onClick="toggleAllBoxes();">Show all outputs</a>
<div class='log' id="Output-1041697470">
<b>click on Proposal icon</b> <br /><br/>
<b>click on Proposal icon</b> <br /><br/>
<b>Proposal page will display </b> <br /><br/>
<b>Send proposal to customer pop up  will open</b> <br /><br/>
<b>Click on Manual fill radio button - Yes</b> <br /><br/>
<b>Click on manually submit behalf of customer link</b> <br /><br/>
</div>
</td>
<td></td>
<td>124</td>
<td>opportunity.LOU_ownbook_business_hire_accept_with_changes_Test@cb0755b</td></tr>
<tr>
<td title='opportunity.LOU_ownbook_business_hire_accept_with_changes_Test.L1_create_lead_convert_to_lead_for_ownbook_business_flow()'><b>L1_create_lead_convert_to_lead_for_ownbook_business_flow</b><br>Test class: opportunity.LOU_ownbook_business_hire_accept_with_changes_Test<br/>
<a href="#Output-965778714" onClick='toggleBox("Output-965778714", this, "Show output", "Hide output");'>Show output</a>

<a href="#Output-965778714" onClick="toggleAllBoxes();">Show all outputs</a>
<div class='log' id="Output-965778714">
<b>Clicked on Leads on Side Menu</b> <br /><br/>
<b>Clicked on add lead</b> <br /><br/>
<b>Lead is assigned</b> <br /><br/>
<b>Added data in General Notes</b> <br /><br/>
<b>Customer type - Business selected</b> <br /><br/>
<b>Clicked on Add new vehicle request</b> <br /><br/>
<b>Clicked on ownbook channel</b> <br /><br/>
<b>Vehicle request for broker has been saved</b> <br /><br/>
<b>Click on Map New Quote icon</b> <br /><br/>
<b>Click on acquisition contract type icon</b> <br /><br/>
<b>Click on customer contract type icon</b> <br /><br/>
<b>Click on search button</b> <br /><br/>
<b>Click on created date button 1st </b> <br /><br/>
<b>Click on created date button 2nd</b> <br /><br/>
<b>New Quote has been mapped with lead</b> <br /><br/>
<b>click ok button on Map  new quote </b> <br /><br/>
<b>click on OK button for copy quote </b> <br /><br/>
<b></b> <br /><br/>
<b>Started Verifying Table values</b> <br /><br/>
<b></b> <br /><br/>
<b>JXW66293 != WEX97908</b> <br /><br/>
<b>Quote no. compared but found not ok</b> <br /><br/>
<b></b> <br /><br/>
<b>AUDI A7 DIESEL SPORTBACK (2018 - Current) 40 TDI Quattro Black Edition 5dr S Tronic = AUDI A7 DIESEL SPORTBACK (2018 - Current) 40 TDI Quattro Black Edition 5dr S Tronic</b> <br /><br/>
<b>Vehicle name compared and found ok</b> <br /><br/>
<b></b> <br /><br/>
<b>Business Contract Hire = Business Contract Hire</b> <br /><br/>
<b>Contract type compared and found ok</b> <br /><br/>
<b></b> <br /><br/>
<b>1256.29 = 1256.29</b> <br /><br/>
<b>Monthly finance rental compared and found ok</b> <br /><br/>
<b></b> <br /><br/>
<b>10000.0 = 10000.0</b> <br /><br/>
<b>Mileage compared and found ok</b> <br /><br/>
<b></b> <br /><br/>
<b>36.0 = 36.0</b> <br /><br/>
<b>Terms compared and found ok</b> <br /><br/>
<b></b> <br /><br/>
<b>17/02/2024 = 17/02/2024</b> <br /><br/>
<b>Expiry date compared and found ok</b> <br /><br/>
<b>Click on Lead save and Convert button</b> <br /><br/>
<b></b> <br /><br/>
<b>Started Verifying Table values</b> <br /><br/>
<b></b> <br /><br/>
<b>JXW66293 != WEX97908</b> <br /><br/>
<b>Quote no. compared but found not ok</b> <br /><br/>
<b></b> <br /><br/>
<b>AUDI A7 DIESEL SPORTBACK (2018 - Current) 40 TDI Quattro Black Edition 5dr S Tronic = AUDI A7 DIESEL SPORTBACK (2018 - Current) 40 TDI Quattro Black Edition 5dr S Tronic</b> <br /><br/>
<b>Vehicle name compared and found ok</b> <br /><br/>
<b></b> <br /><br/>
<b>Business Contract Hire = Business Contract Hire</b> <br /><br/>
<b>Contract type compared and found ok</b> <br /><br/>
<b></b> <br /><br/>
<b>1256.29 = 1256.29</b> <br /><br/>
<b>Monthly finance rental compared and found ok</b> <br /><br/>
<b></b> <br /><br/>
<b>10000.0 = 10000.0</b> <br /><br/>
<b>Mileage compared and found ok</b> <br /><br/>
<b></b> <br /><br/>
<b>36.0 = 36.0</b> <br /><br/>
<b>Terms compared and found ok</b> <br /><br/>
<b></b> <br /><br/>
<b>17/02/2024 = 17/02/2024</b> <br /><br/>
<b>Expiry date compared and found ok</b> <br /><br/>
<b></b> <br /><br/>
<b>In Lead created Opportunity Id is =ES-4297</b> <br /><br/>
<b></b> <br /><br/>
</div>
</td>
<td></td>
<td>232</td>
<td>opportunity.LOU_ownbook_business_hire_accept_with_changes_Test@cb0755b</td></tr>
<tr>
<td title='opportunity.Create_order_from_opportunity_Test.create_order_from_opportunity_test()'><b>create_order_from_opportunity_test</b><br>Test class: opportunity.Create_order_from_opportunity_Test<br/>
<a href="#Output-999082307" onClick='toggleBox("Output-999082307", this, "Show output", "Hide output");'>Show output</a>

<a href="#Output-999082307" onClick="toggleAllBoxes();">Show all outputs</a>
<div class='log' id="Output-999082307">
<b>Clicked on Opportunity link from Menu </b> <br /><br/>
<b>Enter the Opportunity id in Search Text box</b> <br /><br/>
<b> </b> <br /><br/>
<b>*****Creating Order Started*****</b> <br /><br/>
<b> </b> <br /><br/>
<b>***** Order Created Successfully *****</b> <br /><br/>
<b>Order ID BM-27578 is saved to Excel sheet named Quote Save, in the sheet Order_ID</b> <br /><br/>
<b>*****xxxxxxxxxxxxxxxxxxxxxxxxxxxxx*****</b> <br /><br/>
</div>
</td>
<td></td>
<td>85</td>
<td>opportunity.Create_order_from_opportunity_Test@79e4c792</td></tr>
<tr>
<td title='opportunity.LOU_ownbook_business_hire_accept_with_changes_Test.UW6_verify_ownbook_opportunity_search_text_box_accept_with_changes()'><b>UW6_verify_ownbook_opportunity_search_text_box_accept_with_changes</b><br>Test class: opportunity.LOU_ownbook_business_hire_accept_with_changes_Test<br/>
<a href="#Output-1707796954" onClick='toggleBox("Output-1707796954", this, "Show output", "Hide output");'>Show output</a>

<a href="#Output-1707796954" onClick="toggleAllBoxes();">Show all outputs</a>
<div class='log' id="Output-1707796954">
<b>Clicked on Opportunity link from Menu </b> <br /><br/>
<b>Click on Search text box on Opportunity page</b> <br /><br/>
<b>Enter the opportunity ID in search text box =ES-4297</b> <br /><br/>
</div>
</td>
<td></td>
<td>42</td>
<td>opportunity.LOU_ownbook_business_hire_accept_with_changes_Test@cb0755b</td></tr>
<tr>
<td title='opportunity.LOU_ownbook_business_hire_accept_with_changes_Test.UW1_verify_status_after_contract_signed()'><b>UW1_verify_status_after_contract_signed</b><br>Test class: opportunity.LOU_ownbook_business_hire_accept_with_changes_Test<br/>
<a href="#Output-16830577" onClick='toggleBox("Output-16830577", this, "Show output", "Hide output");'>Show output</a>

<a href="#Output-16830577" onClick="toggleAllBoxes();">Show all outputs</a>
<div class='log' id="Output-16830577">
<b>Current Status of Proposal value is = Proposal Received</b> <br /><br/>
<b>Current Status of Channel value is =  Contract signed</b> <br /><br/>
<b>Current Status of  Quote ref is = Contract signed</b> <br /><br/>
<b>Status Verified : Contract Signed </b> <br /><br/>
</div>
</td>
<td></td>
<td>11</td>
<td>opportunity.LOU_ownbook_business_hire_accept_with_changes_Test@cb0755b</td></tr>
<tr>
<td title='opportunity.LOU_ownbook_business_hire_accept_with_changes_Test.L8_ownbook_signed_contract_status_with_api_call()'><b>L8_ownbook_signed_contract_status_with_api_call</b><br>Test class: opportunity.LOU_ownbook_business_hire_accept_with_changes_Test<br/>
<a href="#Output-529187929" onClick='toggleBox("Output-529187929", this, "Show output", "Hide output");'>Show output</a>

<a href="#Output-529187929" onClick="toggleAllBoxes();">Show all outputs</a>
<div class='log' id="Output-529187929">
<b>Status code 200 received </b> <br /><br/>
<b>Enter the Opportunity id in Search Text box</b> <br /><br/>
</div>
</td>
<td></td>
<td>40</td>
<td>opportunity.LOU_ownbook_business_hire_accept_with_changes_Test@cb0755b</td></tr>
<tr>
<td title='orders.Orders_Verify_ownbook_business_hire_With_Customer_Flow_Test.T2_pre_order_pass_check_in_customer_contract_tab_test()'><b>T2_pre_order_pass_check_in_customer_contract_tab_test</b><br>Test class: orders.Orders_Verify_ownbook_business_hire_With_Customer_Flow_Test<br/>
<a href="#Output-636047226" onClick='toggleBox("Output-636047226", this, "Show output", "Hide output");'>Show output</a>

<a href="#Output-636047226" onClick="toggleAllBoxes();">Show all outputs</a>
<div class='log' id="Output-636047226">
<b></b> <br /><br/>
<b>Checking pre-order checks</b> <br /><br/>
</div>
</td>
<td></td>
<td>33</td>
<td>orders.Orders_Verify_ownbook_business_hire_With_Customer_Flow_Test@196a42c3</td></tr>
<tr>
<td title='opportunity.LOU_ownbook_business_hire_accept_with_changes_Test.UW2_verify_status_after_sending_to_underwriting()'><b>UW2_verify_status_after_sending_to_underwriting</b><br>Test class: opportunity.LOU_ownbook_business_hire_accept_with_changes_Test<br/>
<a href="#Output-1381136231" onClick='toggleBox("Output-1381136231", this, "Show output", "Hide output");'>Show output</a>

<a href="#Output-1381136231" onClick="toggleAllBoxes();">Show all outputs</a>
<div class='log' id="Output-1381136231">
<b>Current Status of Proposal value is = Proposal Received</b> <br /><br/>
<b>Current Status of Channel value is =  Awaiting underwriting</b> <br /><br/>
<b>Current Status of  Quote ref is = Awaiting underwriting</b> <br /><br/>
<b>Status Verified : Awaiting Underwriting </b> <br /><br/>
</div>
</td>
<td></td>
<td>4</td>
<td>opportunity.LOU_ownbook_business_hire_accept_with_changes_Test@cb0755b</td></tr>
<tr>
<td title='opportunity.LOU_ownbook_business_hire_accept_with_changes_Test.UW5_ownbook_underwriting_decision_accept_with_changes()'><b>UW5_ownbook_underwriting_decision_accept_with_changes</b><br>Test class: opportunity.LOU_ownbook_business_hire_accept_with_changes_Test<br/>
<a href="#Output-1732863804" onClick='toggleBox("Output-1732863804", this, "Show output", "Hide output");'>Show output</a>

<a href="#Output-1732863804" onClick="toggleAllBoxes();">Show all outputs</a>
<div class='log' id="Output-1732863804">
<b>Click on decision Accept button</b> <br /><br/>
<b>Entering values to input field</b> <br /><br/>
<b>Now selecting the payment profile option </b> <br /><br/>
<b></b> <br /><br/>
<b></b> <br /><br/>
<b>Current Status of accept value is = Conditional acceptance</b> <br /><br/>
</div>
</td>
<td></td>
<td>62</td>
<td>opportunity.LOU_ownbook_business_hire_accept_with_changes_Test@cb0755b</td></tr>
<tr>
<td title='opportunity.LOU_ownbook_business_hire_accept_with_changes_Test.L3_verify_table_values_on_opportunity_page_before_sending_proposal()'><b>L3_verify_table_values_on_opportunity_page_before_sending_proposal</b><br>Test class: opportunity.LOU_ownbook_business_hire_accept_with_changes_Test<br/>
<a href="#Output-865918539" onClick='toggleBox("Output-865918539", this, "Show output", "Hide output");'>Show output</a>

<a href="#Output-865918539" onClick="toggleAllBoxes();">Show all outputs</a>
<div class='log' id="Output-865918539">
<b></b> <br /><br/>
<b>Started Verifying Table values</b> <br /><br/>
<b></b> <br /><br/>
<b>JXW66293 != WEX97908</b> <br /><br/>
<b>Quote no. compared but found not ok</b> <br /><br/>
<b></b> <br /><br/>
<b>AUDI A7 DIESEL SPORTBACK (2018 - Current) 40 TDI Quattro Black Edition 5dr S Tronic = AUDI A7 DIESEL SPORTBACK (2018 - Current) 40 TDI Quattro Black Edition 5dr S Tronic</b> <br /><br/>
<b>Vehicle name compared and found ok</b> <br /><br/>
<b></b> <br /><br/>
<b>Business Contract Hire = Business Contract Hire</b> <br /><br/>
<b>Contract type compared and found ok</b> <br /><br/>
<b></b> <br /><br/>
<b>1256.29 = 1256.29</b> <br /><br/>
<b>Monthly finance rental compared and found ok</b> <br /><br/>
<b></b> <br /><br/>
<b>10000.0 = 10000.0</b> <br /><br/>
<b>Mileage compared and found ok</b> <br /><br/>
<b></b> <br /><br/>
<b>36.0 = 36.0</b> <br /><br/>
<b>Terms compared and found ok</b> <br /><br/>
<b></b> <br /><br/>
<b>17/02/2024 = 17/02/2024</b> <br /><br/>
<b>Expiry date compared and found ok</b> <br /><br/>
<b></b> <br /><br/>
<b>Table values verified Successfully</b> <br /><br/>
</div>
</td>
<td></td>
<td>4</td>
<td>opportunity.LOU_ownbook_business_hire_accept_with_changes_Test@cb0755b</td></tr>
<tr>
<td title='opportunity.LOU_ownbook_business_hire_accept_with_changes_Test.UW3_verify_underwriting_lisitig_page()'><b>UW3_verify_underwriting_lisitig_page</b><br>Test class: opportunity.LOU_ownbook_business_hire_accept_with_changes_Test<br/>
<a href="#Output-824458012" onClick='toggleBox("Output-824458012", this, "Show output", "Hide output");'>Show output</a>

<a href="#Output-824458012" onClick="toggleAllBoxes();">Show all outputs</a>
<div class='log' id="Output-824458012">
<b>Click on Underwriting menu_link </b> <br /><br/>
<b>Click on Underwriting - ownbook tab </b> <br /><br/>
<b>Click on Search text box - broker tab</b> <br /><br/>
<b>Getting the  proposal id from excel sheet =HHD3456</b> <br /><br/>
<b>Enter the proposal in search text box =HHD3456</b> <br /><br/>
</div>
</td>
<td></td>
<td>19</td>
<td>opportunity.LOU_ownbook_business_hire_accept_with_changes_Test@cb0755b</td></tr>
<tr>
<td title='opportunity.LOU_ownbook_business_hire_accept_with_changes_Test.L5_ownbook_create_opportunity_business_current_status_after_sending_to_proposal()'><b>L5_ownbook_create_opportunity_business_current_status_after_sending_to_proposal</b><br>Test class: opportunity.LOU_ownbook_business_hire_accept_with_changes_Test<br/>
<a href="#Output-2076486718" onClick='toggleBox("Output-2076486718", this, "Show output", "Hide output");'>Show output</a>

<a href="#Output-2076486718" onClick="toggleAllBoxes();">Show all outputs</a>
<div class='log' id="Output-2076486718">
<b>Current Status of Opportunity Status value is = Open</b> <br /><br/>
<b>Current Status of Proposal value is = Proposal Received</b> <br /><br/>
<b>Current Status of Channel value is =  Draft</b> <br /><br/>
<b>Current Status of  Quote ref is = Draft</b> <br /><br/>
<b>Status Verified : After sending the proposal</b> <br /><br/>
</div>
</td>
<td></td>
<td>0</td>
<td>opportunity.LOU_ownbook_business_hire_accept_with_changes_Test@cb0755b</td></tr>
<tr>
<td title='opportunity.LOU_ownbook_business_hire_accept_with_changes_Test.UW8_verify_ownbook_opportunity_underwriting_accept_with_changes_cancel_flow_verification()'><b>UW8_verify_ownbook_opportunity_underwriting_accept_with_changes_cancel_flow_verification</b><br>Test class: opportunity.LOU_ownbook_business_hire_accept_with_changes_Test<br/>
<a href="#Output-1455403876" onClick='toggleBox("Output-1455403876", this, "Show output", "Hide output");'>Show output</a>

<a href="#Output-1455403876" onClick="toggleAllBoxes();">Show all outputs</a>
<div class='log' id="Output-1455403876">
<b>Current Status of Proposal value is = Proposal Received</b> <br /><br/>
<b>Current Status of Channel value is =  Sent to customer</b> <br /><br/>
<b>Current Status of  Quote ref is = Sent to customer</b> <br /><br/>
<b>Current Status of  Quote ref is = Cancelled</b> <br /><br/>
<b>Status Verified : Sent to customer</b> <br /><br/>
</div>
</td>
<td></td>
<td>9</td>
<td>opportunity.LOU_ownbook_business_hire_accept_with_changes_Test@cb0755b</td></tr>
<tr>
<td title='opportunity.LOU_ownbook_business_hire_accept_with_changes_Test.L7_verify_current_status_on_opportunity_page_after_sending_contract_for_ownbook_business_flow()'><b>L7_verify_current_status_on_opportunity_page_after_sending_contract_for_ownbook_business_flow</b><br>Test class: opportunity.LOU_ownbook_business_hire_accept_with_changes_Test<br/>
<a href="#Output-257641638" onClick='toggleBox("Output-257641638", this, "Show output", "Hide output");'>Show output</a>

<a href="#Output-257641638" onClick="toggleAllBoxes();">Show all outputs</a>
<div class='log' id="Output-257641638">
<b>Current Status of Proposal value is = Proposal Received</b> <br /><br/>
<b>Current Status of Channel value is =  Sent to customer</b> <br /><br/>
<b>Current Status of  Quote ref is = Sent to customer</b> <br /><br/>
<b>Status Verified : Sent to customer</b> <br /><br/>
</div>
</td>
<td></td>
<td>7</td>
<td>opportunity.LOU_ownbook_business_hire_accept_with_changes_Test@cb0755b</td></tr>
<tr>
<td title='opportunity.LOU_ownbook_business_hire_accept_with_changes_Test.UW7_verify_ownbook_opportunity_accept_with_changes_underwriting_pop_up()'><b>UW7_verify_ownbook_opportunity_accept_with_changes_underwriting_pop_up</b><br>Test class: opportunity.LOU_ownbook_business_hire_accept_with_changes_Test<br/>
<a href="#Output-2014337711" onClick='toggleBox("Output-2014337711", this, "Show output", "Hide output");'>Show output</a>

<a href="#Output-2014337711" onClick="toggleAllBoxes();">Show all outputs</a>
<div class='log' id="Output-2014337711">
<b> Underwriting icon is available </b> <br /><br/>
<b>click on underwriting_send_for_underwriting  button </b> <br /><br/>
</div>
</td>
<td></td>
<td>63</td>
<td>opportunity.LOU_ownbook_business_hire_accept_with_changes_Test@cb0755b</td></tr>
<tr>
<td title='opportunity.LOU_ownbook_business_hire_accept_with_changes_Test.UW10_ownbook_after_opportunity_underwriting_accept_with_changes_signed_contract_status_with_api_call()'><b>UW10_ownbook_after_opportunity_underwriting_accept_with_changes_signed_contract_status_with_api_call</b><br>Test class: opportunity.LOU_ownbook_business_hire_accept_with_changes_Test<br/>
<a href="#Output-1130978774" onClick='toggleBox("Output-1130978774", this, "Show output", "Hide output");'>Show output</a>

<a href="#Output-1130978774" onClick="toggleAllBoxes();">Show all outputs</a>
<div class='log' id="Output-1130978774">
<b>Status code 200 received </b> <br /><br/>
<b>Enter the Opportunity id in Search Text box</b> <br /><br/>
</div>
</td>
<td></td>
<td>43</td>
<td>opportunity.LOU_ownbook_business_hire_accept_with_changes_Test@cb0755b</td></tr>
</table><p>
<table width='100%' border='1' class='invocation-skipped'>
<tr><td colspan='4' align='center'><b>SKIPPED TESTS</b></td></tr>
<tr><td><b>Test method</b></td>
<td width="30%"><b>Exception</b></td>
<td width="10%"><b>Time (seconds)</b></td>
<td><b>Instance</b></td>
</tr>
<tr>
<td title='orders.Orders_Verify_ownbook_business_hire_With_Customer_Flow_Test.T24_verify_delivery_status_after_selecting_date_offered_in_delivery_section_of_vehicle_order_tab_test()'><b>T24_verify_delivery_status_after_selecting_date_offered_in_delivery_section_of_vehicle_order_tab_test</b><br>Test class: orders.Orders_Verify_ownbook_business_hire_With_Customer_Flow_Test</td>
<td><div><pre>java.lang.Throwable: Method Orders_Verify_ownbook_business_hire_With_Customer_Flow_Test.T24_verify_delivery_status_after_selecting_date_offered_in_delivery_section_of_vehicle_order_tab_test()[pri:24, instance:orders.Orders_Verify_ownbook_business_hire_With_Customer_Flow_Test@196a42c3] depends on not successfully finished methods
	at java.base/java.util.ArrayList.forEach(ArrayList.java:1511)
... Removed 18 stack frames</pre></div><a href='#' onClick='toggleBox("stack-trace1630308652", this, "Click to show all stack frames", "Click to hide stack frames")'>Click to show all stack frames</a>
<div class='stack-trace' id='stack-trace1630308652'><pre>java.lang.Throwable: Method Orders_Verify_ownbook_business_hire_With_Customer_Flow_Test.T24_verify_delivery_status_after_selecting_date_offered_in_delivery_section_of_vehicle_order_tab_test()[pri:24, instance:orders.Orders_Verify_ownbook_business_hire_With_Customer_Flow_Test@196a42c3] depends on not successfully finished methods
	at org.testng.internal.TestInvoker.invokeTestMethods(TestInvoker.java:102)
	at org.testng.internal.TestMethodWorker.invokeTestMethods(TestMethodWorker.java:146)
	at org.testng.internal.TestMethodWorker.run(TestMethodWorker.java:128)
	at java.base/java.util.ArrayList.forEach(ArrayList.java:1511)
	at org.testng.TestRunner.privateRun(TestRunner.java:794)
	at org.testng.TestRunner.run(TestRunner.java:596)
	at org.testng.SuiteRunner.runTest(SuiteRunner.java:377)
	at org.testng.SuiteRunner.runSequentially(SuiteRunner.java:371)
	at org.testng.SuiteRunner.privateRun(SuiteRunner.java:332)
	at org.testng.SuiteRunner.run(SuiteRunner.java:276)
	at org.testng.SuiteRunnerWorker.runSuite(SuiteRunnerWorker.java:53)
	at org.testng.SuiteRunnerWorker.run(SuiteRunnerWorker.java:96)
	at org.testng.TestNG.runSuitesSequentially(TestNG.java:1212)
	at org.testng.TestNG.runSuitesLocally(TestNG.java:1134)
	at org.testng.TestNG.runSuites(TestNG.java:1063)
	at org.testng.TestNG.run(TestNG.java:1031)
	at org.testng.remote.AbstractRemoteTestNG.run(AbstractRemoteTestNG.java:115)
	at org.testng.remote.RemoteTestNG.initAndRun(RemoteTestNG.java:251)
	at org.testng.remote.RemoteTestNG.main(RemoteTestNG.java:77)
</pre></div></td>
<td>0</td>
<td>orders.Orders_Verify_ownbook_business_hire_With_Customer_Flow_Test@196a42c3</td></tr>
<tr>
<td title='orders.Orders_Verify_ownbook_business_hire_With_Customer_Flow_Test.T10_verify_default_payment_status_on_vehicle_tab_test()'><b>T10_verify_default_payment_status_on_vehicle_tab_test</b><br>Test class: orders.Orders_Verify_ownbook_business_hire_With_Customer_Flow_Test</td>
<td><div><pre>java.lang.Throwable: Method Orders_Verify_ownbook_business_hire_With_Customer_Flow_Test.T10_verify_default_payment_status_on_vehicle_tab_test()[pri:10, instance:orders.Orders_Verify_ownbook_business_hire_With_Customer_Flow_Test@196a42c3] depends on not successfully finished methods
	at java.base/java.util.ArrayList.forEach(ArrayList.java:1511)
... Removed 18 stack frames</pre></div><a href='#' onClick='toggleBox("stack-trace619550766", this, "Click to show all stack frames", "Click to hide stack frames")'>Click to show all stack frames</a>
<div class='stack-trace' id='stack-trace619550766'><pre>java.lang.Throwable: Method Orders_Verify_ownbook_business_hire_With_Customer_Flow_Test.T10_verify_default_payment_status_on_vehicle_tab_test()[pri:10, instance:orders.Orders_Verify_ownbook_business_hire_With_Customer_Flow_Test@196a42c3] depends on not successfully finished methods
	at org.testng.internal.TestInvoker.invokeTestMethods(TestInvoker.java:102)
	at org.testng.internal.TestMethodWorker.invokeTestMethods(TestMethodWorker.java:146)
	at org.testng.internal.TestMethodWorker.run(TestMethodWorker.java:128)
	at java.base/java.util.ArrayList.forEach(ArrayList.java:1511)
	at org.testng.TestRunner.privateRun(TestRunner.java:794)
	at org.testng.TestRunner.run(TestRunner.java:596)
	at org.testng.SuiteRunner.runTest(SuiteRunner.java:377)
	at org.testng.SuiteRunner.runSequentially(SuiteRunner.java:371)
	at org.testng.SuiteRunner.privateRun(SuiteRunner.java:332)
	at org.testng.SuiteRunner.run(SuiteRunner.java:276)
	at org.testng.SuiteRunnerWorker.runSuite(SuiteRunnerWorker.java:53)
	at org.testng.SuiteRunnerWorker.run(SuiteRunnerWorker.java:96)
	at org.testng.TestNG.runSuitesSequentially(TestNG.java:1212)
	at org.testng.TestNG.runSuitesLocally(TestNG.java:1134)
	at org.testng.TestNG.runSuites(TestNG.java:1063)
	at org.testng.TestNG.run(TestNG.java:1031)
	at org.testng.remote.AbstractRemoteTestNG.run(AbstractRemoteTestNG.java:115)
	at org.testng.remote.RemoteTestNG.initAndRun(RemoteTestNG.java:251)
	at org.testng.remote.RemoteTestNG.main(RemoteTestNG.java:77)
</pre></div></td>
<td>0</td>
<td>orders.Orders_Verify_ownbook_business_hire_With_Customer_Flow_Test@196a42c3</td></tr>
<tr>
<td title='orders.Orders_Verify_ownbook_business_hire_With_Customer_Flow_Test.T14_verify_default_status_acceptance_conditions_for_ownbook_hire_flow()'><b>T14_verify_default_status_acceptance_conditions_for_ownbook_hire_flow</b><br>Test class: orders.Orders_Verify_ownbook_business_hire_With_Customer_Flow_Test</td>
<td><div><pre>java.lang.Throwable: Method Orders_Verify_ownbook_business_hire_With_Customer_Flow_Test.T14_verify_default_status_acceptance_conditions_for_ownbook_hire_flow()[pri:14, instance:orders.Orders_Verify_ownbook_business_hire_With_Customer_Flow_Test@196a42c3] depends on not successfully finished methods
	at java.base/java.util.ArrayList.forEach(ArrayList.java:1511)
... Removed 18 stack frames</pre></div><a href='#' onClick='toggleBox("stack-trace1874597759", this, "Click to show all stack frames", "Click to hide stack frames")'>Click to show all stack frames</a>
<div class='stack-trace' id='stack-trace1874597759'><pre>java.lang.Throwable: Method Orders_Verify_ownbook_business_hire_With_Customer_Flow_Test.T14_verify_default_status_acceptance_conditions_for_ownbook_hire_flow()[pri:14, instance:orders.Orders_Verify_ownbook_business_hire_With_Customer_Flow_Test@196a42c3] depends on not successfully finished methods
	at org.testng.internal.TestInvoker.invokeTestMethods(TestInvoker.java:102)
	at org.testng.internal.TestMethodWorker.invokeTestMethods(TestMethodWorker.java:146)
	at org.testng.internal.TestMethodWorker.run(TestMethodWorker.java:128)
	at java.base/java.util.ArrayList.forEach(ArrayList.java:1511)
	at org.testng.TestRunner.privateRun(TestRunner.java:794)
	at org.testng.TestRunner.run(TestRunner.java:596)
	at org.testng.SuiteRunner.runTest(SuiteRunner.java:377)
	at org.testng.SuiteRunner.runSequentially(SuiteRunner.java:371)
	at org.testng.SuiteRunner.privateRun(SuiteRunner.java:332)
	at org.testng.SuiteRunner.run(SuiteRunner.java:276)
	at org.testng.SuiteRunnerWorker.runSuite(SuiteRunnerWorker.java:53)
	at org.testng.SuiteRunnerWorker.run(SuiteRunnerWorker.java:96)
	at org.testng.TestNG.runSuitesSequentially(TestNG.java:1212)
	at org.testng.TestNG.runSuitesLocally(TestNG.java:1134)
	at org.testng.TestNG.runSuites(TestNG.java:1063)
	at org.testng.TestNG.run(TestNG.java:1031)
	at org.testng.remote.AbstractRemoteTestNG.run(AbstractRemoteTestNG.java:115)
	at org.testng.remote.RemoteTestNG.initAndRun(RemoteTestNG.java:251)
	at org.testng.remote.RemoteTestNG.main(RemoteTestNG.java:77)
</pre></div></td>
<td>0</td>
<td>orders.Orders_Verify_ownbook_business_hire_With_Customer_Flow_Test@196a42c3</td></tr>
<tr>
<td title='orders.Orders_Verify_ownbook_business_hire_With_Customer_Flow_Test.T11_verify_payment_status_after_selecting_payment_sent_date_on_vehicle_tab_test()'><b>T11_verify_payment_status_after_selecting_payment_sent_date_on_vehicle_tab_test</b><br>Test class: orders.Orders_Verify_ownbook_business_hire_With_Customer_Flow_Test</td>
<td><div><pre>java.lang.Throwable: Method Orders_Verify_ownbook_business_hire_With_Customer_Flow_Test.T11_verify_payment_status_after_selecting_payment_sent_date_on_vehicle_tab_test()[pri:11, instance:orders.Orders_Verify_ownbook_business_hire_With_Customer_Flow_Test@196a42c3] depends on not successfully finished methods
	at java.base/java.util.ArrayList.forEach(ArrayList.java:1511)
... Removed 18 stack frames</pre></div><a href='#' onClick='toggleBox("stack-trace915323977", this, "Click to show all stack frames", "Click to hide stack frames")'>Click to show all stack frames</a>
<div class='stack-trace' id='stack-trace915323977'><pre>java.lang.Throwable: Method Orders_Verify_ownbook_business_hire_With_Customer_Flow_Test.T11_verify_payment_status_after_selecting_payment_sent_date_on_vehicle_tab_test()[pri:11, instance:orders.Orders_Verify_ownbook_business_hire_With_Customer_Flow_Test@196a42c3] depends on not successfully finished methods
	at org.testng.internal.TestInvoker.invokeTestMethods(TestInvoker.java:102)
	at org.testng.internal.TestMethodWorker.invokeTestMethods(TestMethodWorker.java:146)
	at org.testng.internal.TestMethodWorker.run(TestMethodWorker.java:128)
	at java.base/java.util.ArrayList.forEach(ArrayList.java:1511)
	at org.testng.TestRunner.privateRun(TestRunner.java:794)
	at org.testng.TestRunner.run(TestRunner.java:596)
	at org.testng.SuiteRunner.runTest(SuiteRunner.java:377)
	at org.testng.SuiteRunner.runSequentially(SuiteRunner.java:371)
	at org.testng.SuiteRunner.privateRun(SuiteRunner.java:332)
	at org.testng.SuiteRunner.run(SuiteRunner.java:276)
	at org.testng.SuiteRunnerWorker.runSuite(SuiteRunnerWorker.java:53)
	at org.testng.SuiteRunnerWorker.run(SuiteRunnerWorker.java:96)
	at org.testng.TestNG.runSuitesSequentially(TestNG.java:1212)
	at org.testng.TestNG.runSuitesLocally(TestNG.java:1134)
	at org.testng.TestNG.runSuites(TestNG.java:1063)
	at org.testng.TestNG.run(TestNG.java:1031)
	at org.testng.remote.AbstractRemoteTestNG.run(AbstractRemoteTestNG.java:115)
	at org.testng.remote.RemoteTestNG.initAndRun(RemoteTestNG.java:251)
	at org.testng.remote.RemoteTestNG.main(RemoteTestNG.java:77)
</pre></div></td>
<td>0</td>
<td>orders.Orders_Verify_ownbook_business_hire_With_Customer_Flow_Test@196a42c3</td></tr>
<tr>
<td title='orders.Orders_Verify_ownbook_business_hire_With_Customer_Flow_Test.T16_make_payment_with_new_payment()'><b>T16_make_payment_with_new_payment</b><br>Test class: orders.Orders_Verify_ownbook_business_hire_With_Customer_Flow_Test</td>
<td><div><pre>java.lang.Throwable: Method Orders_Verify_ownbook_business_hire_With_Customer_Flow_Test.T16_make_payment_with_new_payment()[pri:16, instance:orders.Orders_Verify_ownbook_business_hire_With_Customer_Flow_Test@196a42c3] depends on not successfully finished methods
	at java.base/java.util.ArrayList.forEach(ArrayList.java:1511)
... Removed 18 stack frames</pre></div><a href='#' onClick='toggleBox("stack-trace2114426381", this, "Click to show all stack frames", "Click to hide stack frames")'>Click to show all stack frames</a>
<div class='stack-trace' id='stack-trace2114426381'><pre>java.lang.Throwable: Method Orders_Verify_ownbook_business_hire_With_Customer_Flow_Test.T16_make_payment_with_new_payment()[pri:16, instance:orders.Orders_Verify_ownbook_business_hire_With_Customer_Flow_Test@196a42c3] depends on not successfully finished methods
	at org.testng.internal.TestInvoker.invokeTestMethods(TestInvoker.java:102)
	at org.testng.internal.TestMethodWorker.invokeTestMethods(TestMethodWorker.java:146)
	at org.testng.internal.TestMethodWorker.run(TestMethodWorker.java:128)
	at java.base/java.util.ArrayList.forEach(ArrayList.java:1511)
	at org.testng.TestRunner.privateRun(TestRunner.java:794)
	at org.testng.TestRunner.run(TestRunner.java:596)
	at org.testng.SuiteRunner.runTest(SuiteRunner.java:377)
	at org.testng.SuiteRunner.runSequentially(SuiteRunner.java:371)
	at org.testng.SuiteRunner.privateRun(SuiteRunner.java:332)
	at org.testng.SuiteRunner.run(SuiteRunner.java:276)
	at org.testng.SuiteRunnerWorker.runSuite(SuiteRunnerWorker.java:53)
	at org.testng.SuiteRunnerWorker.run(SuiteRunnerWorker.java:96)
	at org.testng.TestNG.runSuitesSequentially(TestNG.java:1212)
	at org.testng.TestNG.runSuitesLocally(TestNG.java:1134)
	at org.testng.TestNG.runSuites(TestNG.java:1063)
	at org.testng.TestNG.run(TestNG.java:1031)
	at org.testng.remote.AbstractRemoteTestNG.run(AbstractRemoteTestNG.java:115)
	at org.testng.remote.RemoteTestNG.initAndRun(RemoteTestNG.java:251)
	at org.testng.remote.RemoteTestNG.main(RemoteTestNG.java:77)
</pre></div></td>
<td>0</td>
<td>orders.Orders_Verify_ownbook_business_hire_With_Customer_Flow_Test@196a42c3</td></tr>
<tr>
<td title='orders.Orders_Verify_ownbook_business_hire_With_Customer_Flow_Test.T8_verify_default_order_status_vehicle_tab_test()'><b>T8_verify_default_order_status_vehicle_tab_test</b><br>Test class: orders.Orders_Verify_ownbook_business_hire_With_Customer_Flow_Test</td>
<td><div><pre>java.lang.Throwable: Method Orders_Verify_ownbook_business_hire_With_Customer_Flow_Test.T8_verify_default_order_status_vehicle_tab_test()[pri:8, instance:orders.Orders_Verify_ownbook_business_hire_With_Customer_Flow_Test@196a42c3] depends on not successfully finished methods
	at java.base/java.util.ArrayList.forEach(ArrayList.java:1511)
... Removed 18 stack frames</pre></div><a href='#' onClick='toggleBox("stack-trace603701303", this, "Click to show all stack frames", "Click to hide stack frames")'>Click to show all stack frames</a>
<div class='stack-trace' id='stack-trace603701303'><pre>java.lang.Throwable: Method Orders_Verify_ownbook_business_hire_With_Customer_Flow_Test.T8_verify_default_order_status_vehicle_tab_test()[pri:8, instance:orders.Orders_Verify_ownbook_business_hire_With_Customer_Flow_Test@196a42c3] depends on not successfully finished methods
	at org.testng.internal.TestInvoker.invokeTestMethods(TestInvoker.java:102)
	at org.testng.internal.TestMethodWorker.invokeTestMethods(TestMethodWorker.java:146)
	at org.testng.internal.TestMethodWorker.run(TestMethodWorker.java:128)
	at java.base/java.util.ArrayList.forEach(ArrayList.java:1511)
	at org.testng.TestRunner.privateRun(TestRunner.java:794)
	at org.testng.TestRunner.run(TestRunner.java:596)
	at org.testng.SuiteRunner.runTest(SuiteRunner.java:377)
	at org.testng.SuiteRunner.runSequentially(SuiteRunner.java:371)
	at org.testng.SuiteRunner.privateRun(SuiteRunner.java:332)
	at org.testng.SuiteRunner.run(SuiteRunner.java:276)
	at org.testng.SuiteRunnerWorker.runSuite(SuiteRunnerWorker.java:53)
	at org.testng.SuiteRunnerWorker.run(SuiteRunnerWorker.java:96)
	at org.testng.TestNG.runSuitesSequentially(TestNG.java:1212)
	at org.testng.TestNG.runSuitesLocally(TestNG.java:1134)
	at org.testng.TestNG.runSuites(TestNG.java:1063)
	at org.testng.TestNG.run(TestNG.java:1031)
	at org.testng.remote.AbstractRemoteTestNG.run(AbstractRemoteTestNG.java:115)
	at org.testng.remote.RemoteTestNG.initAndRun(RemoteTestNG.java:251)
	at org.testng.remote.RemoteTestNG.main(RemoteTestNG.java:77)
</pre></div></td>
<td>0</td>
<td>orders.Orders_Verify_ownbook_business_hire_With_Customer_Flow_Test@196a42c3</td></tr>
<tr>
<td title='orders.Orders_Verify_ownbook_business_hire_With_Customer_Flow_Test.T13_verify_payment_status_after_selecting_payment_sent_date_for_amount_due_on_vehicle_tab_test()'><b>T13_verify_payment_status_after_selecting_payment_sent_date_for_amount_due_on_vehicle_tab_test</b><br>Test class: orders.Orders_Verify_ownbook_business_hire_With_Customer_Flow_Test</td>
<td><div><pre>java.lang.Throwable: Method Orders_Verify_ownbook_business_hire_With_Customer_Flow_Test.T13_verify_payment_status_after_selecting_payment_sent_date_for_amount_due_on_vehicle_tab_test()[pri:13, instance:orders.Orders_Verify_ownbook_business_hire_With_Customer_Flow_Test@196a42c3] depends on not successfully finished methods
	at java.base/java.util.ArrayList.forEach(ArrayList.java:1511)
... Removed 18 stack frames</pre></div><a href='#' onClick='toggleBox("stack-trace1577415369", this, "Click to show all stack frames", "Click to hide stack frames")'>Click to show all stack frames</a>
<div class='stack-trace' id='stack-trace1577415369'><pre>java.lang.Throwable: Method Orders_Verify_ownbook_business_hire_With_Customer_Flow_Test.T13_verify_payment_status_after_selecting_payment_sent_date_for_amount_due_on_vehicle_tab_test()[pri:13, instance:orders.Orders_Verify_ownbook_business_hire_With_Customer_Flow_Test@196a42c3] depends on not successfully finished methods
	at org.testng.internal.TestInvoker.invokeTestMethods(TestInvoker.java:102)
	at org.testng.internal.TestMethodWorker.invokeTestMethods(TestMethodWorker.java:146)
	at org.testng.internal.TestMethodWorker.run(TestMethodWorker.java:128)
	at java.base/java.util.ArrayList.forEach(ArrayList.java:1511)
	at org.testng.TestRunner.privateRun(TestRunner.java:794)
	at org.testng.TestRunner.run(TestRunner.java:596)
	at org.testng.SuiteRunner.runTest(SuiteRunner.java:377)
	at org.testng.SuiteRunner.runSequentially(SuiteRunner.java:371)
	at org.testng.SuiteRunner.privateRun(SuiteRunner.java:332)
	at org.testng.SuiteRunner.run(SuiteRunner.java:276)
	at org.testng.SuiteRunnerWorker.runSuite(SuiteRunnerWorker.java:53)
	at org.testng.SuiteRunnerWorker.run(SuiteRunnerWorker.java:96)
	at org.testng.TestNG.runSuitesSequentially(TestNG.java:1212)
	at org.testng.TestNG.runSuitesLocally(TestNG.java:1134)
	at org.testng.TestNG.runSuites(TestNG.java:1063)
	at org.testng.TestNG.run(TestNG.java:1031)
	at org.testng.remote.AbstractRemoteTestNG.run(AbstractRemoteTestNG.java:115)
	at org.testng.remote.RemoteTestNG.initAndRun(RemoteTestNG.java:251)
	at org.testng.remote.RemoteTestNG.main(RemoteTestNG.java:77)
</pre></div></td>
<td>0</td>
<td>orders.Orders_Verify_ownbook_business_hire_With_Customer_Flow_Test@196a42c3</td></tr>
<tr>
<td title='orders.Orders_Verify_ownbook_business_hire_With_Customer_Flow_Test.T21_verify_delivery_status_on_customer_contract_tab_and_vehicle_order_tab_are_same_when_deliver_to_customer_toggle_button_in_on_test()'><b>T21_verify_delivery_status_on_customer_contract_tab_and_vehicle_order_tab_are_same_when_deliver_to_customer_toggle_button_in_on_test</b><br>Test class: orders.Orders_Verify_ownbook_business_hire_With_Customer_Flow_Test</td>
<td><div><pre>java.lang.Throwable: Method Orders_Verify_ownbook_business_hire_With_Customer_Flow_Test.T21_verify_delivery_status_on_customer_contract_tab_and_vehicle_order_tab_are_same_when_deliver_to_customer_toggle_button_in_on_test()[pri:21, instance:orders.Orders_Verify_ownbook_business_hire_With_Customer_Flow_Test@196a42c3] depends on not successfully finished methods
	at java.base/java.util.ArrayList.forEach(ArrayList.java:1511)
... Removed 18 stack frames</pre></div><a href='#' onClick='toggleBox("stack-trace1135351392", this, "Click to show all stack frames", "Click to hide stack frames")'>Click to show all stack frames</a>
<div class='stack-trace' id='stack-trace1135351392'><pre>java.lang.Throwable: Method Orders_Verify_ownbook_business_hire_With_Customer_Flow_Test.T21_verify_delivery_status_on_customer_contract_tab_and_vehicle_order_tab_are_same_when_deliver_to_customer_toggle_button_in_on_test()[pri:21, instance:orders.Orders_Verify_ownbook_business_hire_With_Customer_Flow_Test@196a42c3] depends on not successfully finished methods
	at org.testng.internal.TestInvoker.invokeTestMethods(TestInvoker.java:102)
	at org.testng.internal.TestMethodWorker.invokeTestMethods(TestMethodWorker.java:146)
	at org.testng.internal.TestMethodWorker.run(TestMethodWorker.java:128)
	at java.base/java.util.ArrayList.forEach(ArrayList.java:1511)
	at org.testng.TestRunner.privateRun(TestRunner.java:794)
	at org.testng.TestRunner.run(TestRunner.java:596)
	at org.testng.SuiteRunner.runTest(SuiteRunner.java:377)
	at org.testng.SuiteRunner.runSequentially(SuiteRunner.java:371)
	at org.testng.SuiteRunner.privateRun(SuiteRunner.java:332)
	at org.testng.SuiteRunner.run(SuiteRunner.java:276)
	at org.testng.SuiteRunnerWorker.runSuite(SuiteRunnerWorker.java:53)
	at org.testng.SuiteRunnerWorker.run(SuiteRunnerWorker.java:96)
	at org.testng.TestNG.runSuitesSequentially(TestNG.java:1212)
	at org.testng.TestNG.runSuitesLocally(TestNG.java:1134)
	at org.testng.TestNG.runSuites(TestNG.java:1063)
	at org.testng.TestNG.run(TestNG.java:1031)
	at org.testng.remote.AbstractRemoteTestNG.run(AbstractRemoteTestNG.java:115)
	at org.testng.remote.RemoteTestNG.initAndRun(RemoteTestNG.java:251)
	at org.testng.remote.RemoteTestNG.main(RemoteTestNG.java:77)
</pre></div></td>
<td>0</td>
<td>orders.Orders_Verify_ownbook_business_hire_With_Customer_Flow_Test@196a42c3</td></tr>
<tr>
<td title='orders.Orders_Verify_ownbook_business_hire_With_Customer_Flow_Test.T22_verify_payout_pack_statuses_on_customer_contract_tab_test()'><b>T22_verify_payout_pack_statuses_on_customer_contract_tab_test</b><br>Test class: orders.Orders_Verify_ownbook_business_hire_With_Customer_Flow_Test</td>
<td><div><pre>java.lang.Throwable: Method Orders_Verify_ownbook_business_hire_With_Customer_Flow_Test.T22_verify_payout_pack_statuses_on_customer_contract_tab_test()[pri:22, instance:orders.Orders_Verify_ownbook_business_hire_With_Customer_Flow_Test@196a42c3] depends on not successfully finished methods
	at java.base/java.util.ArrayList.forEach(ArrayList.java:1511)
... Removed 18 stack frames</pre></div><a href='#' onClick='toggleBox("stack-trace46122610", this, "Click to show all stack frames", "Click to hide stack frames")'>Click to show all stack frames</a>
<div class='stack-trace' id='stack-trace46122610'><pre>java.lang.Throwable: Method Orders_Verify_ownbook_business_hire_With_Customer_Flow_Test.T22_verify_payout_pack_statuses_on_customer_contract_tab_test()[pri:22, instance:orders.Orders_Verify_ownbook_business_hire_With_Customer_Flow_Test@196a42c3] depends on not successfully finished methods
	at org.testng.internal.TestInvoker.invokeTestMethods(TestInvoker.java:102)
	at org.testng.internal.TestMethodWorker.invokeTestMethods(TestMethodWorker.java:146)
	at org.testng.internal.TestMethodWorker.run(TestMethodWorker.java:128)
	at java.base/java.util.ArrayList.forEach(ArrayList.java:1511)
	at org.testng.TestRunner.privateRun(TestRunner.java:794)
	at org.testng.TestRunner.run(TestRunner.java:596)
	at org.testng.SuiteRunner.runTest(SuiteRunner.java:377)
	at org.testng.SuiteRunner.runSequentially(SuiteRunner.java:371)
	at org.testng.SuiteRunner.privateRun(SuiteRunner.java:332)
	at org.testng.SuiteRunner.run(SuiteRunner.java:276)
	at org.testng.SuiteRunnerWorker.runSuite(SuiteRunnerWorker.java:53)
	at org.testng.SuiteRunnerWorker.run(SuiteRunnerWorker.java:96)
	at org.testng.TestNG.runSuitesSequentially(TestNG.java:1212)
	at org.testng.TestNG.runSuitesLocally(TestNG.java:1134)
	at org.testng.TestNG.runSuites(TestNG.java:1063)
	at org.testng.TestNG.run(TestNG.java:1031)
	at org.testng.remote.AbstractRemoteTestNG.run(AbstractRemoteTestNG.java:115)
	at org.testng.remote.RemoteTestNG.initAndRun(RemoteTestNG.java:251)
	at org.testng.remote.RemoteTestNG.main(RemoteTestNG.java:77)
</pre></div></td>
<td>0</td>
<td>orders.Orders_Verify_ownbook_business_hire_With_Customer_Flow_Test@196a42c3</td></tr>
<tr>
<td title='orders.Orders_Verify_ownbook_business_hire_With_Customer_Flow_Test.T18_verify_delivery_status_after_selecting_date_offered_in_delivery_section_of_customer_contract_tab_test()'><b>T18_verify_delivery_status_after_selecting_date_offered_in_delivery_section_of_customer_contract_tab_test</b><br>Test class: orders.Orders_Verify_ownbook_business_hire_With_Customer_Flow_Test</td>
<td><div><pre>java.lang.Throwable: Method Orders_Verify_ownbook_business_hire_With_Customer_Flow_Test.T18_verify_delivery_status_after_selecting_date_offered_in_delivery_section_of_customer_contract_tab_test()[pri:18, instance:orders.Orders_Verify_ownbook_business_hire_With_Customer_Flow_Test@196a42c3] depends on not successfully finished methods
	at java.base/java.util.ArrayList.forEach(ArrayList.java:1511)
... Removed 18 stack frames</pre></div><a href='#' onClick='toggleBox("stack-trace1989350173", this, "Click to show all stack frames", "Click to hide stack frames")'>Click to show all stack frames</a>
<div class='stack-trace' id='stack-trace1989350173'><pre>java.lang.Throwable: Method Orders_Verify_ownbook_business_hire_With_Customer_Flow_Test.T18_verify_delivery_status_after_selecting_date_offered_in_delivery_section_of_customer_contract_tab_test()[pri:18, instance:orders.Orders_Verify_ownbook_business_hire_With_Customer_Flow_Test@196a42c3] depends on not successfully finished methods
	at org.testng.internal.TestInvoker.invokeTestMethods(TestInvoker.java:102)
	at org.testng.internal.TestMethodWorker.invokeTestMethods(TestMethodWorker.java:146)
	at org.testng.internal.TestMethodWorker.run(TestMethodWorker.java:128)
	at java.base/java.util.ArrayList.forEach(ArrayList.java:1511)
	at org.testng.TestRunner.privateRun(TestRunner.java:794)
	at org.testng.TestRunner.run(TestRunner.java:596)
	at org.testng.SuiteRunner.runTest(SuiteRunner.java:377)
	at org.testng.SuiteRunner.runSequentially(SuiteRunner.java:371)
	at org.testng.SuiteRunner.privateRun(SuiteRunner.java:332)
	at org.testng.SuiteRunner.run(SuiteRunner.java:276)
	at org.testng.SuiteRunnerWorker.runSuite(SuiteRunnerWorker.java:53)
	at org.testng.SuiteRunnerWorker.run(SuiteRunnerWorker.java:96)
	at org.testng.TestNG.runSuitesSequentially(TestNG.java:1212)
	at org.testng.TestNG.runSuitesLocally(TestNG.java:1134)
	at org.testng.TestNG.runSuites(TestNG.java:1063)
	at org.testng.TestNG.run(TestNG.java:1031)
	at org.testng.remote.AbstractRemoteTestNG.run(AbstractRemoteTestNG.java:115)
	at org.testng.remote.RemoteTestNG.initAndRun(RemoteTestNG.java:251)
	at org.testng.remote.RemoteTestNG.main(RemoteTestNG.java:77)
</pre></div></td>
<td>0</td>
<td>orders.Orders_Verify_ownbook_business_hire_With_Customer_Flow_Test@196a42c3</td></tr>
<tr>
<td title='orders.Orders_Verify_ownbook_business_hire_With_Customer_Flow_Test.T20_verify_delivery_status_after_uploading_delivery_note_in_post_delivery_section_on_customer_contract_tab_test()'><b>T20_verify_delivery_status_after_uploading_delivery_note_in_post_delivery_section_on_customer_contract_tab_test</b><br>Test class: orders.Orders_Verify_ownbook_business_hire_With_Customer_Flow_Test</td>
<td><div><pre>java.lang.Throwable: Method Orders_Verify_ownbook_business_hire_With_Customer_Flow_Test.T20_verify_delivery_status_after_uploading_delivery_note_in_post_delivery_section_on_customer_contract_tab_test()[pri:20, instance:orders.Orders_Verify_ownbook_business_hire_With_Customer_Flow_Test@196a42c3] depends on not successfully finished methods
	at java.base/java.util.ArrayList.forEach(ArrayList.java:1511)
... Removed 18 stack frames</pre></div><a href='#' onClick='toggleBox("stack-trace1580667046", this, "Click to show all stack frames", "Click to hide stack frames")'>Click to show all stack frames</a>
<div class='stack-trace' id='stack-trace1580667046'><pre>java.lang.Throwable: Method Orders_Verify_ownbook_business_hire_With_Customer_Flow_Test.T20_verify_delivery_status_after_uploading_delivery_note_in_post_delivery_section_on_customer_contract_tab_test()[pri:20, instance:orders.Orders_Verify_ownbook_business_hire_With_Customer_Flow_Test@196a42c3] depends on not successfully finished methods
	at org.testng.internal.TestInvoker.invokeTestMethods(TestInvoker.java:102)
	at org.testng.internal.TestMethodWorker.invokeTestMethods(TestMethodWorker.java:146)
	at org.testng.internal.TestMethodWorker.run(TestMethodWorker.java:128)
	at java.base/java.util.ArrayList.forEach(ArrayList.java:1511)
	at org.testng.TestRunner.privateRun(TestRunner.java:794)
	at org.testng.TestRunner.run(TestRunner.java:596)
	at org.testng.SuiteRunner.runTest(SuiteRunner.java:377)
	at org.testng.SuiteRunner.runSequentially(SuiteRunner.java:371)
	at org.testng.SuiteRunner.privateRun(SuiteRunner.java:332)
	at org.testng.SuiteRunner.run(SuiteRunner.java:276)
	at org.testng.SuiteRunnerWorker.runSuite(SuiteRunnerWorker.java:53)
	at org.testng.SuiteRunnerWorker.run(SuiteRunnerWorker.java:96)
	at org.testng.TestNG.runSuitesSequentially(TestNG.java:1212)
	at org.testng.TestNG.runSuitesLocally(TestNG.java:1134)
	at org.testng.TestNG.runSuites(TestNG.java:1063)
	at org.testng.TestNG.run(TestNG.java:1031)
	at org.testng.remote.AbstractRemoteTestNG.run(AbstractRemoteTestNG.java:115)
	at org.testng.remote.RemoteTestNG.initAndRun(RemoteTestNG.java:251)
	at org.testng.remote.RemoteTestNG.main(RemoteTestNG.java:77)
</pre></div></td>
<td>0</td>
<td>orders.Orders_Verify_ownbook_business_hire_With_Customer_Flow_Test@196a42c3</td></tr>
<tr>
<td title='orders.Orders_Verify_ownbook_business_hire_With_Customer_Flow_Test.T28_verify_payments_to_funder_statuses_test()'><b>T28_verify_payments_to_funder_statuses_test</b><br>Test class: orders.Orders_Verify_ownbook_business_hire_With_Customer_Flow_Test</td>
<td><div><pre>java.lang.Throwable: Method Orders_Verify_ownbook_business_hire_With_Customer_Flow_Test.T28_verify_payments_to_funder_statuses_test()[pri:28, instance:orders.Orders_Verify_ownbook_business_hire_With_Customer_Flow_Test@196a42c3] depends on not successfully finished methods
	at java.base/java.util.ArrayList.forEach(ArrayList.java:1511)
... Removed 18 stack frames</pre></div><a href='#' onClick='toggleBox("stack-trace1398376906", this, "Click to show all stack frames", "Click to hide stack frames")'>Click to show all stack frames</a>
<div class='stack-trace' id='stack-trace1398376906'><pre>java.lang.Throwable: Method Orders_Verify_ownbook_business_hire_With_Customer_Flow_Test.T28_verify_payments_to_funder_statuses_test()[pri:28, instance:orders.Orders_Verify_ownbook_business_hire_With_Customer_Flow_Test@196a42c3] depends on not successfully finished methods
	at org.testng.internal.TestInvoker.invokeTestMethods(TestInvoker.java:102)
	at org.testng.internal.TestMethodWorker.invokeTestMethods(TestMethodWorker.java:146)
	at org.testng.internal.TestMethodWorker.run(TestMethodWorker.java:128)
	at java.base/java.util.ArrayList.forEach(ArrayList.java:1511)
	at org.testng.TestRunner.privateRun(TestRunner.java:794)
	at org.testng.TestRunner.run(TestRunner.java:596)
	at org.testng.SuiteRunner.runTest(SuiteRunner.java:377)
	at org.testng.SuiteRunner.runSequentially(SuiteRunner.java:371)
	at org.testng.SuiteRunner.privateRun(SuiteRunner.java:332)
	at org.testng.SuiteRunner.run(SuiteRunner.java:276)
	at org.testng.SuiteRunnerWorker.runSuite(SuiteRunnerWorker.java:53)
	at org.testng.SuiteRunnerWorker.run(SuiteRunnerWorker.java:96)
	at org.testng.TestNG.runSuitesSequentially(TestNG.java:1212)
	at org.testng.TestNG.runSuitesLocally(TestNG.java:1134)
	at org.testng.TestNG.runSuites(TestNG.java:1063)
	at org.testng.TestNG.run(TestNG.java:1031)
	at org.testng.remote.AbstractRemoteTestNG.run(AbstractRemoteTestNG.java:115)
	at org.testng.remote.RemoteTestNG.initAndRun(RemoteTestNG.java:251)
	at org.testng.remote.RemoteTestNG.main(RemoteTestNG.java:77)
</pre></div></td>
<td>0</td>
<td>orders.Orders_Verify_ownbook_business_hire_With_Customer_Flow_Test@196a42c3</td></tr>
<tr>
<td title='orders.Orders_Verify_ownbook_business_hire_With_Customer_Flow_Test.T9_verify_order_status_after_uploading_order_form_in_vehicle_tab_test()'><b>T9_verify_order_status_after_uploading_order_form_in_vehicle_tab_test</b><br>Test class: orders.Orders_Verify_ownbook_business_hire_With_Customer_Flow_Test</td>
<td><div><pre>java.lang.Throwable: Method Orders_Verify_ownbook_business_hire_With_Customer_Flow_Test.T9_verify_order_status_after_uploading_order_form_in_vehicle_tab_test()[pri:9, instance:orders.Orders_Verify_ownbook_business_hire_With_Customer_Flow_Test@196a42c3] depends on not successfully finished methods
	at java.base/java.util.ArrayList.forEach(ArrayList.java:1511)
... Removed 18 stack frames</pre></div><a href='#' onClick='toggleBox("stack-trace1932407034", this, "Click to show all stack frames", "Click to hide stack frames")'>Click to show all stack frames</a>
<div class='stack-trace' id='stack-trace1932407034'><pre>java.lang.Throwable: Method Orders_Verify_ownbook_business_hire_With_Customer_Flow_Test.T9_verify_order_status_after_uploading_order_form_in_vehicle_tab_test()[pri:9, instance:orders.Orders_Verify_ownbook_business_hire_With_Customer_Flow_Test@196a42c3] depends on not successfully finished methods
	at org.testng.internal.TestInvoker.invokeTestMethods(TestInvoker.java:102)
	at org.testng.internal.TestMethodWorker.invokeTestMethods(TestMethodWorker.java:146)
	at org.testng.internal.TestMethodWorker.run(TestMethodWorker.java:128)
	at java.base/java.util.ArrayList.forEach(ArrayList.java:1511)
	at org.testng.TestRunner.privateRun(TestRunner.java:794)
	at org.testng.TestRunner.run(TestRunner.java:596)
	at org.testng.SuiteRunner.runTest(SuiteRunner.java:377)
	at org.testng.SuiteRunner.runSequentially(SuiteRunner.java:371)
	at org.testng.SuiteRunner.privateRun(SuiteRunner.java:332)
	at org.testng.SuiteRunner.run(SuiteRunner.java:276)
	at org.testng.SuiteRunnerWorker.runSuite(SuiteRunnerWorker.java:53)
	at org.testng.SuiteRunnerWorker.run(SuiteRunnerWorker.java:96)
	at org.testng.TestNG.runSuitesSequentially(TestNG.java:1212)
	at org.testng.TestNG.runSuitesLocally(TestNG.java:1134)
	at org.testng.TestNG.runSuites(TestNG.java:1063)
	at org.testng.TestNG.run(TestNG.java:1031)
	at org.testng.remote.AbstractRemoteTestNG.run(AbstractRemoteTestNG.java:115)
	at org.testng.remote.RemoteTestNG.initAndRun(RemoteTestNG.java:251)
	at org.testng.remote.RemoteTestNG.main(RemoteTestNG.java:77)
</pre></div></td>
<td>0</td>
<td>orders.Orders_Verify_ownbook_business_hire_With_Customer_Flow_Test@196a42c3</td></tr>
<tr>
<td title='orders.Orders_Verify_ownbook_business_hire_With_Customer_Flow_Test.T12_verify_payment_status_should_be_reversed_to_payment_required_after_selecting_payment_by_AMT_on_vehicle_tab_test()'><b>T12_verify_payment_status_should_be_reversed_to_payment_required_after_selecting_payment_by_AMT_on_vehicle_tab_test</b><br>Test class: orders.Orders_Verify_ownbook_business_hire_With_Customer_Flow_Test</td>
<td><div><pre>java.lang.Throwable: Method Orders_Verify_ownbook_business_hire_With_Customer_Flow_Test.T12_verify_payment_status_should_be_reversed_to_payment_required_after_selecting_payment_by_AMT_on_vehicle_tab_test()[pri:12, instance:orders.Orders_Verify_ownbook_business_hire_With_Customer_Flow_Test@196a42c3] depends on not successfully finished methods
	at java.base/java.util.ArrayList.forEach(ArrayList.java:1511)
... Removed 18 stack frames</pre></div><a href='#' onClick='toggleBox("stack-trace606791420", this, "Click to show all stack frames", "Click to hide stack frames")'>Click to show all stack frames</a>
<div class='stack-trace' id='stack-trace606791420'><pre>java.lang.Throwable: Method Orders_Verify_ownbook_business_hire_With_Customer_Flow_Test.T12_verify_payment_status_should_be_reversed_to_payment_required_after_selecting_payment_by_AMT_on_vehicle_tab_test()[pri:12, instance:orders.Orders_Verify_ownbook_business_hire_With_Customer_Flow_Test@196a42c3] depends on not successfully finished methods
	at org.testng.internal.TestInvoker.invokeTestMethods(TestInvoker.java:102)
	at org.testng.internal.TestMethodWorker.invokeTestMethods(TestMethodWorker.java:146)
	at org.testng.internal.TestMethodWorker.run(TestMethodWorker.java:128)
	at java.base/java.util.ArrayList.forEach(ArrayList.java:1511)
	at org.testng.TestRunner.privateRun(TestRunner.java:794)
	at org.testng.TestRunner.run(TestRunner.java:596)
	at org.testng.SuiteRunner.runTest(SuiteRunner.java:377)
	at org.testng.SuiteRunner.runSequentially(SuiteRunner.java:371)
	at org.testng.SuiteRunner.privateRun(SuiteRunner.java:332)
	at org.testng.SuiteRunner.run(SuiteRunner.java:276)
	at org.testng.SuiteRunnerWorker.runSuite(SuiteRunnerWorker.java:53)
	at org.testng.SuiteRunnerWorker.run(SuiteRunnerWorker.java:96)
	at org.testng.TestNG.runSuitesSequentially(TestNG.java:1212)
	at org.testng.TestNG.runSuitesLocally(TestNG.java:1134)
	at org.testng.TestNG.runSuites(TestNG.java:1063)
	at org.testng.TestNG.run(TestNG.java:1031)
	at org.testng.remote.AbstractRemoteTestNG.run(AbstractRemoteTestNG.java:115)
	at org.testng.remote.RemoteTestNG.initAndRun(RemoteTestNG.java:251)
	at org.testng.remote.RemoteTestNG.main(RemoteTestNG.java:77)
</pre></div></td>
<td>0</td>
<td>orders.Orders_Verify_ownbook_business_hire_With_Customer_Flow_Test@196a42c3</td></tr>
<tr>
<td title='orders.Orders_Verify_ownbook_business_hire_With_Customer_Flow_Test.T15_verify_payment_default_status()'><b>T15_verify_payment_default_status</b><br>Test class: orders.Orders_Verify_ownbook_business_hire_With_Customer_Flow_Test</td>
<td><div><pre>java.lang.Throwable: Method Orders_Verify_ownbook_business_hire_With_Customer_Flow_Test.T15_verify_payment_default_status()[pri:15, instance:orders.Orders_Verify_ownbook_business_hire_With_Customer_Flow_Test@196a42c3] depends on not successfully finished methods
	at java.base/java.util.ArrayList.forEach(ArrayList.java:1511)
... Removed 18 stack frames</pre></div><a href='#' onClick='toggleBox("stack-trace2108240497", this, "Click to show all stack frames", "Click to hide stack frames")'>Click to show all stack frames</a>
<div class='stack-trace' id='stack-trace2108240497'><pre>java.lang.Throwable: Method Orders_Verify_ownbook_business_hire_With_Customer_Flow_Test.T15_verify_payment_default_status()[pri:15, instance:orders.Orders_Verify_ownbook_business_hire_With_Customer_Flow_Test@196a42c3] depends on not successfully finished methods
	at org.testng.internal.TestInvoker.invokeTestMethods(TestInvoker.java:102)
	at org.testng.internal.TestMethodWorker.invokeTestMethods(TestMethodWorker.java:146)
	at org.testng.internal.TestMethodWorker.run(TestMethodWorker.java:128)
	at java.base/java.util.ArrayList.forEach(ArrayList.java:1511)
	at org.testng.TestRunner.privateRun(TestRunner.java:794)
	at org.testng.TestRunner.run(TestRunner.java:596)
	at org.testng.SuiteRunner.runTest(SuiteRunner.java:377)
	at org.testng.SuiteRunner.runSequentially(SuiteRunner.java:371)
	at org.testng.SuiteRunner.privateRun(SuiteRunner.java:332)
	at org.testng.SuiteRunner.run(SuiteRunner.java:276)
	at org.testng.SuiteRunnerWorker.runSuite(SuiteRunnerWorker.java:53)
	at org.testng.SuiteRunnerWorker.run(SuiteRunnerWorker.java:96)
	at org.testng.TestNG.runSuitesSequentially(TestNG.java:1212)
	at org.testng.TestNG.runSuitesLocally(TestNG.java:1134)
	at org.testng.TestNG.runSuites(TestNG.java:1063)
	at org.testng.TestNG.run(TestNG.java:1031)
	at org.testng.remote.AbstractRemoteTestNG.run(AbstractRemoteTestNG.java:115)
	at org.testng.remote.RemoteTestNG.initAndRun(RemoteTestNG.java:251)
	at org.testng.remote.RemoteTestNG.main(RemoteTestNG.java:77)
</pre></div></td>
<td>0</td>
<td>orders.Orders_Verify_ownbook_business_hire_With_Customer_Flow_Test@196a42c3</td></tr>
<tr>
<td title='orders.Orders_Verify_ownbook_business_hire_With_Customer_Flow_Test.T7_verify_holding_cost_on_adding_funder()'><b>T7_verify_holding_cost_on_adding_funder</b><br>Test class: orders.Orders_Verify_ownbook_business_hire_With_Customer_Flow_Test</td>
<td><div><pre>java.lang.Throwable: Method Orders_Verify_ownbook_business_hire_With_Customer_Flow_Test.T7_verify_holding_cost_on_adding_funder(java.lang.String,java.lang.String,java.lang.String,java.lang.String,java.lang.String,java.lang.String,java.lang.String,java.lang.String,java.lang.String,java.lang.String,java.lang.String)[pri:7, instance:orders.Orders_Verify_ownbook_business_hire_With_Customer_Flow_Test@196a42c3] depends on not successfully finished methods
	at java.base/java.util.ArrayList.forEach(ArrayList.java:1511)
... Removed 18 stack frames</pre></div><a href='#' onClick='toggleBox("stack-trace1397760332", this, "Click to show all stack frames", "Click to hide stack frames")'>Click to show all stack frames</a>
<div class='stack-trace' id='stack-trace1397760332'><pre>java.lang.Throwable: Method Orders_Verify_ownbook_business_hire_With_Customer_Flow_Test.T7_verify_holding_cost_on_adding_funder(java.lang.String,java.lang.String,java.lang.String,java.lang.String,java.lang.String,java.lang.String,java.lang.String,java.lang.String,java.lang.String,java.lang.String,java.lang.String)[pri:7, instance:orders.Orders_Verify_ownbook_business_hire_With_Customer_Flow_Test@196a42c3] depends on not successfully finished methods
	at org.testng.internal.TestInvoker.invokeTestMethods(TestInvoker.java:102)
	at org.testng.internal.TestMethodWorker.invokeTestMethods(TestMethodWorker.java:146)
	at org.testng.internal.TestMethodWorker.run(TestMethodWorker.java:128)
	at java.base/java.util.ArrayList.forEach(ArrayList.java:1511)
	at org.testng.TestRunner.privateRun(TestRunner.java:794)
	at org.testng.TestRunner.run(TestRunner.java:596)
	at org.testng.SuiteRunner.runTest(SuiteRunner.java:377)
	at org.testng.SuiteRunner.runSequentially(SuiteRunner.java:371)
	at org.testng.SuiteRunner.privateRun(SuiteRunner.java:332)
	at org.testng.SuiteRunner.run(SuiteRunner.java:276)
	at org.testng.SuiteRunnerWorker.runSuite(SuiteRunnerWorker.java:53)
	at org.testng.SuiteRunnerWorker.run(SuiteRunnerWorker.java:96)
	at org.testng.TestNG.runSuitesSequentially(TestNG.java:1212)
	at org.testng.TestNG.runSuitesLocally(TestNG.java:1134)
	at org.testng.TestNG.runSuites(TestNG.java:1063)
	at org.testng.TestNG.run(TestNG.java:1031)
	at org.testng.remote.AbstractRemoteTestNG.run(AbstractRemoteTestNG.java:115)
	at org.testng.remote.RemoteTestNG.initAndRun(RemoteTestNG.java:251)
	at org.testng.remote.RemoteTestNG.main(RemoteTestNG.java:77)
</pre></div></td>
<td>0</td>
<td>orders.Orders_Verify_ownbook_business_hire_With_Customer_Flow_Test@196a42c3</td></tr>
<tr>
<td title='orders.Orders_Verify_ownbook_business_hire_With_Customer_Flow_Test.T17_verify_payment_status_after_making_a_payment_on_customer_contract_tab()'><b>T17_verify_payment_status_after_making_a_payment_on_customer_contract_tab</b><br>Test class: orders.Orders_Verify_ownbook_business_hire_With_Customer_Flow_Test</td>
<td><div><pre>java.lang.Throwable: Method Orders_Verify_ownbook_business_hire_With_Customer_Flow_Test.T17_verify_payment_status_after_making_a_payment_on_customer_contract_tab()[pri:17, instance:orders.Orders_Verify_ownbook_business_hire_With_Customer_Flow_Test@196a42c3] depends on not successfully finished methods
	at java.base/java.util.ArrayList.forEach(ArrayList.java:1511)
... Removed 18 stack frames</pre></div><a href='#' onClick='toggleBox("stack-trace1046921602", this, "Click to show all stack frames", "Click to hide stack frames")'>Click to show all stack frames</a>
<div class='stack-trace' id='stack-trace1046921602'><pre>java.lang.Throwable: Method Orders_Verify_ownbook_business_hire_With_Customer_Flow_Test.T17_verify_payment_status_after_making_a_payment_on_customer_contract_tab()[pri:17, instance:orders.Orders_Verify_ownbook_business_hire_With_Customer_Flow_Test@196a42c3] depends on not successfully finished methods
	at org.testng.internal.TestInvoker.invokeTestMethods(TestInvoker.java:102)
	at org.testng.internal.TestMethodWorker.invokeTestMethods(TestMethodWorker.java:146)
	at org.testng.internal.TestMethodWorker.run(TestMethodWorker.java:128)
	at java.base/java.util.ArrayList.forEach(ArrayList.java:1511)
	at org.testng.TestRunner.privateRun(TestRunner.java:794)
	at org.testng.TestRunner.run(TestRunner.java:596)
	at org.testng.SuiteRunner.runTest(SuiteRunner.java:377)
	at org.testng.SuiteRunner.runSequentially(SuiteRunner.java:371)
	at org.testng.SuiteRunner.privateRun(SuiteRunner.java:332)
	at org.testng.SuiteRunner.run(SuiteRunner.java:276)
	at org.testng.SuiteRunnerWorker.runSuite(SuiteRunnerWorker.java:53)
	at org.testng.SuiteRunnerWorker.run(SuiteRunnerWorker.java:96)
	at org.testng.TestNG.runSuitesSequentially(TestNG.java:1212)
	at org.testng.TestNG.runSuitesLocally(TestNG.java:1134)
	at org.testng.TestNG.runSuites(TestNG.java:1063)
	at org.testng.TestNG.run(TestNG.java:1031)
	at org.testng.remote.AbstractRemoteTestNG.run(AbstractRemoteTestNG.java:115)
	at org.testng.remote.RemoteTestNG.initAndRun(RemoteTestNG.java:251)
	at org.testng.remote.RemoteTestNG.main(RemoteTestNG.java:77)
</pre></div></td>
<td>0</td>
<td>orders.Orders_Verify_ownbook_business_hire_With_Customer_Flow_Test@196a42c3</td></tr>
<tr>
<td title='orders.Orders_Verify_ownbook_business_hire_With_Customer_Flow_Test.T5_verify_that_funder_with_different_term_and_mileage_can_not_be_added_for_with_customer_flow_test()'><b>T5_verify_that_funder_with_different_term_and_mileage_can_not_be_added_for_with_customer_flow_test</b><br>Test class: orders.Orders_Verify_ownbook_business_hire_With_Customer_Flow_Test</td>
<td><div><pre>java.lang.Throwable: Method Orders_Verify_ownbook_business_hire_With_Customer_Flow_Test.T5_verify_that_funder_with_different_term_and_mileage_can_not_be_added_for_with_customer_flow_test(java.lang.String,java.lang.String,java.lang.String,java.lang.String,java.lang.String,java.lang.String,java.lang.String,java.lang.String,java.lang.String,java.lang.String,java.lang.String)[pri:5, instance:orders.Orders_Verify_ownbook_business_hire_With_Customer_Flow_Test@196a42c3] depends on not successfully finished methods
	at java.base/java.util.ArrayList.forEach(ArrayList.java:1511)
... Removed 18 stack frames</pre></div><a href='#' onClick='toggleBox("stack-trace1547693658", this, "Click to show all stack frames", "Click to hide stack frames")'>Click to show all stack frames</a>
<div class='stack-trace' id='stack-trace1547693658'><pre>java.lang.Throwable: Method Orders_Verify_ownbook_business_hire_With_Customer_Flow_Test.T5_verify_that_funder_with_different_term_and_mileage_can_not_be_added_for_with_customer_flow_test(java.lang.String,java.lang.String,java.lang.String,java.lang.String,java.lang.String,java.lang.String,java.lang.String,java.lang.String,java.lang.String,java.lang.String,java.lang.String)[pri:5, instance:orders.Orders_Verify_ownbook_business_hire_With_Customer_Flow_Test@196a42c3] depends on not successfully finished methods
	at org.testng.internal.TestInvoker.invokeTestMethods(TestInvoker.java:102)
	at org.testng.internal.TestMethodWorker.invokeTestMethods(TestMethodWorker.java:146)
	at org.testng.internal.TestMethodWorker.run(TestMethodWorker.java:128)
	at java.base/java.util.ArrayList.forEach(ArrayList.java:1511)
	at org.testng.TestRunner.privateRun(TestRunner.java:794)
	at org.testng.TestRunner.run(TestRunner.java:596)
	at org.testng.SuiteRunner.runTest(SuiteRunner.java:377)
	at org.testng.SuiteRunner.runSequentially(SuiteRunner.java:371)
	at org.testng.SuiteRunner.privateRun(SuiteRunner.java:332)
	at org.testng.SuiteRunner.run(SuiteRunner.java:276)
	at org.testng.SuiteRunnerWorker.runSuite(SuiteRunnerWorker.java:53)
	at org.testng.SuiteRunnerWorker.run(SuiteRunnerWorker.java:96)
	at org.testng.TestNG.runSuitesSequentially(TestNG.java:1212)
	at org.testng.TestNG.runSuitesLocally(TestNG.java:1134)
	at org.testng.TestNG.runSuites(TestNG.java:1063)
	at org.testng.TestNG.run(TestNG.java:1031)
	at org.testng.remote.AbstractRemoteTestNG.run(AbstractRemoteTestNG.java:115)
	at org.testng.remote.RemoteTestNG.initAndRun(RemoteTestNG.java:251)
	at org.testng.remote.RemoteTestNG.main(RemoteTestNG.java:77)
</pre></div></td>
<td>0</td>
<td>orders.Orders_Verify_ownbook_business_hire_With_Customer_Flow_Test@196a42c3</td></tr>
<tr>
<td title='orders.Orders_Verify_ownbook_business_hire_With_Customer_Flow_Test.T27_verify_finance_documents_statuses_test()'><b>T27_verify_finance_documents_statuses_test</b><br>Test class: orders.Orders_Verify_ownbook_business_hire_With_Customer_Flow_Test</td>
<td><div><pre>java.lang.Throwable: Method Orders_Verify_ownbook_business_hire_With_Customer_Flow_Test.T27_verify_finance_documents_statuses_test()[pri:27, instance:orders.Orders_Verify_ownbook_business_hire_With_Customer_Flow_Test@196a42c3] depends on not successfully finished methods
	at java.base/java.util.ArrayList.forEach(ArrayList.java:1511)
... Removed 18 stack frames</pre></div><a href='#' onClick='toggleBox("stack-trace1375948969", this, "Click to show all stack frames", "Click to hide stack frames")'>Click to show all stack frames</a>
<div class='stack-trace' id='stack-trace1375948969'><pre>java.lang.Throwable: Method Orders_Verify_ownbook_business_hire_With_Customer_Flow_Test.T27_verify_finance_documents_statuses_test()[pri:27, instance:orders.Orders_Verify_ownbook_business_hire_With_Customer_Flow_Test@196a42c3] depends on not successfully finished methods
	at org.testng.internal.TestInvoker.invokeTestMethods(TestInvoker.java:102)
	at org.testng.internal.TestMethodWorker.invokeTestMethods(TestMethodWorker.java:146)
	at org.testng.internal.TestMethodWorker.run(TestMethodWorker.java:128)
	at java.base/java.util.ArrayList.forEach(ArrayList.java:1511)
	at org.testng.TestRunner.privateRun(TestRunner.java:794)
	at org.testng.TestRunner.run(TestRunner.java:596)
	at org.testng.SuiteRunner.runTest(SuiteRunner.java:377)
	at org.testng.SuiteRunner.runSequentially(SuiteRunner.java:371)
	at org.testng.SuiteRunner.privateRun(SuiteRunner.java:332)
	at org.testng.SuiteRunner.run(SuiteRunner.java:276)
	at org.testng.SuiteRunnerWorker.runSuite(SuiteRunnerWorker.java:53)
	at org.testng.SuiteRunnerWorker.run(SuiteRunnerWorker.java:96)
	at org.testng.TestNG.runSuitesSequentially(TestNG.java:1212)
	at org.testng.TestNG.runSuitesLocally(TestNG.java:1134)
	at org.testng.TestNG.runSuites(TestNG.java:1063)
	at org.testng.TestNG.run(TestNG.java:1031)
	at org.testng.remote.AbstractRemoteTestNG.run(AbstractRemoteTestNG.java:115)
	at org.testng.remote.RemoteTestNG.initAndRun(RemoteTestNG.java:251)
	at org.testng.remote.RemoteTestNG.main(RemoteTestNG.java:77)
</pre></div></td>
<td>0</td>
<td>orders.Orders_Verify_ownbook_business_hire_With_Customer_Flow_Test@196a42c3</td></tr>
<tr>
<td title='orders.Orders_Verify_ownbook_business_hire_With_Customer_Flow_Test.T29_verify_completed_status_for_test()'><b>T29_verify_completed_status_for_test</b><br>Test class: orders.Orders_Verify_ownbook_business_hire_With_Customer_Flow_Test</td>
<td><div><pre>java.lang.Throwable: Method Orders_Verify_ownbook_business_hire_With_Customer_Flow_Test.T29_verify_completed_status_for_test()[pri:29, instance:orders.Orders_Verify_ownbook_business_hire_With_Customer_Flow_Test@196a42c3] depends on not successfully finished methods
	at java.base/java.util.ArrayList.forEach(ArrayList.java:1511)
... Removed 18 stack frames</pre></div><a href='#' onClick='toggleBox("stack-trace357073826", this, "Click to show all stack frames", "Click to hide stack frames")'>Click to show all stack frames</a>
<div class='stack-trace' id='stack-trace357073826'><pre>java.lang.Throwable: Method Orders_Verify_ownbook_business_hire_With_Customer_Flow_Test.T29_verify_completed_status_for_test()[pri:29, instance:orders.Orders_Verify_ownbook_business_hire_With_Customer_Flow_Test@196a42c3] depends on not successfully finished methods
	at org.testng.internal.TestInvoker.invokeTestMethods(TestInvoker.java:102)
	at org.testng.internal.TestMethodWorker.invokeTestMethods(TestMethodWorker.java:146)
	at org.testng.internal.TestMethodWorker.run(TestMethodWorker.java:128)
	at java.base/java.util.ArrayList.forEach(ArrayList.java:1511)
	at org.testng.TestRunner.privateRun(TestRunner.java:794)
	at org.testng.TestRunner.run(TestRunner.java:596)
	at org.testng.SuiteRunner.runTest(SuiteRunner.java:377)
	at org.testng.SuiteRunner.runSequentially(SuiteRunner.java:371)
	at org.testng.SuiteRunner.privateRun(SuiteRunner.java:332)
	at org.testng.SuiteRunner.run(SuiteRunner.java:276)
	at org.testng.SuiteRunnerWorker.runSuite(SuiteRunnerWorker.java:53)
	at org.testng.SuiteRunnerWorker.run(SuiteRunnerWorker.java:96)
	at org.testng.TestNG.runSuitesSequentially(TestNG.java:1212)
	at org.testng.TestNG.runSuitesLocally(TestNG.java:1134)
	at org.testng.TestNG.runSuites(TestNG.java:1063)
	at org.testng.TestNG.run(TestNG.java:1031)
	at org.testng.remote.AbstractRemoteTestNG.run(AbstractRemoteTestNG.java:115)
	at org.testng.remote.RemoteTestNG.initAndRun(RemoteTestNG.java:251)
	at org.testng.remote.RemoteTestNG.main(RemoteTestNG.java:77)
</pre></div></td>
<td>0</td>
<td>orders.Orders_Verify_ownbook_business_hire_With_Customer_Flow_Test@196a42c3</td></tr>
<tr>
<td title='orders.Orders_Verify_ownbook_business_hire_With_Customer_Flow_Test.T6_verify_that_monthly_payment_does_not_changes_if_a_added_funder_is_selected_in_the_asset_funding_tab_for_with_customer_flow_test()'><b>T6_verify_that_monthly_payment_does_not_changes_if_a_added_funder_is_selected_in_the_asset_funding_tab_for_with_customer_flow_test</b><br>Test class: orders.Orders_Verify_ownbook_business_hire_With_Customer_Flow_Test</td>
<td><div><pre>java.lang.Throwable: Method Orders_Verify_ownbook_business_hire_With_Customer_Flow_Test.T6_verify_that_monthly_payment_does_not_changes_if_a_added_funder_is_selected_in_the_asset_funding_tab_for_with_customer_flow_test(java.lang.String,java.lang.String,java.lang.String,java.lang.String,java.lang.String,java.lang.String,java.lang.String,java.lang.String,java.lang.String,java.lang.String,java.lang.String)[pri:6, instance:orders.Orders_Verify_ownbook_business_hire_With_Customer_Flow_Test@196a42c3] depends on not successfully finished methods
	at java.base/java.util.ArrayList.forEach(ArrayList.java:1511)
... Removed 18 stack frames</pre></div><a href='#' onClick='toggleBox("stack-trace677574665", this, "Click to show all stack frames", "Click to hide stack frames")'>Click to show all stack frames</a>
<div class='stack-trace' id='stack-trace677574665'><pre>java.lang.Throwable: Method Orders_Verify_ownbook_business_hire_With_Customer_Flow_Test.T6_verify_that_monthly_payment_does_not_changes_if_a_added_funder_is_selected_in_the_asset_funding_tab_for_with_customer_flow_test(java.lang.String,java.lang.String,java.lang.String,java.lang.String,java.lang.String,java.lang.String,java.lang.String,java.lang.String,java.lang.String,java.lang.String,java.lang.String)[pri:6, instance:orders.Orders_Verify_ownbook_business_hire_With_Customer_Flow_Test@196a42c3] depends on not successfully finished methods
	at org.testng.internal.TestInvoker.invokeTestMethods(TestInvoker.java:102)
	at org.testng.internal.TestMethodWorker.invokeTestMethods(TestMethodWorker.java:146)
	at org.testng.internal.TestMethodWorker.run(TestMethodWorker.java:128)
	at java.base/java.util.ArrayList.forEach(ArrayList.java:1511)
	at org.testng.TestRunner.privateRun(TestRunner.java:794)
	at org.testng.TestRunner.run(TestRunner.java:596)
	at org.testng.SuiteRunner.runTest(SuiteRunner.java:377)
	at org.testng.SuiteRunner.runSequentially(SuiteRunner.java:371)
	at org.testng.SuiteRunner.privateRun(SuiteRunner.java:332)
	at org.testng.SuiteRunner.run(SuiteRunner.java:276)
	at org.testng.SuiteRunnerWorker.runSuite(SuiteRunnerWorker.java:53)
	at org.testng.SuiteRunnerWorker.run(SuiteRunnerWorker.java:96)
	at org.testng.TestNG.runSuitesSequentially(TestNG.java:1212)
	at org.testng.TestNG.runSuitesLocally(TestNG.java:1134)
	at org.testng.TestNG.runSuites(TestNG.java:1063)
	at org.testng.TestNG.run(TestNG.java:1031)
	at org.testng.remote.AbstractRemoteTestNG.run(AbstractRemoteTestNG.java:115)
	at org.testng.remote.RemoteTestNG.initAndRun(RemoteTestNG.java:251)
	at org.testng.remote.RemoteTestNG.main(RemoteTestNG.java:77)
</pre></div></td>
<td>0</td>
<td>orders.Orders_Verify_ownbook_business_hire_With_Customer_Flow_Test@196a42c3</td></tr>
<tr>
<td title='orders.Orders_Verify_ownbook_business_hire_With_Customer_Flow_Test.T4_verify_that_editing_the_basic_cash_price_does_not_affect_the_monthly_payment_on_customer_contract_tab_test()'><b>T4_verify_that_editing_the_basic_cash_price_does_not_affect_the_monthly_payment_on_customer_contract_tab_test</b><br>Test class: orders.Orders_Verify_ownbook_business_hire_With_Customer_Flow_Test</td>
<td><div><pre>java.lang.Throwable: Method Orders_Verify_ownbook_business_hire_With_Customer_Flow_Test.T4_verify_that_editing_the_basic_cash_price_does_not_affect_the_monthly_payment_on_customer_contract_tab_test()[pri:4, instance:orders.Orders_Verify_ownbook_business_hire_With_Customer_Flow_Test@196a42c3] depends on not successfully finished methods
	at java.base/java.util.ArrayList.forEach(ArrayList.java:1511)
... Removed 18 stack frames</pre></div><a href='#' onClick='toggleBox("stack-trace1634757120", this, "Click to show all stack frames", "Click to hide stack frames")'>Click to show all stack frames</a>
<div class='stack-trace' id='stack-trace1634757120'><pre>java.lang.Throwable: Method Orders_Verify_ownbook_business_hire_With_Customer_Flow_Test.T4_verify_that_editing_the_basic_cash_price_does_not_affect_the_monthly_payment_on_customer_contract_tab_test()[pri:4, instance:orders.Orders_Verify_ownbook_business_hire_With_Customer_Flow_Test@196a42c3] depends on not successfully finished methods
	at org.testng.internal.TestInvoker.invokeTestMethods(TestInvoker.java:102)
	at org.testng.internal.TestMethodWorker.invokeTestMethods(TestMethodWorker.java:146)
	at org.testng.internal.TestMethodWorker.run(TestMethodWorker.java:128)
	at java.base/java.util.ArrayList.forEach(ArrayList.java:1511)
	at org.testng.TestRunner.privateRun(TestRunner.java:794)
	at org.testng.TestRunner.run(TestRunner.java:596)
	at org.testng.SuiteRunner.runTest(SuiteRunner.java:377)
	at org.testng.SuiteRunner.runSequentially(SuiteRunner.java:371)
	at org.testng.SuiteRunner.privateRun(SuiteRunner.java:332)
	at org.testng.SuiteRunner.run(SuiteRunner.java:276)
	at org.testng.SuiteRunnerWorker.runSuite(SuiteRunnerWorker.java:53)
	at org.testng.SuiteRunnerWorker.run(SuiteRunnerWorker.java:96)
	at org.testng.TestNG.runSuitesSequentially(TestNG.java:1212)
	at org.testng.TestNG.runSuitesLocally(TestNG.java:1134)
	at org.testng.TestNG.runSuites(TestNG.java:1063)
	at org.testng.TestNG.run(TestNG.java:1031)
	at org.testng.remote.AbstractRemoteTestNG.run(AbstractRemoteTestNG.java:115)
	at org.testng.remote.RemoteTestNG.initAndRun(RemoteTestNG.java:251)
	at org.testng.remote.RemoteTestNG.main(RemoteTestNG.java:77)
</pre></div></td>
<td>0</td>
<td>orders.Orders_Verify_ownbook_business_hire_With_Customer_Flow_Test@196a42c3</td></tr>
<tr>
<td title='orders.Orders_Verify_ownbook_business_hire_With_Customer_Flow_Test.T26_verify_delivery_status_after_uploading_delivery_note_in_post_delivery_section_on_vehicle_order_tab_test()'><b>T26_verify_delivery_status_after_uploading_delivery_note_in_post_delivery_section_on_vehicle_order_tab_test</b><br>Test class: orders.Orders_Verify_ownbook_business_hire_With_Customer_Flow_Test</td>
<td><div><pre>java.lang.Throwable: Method Orders_Verify_ownbook_business_hire_With_Customer_Flow_Test.T26_verify_delivery_status_after_uploading_delivery_note_in_post_delivery_section_on_vehicle_order_tab_test()[pri:26, instance:orders.Orders_Verify_ownbook_business_hire_With_Customer_Flow_Test@196a42c3] depends on not successfully finished methods
	at java.base/java.util.ArrayList.forEach(ArrayList.java:1511)
... Removed 18 stack frames</pre></div><a href='#' onClick='toggleBox("stack-trace1482597162", this, "Click to show all stack frames", "Click to hide stack frames")'>Click to show all stack frames</a>
<div class='stack-trace' id='stack-trace1482597162'><pre>java.lang.Throwable: Method Orders_Verify_ownbook_business_hire_With_Customer_Flow_Test.T26_verify_delivery_status_after_uploading_delivery_note_in_post_delivery_section_on_vehicle_order_tab_test()[pri:26, instance:orders.Orders_Verify_ownbook_business_hire_With_Customer_Flow_Test@196a42c3] depends on not successfully finished methods
	at org.testng.internal.TestInvoker.invokeTestMethods(TestInvoker.java:102)
	at org.testng.internal.TestMethodWorker.invokeTestMethods(TestMethodWorker.java:146)
	at org.testng.internal.TestMethodWorker.run(TestMethodWorker.java:128)
	at java.base/java.util.ArrayList.forEach(ArrayList.java:1511)
	at org.testng.TestRunner.privateRun(TestRunner.java:794)
	at org.testng.TestRunner.run(TestRunner.java:596)
	at org.testng.SuiteRunner.runTest(SuiteRunner.java:377)
	at org.testng.SuiteRunner.runSequentially(SuiteRunner.java:371)
	at org.testng.SuiteRunner.privateRun(SuiteRunner.java:332)
	at org.testng.SuiteRunner.run(SuiteRunner.java:276)
	at org.testng.SuiteRunnerWorker.runSuite(SuiteRunnerWorker.java:53)
	at org.testng.SuiteRunnerWorker.run(SuiteRunnerWorker.java:96)
	at org.testng.TestNG.runSuitesSequentially(TestNG.java:1212)
	at org.testng.TestNG.runSuitesLocally(TestNG.java:1134)
	at org.testng.TestNG.runSuites(TestNG.java:1063)
	at org.testng.TestNG.run(TestNG.java:1031)
	at org.testng.remote.AbstractRemoteTestNG.run(AbstractRemoteTestNG.java:115)
	at org.testng.remote.RemoteTestNG.initAndRun(RemoteTestNG.java:251)
	at org.testng.remote.RemoteTestNG.main(RemoteTestNG.java:77)
</pre></div></td>
<td>0</td>
<td>orders.Orders_Verify_ownbook_business_hire_With_Customer_Flow_Test@196a42c3</td></tr>
<tr>
<td title='orders.Orders_Verify_ownbook_business_hire_With_Customer_Flow_Test.T25_verify_delivery_status_after_selecting_confirmed_delivery_date_in_delivery_section_of_vehicle_tab_test()'><b>T25_verify_delivery_status_after_selecting_confirmed_delivery_date_in_delivery_section_of_vehicle_tab_test</b><br>Test class: orders.Orders_Verify_ownbook_business_hire_With_Customer_Flow_Test</td>
<td><div><pre>java.lang.Throwable: Method Orders_Verify_ownbook_business_hire_With_Customer_Flow_Test.T25_verify_delivery_status_after_selecting_confirmed_delivery_date_in_delivery_section_of_vehicle_tab_test()[pri:25, instance:orders.Orders_Verify_ownbook_business_hire_With_Customer_Flow_Test@196a42c3] depends on not successfully finished methods
	at java.base/java.util.ArrayList.forEach(ArrayList.java:1511)
... Removed 18 stack frames</pre></div><a href='#' onClick='toggleBox("stack-trace580428128", this, "Click to show all stack frames", "Click to hide stack frames")'>Click to show all stack frames</a>
<div class='stack-trace' id='stack-trace580428128'><pre>java.lang.Throwable: Method Orders_Verify_ownbook_business_hire_With_Customer_Flow_Test.T25_verify_delivery_status_after_selecting_confirmed_delivery_date_in_delivery_section_of_vehicle_tab_test()[pri:25, instance:orders.Orders_Verify_ownbook_business_hire_With_Customer_Flow_Test@196a42c3] depends on not successfully finished methods
	at org.testng.internal.TestInvoker.invokeTestMethods(TestInvoker.java:102)
	at org.testng.internal.TestMethodWorker.invokeTestMethods(TestMethodWorker.java:146)
	at org.testng.internal.TestMethodWorker.run(TestMethodWorker.java:128)
	at java.base/java.util.ArrayList.forEach(ArrayList.java:1511)
	at org.testng.TestRunner.privateRun(TestRunner.java:794)
	at org.testng.TestRunner.run(TestRunner.java:596)
	at org.testng.SuiteRunner.runTest(SuiteRunner.java:377)
	at org.testng.SuiteRunner.runSequentially(SuiteRunner.java:371)
	at org.testng.SuiteRunner.privateRun(SuiteRunner.java:332)
	at org.testng.SuiteRunner.run(SuiteRunner.java:276)
	at org.testng.SuiteRunnerWorker.runSuite(SuiteRunnerWorker.java:53)
	at org.testng.SuiteRunnerWorker.run(SuiteRunnerWorker.java:96)
	at org.testng.TestNG.runSuitesSequentially(TestNG.java:1212)
	at org.testng.TestNG.runSuitesLocally(TestNG.java:1134)
	at org.testng.TestNG.runSuites(TestNG.java:1063)
	at org.testng.TestNG.run(TestNG.java:1031)
	at org.testng.remote.AbstractRemoteTestNG.run(AbstractRemoteTestNG.java:115)
	at org.testng.remote.RemoteTestNG.initAndRun(RemoteTestNG.java:251)
	at org.testng.remote.RemoteTestNG.main(RemoteTestNG.java:77)
</pre></div></td>
<td>0</td>
<td>orders.Orders_Verify_ownbook_business_hire_With_Customer_Flow_Test@196a42c3</td></tr>
<tr>
<td title='orders.Orders_Verify_ownbook_business_hire_With_Customer_Flow_Test.T23_verify_delivery_section_gets_enabled_when_deliver_to_customer_toggle_button_is_made_off_test()'><b>T23_verify_delivery_section_gets_enabled_when_deliver_to_customer_toggle_button_is_made_off_test</b><br>Test class: orders.Orders_Verify_ownbook_business_hire_With_Customer_Flow_Test</td>
<td><div><pre>java.lang.Throwable: Method Orders_Verify_ownbook_business_hire_With_Customer_Flow_Test.T23_verify_delivery_section_gets_enabled_when_deliver_to_customer_toggle_button_is_made_off_test()[pri:23, instance:orders.Orders_Verify_ownbook_business_hire_With_Customer_Flow_Test@196a42c3] depends on not successfully finished methods
	at java.base/java.util.ArrayList.forEach(ArrayList.java:1511)
... Removed 18 stack frames</pre></div><a href='#' onClick='toggleBox("stack-trace600468659", this, "Click to show all stack frames", "Click to hide stack frames")'>Click to show all stack frames</a>
<div class='stack-trace' id='stack-trace600468659'><pre>java.lang.Throwable: Method Orders_Verify_ownbook_business_hire_With_Customer_Flow_Test.T23_verify_delivery_section_gets_enabled_when_deliver_to_customer_toggle_button_is_made_off_test()[pri:23, instance:orders.Orders_Verify_ownbook_business_hire_With_Customer_Flow_Test@196a42c3] depends on not successfully finished methods
	at org.testng.internal.TestInvoker.invokeTestMethods(TestInvoker.java:102)
	at org.testng.internal.TestMethodWorker.invokeTestMethods(TestMethodWorker.java:146)
	at org.testng.internal.TestMethodWorker.run(TestMethodWorker.java:128)
	at java.base/java.util.ArrayList.forEach(ArrayList.java:1511)
	at org.testng.TestRunner.privateRun(TestRunner.java:794)
	at org.testng.TestRunner.run(TestRunner.java:596)
	at org.testng.SuiteRunner.runTest(SuiteRunner.java:377)
	at org.testng.SuiteRunner.runSequentially(SuiteRunner.java:371)
	at org.testng.SuiteRunner.privateRun(SuiteRunner.java:332)
	at org.testng.SuiteRunner.run(SuiteRunner.java:276)
	at org.testng.SuiteRunnerWorker.runSuite(SuiteRunnerWorker.java:53)
	at org.testng.SuiteRunnerWorker.run(SuiteRunnerWorker.java:96)
	at org.testng.TestNG.runSuitesSequentially(TestNG.java:1212)
	at org.testng.TestNG.runSuitesLocally(TestNG.java:1134)
	at org.testng.TestNG.runSuites(TestNG.java:1063)
	at org.testng.TestNG.run(TestNG.java:1031)
	at org.testng.remote.AbstractRemoteTestNG.run(AbstractRemoteTestNG.java:115)
	at org.testng.remote.RemoteTestNG.initAndRun(RemoteTestNG.java:251)
	at org.testng.remote.RemoteTestNG.main(RemoteTestNG.java:77)
</pre></div></td>
<td>0</td>
<td>orders.Orders_Verify_ownbook_business_hire_With_Customer_Flow_Test@196a42c3</td></tr>
<tr>
<td title='orders.Orders_Verify_ownbook_business_hire_With_Customer_Flow_Test.T19_verify_delivery_status_after_selecting_confirmed_delivery_date_in_delivery_section_of_customer_contract_test()'><b>T19_verify_delivery_status_after_selecting_confirmed_delivery_date_in_delivery_section_of_customer_contract_test</b><br>Test class: orders.Orders_Verify_ownbook_business_hire_With_Customer_Flow_Test</td>
<td><div><pre>java.lang.Throwable: Method Orders_Verify_ownbook_business_hire_With_Customer_Flow_Test.T19_verify_delivery_status_after_selecting_confirmed_delivery_date_in_delivery_section_of_customer_contract_test()[pri:19, instance:orders.Orders_Verify_ownbook_business_hire_With_Customer_Flow_Test@196a42c3] depends on not successfully finished methods
	at java.base/java.util.ArrayList.forEach(ArrayList.java:1511)
... Removed 18 stack frames</pre></div><a href='#' onClick='toggleBox("stack-trace919709998", this, "Click to show all stack frames", "Click to hide stack frames")'>Click to show all stack frames</a>
<div class='stack-trace' id='stack-trace919709998'><pre>java.lang.Throwable: Method Orders_Verify_ownbook_business_hire_With_Customer_Flow_Test.T19_verify_delivery_status_after_selecting_confirmed_delivery_date_in_delivery_section_of_customer_contract_test()[pri:19, instance:orders.Orders_Verify_ownbook_business_hire_With_Customer_Flow_Test@196a42c3] depends on not successfully finished methods
	at org.testng.internal.TestInvoker.invokeTestMethods(TestInvoker.java:102)
	at org.testng.internal.TestMethodWorker.invokeTestMethods(TestMethodWorker.java:146)
	at org.testng.internal.TestMethodWorker.run(TestMethodWorker.java:128)
	at java.base/java.util.ArrayList.forEach(ArrayList.java:1511)
	at org.testng.TestRunner.privateRun(TestRunner.java:794)
	at org.testng.TestRunner.run(TestRunner.java:596)
	at org.testng.SuiteRunner.runTest(SuiteRunner.java:377)
	at org.testng.SuiteRunner.runSequentially(SuiteRunner.java:371)
	at org.testng.SuiteRunner.privateRun(SuiteRunner.java:332)
	at org.testng.SuiteRunner.run(SuiteRunner.java:276)
	at org.testng.SuiteRunnerWorker.runSuite(SuiteRunnerWorker.java:53)
	at org.testng.SuiteRunnerWorker.run(SuiteRunnerWorker.java:96)
	at org.testng.TestNG.runSuitesSequentially(TestNG.java:1212)
	at org.testng.TestNG.runSuitesLocally(TestNG.java:1134)
	at org.testng.TestNG.runSuites(TestNG.java:1063)
	at org.testng.TestNG.run(TestNG.java:1031)
	at org.testng.remote.AbstractRemoteTestNG.run(AbstractRemoteTestNG.java:115)
	at org.testng.remote.RemoteTestNG.initAndRun(RemoteTestNG.java:251)
	at org.testng.remote.RemoteTestNG.main(RemoteTestNG.java:77)
</pre></div></td>
<td>0</td>
<td>orders.Orders_Verify_ownbook_business_hire_With_Customer_Flow_Test@196a42c3</td></tr>
</table><p>
</body>
</html>