<?xml version="1.0" encoding="UTF-8"?>
<!-- Generated by org.testng.reporters.JUnitXMLReporter -->
<testsuite ignored="6" hostname="DSK-4052" failures="1" tests="51" name="Verify With Customer Flow For Ownbook Hire Funder" time="1389.857" errors="0" timestamp="2024-01-10T17:23:02 IST">
  <testcase classname="acquisition.Acquisition_Quotes_HPNR_BCH_used_car_with_funder_quote_addition_without_maintenance_for_with_customer_orders_Test" name="aquisition_quotes_used_car_OTR_calculation_with_maintenance_test" time="85.2"/>
  <testcase classname="acquisition.Acquisition_Quotes_HPNR_BCH_used_car_with_funder_quote_addition_without_maintenance_for_with_customer_orders_Test" name="aquisition_quotes_used_car_edit_cost_price_and_check_OTR_with_maintenance_test" time="0.001"/>
  <testcase classname="acquisition.Acquisition_Quotes_HPNR_BCH_used_car_with_funder_quote_addition_without_maintenance_for_with_customer_orders_Test" name="aquisition_quotes_holding_cost_calculations_without_maintenance_test" time="41.674"/>
  <testcase classname="acquisition.Acquisition_Quotes_HPNR_BCH_used_car_with_funder_quote_addition_without_maintenance_for_with_customer_orders_Test" name="aquisition_quotes_customer_quote_payment_profile_calculations_without_maintenance_test" time="101.187"/>
  <testcase classname="acquisition.Acquisition_Quotes_HPNR_BCH_used_car_with_funder_quote_addition_without_maintenance_for_with_customer_orders_Test" name="aquisition_quotes_quote_summary_values_verification_without_maintenance_test" time="135.486"/>
  <testcase classname="opportunity.LOU_used_car_ownbook_business_hire_funder_accept_with_changes_Test" name="L1_create_lead_convert_to_lead_for_ownbook_business_flow" time="187.501"/>
  <testcase classname="opportunity.LOU_used_car_ownbook_business_hire_funder_accept_with_changes_Test" name="L2_ownbook_business_current_status_before_sending_to_proposal" time="21.477"/>
  <testcase classname="opportunity.LOU_used_car_ownbook_business_hire_funder_accept_with_changes_Test" name="L3_verify_table_values_on_opportunity_page_before_sending_proposal" time="4.172"/>
  <testcase classname="opportunity.LOU_used_car_ownbook_business_hire_funder_accept_with_changes_Test" name="L4_fill_up_the_required_fields_for_sending_a_proposal" time="88.086"/>
  <testcase classname="opportunity.LOU_used_car_ownbook_business_hire_funder_accept_with_changes_Test" name="L5_ownbook_create_opportunity_business_current_status_after_sending_to_proposal" time="0.175"/>
  <testcase classname="opportunity.LOU_used_car_ownbook_business_hire_funder_accept_with_changes_Test" name="L6_ownbook_sending_contract" time="21.931"/>
  <testcase classname="opportunity.LOU_used_car_ownbook_business_hire_funder_accept_with_changes_Test" name="L7_verify_current_status_on_opportunity_page_after_sending_contract_for_ownbook_business_flow" time="5.19"/>
  <testcase classname="opportunity.LOU_used_car_ownbook_business_hire_funder_accept_with_changes_Test" name="L8_ownbook_signed_contract_status_with_api_call" time="27.688"/>
  <testcase classname="opportunity.LOU_used_car_ownbook_business_hire_funder_accept_with_changes_Test" name="UW1_verify_status_after_contract_signed" time="9.131"/>
  <testcase classname="opportunity.LOU_used_car_ownbook_business_hire_funder_accept_with_changes_Test" name="UW2_verify_underwriting_pop_up_summary_values_for_ownbook_business_flow" time="69.1"/>
  <testcase classname="opportunity.LOU_used_car_ownbook_business_hire_funder_accept_with_changes_Test" name="UW2_verify_status_after_sending_to_underwriting" time="2.104"/>
  <testcase classname="opportunity.LOU_used_car_ownbook_business_hire_funder_accept_with_changes_Test" name="UW3_verify_underwriting_lisitig_page" time="15.205"/>
  <testcase classname="opportunity.LOU_used_car_ownbook_business_hire_funder_accept_with_changes_Test" name="UW4_verify_values_on_underwriting_quote_tab_for_ownbook_business_flow" time="82.363"/>
  <testcase classname="opportunity.LOU_used_car_ownbook_business_hire_funder_accept_with_changes_Test" name="UW5_ownbook_underwriting_decision_accept_with_changes" time="43.36"/>
  <testcase classname="opportunity.LOU_used_car_ownbook_business_hire_funder_accept_with_changes_Test" name="UW6_verify_ownbook_opportunity_search_text_box_accept_with_changes" time="25.67"/>
  <testcase classname="opportunity.LOU_used_car_ownbook_business_hire_funder_accept_with_changes_Test" name="UW7_verify_ownbook_opportunity_accept_with_changes_underwriting_pop_up" time="119.854"/>
  <testcase classname="opportunity.LOU_used_car_ownbook_business_hire_funder_accept_with_changes_Test" name="UW8_verify_ownbook_opportunity_underwriting_accept_with_changes_cancel_flow_verification" time="7.22"/>
  <testcase classname="opportunity.LOU_used_car_ownbook_business_hire_funder_accept_with_changes_Test" name="UW9_verify_ownbook_opportunity_underwriting_accept_with_changes_underwriting_pop_up" time="9.782"/>
  <testcase classname="opportunity.LOU_used_car_ownbook_business_hire_funder_accept_with_changes_Test" name="UW10_ownbook_after_opportunity_underwriting_accept_with_changes_signed_contract_status_with_api_call" time="29.104"/>
  <testcase classname="opportunity.LOU_used_car_ownbook_business_hire_funder_accept_with_changes_Test" name="OP1_ownbook_after_Underwriting_accepted_mothlty_payment_price" time="5.401"/>
  <testcase classname="opportunity.Create_order_from_opportunity_Test" name="create_order_from_opportunity_test" time="64.357"/>
  <testcase classname="orders.Orders_Verify_ownbook_business_hire_funder_With_Customer_Flow_Test" name="T1_open_order_created_in_acquisition_test" time="91.475"/>
  <testcase classname="orders.Orders_Verify_ownbook_business_hire_funder_With_Customer_Flow_Test" name="T2_pre_order_pass_check_in_customer_contract_tab_test" time="28.137"/>
  <testcase classname="orders.Orders_Verify_ownbook_business_hire_funder_With_Customer_Flow_Test" name="T3_verify_that_editing_the_basic_cash_price_does_not_affect_the_monthly_payment_on_customer_contract_tab_test" time="13.751">
    <failure type="org.openqa.selenium.NoSuchElementException" message="no such element: Unable to locate element: {&amp;quot;method&amp;quot;:&amp;quot;xpath&amp;quot;,&amp;quot;selector&amp;quot;:&amp;quot;//*[normalize-space()=&amp;apos;Basic price&amp;apos;]//ancestor::div[1]//div//div//input&amp;quot;}
  (Session info: chrome=120.0.6099.216)
For documentation on this error, please visit: https://selenium.dev/exceptions/#no_such_element
Build info: version: &amp;apos;4.1.0&amp;apos;, revision: &amp;apos;87802e897b&amp;apos;
System info: host: &amp;apos;DSK-4052&amp;apos;, ip: &amp;apos;172.16.1.80&amp;apos;, os.name: &amp;apos;Windows 10&amp;apos;, os.arch: &amp;apos;amd64&amp;apos;, os.version: &amp;apos;10.0&amp;apos;, java.version: &amp;apos;19.0.1&amp;apos;
Driver info: org.openqa.selenium.chrome.ChromeDriver
Command: [6e9c2384bc1596416a35d2851a463d9f, findElement {using=xpath, value=//*[normalize-space()=&amp;apos;Basic price&amp;apos;]//ancestor::div[1]//div//div//input}]
Capabilities {acceptInsecureCerts: false, browserName: chrome, browserVersion: 120.0.6099.216, chrome: {chromedriverVersion: 119.0.6045.105 (38c72552c5e..., userDataDir: C:\Users\NITEIN~1.KUR\AppDa...}, fedcm:accounts: true, goog:chromeOptions: {debuggerAddress: localhost:63644}, javascriptEnabled: true, networkConnectionEnabled: false, pageLoadStrategy: normal, platform: WINDOWS, platformName: WINDOWS, proxy: Proxy(), se:cdp: ws://localhost:63644/devtoo..., se:cdpVersion: 120.0.6099.216, setWindowRect: true, strictFileInteractability: false, timeouts: {implicit: 0, pageLoad: 300000, script: 30000}, unhandledPromptBehavior: dismiss and notify, webauthn:extension:credBlob: true, webauthn:extension:largeBlob: true, webauthn:extension:minPinLength: true, webauthn:extension:prf: true, webauthn:virtualAuthenticators: true}
Session ID: 6e9c2384bc1596416a35d2851a463d9f">
      <![CDATA[org.openqa.selenium.NoSuchElementException: no such element: Unable to locate element: {"method":"xpath","selector":"//*[normalize-space()='Basic price']//ancestor::div[1]//div//div//input"}
  (Session info: chrome=120.0.6099.216)
For documentation on this error, please visit: https://selenium.dev/exceptions/#no_such_element
Build info: version: '4.1.0', revision: '87802e897b'
System info: host: 'DSK-4052', ip: '172.16.1.80', os.name: 'Windows 10', os.arch: 'amd64', os.version: '10.0', java.version: '19.0.1'
Driver info: org.openqa.selenium.chrome.ChromeDriver
Command: [6e9c2384bc1596416a35d2851a463d9f, findElement {using=xpath, value=//*[normalize-space()='Basic price']//ancestor::div[1]//div//div//input}]
Capabilities {acceptInsecureCerts: false, browserName: chrome, browserVersion: 120.0.6099.216, chrome: {chromedriverVersion: 119.0.6045.105 (38c72552c5e..., userDataDir: C:\Users\NITEIN~1.KUR\AppDa...}, fedcm:accounts: true, goog:chromeOptions: {debuggerAddress: localhost:63644}, javascriptEnabled: true, networkConnectionEnabled: false, pageLoadStrategy: normal, platform: WINDOWS, platformName: WINDOWS, proxy: Proxy(), se:cdp: ws://localhost:63644/devtoo..., se:cdpVersion: 120.0.6099.216, setWindowRect: true, strictFileInteractability: false, timeouts: {implicit: 0, pageLoad: 300000, script: 30000}, unhandledPromptBehavior: dismiss and notify, webauthn:extension:credBlob: true, webauthn:extension:largeBlob: true, webauthn:extension:minPinLength: true, webauthn:extension:prf: true, webauthn:virtualAuthenticators: true}
Session ID: 6e9c2384bc1596416a35d2851a463d9f
at org.openqa.selenium.remote.codec.w3c.W3CHttpResponseCodec.createException(W3CHttpResponseCodec.java:200)
at org.openqa.selenium.remote.codec.w3c.W3CHttpResponseCodec.decode(W3CHttpResponseCodec.java:133)
at org.openqa.selenium.remote.codec.w3c.W3CHttpResponseCodec.decode(W3CHttpResponseCodec.java:53)
at org.openqa.selenium.remote.HttpCommandExecutor.execute(HttpCommandExecutor.java:184)
at org.openqa.selenium.remote.service.DriverCommandExecutor.invokeExecute(DriverCommandExecutor.java:164)
at org.openqa.selenium.remote.service.DriverCommandExecutor.execute(DriverCommandExecutor.java:139)
at org.openqa.selenium.remote.RemoteWebDriver.execute(RemoteWebDriver.java:559)
at org.openqa.selenium.remote.ElementLocation$ElementFinder$2.findElement(ElementLocation.java:162)
at org.openqa.selenium.remote.ElementLocation.findElement(ElementLocation.java:60)
at org.openqa.selenium.remote.RemoteWebDriver.findElement(RemoteWebDriver.java:383)
at org.openqa.selenium.remote.RemoteWebDriver.findElement(RemoteWebDriver.java:375)
at org.openqa.selenium.support.pagefactory.DefaultElementLocator.findElement(DefaultElementLocator.java:70)
at org.openqa.selenium.support.pagefactory.internal.LocatingElementHandler.invoke(LocatingElementHandler.java:39)
at jdk.proxy2/jdk.proxy2.$Proxy22.sendKeys(Unknown Source)
at com.amt.pages.CustomerContractPage.verify_that_editing_the_basic_cash_price_does_not_affect_the_monthly_payment_on_customer_contract_tab(CustomerContractPage.java:918)
at orders.Orders_Verify_ownbook_business_hire_funder_With_Customer_Flow_Test.T3_verify_that_editing_the_basic_cash_price_does_not_affect_the_monthly_payment_on_customer_contract_tab_test(Orders_Verify_ownbook_business_hire_funder_With_Customer_Flow_Test.java:77)
at java.base/java.util.ArrayList.forEach(ArrayList.java:1511)
... Removed 28 stack frames]]>
    </failure>
  </testcase> <!-- T3_verify_that_editing_the_basic_cash_price_does_not_affect_the_monthly_payment_on_customer_contract_tab_test -->
  <testcase classname="orders.Orders_Verify_ownbook_business_hire_funder_With_Customer_Flow_Test" name="T4_verify_that_same_funder_with_same_term_and_mileage_can_not_be_added_for_with_customer_flow_test" time="0.0">
    <skipped/>
  </testcase> <!-- T4_verify_that_same_funder_with_same_term_and_mileage_can_not_be_added_for_with_customer_flow_test -->
  <testcase classname="orders.Orders_Verify_ownbook_business_hire_funder_With_Customer_Flow_Test" name="T5_verify_that_deselecting_the_selected_funder_does_not_affect_the_monthly_payment_on_customer_contract_tab_test" time="0.0">
    <skipped/>
  </testcase> <!-- T5_verify_that_deselecting_the_selected_funder_does_not_affect_the_monthly_payment_on_customer_contract_tab_test -->
  <testcase classname="orders.Orders_Verify_ownbook_business_hire_funder_With_Customer_Flow_Test" name="T6_verify_default_order_status_vehicle_tab_test" time="0.0">
    <skipped/>
  </testcase> <!-- T6_verify_default_order_status_vehicle_tab_test -->
  <testcase classname="orders.Orders_Verify_ownbook_business_hire_funder_With_Customer_Flow_Test" name="T7_verify_order_status_after_uploading_order_form_in_vehicle_tab_test" time="0.0">
    <skipped/>
  </testcase> <!-- T7_verify_order_status_after_uploading_order_form_in_vehicle_tab_test -->
  <testcase classname="orders.Orders_Verify_ownbook_business_hire_funder_With_Customer_Flow_Test" name="T8_verify_default_payment_status_on_vehicle_tab_test" time="0.0">
    <skipped/>
  </testcase> <!-- T8_verify_default_payment_status_on_vehicle_tab_test -->
  <testcase classname="orders.Orders_Verify_ownbook_business_hire_funder_With_Customer_Flow_Test" name="T9_verify_payment_status_after_selecting_payment_sent_date_on_vehicle_tab_test" time="0.0">
    <skipped/>
  </testcase> <!-- T9_verify_payment_status_after_selecting_payment_sent_date_on_vehicle_tab_test -->
  <testcase classname="orders.Orders_Verify_ownbook_business_hire_funder_With_Customer_Flow_Test" name="T10_verify_payment_status_should_be_reversed_to_payment_required_after_selecting_payment_by_AMT_on_vehicle_tab_test" time="0.001">
    <skipped/>
  </testcase> <!-- T10_verify_payment_status_should_be_reversed_to_payment_required_after_selecting_payment_by_AMT_on_vehicle_tab_test -->
  <testcase classname="orders.Orders_Verify_ownbook_business_hire_funder_With_Customer_Flow_Test" name="T11_verify_payment_status_after_selecting_payment_sent_date_for_amount_due_on_vehicle_tab_test" time="0.0">
    <skipped/>
  </testcase> <!-- T11_verify_payment_status_after_selecting_payment_sent_date_for_amount_due_on_vehicle_tab_test -->
  <testcase classname="orders.Orders_Verify_ownbook_business_hire_funder_With_Customer_Flow_Test" name="T12_verify_default_status_acceptance_conditions_for_ownbook_hire_flow" time="0.0">
    <skipped/>
  </testcase> <!-- T12_verify_default_status_acceptance_conditions_for_ownbook_hire_flow -->
  <testcase classname="orders.Orders_Verify_ownbook_business_hire_funder_With_Customer_Flow_Test" name="T13_verify_summary_section_values" time="0.0">
    <skipped/>
  </testcase> <!-- T13_verify_summary_section_values -->
  <testcase classname="orders.Orders_Verify_ownbook_business_hire_funder_With_Customer_Flow_Test" name="T14_verify_payment_default_status" time="0.0">
    <skipped/>
  </testcase> <!-- T14_verify_payment_default_status -->
  <testcase classname="orders.Orders_Verify_ownbook_business_hire_funder_With_Customer_Flow_Test" name="T15_make_payment_with_new_payment" time="0.0">
    <skipped/>
  </testcase> <!-- T15_make_payment_with_new_payment -->
  <testcase classname="orders.Orders_Verify_ownbook_business_hire_funder_With_Customer_Flow_Test" name="T16_verify_payment_status_after_making_a_payment_on_customer_contract_tab" time="0.0">
    <skipped/>
  </testcase> <!-- T16_verify_payment_status_after_making_a_payment_on_customer_contract_tab -->
  <testcase classname="orders.Orders_Verify_ownbook_business_hire_funder_With_Customer_Flow_Test" name="T17_verify_delivery_status_after_selecting_date_offered_in_delivery_section_of_customer_contract_tab_test" time="0.0">
    <skipped/>
  </testcase> <!-- T17_verify_delivery_status_after_selecting_date_offered_in_delivery_section_of_customer_contract_tab_test -->
  <testcase classname="orders.Orders_Verify_ownbook_business_hire_funder_With_Customer_Flow_Test" name="T18_verify_delivery_status_after_selecting_confirmed_delivery_date_in_delivery_section_of_customer_contract_test" time="0.0">
    <skipped/>
  </testcase> <!-- T18_verify_delivery_status_after_selecting_confirmed_delivery_date_in_delivery_section_of_customer_contract_test -->
  <testcase classname="orders.Orders_Verify_ownbook_business_hire_funder_With_Customer_Flow_Test" name="T19_verify_delivery_status_after_uploading_delivery_note_in_post_delivery_section_on_customer_contract_tab_test" time="0.0">
    <skipped/>
  </testcase> <!-- T19_verify_delivery_status_after_uploading_delivery_note_in_post_delivery_section_on_customer_contract_tab_test -->
  <testcase classname="orders.Orders_Verify_ownbook_business_hire_funder_With_Customer_Flow_Test" name="T20_verify_delivery_status_on_customer_contract_tab_and_vehicle_order_tab_are_same_when_deliver_to_customer_toggle_button_in_on_test" time="0.0">
    <skipped/>
  </testcase> <!-- T20_verify_delivery_status_on_customer_contract_tab_and_vehicle_order_tab_are_same_when_deliver_to_customer_toggle_button_in_on_test -->
  <testcase classname="orders.Orders_Verify_ownbook_business_hire_funder_With_Customer_Flow_Test" name="T21_verify_payout_pack_statuses_on_customer_contract_tab_test" time="0.0">
    <skipped/>
  </testcase> <!-- T21_verify_payout_pack_statuses_on_customer_contract_tab_test -->
  <testcase classname="orders.Orders_Verify_ownbook_business_hire_funder_With_Customer_Flow_Test" name="T22_verify_delivery_section_gets_enabled_when_deliver_to_customer_toggle_button_is_made_off_test" time="0.0">
    <skipped/>
  </testcase> <!-- T22_verify_delivery_section_gets_enabled_when_deliver_to_customer_toggle_button_is_made_off_test -->
  <testcase classname="orders.Orders_Verify_ownbook_business_hire_funder_With_Customer_Flow_Test" name="T23_verify_delivery_status_after_selecting_date_offered_in_delivery_section_of_vehicle_order_tab_test" time="0.0">
    <skipped/>
  </testcase> <!-- T23_verify_delivery_status_after_selecting_date_offered_in_delivery_section_of_vehicle_order_tab_test -->
  <testcase classname="orders.Orders_Verify_ownbook_business_hire_funder_With_Customer_Flow_Test" name="T24_verify_delivery_status_after_selecting_confirmed_delivery_date_in_delivery_section_of_vehicle_tab_test" time="0.0">
    <skipped/>
  </testcase> <!-- T24_verify_delivery_status_after_selecting_confirmed_delivery_date_in_delivery_section_of_vehicle_tab_test -->
  <testcase classname="orders.Orders_Verify_ownbook_business_hire_funder_With_Customer_Flow_Test" name="T25_verify_delivery_status_after_uploading_delivery_note_in_post_delivery_section_on_vehicle_order_tab_test" time="0.0">
    <skipped/>
  </testcase> <!-- T25_verify_delivery_status_after_uploading_delivery_note_in_post_delivery_section_on_vehicle_order_tab_test -->
  <testcase classname="com.amt.testBase.TestBase" name="@AfterSuite end" time="0.0">
    <ignored/>
  </testcase> <!-- @AfterSuite end -->
  <testcase classname="com.amt.testBase.TestBase" name="@AfterSuite end" time="0.0">
    <ignored/>
  </testcase> <!-- @AfterSuite end -->
  <testcase classname="com.amt.testBase.TestBase" name="@AfterSuite end" time="0.0">
    <ignored/>
  </testcase> <!-- @AfterSuite end -->
  <testcase classname="com.amt.testBase.TestBase" name="@BeforeTest start_info" time="0.0">
    <ignored/>
  </testcase> <!-- @BeforeTest start_info -->
  <testcase classname="com.amt.testBase.TestBase" name="@BeforeTest start_info" time="0.0">
    <ignored/>
  </testcase> <!-- @BeforeTest start_info -->
  <testcase classname="com.amt.testBase.TestBase" name="@BeforeTest start_info" time="0.0">
    <ignored/>
  </testcase> <!-- @BeforeTest start_info -->
</testsuite> <!-- Verify With Customer Flow For Ownbook Hire Funder -->
