<!DOCTYPE html PUBLIC "-//W3C//DTD XHTML 1.1//EN" "https://www.w3.org/TR/xhtml11/DTD/xhtml11.dtd">
<html xmlns="https://www.w3.org/1999/xhtml">
<head>
<meta http-equiv="content-type" content="text/html; charset=UTF-8"/>
<title>TestNG Report</title>
<style type="text/css">table {margin-bottom:10px;border-collapse:collapse;empty-cells:show}th,td {border:1px solid #009;padding:.25em .5em}th {vertical-align:bottom}td {vertical-align:top}table a {font-weight:bold}.stripe td {background-color: #E6EBF9}.num {text-align:right}.passedodd td {background-color: #3F3}.passedeven td {background-color: #0A0}.skippedodd td {background-color: #DDD}.skippedeven td {background-color: #CCC}.failedodd td,.attn {background-color: #F33}.failedeven td,.stripe .attn {background-color: #D00}.stacktrace {white-space:pre;font-family:monospace}.totop {font-size:85%;text-align:center;border-bottom:2px solid #000}.invisible {display:none}</style>
</head>
<body>
<table>
<tr><th>Test</th><th># Passed</th><th># Skipped</th><th># Retried</th><th># Failed</th><th>Time (ms)</th><th>Included Groups</th><th>Excluded Groups</th></tr>
<tr><th colspan="8">Default suite</th></tr>
<tr><td><a href="#t0">Default test</a></td><td class="num">6</td><td class="num">0</td><td class="num">0</td><td class="num attn">2</td><td class="num">166,662</td><td></td><td></td></tr>
</table>
<table id='summary'><thead><tr><th>Class</th><th>Method</th><th>Start</th><th>Time (ms)</th></tr></thead><tbody><tr><th colspan="4">Default suite</th></tr></tbody><tbody id="t0"><tr><th colspan="4">Default test &#8212; failed</th></tr><tr class="failedeven"><td rowspan="2">orders.Orders_Asset_Funding_Required_Flow_FL_BCH_with_funder_with_maintenance_Test</td><td><a href="#m0">verify_document_is_uploaded_in_funder_test</a></td><td rowspan="1">1697797977428</td><td rowspan="1">43757</td></tr><tr class="failedeven"><td><a href="#m1">verify_funder_is_deselected_after_selecting_the_other_matrix_cell_test</a></td><td rowspan="1">1697797963521</td><td rowspan="1">13734</td></tr><tr><th colspan="4">Default test &#8212; passed</th></tr><tr class="passedeven"><td rowspan="6">orders.Orders_Asset_Funding_Required_Flow_FL_BCH_with_funder_with_maintenance_Test</td><td><a href="#m2">open_order_created_in_acquisition_test</a></td><td rowspan="1">1697797865751</td><td rowspan="1">57499</td></tr><tr class="passedeven"><td><a href="#m3">verify_default_funder_is_not_deleted_test</a></td><td rowspan="1">1697797934789</td><td rowspan="1">2156</td></tr><tr class="passedeven"><td><a href="#m4">verify_default_status_required_flow_test</a></td><td rowspan="1">1697797923253</td><td rowspan="1">11534</td></tr><tr class="passedeven"><td><a href="#m5">verify_holding_cost_after_deselecting_funder_test</a></td><td rowspan="1">1697797937203</td><td rowspan="1">18959</td></tr><tr class="passedeven"><td><a href="#m6">verify_holding_cost_without_maintenance_based_on_ownbook_calculation_test</a></td><td rowspan="1">1697797956163</td><td rowspan="1">7357</td></tr><tr class="passedeven"><td><a href="#m7">verify_selected_funder_can_not_be_edited_test</a></td><td rowspan="1">1697797936946</td><td rowspan="1">256</td></tr></tbody>
</table>
<h2>Default test</h2><h3 id="m0">orders.Orders_Asset_Funding_Required_Flow_FL_BCH_with_funder_with_maintenance_Test#verify_document_is_uploaded_in_funder_test</h3><table class="result"><tr><th>Messages</th></tr><tr><td><div class="messages"><b></b> <br /><br/><b>Trying to upload doc in funder</b> <br /><br/><b>Warning : Document in funder is not uploaded</b> <br /><br/><br>----------Screenshot---------<br><br/><img src="D:\Orders_Vehicles\AMT_Orders_Vehicles\target\surefire-reports\html\failure_screenshots\verify_document_is_uploaded_in_funder_test_20_10_2023_04_03_41.png" height="800" width="1000"></div></td></tr><tr><th>Exception</th></tr><tr><td><div class="stacktrace">java.lang.AssertionError: expected [true] but found [false]
	at org.testng.Assert.fail(Assert.java:99)
	at org.testng.Assert.failNotEquals(Assert.java:1037)
	at org.testng.Assert.assertTrue(Assert.java:45)
	at org.testng.Assert.assertTrue(Assert.java:55)
	at orders.Orders_Asset_Funding_Required_Flow_FL_BCH_with_funder_with_maintenance_Test.verify_document_is_uploaded_in_funder_test(Orders_Asset_Funding_Required_Flow_FL_BCH_with_funder_with_maintenance_Test.java:118)
	at java.base/jdk.internal.reflect.DirectMethodHandleAccessor.invoke(DirectMethodHandleAccessor.java:104)
	at java.base/java.lang.reflect.Method.invoke(Method.java:578)
	at org.testng.internal.MethodInvocationHelper.invokeMethod(MethodInvocationHelper.java:133)
	at org.testng.internal.TestInvoker.invokeMethod(TestInvoker.java:598)
	at org.testng.internal.TestInvoker.invokeTestMethod(TestInvoker.java:173)
	at org.testng.internal.MethodRunner.runInSequence(MethodRunner.java:46)
	at org.testng.internal.TestInvoker$MethodInvocationAgent.invoke(TestInvoker.java:824)
	at org.testng.internal.TestInvoker.invokeTestMethods(TestInvoker.java:146)
	at org.testng.internal.TestMethodWorker.invokeTestMethods(TestMethodWorker.java:146)
	at org.testng.internal.TestMethodWorker.run(TestMethodWorker.java:128)
	at java.base/java.util.ArrayList.forEach(ArrayList.java:1511)
	at org.testng.TestRunner.privateRun(TestRunner.java:794)
	at org.testng.TestRunner.run(TestRunner.java:596)
	at org.testng.SuiteRunner.runTest(SuiteRunner.java:377)
	at org.testng.SuiteRunner.runSequentially(SuiteRunner.java:371)
	at org.testng.SuiteRunner.privateRun(SuiteRunner.java:332)
	at org.testng.SuiteRunner.run(SuiteRunner.java:276)
	at org.testng.SuiteRunnerWorker.runSuite(SuiteRunnerWorker.java:53)
	at org.testng.SuiteRunnerWorker.run(SuiteRunnerWorker.java:96)
	at org.testng.TestNG.runSuitesSequentially(TestNG.java:1212)
	at org.testng.TestNG.runSuitesLocally(TestNG.java:1134)
	at org.testng.TestNG.runSuites(TestNG.java:1063)
	at org.testng.TestNG.run(TestNG.java:1031)
	at org.testng.remote.AbstractRemoteTestNG.run(AbstractRemoteTestNG.java:115)
	at org.testng.remote.RemoteTestNG.initAndRun(RemoteTestNG.java:251)
	at org.testng.remote.RemoteTestNG.main(RemoteTestNG.java:77)
</div></td></tr></table><p class="totop"><a href="#summary">back to summary</a></p>
<h3 id="m1">orders.Orders_Asset_Funding_Required_Flow_FL_BCH_with_funder_with_maintenance_Test#verify_funder_is_deselected_after_selecting_the_other_matrix_cell_test</h3><table class="result"><tr><th>Messages</th></tr><tr><td><div class="messages"><b></b> <br /><br/><b>Selecting the funder</b> <br /><br/><b>Selecting the other cell from Holding cost matrix</b> <br /><br/><b>Now verifying that the funder is de-selected</b> <br /><br/><b>Verified that the funder is de-selected after selecting ownbook matrix other cell --Found OK</b> <br /><br/><br>----------Screenshot---------<br><br/><img src="D:\Orders_Vehicles\AMT_Orders_Vehicles\target\surefire-reports\html\failure_screenshots\verify_funder_is_deselected_after_selecting_the_other_matrix_cell_test_20_10_2023_04_02_57.png" height="800" width="1000"></div></td></tr><tr><th>Exception</th></tr><tr><td><div class="stacktrace">org.openqa.selenium.NoSuchElementException: no such element: No node with given id found
  (Session info: chrome=118.0.5993.72)
For documentation on this error, please visit: https://selenium.dev/exceptions/#no_such_element
Build info: version: &apos;4.1.0&apos;, revision: &apos;87802e897b&apos;
System info: host: &apos;DSK-4052&apos;, ip: &apos;172.16.1.80&apos;, os.name: &apos;Windows 10&apos;, os.arch: &apos;amd64&apos;, os.version: &apos;10.0&apos;, java.version: &apos;19.0.1&apos;
Driver info: org.openqa.selenium.chrome.ChromeDriver
Command: [52fdce7bb39c66bd87dcf9fb5799ec90, getElementAttribute {id=85D5DCB0B2E7A88C49CD2F35DE60139D_element_1003, name=class}]
Capabilities {acceptInsecureCerts: false, browserName: chrome, browserVersion: 118.0.5993.72, chrome: {chromedriverVersion: 118.0.5993.70 (e52f33f30b91..., userDataDir: C:\Users\NITEIN~1.KUR\AppDa...}, fedcm:accounts: true, goog:chromeOptions: {debuggerAddress: localhost:63219}, javascriptEnabled: true, networkConnectionEnabled: false, pageLoadStrategy: normal, platform: WINDOWS, platformName: WINDOWS, proxy: Proxy(), se:cdp: ws://localhost:63219/devtoo..., se:cdpVersion: 118.0.5993.72, setWindowRect: true, strictFileInteractability: false, timeouts: {implicit: 0, pageLoad: 300000, script: 30000}, unhandledPromptBehavior: dismiss and notify, webauthn:extension:credBlob: true, webauthn:extension:largeBlob: true, webauthn:extension:minPinLength: true, webauthn:extension:prf: true, webauthn:virtualAuthenticators: true}
Element: [[ChromeDriver: chrome on WINDOWS (52fdce7bb39c66bd87dcf9fb5799ec90)] -&gt; xpath: //*[contains(@class, &apos;rTableCell&apos;)]]
Session ID: 52fdce7bb39c66bd87dcf9fb5799ec90
	at java.base/jdk.internal.reflect.DirectConstructorHandleAccessor.newInstance(DirectConstructorHandleAccessor.java:67)
	at java.base/java.lang.reflect.Constructor.newInstanceWithCaller(Constructor.java:500)
	at java.base/java.lang.reflect.Constructor.newInstance(Constructor.java:484)
	at org.openqa.selenium.remote.codec.w3c.W3CHttpResponseCodec.createException(W3CHttpResponseCodec.java:200)
	at org.openqa.selenium.remote.codec.w3c.W3CHttpResponseCodec.decode(W3CHttpResponseCodec.java:133)
	at org.openqa.selenium.remote.codec.w3c.W3CHttpResponseCodec.decode(W3CHttpResponseCodec.java:53)
	at org.openqa.selenium.remote.HttpCommandExecutor.execute(HttpCommandExecutor.java:184)
	at org.openqa.selenium.remote.service.DriverCommandExecutor.invokeExecute(DriverCommandExecutor.java:164)
	at org.openqa.selenium.remote.service.DriverCommandExecutor.execute(DriverCommandExecutor.java:139)
	at org.openqa.selenium.remote.RemoteWebDriver.execute(RemoteWebDriver.java:559)
	at org.openqa.selenium.remote.RemoteWebElement.execute(RemoteWebElement.java:251)
	at org.openqa.selenium.remote.RemoteWebElement.getAttribute(RemoteWebElement.java:152)
	at com.amt.pages.AssetFundingPage.verify_funder_is_deselected_after_selecting_the_other_matrix_cell(AssetFundingPage.java:1919)
	at orders.Orders_Asset_Funding_Required_Flow_FL_BCH_with_funder_with_maintenance_Test.verify_funder_is_deselected_after_selecting_the_other_matrix_cell_test(Orders_Asset_Funding_Required_Flow_FL_BCH_with_funder_with_maintenance_Test.java:104)
	at java.base/jdk.internal.reflect.DirectMethodHandleAccessor.invoke(DirectMethodHandleAccessor.java:104)
	at java.base/java.lang.reflect.Method.invoke(Method.java:578)
	at org.testng.internal.MethodInvocationHelper.invokeMethod(MethodInvocationHelper.java:133)
	at org.testng.internal.TestInvoker.invokeMethod(TestInvoker.java:598)
	at org.testng.internal.TestInvoker.invokeTestMethod(TestInvoker.java:173)
	at org.testng.internal.MethodRunner.runInSequence(MethodRunner.java:46)
	at org.testng.internal.TestInvoker$MethodInvocationAgent.invoke(TestInvoker.java:824)
	at org.testng.internal.TestInvoker.invokeTestMethods(TestInvoker.java:146)
	at org.testng.internal.TestMethodWorker.invokeTestMethods(TestMethodWorker.java:146)
	at org.testng.internal.TestMethodWorker.run(TestMethodWorker.java:128)
	at java.base/java.util.ArrayList.forEach(ArrayList.java:1511)
	at org.testng.TestRunner.privateRun(TestRunner.java:794)
	at org.testng.TestRunner.run(TestRunner.java:596)
	at org.testng.SuiteRunner.runTest(SuiteRunner.java:377)
	at org.testng.SuiteRunner.runSequentially(SuiteRunner.java:371)
	at org.testng.SuiteRunner.privateRun(SuiteRunner.java:332)
	at org.testng.SuiteRunner.run(SuiteRunner.java:276)
	at org.testng.SuiteRunnerWorker.runSuite(SuiteRunnerWorker.java:53)
	at org.testng.SuiteRunnerWorker.run(SuiteRunnerWorker.java:96)
	at org.testng.TestNG.runSuitesSequentially(TestNG.java:1212)
	at org.testng.TestNG.runSuitesLocally(TestNG.java:1134)
	at org.testng.TestNG.runSuites(TestNG.java:1063)
	at org.testng.TestNG.run(TestNG.java:1031)
	at org.testng.remote.AbstractRemoteTestNG.run(AbstractRemoteTestNG.java:115)
	at org.testng.remote.RemoteTestNG.initAndRun(RemoteTestNG.java:251)
	at org.testng.remote.RemoteTestNG.main(RemoteTestNG.java:77)
</div></td></tr></table><p class="totop"><a href="#summary">back to summary</a></p>
<h3 id="m2">orders.Orders_Asset_Funding_Required_Flow_FL_BCH_with_funder_with_maintenance_Test#open_order_created_in_acquisition_test</h3><table class="result"><tr><th>Messages</th></tr><tr><td><div class="messages"><b>Searching for Order ID OD-95584</b> <br /></div></td></tr></table><p class="totop"><a href="#summary">back to summary</a></p>
<h3 id="m3">orders.Orders_Asset_Funding_Required_Flow_FL_BCH_with_funder_with_maintenance_Test#verify_default_funder_is_not_deleted_test</h3><table class="result"><tr><th>Messages</th></tr><tr><td><div class="messages"><b></b> <br /><br/><b>Trying to delete funder</b> <br /><br/><b>Default funder can not be deleted as Delete button for selected funder is not enabled</b> <br /></div></td></tr></table><p class="totop"><a href="#summary">back to summary</a></p>
<h3 id="m4">orders.Orders_Asset_Funding_Required_Flow_FL_BCH_with_funder_with_maintenance_Test#verify_default_status_required_flow_test</h3><table class="result"><tr><th>Messages</th></tr><tr><td><div class="messages"><b></b> <br /><br/><b>Started verifying Default Status for BCH required flow</b> <br /><br/><b>Default Status for BCH required flow Found OK i.e Quote Accepted because Funder is already added from acquisition quote</b> <br /></div></td></tr></table><p class="totop"><a href="#summary">back to summary</a></p>
<h3 id="m5">orders.Orders_Asset_Funding_Required_Flow_FL_BCH_with_funder_with_maintenance_Test#verify_holding_cost_after_deselecting_funder_test</h3><table class="result"><tr><th>Messages</th></tr><tr><td><div class="messages"><b></b> <br /><br/><b>De-selecting funder</b> <br /><br/><b>Now verifying the holding cost based on ownbook after de-selecting funder</b> <br /><br/><b>Actual Holding cost based on ownbook after de-selecting funder is 929.36</b> <br /><br/><b>Expected Holding cost based on ownbook after de-selecting funder is 929.36</b> <br /><br/><b>Holding cost based on ownbook after de-selecting funder found OK</b> <br /></div></td></tr></table><p class="totop"><a href="#summary">back to summary</a></p>
<h3 id="m6">orders.Orders_Asset_Funding_Required_Flow_FL_BCH_with_funder_with_maintenance_Test#verify_holding_cost_without_maintenance_based_on_ownbook_calculation_test</h3><table class="result"><tr><th>Messages</th></tr><tr><td><div class="messages"><b></b> <br /><br/><b>Making Cap Maint toggle button off and verifying Holding Cost</b> <br /><br/><b>Now verifying the holding cost based on ownbook</b> <br /><br/><b>Actual Holding cost based on ownbook is 900.75</b> <br /><br/><b>Expected Holding cost based on ownbook 900.75</b> <br /><br/><b>Holding cost based on ownbook found OK</b> <br /></div></td></tr></table><p class="totop"><a href="#summary">back to summary</a></p>
<h3 id="m7">orders.Orders_Asset_Funding_Required_Flow_FL_BCH_with_funder_with_maintenance_Test#verify_selected_funder_can_not_be_edited_test</h3><table class="result"><tr><th>Messages</th></tr><tr><td><div class="messages"><b></b> <br /><br/><b>Trying to edit the selected funder</b> <br /><br/><b>Double Clicked on selected funder and we got warning message : A selected funder cannot be edited. Please remove funder selection before editing</b> <br /><br/><b>Selected funder can not be edited</b> <br /></div></td></tr></table><p class="totop"><a href="#summary">back to summary</a></p>
</body>
</html>
