<?xml version="1.0" encoding="UTF-8"?>
<!-- Generated by org.testng.reporters.JUnitReportReporter -->
<testsuite hostname="DSK-4052" failures="1" tests="10" name="orders.Orders_Asset_Funding_Required_Flow_HPNR_Verify_Vehicle_Order_Tab_Statuses_Test" time="143.869" errors="0" timestamp="2023-11-02T20:02:03 IST" skipped="5">
  <testcase classname="orders.Orders_Asset_Funding_Required_Flow_HPNR_Verify_Vehicle_Order_Tab_Statuses_Test" name="open_order_created_in_acquisition_test" time="78.131"/>
  <system-out>
    <![CDATA[<b></b> <br />
<b>Searching for Order ID FQ-41559</b> <br />]]>
  </system-out>
  <testcase classname="orders.Orders_Asset_Funding_Required_Flow_HPNR_Verify_Vehicle_Order_Tab_Statuses_Test" name="verify_default_order_status_vehicle_tab_test" time="6.404"/>
  <system-out>
    <![CDATA[<b>Order -- Default Status - Found OK i.e Order Pending </b> <br />]]>
  </system-out>
  <testcase classname="orders.Orders_Asset_Funding_Required_Flow_HPNR_Verify_Vehicle_Order_Tab_Statuses_Test" name="verify_order_status_after_uploading_order_form_in_vehicle_tab_test" time="21.131"/>
  <system-out>
    <![CDATA[<b>File is Uploaded Successfully</b> <br />
<b>Order Status after uploading order form - Found OK i.e Order Confirmed </b> <br />]]>
  </system-out>
  <testcase classname="orders.Orders_Asset_Funding_Required_Flow_HPNR_Verify_Vehicle_Order_Tab_Statuses_Test" name="verify_default_payment_status_on_vehicle_tab_test" time="2.697"/>
  <system-out>
    <![CDATA[<b></b> <br />
<b>Clicking on PAYMENTS TO DEALER</b> <br />
<b>Payments to dealer -- Default Status - Found OK i.e Payment Required</b> <br />]]>
  </system-out>
  <testcase classname="orders.Orders_Asset_Funding_Required_Flow_HPNR_Verify_Vehicle_Order_Tab_Statuses_Test" name="verify_payment_status_after_selecting_payment_sent_date_on_vehicle_tab_test" time="35.506">
    <failure message="expected [true] but found [false]" type="java.lang.AssertionError">
      <![CDATA[java.lang.AssertionError: expected [true] but found [false]
at org.testng.Assert.fail(Assert.java:99)
at org.testng.Assert.failNotEquals(Assert.java:1037)
at org.testng.Assert.assertTrue(Assert.java:45)
at org.testng.Assert.assertTrue(Assert.java:55)
at orders.Orders_Asset_Funding_Required_Flow_HPNR_Verify_Vehicle_Order_Tab_Statuses_Test.verify_payment_status_after_selecting_payment_sent_date_on_vehicle_tab_test(Orders_Asset_Funding_Required_Flow_HPNR_Verify_Vehicle_Order_Tab_Statuses_Test.java:105)
at java.base/jdk.internal.reflect.DirectMethodHandleAccessor.invoke(DirectMethodHandleAccessor.java:104)
at java.base/java.lang.reflect.Method.invoke(Method.java:578)
at org.testng.internal.MethodInvocationHelper.invokeMethod(MethodInvocationHelper.java:133)
at org.testng.internal.TestInvoker.invokeMethod(TestInvoker.java:598)
at org.testng.internal.TestInvoker.invokeTestMethod(TestInvoker.java:173)
at org.testng.internal.MethodRunner.runInSequence(MethodRunner.java:46)
at org.testng.internal.TestInvoker$MethodInvocationAgent.invoke(TestInvoker.java:824)
at org.testng.internal.TestInvoker.invokeTestMethods(TestInvoker.java:146)
at org.testng.internal.TestMethodWorker.invokeTestMethods(TestMethodWorker.java:146)
at org.testng.internal.TestMethodWorker.run(TestMethodWorker.java:128)
at java.base/java.util.ArrayList.forEach(ArrayList.java:1511)
at org.testng.TestRunner.privateRun(TestRunner.java:794)
at org.testng.TestRunner.run(TestRunner.java:596)
at org.testng.SuiteRunner.runTest(SuiteRunner.java:377)
at org.testng.SuiteRunner.runSequentially(SuiteRunner.java:371)
at org.testng.SuiteRunner.privateRun(SuiteRunner.java:332)
at org.testng.SuiteRunner.run(SuiteRunner.java:276)
at org.testng.SuiteRunnerWorker.runSuite(SuiteRunnerWorker.java:53)
at org.testng.SuiteRunnerWorker.run(SuiteRunnerWorker.java:96)
at org.testng.TestNG.runSuitesSequentially(TestNG.java:1212)
at org.testng.TestNG.runSuitesLocally(TestNG.java:1134)
at org.testng.TestNG.runSuites(TestNG.java:1063)
at org.testng.TestNG.run(TestNG.java:1031)
at org.testng.remote.AbstractRemoteTestNG.run(AbstractRemoteTestNG.java:115)
at org.testng.remote.RemoteTestNG.initAndRun(RemoteTestNG.java:251)
at org.testng.remote.RemoteTestNG.main(RemoteTestNG.java:77)
]]>
    </failure>
  </testcase> <!-- verify_payment_status_after_selecting_payment_sent_date_on_vehicle_tab_test -->
  <system-out>
    <![CDATA[<b>Payments to Supplier Status after selecting payment sent date - Found Wrong</b> <br />
<br>----------Screenshot---------<br>
<img src="D:\Orders_Vehicles\AMT_Orders_Vehicles\target\surefire-reports\html\failure_screenshots\verify_payment_status_after_selecting_payment_sent_date_on_vehicle_tab_test_02_11_2023_08_02_03.png" height="800" width="1000">]]>
  </system-out>
  <testcase classname="orders.Orders_Asset_Funding_Required_Flow_HPNR_Verify_Vehicle_Order_Tab_Statuses_Test" name="verify_payment_status_should_be_reversed_to_payment_required_after_selecting_payment_by_AMT_on_vehicle_tab_test" time="0.000">
    <skipped/>
  </testcase> <!-- verify_payment_status_should_be_reversed_to_payment_required_after_selecting_payment_by_AMT_on_vehicle_tab_test -->
  <system-out/>
  <testcase classname="orders.Orders_Asset_Funding_Required_Flow_HPNR_Verify_Vehicle_Order_Tab_Statuses_Test" name="verify_payment_status_after_selecting_payment_sent_date_for_amount_due_on_vehicle_tab_test" time="0.000">
    <skipped/>
  </testcase> <!-- verify_payment_status_after_selecting_payment_sent_date_for_amount_due_on_vehicle_tab_test -->
  <system-out/>
  <testcase classname="orders.Orders_Asset_Funding_Required_Flow_HPNR_Verify_Vehicle_Order_Tab_Statuses_Test" name="verify_delivery_status_after_selecting_date_offered_in_delivery_section_of_vehicle_tab_test" time="0.000">
    <skipped/>
  </testcase> <!-- verify_delivery_status_after_selecting_date_offered_in_delivery_section_of_vehicle_tab_test -->
  <system-out/>
  <testcase classname="orders.Orders_Asset_Funding_Required_Flow_HPNR_Verify_Vehicle_Order_Tab_Statuses_Test" name="verify_delivery_status_after_selecting_confirmed_delivery_date_in_delivery_section_of_vehicle_tab_test" time="0.000">
    <skipped/>
  </testcase> <!-- verify_delivery_status_after_selecting_confirmed_delivery_date_in_delivery_section_of_vehicle_tab_test -->
  <system-out/>
  <testcase classname="orders.Orders_Asset_Funding_Required_Flow_HPNR_Verify_Vehicle_Order_Tab_Statuses_Test" name="verify_delivery_status_after_uploading_delivery_note_in_post_delivery_section_on_vehicle_order_tab" time="0.000">
    <skipped/>
  </testcase> <!-- verify_delivery_status_after_uploading_delivery_note_in_post_delivery_section_on_vehicle_order_tab -->
  <system-out/>
</testsuite> <!-- orders.Orders_Asset_Funding_Required_Flow_HPNR_Verify_Vehicle_Order_Tab_Statuses_Test -->
