<?xml version="1.0" encoding="UTF-8"?>
<!-- Generated by org.testng.reporters.JUnitReportReporter -->
<testsuite hostname="DSK-4052" failures="0" tests="29" name="orders.Orders_Verify_used_car_ownbook_business_hire_With_Customer_Flow_Test" time="517.079" errors="1" timestamp="2024-01-31T16:08:07 IST" skipped="16">
  <testcase classname="orders.Orders_Verify_used_car_ownbook_business_hire_With_Customer_Flow_Test" name="T1_open_order_created_in_acquisition_test" time="82.889"/>
  <system-out>
    <![CDATA[<b></b> <br />
<b>Searching for Order ID ZI-13706</b> <br />]]>
  </system-out>
  <testcase classname="orders.Orders_Verify_used_car_ownbook_business_hire_With_Customer_Flow_Test" name="T2_pre_order_pass_check_in_customer_contract_tab_test" time="17.481"/>
  <system-out>
    <![CDATA[<b></b> <br />
<b>Checking pre-order checks</b> <br />]]>
  </system-out>
  <testcase classname="orders.Orders_Verify_used_car_ownbook_business_hire_With_Customer_Flow_Test" name="T3_verify_summary_section_values" time="59.649"/>
  <system-out>
    <![CDATA[<b>Started Verifying Quote Summary and Configuration Values</b> <br />
<b></b> <br />
<b>EVH63916 != RBX94490</b> <br />
<b>Quote no. compared but found not ok</b> <br />
<b></b> <br />
<b>MERCEDES-BENZ A CLASS AMG HATCHBACK (2019 - Current) A35 4Matic Premium 5dr Auto = MERCEDES-BENZ A CLASS AMG HATCHBACK (2019 - Current) A35 4Matic Premium 5dr Auto</b> <br />
<b>Vehicle name compared and found ok</b> <br />
<b></b> <br />
<b>Business Contract Hire = Business Contract Hire</b> <br />
<b>Contract type compared and found ok</b> <br />
<b></b> <br />
<b>36.0 = 36.0</b> <br />
<b>Terms compared and found ok</b> <br />
<b></b> <br />
<b>10000.0 = 10000.0</b> <br />
<b>Mileage compared and found ok</b> <br />
<b></b> <br />
<b>586.79 = 586.79375472588</b> <br />
<b>Monthly Finance Rental compared and found ok</b> <br />
<b></b> <br />
<b>-734.29 != 586.79375472588</b> <br />
<b>Initial Finance Rental found wrong</b> <br />
<b></b> <br />
<b>35.0 = 35.0</b> <br />
<b>Followed By months - found OK</b> <br />
<b></b> <br />
<b>26.9 = 26.9316</b> <br />
<b>Pence per excess mile finance - found OK</b> <br />
<b></b> <br />
<b>199.99 = 199.99</b> <br />
<b>Document Fee - found OK</b> <br />
<b></b> <br />
<b>400.0 = 400.0</b> <br />
<b>Upsell - found OK</b> <br />
<b></b> <br />
<b>441.0 = 441.0</b> <br />
<b>Default Finance Commission - found OK</b> <br />
<b></b> <br />
<b>400.0 = 400.0</b> <br />
<b>Upsell Commission - found OK</b> <br />
<b></b> <br />
<b>99.99 = 99.99000000000001</b> <br />
<b>Document Fee Commission - found OK</b> <br />
<b></b> <br />
<b>1660.99 = 1660.99</b> <br />
<b>Total Commission - found OK</b> <br />
<b></b> <br />
<b>200.0 = 200.0</b> <br />
<b>Referrer Commission - found OK</b> <br />
<b></b> <br />
<b>6.5 = 6.5</b> <br />
<b>Base Interest Rate found OK</b> <br />
<b></b> <br />
<b>10000.0 = 10000.0</b> <br />
<b>Finance Margin found OK</b> <br />
<b></b> <br />
<b>441.0 = 441.0</b> <br />
<b>Deductions found OK</b> <br />
<b></b> <br />
<b>7539.99 = 7539.99</b> <br />
<b>Additional Margin found OK</b> <br />
<b></b> <br />
<b>17098.99 = 17098.989999999998</b> <br />
<b>Total Margin found OK</b> <br />
<b></b> <br />
<b>2.0 = 2.0</b> <br />
<b>Default Broker Margin percentage found OK</b> <br />
<b></b> <br />
<b>0.1 = 0.1</b> <br />
<b>Broker Upsell Margin percentage found OK</b> <br />
<b></b> <br />
<b>400.0 != 40.0</b> <br />
<b>Broker Upsell Margin  found wrong</b> <br />
<b></b> <br />
<b>99.99 = 99.99000000000001</b> <br />
<b>Document Fee Margin  found OK</b> <br />
<b></b> <br />
<b>200.0 = 200.00000000000003</b> <br />
<b>Refferer Margin  found OK</b> <br />]]>
  </system-out>
  <testcase classname="orders.Orders_Verify_used_car_ownbook_business_hire_With_Customer_Flow_Test" name="T4_verify_that_editing_the_basic_cash_price_does_not_affect_the_monthly_payment_on_customer_contract_tab_test" time="76.042"/>
  <system-out>
    <![CDATA[<b>Started verifying monthly payment does not change after editing the basic cash price</b> <br />
<b>Monthly payment Before Editing the Cash Price is 586.79</b> <br />
<b>Vehicle's Basic Cash Price Changed to 60,000</b> <br />
<b>Now Getting the Monthly payment from customer contract tab</b> <br />
<b>Monthly payment After Editing the Cash Price is 586.79</b> <br />
<b>Verified that monthly payment does not change after editing the basic cash price</b> <br />]]>
  </system-out>
  <testcase classname="orders.Orders_Verify_used_car_ownbook_business_hire_With_Customer_Flow_Test" name="T5_verify_that_funder_with_different_term_and_mileage_can_not_be_added_for_with_customer_flow_test" time="36.916"/>
  <system-out>
    <![CDATA[<b></b> <br />
<b>Writing Holding Cost Summary values to excel has been completed</b> <br />
<b>Actual and Expected Message matches, hence test passed</b> <br />]]>
  </system-out>
  <testcase classname="orders.Orders_Verify_used_car_ownbook_business_hire_With_Customer_Flow_Test" name="T6_verify_that_monthly_payment_does_not_changes_if_a_added_funder_is_selected_in_the_asset_funding_tab_for_with_customer_flow_test" time="91.738"/>
  <system-out>
    <![CDATA[<b></b> <br />
<b>Monthly payment Before selecting a funder1821.08</b> <br />
<b>Writing Holding Cost Summary values to excel has been completed</b> <br />
<b>Monthly payment After selecting a funder 1821.08</b> <br />
<b>Verified that monthly payment does not change after selecting a funder</b> <br />]]>
  </system-out>
  <testcase classname="orders.Orders_Verify_used_car_ownbook_business_hire_With_Customer_Flow_Test" name="T7_verify_holding_cost_on_adding_funder" time="9.036"/>
  <system-out>
    <![CDATA[<b></b> <br />
<b>Total monthly holding cost from screen =500.33</b> <br />
<b>Total monthly holding cost from excel =500.3333333333333</b> <br />]]>
  </system-out>
  <testcase classname="orders.Orders_Verify_used_car_ownbook_business_hire_With_Customer_Flow_Test" name="T8_verify_default_order_status_vehicle_tab_test" time="10.383"/>
  <system-out>
    <![CDATA[<b>Order -- Default Status - Found OK i.e Order Pending </b> <br />]]>
  </system-out>
  <testcase classname="orders.Orders_Verify_used_car_ownbook_business_hire_With_Customer_Flow_Test" name="T9_verify_order_status_after_uploading_order_form_in_vehicle_tab_test" time="47.842"/>
  <system-out>
    <![CDATA[<b>File is Uploaded Successfully</b> <br />
<b>Order Status after uploading order form - Found OK i.e Order Confirmed </b> <br />]]>
  </system-out>
  <testcase classname="orders.Orders_Verify_used_car_ownbook_business_hire_With_Customer_Flow_Test" name="T10_verify_default_payment_status_on_vehicle_tab_test" time="7.132"/>
  <system-out>
    <![CDATA[<b></b> <br />
<b>Clicking on PAYMENTS TO DEALER</b> <br />
<b>Payments to dealer -- Default Status - Found OK i.e Payment Required</b> <br />]]>
  </system-out>
  <testcase classname="orders.Orders_Verify_used_car_ownbook_business_hire_With_Customer_Flow_Test" name="T11_verify_payment_status_after_selecting_payment_sent_date_on_vehicle_tab_test" time="10.280"/>
  <system-out/>
  <testcase classname="orders.Orders_Verify_used_car_ownbook_business_hire_With_Customer_Flow_Test" name="T12_verify_payment_status_should_be_reversed_to_payment_required_after_selecting_payment_by_AMT_on_vehicle_tab_test" time="10.935"/>
  <system-out>
    <![CDATA[<b></b> <br />
<b>Click on a payments by dropdown and Select option AMT</b> <br />
<b></b> <br />
<b>Clicking on PAYMENTS TO DEALER</b> <br />
<b>Payments to dealer -- Default Status - Found OK i.e Payment Required</b> <br />]]>
  </system-out>
  <testcase classname="orders.Orders_Verify_used_car_ownbook_business_hire_With_Customer_Flow_Test" name="T13_verify_payment_status_after_selecting_payment_sent_date_for_amount_due_on_vehicle_tab_test" time="56.756">
    <error message="Expected condition failed: waiting for element to be clickable: Proxy element for: DefaultElementLocator &#039;By.xpath: (//label[normalize-space()=&#039;Payment requested&#039;]//ancestor::div[1]//input)[2]&#039; (tried for 20 second(s) with 500 milliseconds interval)" type="org.openqa.selenium.TimeoutException">
      <![CDATA[org.openqa.selenium.TimeoutException: Expected condition failed: waiting for element to be clickable: Proxy element for: DefaultElementLocator 'By.xpath: (//label[normalize-space()='Payment requested']//ancestor::div[1]//input)[2]' (tried for 20 second(s) with 500 milliseconds interval)
at org.openqa.selenium.support.ui.WebDriverWait.timeoutException(WebDriverWait.java:138)
at org.openqa.selenium.support.ui.FluentWait.until(FluentWait.java:231)
at com.amt.testUtil.Click.on(Click.java:17)
at com.amt.pages.VehicleOrderPage.verify_payment_status_after_selecting_payment_sent_date_for_amount_due_if_payment_by_AMT(VehicleOrderPage.java:571)
at orders.Orders_Verify_used_car_ownbook_business_hire_With_Customer_Flow_Test.T13_verify_payment_status_after_selecting_payment_sent_date_for_amount_due_on_vehicle_tab_test(Orders_Verify_used_car_ownbook_business_hire_With_Customer_Flow_Test.java:238)
at java.base/jdk.internal.reflect.DirectMethodHandleAccessor.invoke(DirectMethodHandleAccessor.java:104)
at java.base/java.lang.reflect.Method.invoke(Method.java:578)
at org.testng.internal.MethodInvocationHelper.invokeMethod(MethodInvocationHelper.java:133)
at org.testng.internal.TestInvoker.invokeMethod(TestInvoker.java:598)
at org.testng.internal.TestInvoker.invokeTestMethod(TestInvoker.java:173)
at org.testng.internal.MethodRunner.runInSequence(MethodRunner.java:46)
at org.testng.internal.TestInvoker$MethodInvocationAgent.invoke(TestInvoker.java:824)
at org.testng.internal.TestInvoker.invokeTestMethods(TestInvoker.java:146)
at org.testng.internal.TestMethodWorker.invokeTestMethods(TestMethodWorker.java:146)
at org.testng.internal.TestMethodWorker.run(TestMethodWorker.java:128)
at java.base/java.util.ArrayList.forEach(ArrayList.java:1511)
at org.testng.TestRunner.privateRun(TestRunner.java:794)
at org.testng.TestRunner.run(TestRunner.java:596)
at org.testng.SuiteRunner.runTest(SuiteRunner.java:377)
at org.testng.SuiteRunner.runSequentially(SuiteRunner.java:371)
at org.testng.SuiteRunner.privateRun(SuiteRunner.java:332)
at org.testng.SuiteRunner.run(SuiteRunner.java:276)
at org.testng.SuiteRunnerWorker.runSuite(SuiteRunnerWorker.java:53)
at org.testng.SuiteRunnerWorker.run(SuiteRunnerWorker.java:96)
at org.testng.TestNG.runSuitesSequentially(TestNG.java:1212)
at org.testng.TestNG.runSuitesLocally(TestNG.java:1134)
at org.testng.TestNG.runSuites(TestNG.java:1063)
at org.testng.TestNG.run(TestNG.java:1031)
at org.testng.remote.AbstractRemoteTestNG.run(AbstractRemoteTestNG.java:115)
at org.testng.remote.RemoteTestNG.initAndRun(RemoteTestNG.java:251)
at org.testng.remote.RemoteTestNG.main(RemoteTestNG.java:77)
Caused by: org.openqa.selenium.NoSuchElementException: no such element: Unable to locate element: {"method":"xpath","selector":"(//label[normalize-space()='Payment requested']//ancestor::div[1]//input)[2]"}
  (Session info: chrome=120.0.6099.225)
For documentation on this error, please visit: https://selenium.dev/exceptions/#no_such_element
Build info: version: '4.1.0', revision: '87802e897b'
System info: host: 'DSK-4052', ip: '172.16.1.80', os.name: 'Windows 10', os.arch: 'amd64', os.version: '10.0', java.version: '19.0.1'
Driver info: org.openqa.selenium.chrome.ChromeDriver
Command: [0ee302582b725a0f20bd97d1faac8b2b, findElement {using=xpath, value=(//label[normalize-space()='Payment requested']//ancestor::div[1]//input)[2]}]
Capabilities {acceptInsecureCerts: false, browserName: chrome, browserVersion: 120.0.6099.225, chrome: {chromedriverVersion: 119.0.6045.105 (38c72552c5e..., userDataDir: C:\Users\NITEIN~1.KUR\AppDa...}, fedcm:accounts: true, goog:chromeOptions: {debuggerAddress: localhost:55336}, javascriptEnabled: true, networkConnectionEnabled: false, pageLoadStrategy: normal, platform: WINDOWS, platformName: WINDOWS, proxy: Proxy(), se:cdp: ws://localhost:55336/devtoo..., se:cdpVersion: 120.0.6099.225, setWindowRect: true, strictFileInteractability: false, timeouts: {implicit: 0, pageLoad: 300000, script: 30000}, unhandledPromptBehavior: dismiss and notify, webauthn:extension:credBlob: true, webauthn:extension:largeBlob: true, webauthn:extension:minPinLength: true, webauthn:extension:prf: true, webauthn:virtualAuthenticators: true}
Session ID: 0ee302582b725a0f20bd97d1faac8b2b
at java.base/jdk.internal.reflect.DirectConstructorHandleAccessor.newInstance(DirectConstructorHandleAccessor.java:67)
at java.base/java.lang.reflect.Constructor.newInstanceWithCaller(Constructor.java:500)
at java.base/java.lang.reflect.Constructor.newInstance(Constructor.java:484)
at org.openqa.selenium.remote.codec.w3c.W3CHttpResponseCodec.createException(W3CHttpResponseCodec.java:200)
at org.openqa.selenium.remote.codec.w3c.W3CHttpResponseCodec.decode(W3CHttpResponseCodec.java:133)
at org.openqa.selenium.remote.codec.w3c.W3CHttpResponseCodec.decode(W3CHttpResponseCodec.java:53)
at org.openqa.selenium.remote.HttpCommandExecutor.execute(HttpCommandExecutor.java:184)
at org.openqa.selenium.remote.service.DriverCommandExecutor.invokeExecute(DriverCommandExecutor.java:164)
at org.openqa.selenium.remote.service.DriverCommandExecutor.execute(DriverCommandExecutor.java:139)
at org.openqa.selenium.remote.RemoteWebDriver.execute(RemoteWebDriver.java:559)
at org.openqa.selenium.remote.ElementLocation$ElementFinder$2.findElement(ElementLocation.java:162)
at org.openqa.selenium.remote.ElementLocation.findElement(ElementLocation.java:60)
at org.openqa.selenium.remote.RemoteWebDriver.findElement(RemoteWebDriver.java:383)
at org.openqa.selenium.remote.RemoteWebDriver.findElement(RemoteWebDriver.java:375)
at org.openqa.selenium.support.pagefactory.DefaultElementLocator.findElement(DefaultElementLocator.java:70)
at org.openqa.selenium.support.pagefactory.internal.LocatingElementHandler.invoke(LocatingElementHandler.java:39)
at jdk.proxy2/jdk.proxy2.$Proxy22.isDisplayed(Unknown Source)
at org.openqa.selenium.support.ui.ExpectedConditions.elementIfVisible(ExpectedConditions.java:307)
at org.openqa.selenium.support.ui.ExpectedConditions.access$000(ExpectedConditions.java:40)
at org.openqa.selenium.support.ui.ExpectedConditions$10.apply(ExpectedConditions.java:293)
at org.openqa.selenium.support.ui.ExpectedConditions$10.apply(ExpectedConditions.java:290)
at org.openqa.selenium.support.ui.ExpectedConditions$23.apply(ExpectedConditions.java:660)
at org.openqa.selenium.support.ui.ExpectedConditions$23.apply(ExpectedConditions.java:656)
at org.openqa.selenium.support.ui.FluentWait.until(FluentWait.java:208)
... 29 more
]]>
    </error>
  </testcase> <!-- T13_verify_payment_status_after_selecting_payment_sent_date_for_amount_due_on_vehicle_tab_test -->
  <system-out>
    <![CDATA[<br>----------Screenshot---------<br>
<img src="D:\Orders_Vehicles\AMT_Orders_Vehicles\target\surefire-reports\html\failure_screenshots\T13_verify_payment_status_after_selecting_payment_sent_date_for_amount_due_on_vehicle_tab_test_31_01_2024_04_08_07.png" height="800" width="1000">]]>
  </system-out>
  <testcase classname="orders.Orders_Verify_used_car_ownbook_business_hire_With_Customer_Flow_Test" name="T14_verify_default_status_acceptance_conditions_for_ownbook_hire_flow" time="0.000">
    <skipped/>
  </testcase> <!-- T14_verify_default_status_acceptance_conditions_for_ownbook_hire_flow -->
  <system-out/>
  <testcase classname="orders.Orders_Verify_used_car_ownbook_business_hire_With_Customer_Flow_Test" name="T15_verify_summary_section_values" time="0.000">
    <skipped/>
  </testcase> <!-- T15_verify_summary_section_values -->
  <system-out/>
  <testcase classname="orders.Orders_Verify_used_car_ownbook_business_hire_With_Customer_Flow_Test" name="T16_verify_payment_default_status" time="0.000">
    <skipped/>
  </testcase> <!-- T16_verify_payment_default_status -->
  <system-out/>
  <testcase classname="orders.Orders_Verify_used_car_ownbook_business_hire_With_Customer_Flow_Test" name="T17_make_payment_with_new_payment" time="0.000">
    <skipped/>
  </testcase> <!-- T17_make_payment_with_new_payment -->
  <system-out/>
  <testcase classname="orders.Orders_Verify_used_car_ownbook_business_hire_With_Customer_Flow_Test" name="T18_verify_payment_status_after_making_a_payment_on_customer_contract_tab" time="0.000">
    <skipped/>
  </testcase> <!-- T18_verify_payment_status_after_making_a_payment_on_customer_contract_tab -->
  <system-out/>
  <testcase classname="orders.Orders_Verify_used_car_ownbook_business_hire_With_Customer_Flow_Test" name="T19_verify_delivery_status_after_selecting_date_offered_in_delivery_section_of_customer_contract_tab_test" time="0.000">
    <skipped/>
  </testcase> <!-- T19_verify_delivery_status_after_selecting_date_offered_in_delivery_section_of_customer_contract_tab_test -->
  <system-out/>
  <testcase classname="orders.Orders_Verify_used_car_ownbook_business_hire_With_Customer_Flow_Test" name="T20_verify_delivery_status_after_selecting_confirmed_delivery_date_in_delivery_section_of_customer_contract_test" time="0.000">
    <skipped/>
  </testcase> <!-- T20_verify_delivery_status_after_selecting_confirmed_delivery_date_in_delivery_section_of_customer_contract_test -->
  <system-out/>
  <testcase classname="orders.Orders_Verify_used_car_ownbook_business_hire_With_Customer_Flow_Test" name="T21_verify_delivery_status_after_uploading_delivery_note_in_post_delivery_section_on_customer_contract_tab_test" time="0.000">
    <skipped/>
  </testcase> <!-- T21_verify_delivery_status_after_uploading_delivery_note_in_post_delivery_section_on_customer_contract_tab_test -->
  <system-out/>
  <testcase classname="orders.Orders_Verify_used_car_ownbook_business_hire_With_Customer_Flow_Test" name="T22_verify_delivery_status_on_customer_contract_tab_and_vehicle_order_tab_are_same_when_deliver_to_customer_toggle_button_in_on_test" time="0.000">
    <skipped/>
  </testcase> <!-- T22_verify_delivery_status_on_customer_contract_tab_and_vehicle_order_tab_are_same_when_deliver_to_customer_toggle_button_in_on_test -->
  <system-out/>
  <testcase classname="orders.Orders_Verify_used_car_ownbook_business_hire_With_Customer_Flow_Test" name="T23_verify_delivery_section_gets_enabled_when_deliver_to_customer_toggle_button_is_made_off_test" time="0.000">
    <skipped/>
  </testcase> <!-- T23_verify_delivery_section_gets_enabled_when_deliver_to_customer_toggle_button_is_made_off_test -->
  <system-out/>
  <testcase classname="orders.Orders_Verify_used_car_ownbook_business_hire_With_Customer_Flow_Test" name="T24_verify_delivery_status_after_selecting_date_offered_in_delivery_section_of_vehicle_order_tab_test" time="0.000">
    <skipped/>
  </testcase> <!-- T24_verify_delivery_status_after_selecting_date_offered_in_delivery_section_of_vehicle_order_tab_test -->
  <system-out/>
  <testcase classname="orders.Orders_Verify_used_car_ownbook_business_hire_With_Customer_Flow_Test" name="T25_verify_delivery_status_after_selecting_confirmed_delivery_date_in_delivery_section_of_vehicle_tab_test" time="0.000">
    <skipped/>
  </testcase> <!-- T25_verify_delivery_status_after_selecting_confirmed_delivery_date_in_delivery_section_of_vehicle_tab_test -->
  <system-out/>
  <testcase classname="orders.Orders_Verify_used_car_ownbook_business_hire_With_Customer_Flow_Test" name="T26_verify_delivery_status_after_uploading_delivery_note_in_post_delivery_section_on_vehicle_order_tab_test" time="0.000">
    <skipped/>
  </testcase> <!-- T26_verify_delivery_status_after_uploading_delivery_note_in_post_delivery_section_on_vehicle_order_tab_test -->
  <system-out/>
  <testcase classname="orders.Orders_Verify_used_car_ownbook_business_hire_With_Customer_Flow_Test" name="T27_verify_finance_documents_statuses_test" time="0.000">
    <skipped/>
  </testcase> <!-- T27_verify_finance_documents_statuses_test -->
  <system-out/>
  <testcase classname="orders.Orders_Verify_used_car_ownbook_business_hire_With_Customer_Flow_Test" name="T28_verify_payments_to_funder_statuses_test" time="0.000">
    <skipped/>
  </testcase> <!-- T28_verify_payments_to_funder_statuses_test -->
  <system-out/>
  <testcase classname="orders.Orders_Verify_used_car_ownbook_business_hire_With_Customer_Flow_Test" name="T29_verify_completed_status_for_test" time="0.000">
    <skipped/>
  </testcase> <!-- T29_verify_completed_status_for_test -->
  <system-out/>
</testsuite> <!-- orders.Orders_Verify_used_car_ownbook_business_hire_With_Customer_Flow_Test -->
