<?xml version="1.0" encoding="UTF-8"?>
<!-- Generated by org.testng.reporters.JUnitReportReporter -->
<testsuite hostname="DSK-4052" failures="0" tests="28" name="orders.Orders_Verify_used_car_ownbook_business_purchase_With_Customer_Flow_Test" time="224.323" errors="1" timestamp="2024-01-31T05:52:15 IST" skipped="24">
  <testcase classname="orders.Orders_Verify_used_car_ownbook_business_purchase_With_Customer_Flow_Test" name="T1_open_order_created_in_acquisition_test" time="88.257"/>
  <system-out>
    <![CDATA[<b></b> <br />
<b>Searching for Order ID WS-57561</b> <br />]]>
  </system-out>
  <testcase classname="orders.Orders_Verify_used_car_ownbook_business_purchase_With_Customer_Flow_Test" name="T2_pre_order_pass_check_in_customer_contract_tab_test" time="17.328"/>
  <system-out>
    <![CDATA[<b></b> <br />
<b>Checking pre-order checks</b> <br />]]>
  </system-out>
  <testcase classname="orders.Orders_Verify_used_car_ownbook_business_purchase_With_Customer_Flow_Test" name="T3_verify_summary_section_values" time="104.231"/>
  <system-out>
    <![CDATA[<b>Started Verifying Quote Summary and Configuration Values</b> <br />
<b></b> <br />
<b>CVU61724 != NRQ49216</b> <br />
<b>Quote no. compared but found not ok</b> <br />
<b></b> <br />
<b>MERCEDES-BENZ A CLASS AMG HATCHBACK (2019 - Current) A35 4Matic Premium 5dr Auto = MERCEDES-BENZ A CLASS AMG HATCHBACK (2019 - Current) A35 4Matic Premium 5dr Auto</b> <br />
<b>Vehicle name compared and found ok</b> <br />
<b></b> <br />
<b>Hire Purchase Non-Regulated = Hire Purchase Non-Regulated</b> <br />
<b>Contract type compared and found ok</b> <br />
<b></b> <br />
<b>33.0 != 36.0</b> <br />
<b>Terms compared but found not ok</b> <br />
<b></b> <br />
<b>5000.0 != 10000.0</b> <br />
<b>Mileage compared but found not ok</b> <br />
<b></b> <br />
<b>53163.4 != 20208.33</b> <br />
<b>Basic Cash Price found wrong</b> <br />
<b></b> <br />
<b>10632.68 != 4041.666</b> <br />
<b>VAT found wrong</b> <br />
<b></b> <br />
<b>0.0 = 0.0</b> <br />
<b>Non VAT Items Value found OK</b> <br />
<b></b> <br />
<b>63796.08 != 24249.996000000003</b> <br />
<b>Total Cash Price found wrong</b> <br />
<b></b> <br />
<b>5000.0 = 5000.0</b> <br />
<b>Order Deposit found OK</b> <br />
<b></b> <br />
<b>4000.0 = 4000.0</b> <br />
<b>Finance Deposit found OK</b> <br />
<b></b> <br />
<b>9000.0 = 9000.0</b> <br />
<b>Total Deposit found OK</b> <br />
<b></b> <br />
<b>0.0 != 500.0</b> <br />
<b>Part Exchange Value - found wrong</b> <br />
<b></b> <br />
<b>54796.08 != 14749.996000000003</b> <br />
<b>Balance to Finance found wrong</b> <br />
<b></b> <br />
<b>-29163.04 != 5344.057561385136</b> <br />
<b>Finance Charges - found wrong</b> <br />
<b></b> <br />
<b>199.99 = 199.99</b> <br />
<b>Document Fee - found OK</b> <br />
<b></b> <br />
<b>25883.03 != 20344.04156138514</b> <br />
<b>Balance Payable - found wrong</b> <br />
<b></b> <br />
<b>10.0 = 10.0</b> <br />
<b>Option To Purchase Fee - found OK</b> <br />
<b></b> <br />
<b>9239.99 = 9239.988</b> <br />
<b>Initial Cash Payment - found OK</b> <br />
<b></b> <br />
<b>32.0 != 35.0</b> <br />
<b>Followed By months - found wrong</b> <br />
<b></b> <br />
<b>613.22 != 142.687244611004</b> <br />
<b>Monthly Finance Payment - found wrong</b> <br />
<b></b> <br />
<b>6010.0 != 15100.0</b> <br />
<b>Balloon Value - found wrong</b> <br />
<b></b> <br />
<b>6020.0 != 15110.0</b> <br />
<b>Final Payment - found wrong</b> <br />
<b></b> <br />
<b>-6836.6 != 1833.3300000000027</b> <br />
<b>Vehicle Commission - found wrong</b> <br />
<b></b> <br />
<b>428.09 != 122.91663333333334</b> <br />
<b>Default Finance Commission - found wrong</b> <br />
<b></b> <br />
<b>99.99 = 99.99000000000001</b> <br />
<b>Document Fee Commission - found OK</b> <br />
<b></b> <br />
<b>-6308.52 != 2776.236633333336</b> <br />
<b>Total Commission - found wrong</b> <br />
<b></b> <br />
<b></b> <br />
<b>7.0 = 7.0</b> <br />
<b>Base Interest Rate found OK</b> <br />
<b></b> <br />
<b>1948.24 != 2229.9535613851403</b> <br />
<b>Finance Margin found wrong</b> <br />
<b></b> <br />
<b>513.71 != 147.4999599999996</b> <br />
<b>Deductions found wrong</b> <br />
<b></b> <br />
<b>99.99 != 7299.99</b> <br />
<b>Additional Margin found wrong</b> <br />
<b></b> <br />
<b>1534.52 != 9382.443601385141</b> <br />
<b>Total Margin found wrong</b> <br />
<b></b> <br />
<b>0.94 = 1.0</b> <br />
<b>Default Broker Margin percentage found OK</b> <br />
<b></b> <br />
<b>12.0 = 12.000000000000002</b> <br />
<b>Customer Interest Rate found OK</b> <br />
<b></b> <br />
<b>99.99 = 99.99000000000001</b> <br />
<b>Document Fee Margin found OK</b> <br />
<b></b> <br />
<b>513.71 != 147.4999599999996</b> <br />
<b>Default Broker Margin  found wrong</b> <br />
<b></b> <br />
<b>One or More than One values on customer contract tab may be wrong , please check all above values printed on console</b> <br />
<b></b> <br />]]>
  </system-out>
  <testcase classname="orders.Orders_Verify_used_car_ownbook_business_purchase_With_Customer_Flow_Test" name="T4_verify_that_editing_the_basic_cash_price_does_not_affect_the_monthly_payment_on_customer_contract_tab_test" time="14.507">
    <error message="element not interactable
  (Session info: chrome=120.0.6099.225)
Build info: version: &#039;4.1.0&#039;, revision: &#039;87802e897b&#039;
System info: host: &#039;DSK-4052&#039;, ip: &#039;172.16.1.80&#039;, os.name: &#039;Windows 10&#039;, os.arch: &#039;amd64&#039;, os.version: &#039;10.0&#039;, java.version: &#039;19.0.1&#039;
Driver info: org.openqa.selenium.chrome.ChromeDriver
Command: [8c1b65b9f6a2a278860c599783670a2c, sendKeysToElement {id=8A3A19D0FA6BE41C03D4872ABC710A7E_element_576, value=[Ljava.lang.CharSequence;@5309d019}]
Capabilities {acceptInsecureCerts: false, browserName: chrome, browserVersion: 120.0.6099.225, chrome: {chromedriverVersion: 119.0.6045.105 (38c72552c5e..., userDataDir: C:\Users\NITEIN~1.KUR\AppDa...}, fedcm:accounts: true, goog:chromeOptions: {debuggerAddress: localhost:62024}, javascriptEnabled: true, networkConnectionEnabled: false, pageLoadStrategy: normal, platform: WINDOWS, platformName: WINDOWS, proxy: Proxy(), se:cdp: ws://localhost:62024/devtoo..., se:cdpVersion: 120.0.6099.225, setWindowRect: true, strictFileInteractability: false, timeouts: {implicit: 0, pageLoad: 300000, script: 30000}, unhandledPromptBehavior: dismiss and notify, webauthn:extension:credBlob: true, webauthn:extension:largeBlob: true, webauthn:extension:minPinLength: true, webauthn:extension:prf: true, webauthn:virtualAuthenticators: true}
Element: [[ChromeDriver: chrome on WINDOWS (8c1b65b9f6a2a278860c599783670a2c)] -&gt; xpath: //*[normalize-space()=&#039;Basic price&#039;]//ancestor::div[1]//div//div//input|//*[normalize-space()=&#039;Vehicle cost price&#039;]//ancestor::div[1]//div//div//input]
Session ID: 8c1b65b9f6a2a278860c599783670a2c" type="org.openqa.selenium.ElementNotInteractableException">
      <![CDATA[org.openqa.selenium.ElementNotInteractableException: element not interactable
  (Session info: chrome=120.0.6099.225)
Build info: version: '4.1.0', revision: '87802e897b'
System info: host: 'DSK-4052', ip: '172.16.1.80', os.name: 'Windows 10', os.arch: 'amd64', os.version: '10.0', java.version: '19.0.1'
Driver info: org.openqa.selenium.chrome.ChromeDriver
Command: [8c1b65b9f6a2a278860c599783670a2c, sendKeysToElement {id=8A3A19D0FA6BE41C03D4872ABC710A7E_element_576, value=[Ljava.lang.CharSequence;@5309d019}]
Capabilities {acceptInsecureCerts: false, browserName: chrome, browserVersion: 120.0.6099.225, chrome: {chromedriverVersion: 119.0.6045.105 (38c72552c5e..., userDataDir: C:\Users\NITEIN~1.KUR\AppDa...}, fedcm:accounts: true, goog:chromeOptions: {debuggerAddress: localhost:62024}, javascriptEnabled: true, networkConnectionEnabled: false, pageLoadStrategy: normal, platform: WINDOWS, platformName: WINDOWS, proxy: Proxy(), se:cdp: ws://localhost:62024/devtoo..., se:cdpVersion: 120.0.6099.225, setWindowRect: true, strictFileInteractability: false, timeouts: {implicit: 0, pageLoad: 300000, script: 30000}, unhandledPromptBehavior: dismiss and notify, webauthn:extension:credBlob: true, webauthn:extension:largeBlob: true, webauthn:extension:minPinLength: true, webauthn:extension:prf: true, webauthn:virtualAuthenticators: true}
Element: [[ChromeDriver: chrome on WINDOWS (8c1b65b9f6a2a278860c599783670a2c)] -> xpath: //*[normalize-space()='Basic price']//ancestor::div[1]//div//div//input|//*[normalize-space()='Vehicle cost price']//ancestor::div[1]//div//div//input]
Session ID: 8c1b65b9f6a2a278860c599783670a2c
at java.base/jdk.internal.reflect.DirectConstructorHandleAccessor.newInstance(DirectConstructorHandleAccessor.java:67)
at java.base/java.lang.reflect.Constructor.newInstanceWithCaller(Constructor.java:500)
at java.base/java.lang.reflect.Constructor.newInstance(Constructor.java:484)
at org.openqa.selenium.remote.codec.w3c.W3CHttpResponseCodec.createException(W3CHttpResponseCodec.java:200)
at org.openqa.selenium.remote.codec.w3c.W3CHttpResponseCodec.decode(W3CHttpResponseCodec.java:133)
at org.openqa.selenium.remote.codec.w3c.W3CHttpResponseCodec.decode(W3CHttpResponseCodec.java:53)
at org.openqa.selenium.remote.HttpCommandExecutor.execute(HttpCommandExecutor.java:184)
at org.openqa.selenium.remote.service.DriverCommandExecutor.invokeExecute(DriverCommandExecutor.java:164)
at org.openqa.selenium.remote.service.DriverCommandExecutor.execute(DriverCommandExecutor.java:139)
at org.openqa.selenium.remote.RemoteWebDriver.execute(RemoteWebDriver.java:559)
at org.openqa.selenium.remote.RemoteWebElement.execute(RemoteWebElement.java:251)
at org.openqa.selenium.remote.RemoteWebElement.sendKeys(RemoteWebElement.java:107)
at java.base/jdk.internal.reflect.DirectMethodHandleAccessor.invoke(DirectMethodHandleAccessor.java:104)
at java.base/java.lang.reflect.Method.invoke(Method.java:578)
at org.openqa.selenium.support.pagefactory.internal.LocatingElementHandler.invoke(LocatingElementHandler.java:52)
at jdk.proxy2/jdk.proxy2.$Proxy23.sendKeys(Unknown Source)
at com.amt.pages.CustomerContractPage.verify_that_editing_the_basic_cash_price_does_not_affect_the_monthly_payment_on_customer_contract_tab(CustomerContractPage.java:918)
at orders.Orders_Verify_used_car_ownbook_business_purchase_With_Customer_Flow_Test.T4_verify_that_editing_the_basic_cash_price_does_not_affect_the_monthly_payment_on_customer_contract_tab_test(Orders_Verify_used_car_ownbook_business_purchase_With_Customer_Flow_Test.java:92)
at java.base/jdk.internal.reflect.DirectMethodHandleAccessor.invoke(DirectMethodHandleAccessor.java:104)
at java.base/java.lang.reflect.Method.invoke(Method.java:578)
at org.testng.internal.MethodInvocationHelper.invokeMethod(MethodInvocationHelper.java:133)
at org.testng.internal.TestInvoker.invokeMethod(TestInvoker.java:598)
at org.testng.internal.TestInvoker.invokeTestMethod(TestInvoker.java:173)
at org.testng.internal.MethodRunner.runInSequence(MethodRunner.java:46)
at org.testng.internal.TestInvoker$MethodInvocationAgent.invoke(TestInvoker.java:824)
at org.testng.internal.TestInvoker.invokeTestMethods(TestInvoker.java:146)
at org.testng.internal.TestMethodWorker.invokeTestMethods(TestMethodWorker.java:146)
at org.testng.internal.TestMethodWorker.run(TestMethodWorker.java:128)
at java.base/java.util.ArrayList.forEach(ArrayList.java:1511)
at org.testng.TestRunner.privateRun(TestRunner.java:794)
at org.testng.TestRunner.run(TestRunner.java:596)
at org.testng.SuiteRunner.runTest(SuiteRunner.java:377)
at org.testng.SuiteRunner.runSequentially(SuiteRunner.java:371)
at org.testng.SuiteRunner.privateRun(SuiteRunner.java:332)
at org.testng.SuiteRunner.run(SuiteRunner.java:276)
at org.testng.SuiteRunnerWorker.runSuite(SuiteRunnerWorker.java:53)
at org.testng.SuiteRunnerWorker.run(SuiteRunnerWorker.java:96)
at org.testng.TestNG.runSuitesSequentially(TestNG.java:1212)
at org.testng.TestNG.runSuitesSequentially(TestNG.java:1207)
at org.testng.TestNG.runSuitesLocally(TestNG.java:1134)
at org.testng.TestNG.runSuites(TestNG.java:1063)
at org.testng.TestNG.run(TestNG.java:1031)
at org.testng.remote.AbstractRemoteTestNG.run(AbstractRemoteTestNG.java:115)
at org.testng.remote.RemoteTestNG.initAndRun(RemoteTestNG.java:251)
at org.testng.remote.RemoteTestNG.main(RemoteTestNG.java:77)
]]>
    </error>
  </testcase> <!-- T4_verify_that_editing_the_basic_cash_price_does_not_affect_the_monthly_payment_on_customer_contract_tab_test -->
  <system-out>
    <![CDATA[<b>Started verifying monthly payment does not change after editing the basic cash price</b> <br />
<b>Monthly payment Before Editing the Cash Price is 613.22</b> <br />
<br>----------Screenshot---------<br>
<img src="D:\Orders_Vehicles\AMT_Orders_Vehicles\target\surefire-reports\html\failure_screenshots\T4_verify_that_editing_the_basic_cash_price_does_not_affect_the_monthly_payment_on_customer_contract_tab_test_31_01_2024_05_52_14.png" height="800" width="1000">]]>
  </system-out>
  <testcase classname="orders.Orders_Verify_used_car_ownbook_business_purchase_With_Customer_Flow_Test" name="T5_verify_that_funder_with_different_term_and_mileage_can_not_be_added_for_with_customer_flow_test" time="0.000">
    <skipped/>
  </testcase> <!-- T5_verify_that_funder_with_different_term_and_mileage_can_not_be_added_for_with_customer_flow_test -->
  <system-out/>
  <testcase classname="orders.Orders_Verify_used_car_ownbook_business_purchase_With_Customer_Flow_Test" name="T6_verify_that_monthly_payment_does_not_changes_if_a_added_funder_is_selected_in_the_asset_funding_tab_for_with_customer_flow_test" time="0.000">
    <skipped/>
  </testcase> <!-- T6_verify_that_monthly_payment_does_not_changes_if_a_added_funder_is_selected_in_the_asset_funding_tab_for_with_customer_flow_test -->
  <system-out/>
  <testcase classname="orders.Orders_Verify_used_car_ownbook_business_purchase_With_Customer_Flow_Test" name="T7_verify_holding_cost_on_adding_funder" time="0.000">
    <skipped/>
  </testcase> <!-- T7_verify_holding_cost_on_adding_funder -->
  <system-out/>
  <testcase classname="orders.Orders_Verify_used_car_ownbook_business_purchase_With_Customer_Flow_Test" name="T8_verify_default_order_status_vehicle_tab_test" time="0.000">
    <skipped/>
  </testcase> <!-- T8_verify_default_order_status_vehicle_tab_test -->
  <system-out/>
  <testcase classname="orders.Orders_Verify_used_car_ownbook_business_purchase_With_Customer_Flow_Test" name="T9_verify_order_status_after_uploading_order_form_in_vehicle_tab_test" time="0.000">
    <skipped/>
  </testcase> <!-- T9_verify_order_status_after_uploading_order_form_in_vehicle_tab_test -->
  <system-out/>
  <testcase classname="orders.Orders_Verify_used_car_ownbook_business_purchase_With_Customer_Flow_Test" name="T10_verify_default_payment_status_on_vehicle_tab_test" time="0.000">
    <skipped/>
  </testcase> <!-- T10_verify_default_payment_status_on_vehicle_tab_test -->
  <system-out/>
  <testcase classname="orders.Orders_Verify_used_car_ownbook_business_purchase_With_Customer_Flow_Test" name="T11_verify_payment_status_after_selecting_payment_sent_date_on_vehicle_tab_test" time="0.000">
    <skipped/>
  </testcase> <!-- T11_verify_payment_status_after_selecting_payment_sent_date_on_vehicle_tab_test -->
  <system-out/>
  <testcase classname="orders.Orders_Verify_used_car_ownbook_business_purchase_With_Customer_Flow_Test" name="T12_verify_payment_status_should_be_reversed_to_payment_required_after_selecting_payment_by_AMT_on_vehicle_tab_test" time="0.000">
    <skipped/>
  </testcase> <!-- T12_verify_payment_status_should_be_reversed_to_payment_required_after_selecting_payment_by_AMT_on_vehicle_tab_test -->
  <system-out/>
  <testcase classname="orders.Orders_Verify_used_car_ownbook_business_purchase_With_Customer_Flow_Test" name="T13_verify_payment_status_after_selecting_payment_sent_date_for_amount_due_on_vehicle_tab_test" time="0.000">
    <skipped/>
  </testcase> <!-- T13_verify_payment_status_after_selecting_payment_sent_date_for_amount_due_on_vehicle_tab_test -->
  <system-out/>
  <testcase classname="orders.Orders_Verify_used_car_ownbook_business_purchase_With_Customer_Flow_Test" name="T14_verify_default_status_acceptance_conditions_for_ownbook_purchase_flow" time="0.000">
    <skipped/>
  </testcase> <!-- T14_verify_default_status_acceptance_conditions_for_ownbook_purchase_flow -->
  <system-out/>
  <testcase classname="orders.Orders_Verify_used_car_ownbook_business_purchase_With_Customer_Flow_Test" name="T15_verify_payment_default_status" time="0.000">
    <skipped/>
  </testcase> <!-- T15_verify_payment_default_status -->
  <system-out/>
  <testcase classname="orders.Orders_Verify_used_car_ownbook_business_purchase_With_Customer_Flow_Test" name="T16_make_payment_with_new_payment" time="0.000">
    <skipped/>
  </testcase> <!-- T16_make_payment_with_new_payment -->
  <system-out/>
  <testcase classname="orders.Orders_Verify_used_car_ownbook_business_purchase_With_Customer_Flow_Test" name="T17_verify_payment_status_after_making_a_payment_on_customer_contract_tab" time="0.000">
    <skipped/>
  </testcase> <!-- T17_verify_payment_status_after_making_a_payment_on_customer_contract_tab -->
  <system-out/>
  <testcase classname="orders.Orders_Verify_used_car_ownbook_business_purchase_With_Customer_Flow_Test" name="T18_verify_delivery_status_after_selecting_date_offered_in_delivery_section_of_customer_contract_tab_test" time="0.000">
    <skipped/>
  </testcase> <!-- T18_verify_delivery_status_after_selecting_date_offered_in_delivery_section_of_customer_contract_tab_test -->
  <system-out/>
  <testcase classname="orders.Orders_Verify_used_car_ownbook_business_purchase_With_Customer_Flow_Test" name="T19_verify_delivery_status_after_selecting_confirmed_delivery_date_in_delivery_section_of_customer_contract_test" time="0.000">
    <skipped/>
  </testcase> <!-- T19_verify_delivery_status_after_selecting_confirmed_delivery_date_in_delivery_section_of_customer_contract_test -->
  <system-out/>
  <testcase classname="orders.Orders_Verify_used_car_ownbook_business_purchase_With_Customer_Flow_Test" name="T20_verify_delivery_status_after_uploading_delivery_note_in_post_delivery_section_on_customer_contract_tab_test" time="0.000">
    <skipped/>
  </testcase> <!-- T20_verify_delivery_status_after_uploading_delivery_note_in_post_delivery_section_on_customer_contract_tab_test -->
  <system-out/>
  <testcase classname="orders.Orders_Verify_used_car_ownbook_business_purchase_With_Customer_Flow_Test" name="T21_verify_delivery_status_on_customer_contract_tab_and_vehicle_order_tab_are_same_when_deliver_to_customer_toggle_button_in_on_test" time="0.000">
    <skipped/>
  </testcase> <!-- T21_verify_delivery_status_on_customer_contract_tab_and_vehicle_order_tab_are_same_when_deliver_to_customer_toggle_button_in_on_test -->
  <system-out/>
  <testcase classname="orders.Orders_Verify_used_car_ownbook_business_purchase_With_Customer_Flow_Test" name="T22_verify_delivery_section_gets_enabled_when_deliver_to_customer_toggle_button_is_made_off_test" time="0.000">
    <skipped/>
  </testcase> <!-- T22_verify_delivery_section_gets_enabled_when_deliver_to_customer_toggle_button_is_made_off_test -->
  <system-out/>
  <testcase classname="orders.Orders_Verify_used_car_ownbook_business_purchase_With_Customer_Flow_Test" name="T23_verify_delivery_status_after_selecting_date_offered_in_delivery_section_of_vehicle_order_tab_test" time="0.000">
    <skipped/>
  </testcase> <!-- T23_verify_delivery_status_after_selecting_date_offered_in_delivery_section_of_vehicle_order_tab_test -->
  <system-out/>
  <testcase classname="orders.Orders_Verify_used_car_ownbook_business_purchase_With_Customer_Flow_Test" name="T24_verify_delivery_status_after_selecting_confirmed_delivery_date_in_delivery_section_of_vehicle_tab_test" time="0.000">
    <skipped/>
  </testcase> <!-- T24_verify_delivery_status_after_selecting_confirmed_delivery_date_in_delivery_section_of_vehicle_tab_test -->
  <system-out/>
  <testcase classname="orders.Orders_Verify_used_car_ownbook_business_purchase_With_Customer_Flow_Test" name="T25_verify_delivery_status_after_uploading_delivery_note_in_post_delivery_section_on_vehicle_order_tab_test" time="0.000">
    <skipped/>
  </testcase> <!-- T25_verify_delivery_status_after_uploading_delivery_note_in_post_delivery_section_on_vehicle_order_tab_test -->
  <system-out/>
  <testcase classname="orders.Orders_Verify_used_car_ownbook_business_purchase_With_Customer_Flow_Test" name="T26_verify_finance_documents_statuses_for_required_flow_test" time="0.000">
    <skipped/>
  </testcase> <!-- T26_verify_finance_documents_statuses_for_required_flow_test -->
  <system-out/>
  <testcase classname="orders.Orders_Verify_used_car_ownbook_business_purchase_With_Customer_Flow_Test" name="T27_verify_payments_to_funder_statuses_for_required_flow_test" time="0.000">
    <skipped/>
  </testcase> <!-- T27_verify_payments_to_funder_statuses_for_required_flow_test -->
  <system-out/>
  <testcase classname="orders.Orders_Verify_used_car_ownbook_business_purchase_With_Customer_Flow_Test" name="T28_verify_completed_status_for_required_flow_test" time="0.000">
    <skipped/>
  </testcase> <!-- T28_verify_completed_status_for_required_flow_test -->
  <system-out/>
</testsuite> <!-- orders.Orders_Verify_used_car_ownbook_business_purchase_With_Customer_Flow_Test -->
