<?xml version="1.0" encoding="UTF-8"?>
<!-- Generated by org.testng.reporters.JUnitReportReporter -->
<testsuite hostname="DSK-4052" failures="1" tests="9" name="orders.Orders_Customer_Contract_Complete_Order_For_Broker_With_Customer_Flow_Test" time="121.690" errors="1" timestamp="2024-01-31T05:52:15 IST" skipped="5">
  <testcase classname="orders.Orders_Customer_Contract_Complete_Order_For_Broker_With_Customer_Flow_Test" name="open_order_created_in_acquisition_test" time="78.487"/>
  <system-out>
    <![CDATA[<b></b> <br />
<b>Searching for Order ID FD-94744</b> <br />]]>
  </system-out>
  <testcase classname="orders.Orders_Customer_Contract_Complete_Order_For_Broker_With_Customer_Flow_Test" name="pass_the_pre_order_check_test" time="17.367"/>
  <system-out>
    <![CDATA[<b></b> <br />
<b>Checking pre-order checks</b> <br />]]>
  </system-out>
  <testcase classname="orders.Orders_Customer_Contract_Complete_Order_For_Broker_With_Customer_Flow_Test" name="deliver_vehicle_tab_test" time="9.569">
    <error message="invalid element state
  (Session info: chrome=120.0.6099.225)
Build info: version: &#039;4.1.0&#039;, revision: &#039;87802e897b&#039;
System info: host: &#039;DSK-4052&#039;, ip: &#039;172.16.1.80&#039;, os.name: &#039;Windows 10&#039;, os.arch: &#039;amd64&#039;, os.version: &#039;10.0&#039;, java.version: &#039;19.0.1&#039;
Driver info: org.openqa.selenium.chrome.ChromeDriver
Command: [34b702e9d3e2b922082494a97ae3e57e, clearElement {id=7FC9A5628B7C17296A013F07134354E8_element_223}]
Capabilities {acceptInsecureCerts: false, browserName: chrome, browserVersion: 120.0.6099.225, chrome: {chromedriverVersion: 119.0.6045.105 (38c72552c5e..., userDataDir: C:\Users\NITEIN~1.KUR\AppDa...}, fedcm:accounts: true, goog:chromeOptions: {debuggerAddress: localhost:61349}, javascriptEnabled: true, networkConnectionEnabled: false, pageLoadStrategy: normal, platform: WINDOWS, platformName: WINDOWS, proxy: Proxy(), se:cdp: ws://localhost:61349/devtoo..., se:cdpVersion: 120.0.6099.225, setWindowRect: true, strictFileInteractability: false, timeouts: {implicit: 0, pageLoad: 300000, script: 30000}, unhandledPromptBehavior: dismiss and notify, webauthn:extension:credBlob: true, webauthn:extension:largeBlob: true, webauthn:extension:minPinLength: true, webauthn:extension:prf: true, webauthn:virtualAuthenticators: true}
Element: [[ChromeDriver: chrome on WINDOWS (34b702e9d3e2b922082494a97ae3e57e)] -&gt; xpath: //*[contains(text(),&#039;Name&#039;)]//ancestor::div[1]//div//input]
Session ID: 34b702e9d3e2b922082494a97ae3e57e" type="org.openqa.selenium.InvalidElementStateException">
      <![CDATA[org.openqa.selenium.InvalidElementStateException: invalid element state
  (Session info: chrome=120.0.6099.225)
Build info: version: '4.1.0', revision: '87802e897b'
System info: host: 'DSK-4052', ip: '172.16.1.80', os.name: 'Windows 10', os.arch: 'amd64', os.version: '10.0', java.version: '19.0.1'
Driver info: org.openqa.selenium.chrome.ChromeDriver
Command: [34b702e9d3e2b922082494a97ae3e57e, clearElement {id=7FC9A5628B7C17296A013F07134354E8_element_223}]
Capabilities {acceptInsecureCerts: false, browserName: chrome, browserVersion: 120.0.6099.225, chrome: {chromedriverVersion: 119.0.6045.105 (38c72552c5e..., userDataDir: C:\Users\NITEIN~1.KUR\AppDa...}, fedcm:accounts: true, goog:chromeOptions: {debuggerAddress: localhost:61349}, javascriptEnabled: true, networkConnectionEnabled: false, pageLoadStrategy: normal, platform: WINDOWS, platformName: WINDOWS, proxy: Proxy(), se:cdp: ws://localhost:61349/devtoo..., se:cdpVersion: 120.0.6099.225, setWindowRect: true, strictFileInteractability: false, timeouts: {implicit: 0, pageLoad: 300000, script: 30000}, unhandledPromptBehavior: dismiss and notify, webauthn:extension:credBlob: true, webauthn:extension:largeBlob: true, webauthn:extension:minPinLength: true, webauthn:extension:prf: true, webauthn:virtualAuthenticators: true}
Element: [[ChromeDriver: chrome on WINDOWS (34b702e9d3e2b922082494a97ae3e57e)] -> xpath: //*[contains(text(),'Name')]//ancestor::div[1]//div//input]
Session ID: 34b702e9d3e2b922082494a97ae3e57e
at java.base/jdk.internal.reflect.DirectConstructorHandleAccessor.newInstance(DirectConstructorHandleAccessor.java:67)
at java.base/java.lang.reflect.Constructor.newInstanceWithCaller(Constructor.java:500)
at java.base/java.lang.reflect.Constructor.newInstance(Constructor.java:484)
at org.openqa.selenium.remote.codec.w3c.W3CHttpResponseCodec.createException(W3CHttpResponseCodec.java:200)
at org.openqa.selenium.remote.codec.w3c.W3CHttpResponseCodec.decode(W3CHttpResponseCodec.java:133)
at org.openqa.selenium.remote.codec.w3c.W3CHttpResponseCodec.decode(W3CHttpResponseCodec.java:53)
at org.openqa.selenium.remote.HttpCommandExecutor.execute(HttpCommandExecutor.java:184)
at org.openqa.selenium.remote.service.DriverCommandExecutor.invokeExecute(DriverCommandExecutor.java:164)
at org.openqa.selenium.remote.service.DriverCommandExecutor.execute(DriverCommandExecutor.java:139)
at org.openqa.selenium.remote.RemoteWebDriver.execute(RemoteWebDriver.java:559)
at org.openqa.selenium.remote.RemoteWebElement.execute(RemoteWebElement.java:251)
at org.openqa.selenium.remote.RemoteWebElement.clear(RemoteWebElement.java:126)
at java.base/jdk.internal.reflect.DirectMethodHandleAccessor.invoke(DirectMethodHandleAccessor.java:104)
at java.base/java.lang.reflect.Method.invoke(Method.java:578)
at org.openqa.selenium.support.pagefactory.internal.LocatingElementHandler.invoke(LocatingElementHandler.java:52)
at jdk.proxy2/jdk.proxy2.$Proxy23.clear(Unknown Source)
at com.amt.testUtil.Click.sendKeys(Click.java:59)
at com.amt.pages.VehicleOrderPage.fill_supplier_information(VehicleOrderPage.java:1029)
at com.amt.pages.VehicleOrderPage.deliver_vehicle(VehicleOrderPage.java:341)
at orders.Orders_Customer_Contract_Complete_Order_For_Broker_With_Customer_Flow_Test.deliver_vehicle_tab_test(Orders_Customer_Contract_Complete_Order_For_Broker_With_Customer_Flow_Test.java:73)
at java.base/jdk.internal.reflect.DirectMethodHandleAccessor.invoke(DirectMethodHandleAccessor.java:104)
at java.base/java.lang.reflect.Method.invoke(Method.java:578)
at org.testng.internal.MethodInvocationHelper.invokeMethod(MethodInvocationHelper.java:133)
at org.testng.internal.TestInvoker.invokeMethod(TestInvoker.java:598)
at org.testng.internal.TestInvoker.invokeTestMethod(TestInvoker.java:173)
at org.testng.internal.MethodRunner.runInSequence(MethodRunner.java:46)
at org.testng.internal.TestInvoker$MethodInvocationAgent.invoke(TestInvoker.java:824)
at org.testng.internal.TestInvoker.invokeTestMethods(TestInvoker.java:146)
at org.testng.internal.TestMethodWorker.invokeTestMethods(TestMethodWorker.java:146)
at org.testng.internal.TestMethodWorker.run(TestMethodWorker.java:128)
at java.base/java.util.ArrayList.forEach(ArrayList.java:1511)
at org.testng.TestRunner.privateRun(TestRunner.java:794)
at org.testng.TestRunner.run(TestRunner.java:596)
at org.testng.SuiteRunner.runTest(SuiteRunner.java:377)
at org.testng.SuiteRunner.runSequentially(SuiteRunner.java:371)
at org.testng.SuiteRunner.privateRun(SuiteRunner.java:332)
at org.testng.SuiteRunner.run(SuiteRunner.java:276)
at org.testng.SuiteRunnerWorker.runSuite(SuiteRunnerWorker.java:53)
at org.testng.SuiteRunnerWorker.run(SuiteRunnerWorker.java:96)
at org.testng.TestNG.runSuitesSequentially(TestNG.java:1212)
at org.testng.TestNG.runSuitesSequentially(TestNG.java:1207)
at org.testng.TestNG.runSuitesLocally(TestNG.java:1134)
at org.testng.TestNG.runSuites(TestNG.java:1063)
at org.testng.TestNG.run(TestNG.java:1031)
at org.testng.remote.AbstractRemoteTestNG.run(AbstractRemoteTestNG.java:115)
at org.testng.remote.RemoteTestNG.initAndRun(RemoteTestNG.java:251)
at org.testng.remote.RemoteTestNG.main(RemoteTestNG.java:77)
]]>
    </error>
  </testcase> <!-- deliver_vehicle_tab_test -->
  <system-out>
    <![CDATA[<br>----------Screenshot---------<br>
<img src="D:\Orders_Vehicles\AMT_Orders_Vehicles\target\surefire-reports\html\failure_screenshots\deliver_vehicle_tab_test_31_01_2024_01_04_06.png" height="800" width="1000">]]>
  </system-out>
  <testcase classname="orders.Orders_Customer_Contract_Complete_Order_For_Broker_With_Customer_Flow_Test" name="verify_finance_documents_statuses_for_required_flow_test" time="0.000">
    <skipped/>
  </testcase> <!-- verify_finance_documents_statuses_for_required_flow_test -->
  <system-out/>
  <testcase classname="orders.Orders_Customer_Contract_Complete_Order_For_Broker_With_Customer_Flow_Test" name="verify_payment_statuses_for_required_flow_test" time="0.000">
    <skipped/>
  </testcase> <!-- verify_payment_statuses_for_required_flow_test -->
  <system-out/>
  <testcase classname="orders.Orders_Customer_Contract_Complete_Order_For_Broker_With_Customer_Flow_Test" name="verify_delivery_status_on_customer_contract_tab_test" time="0.000">
    <skipped/>
  </testcase> <!-- verify_delivery_status_on_customer_contract_tab_test -->
  <system-out/>
  <testcase classname="orders.Orders_Customer_Contract_Complete_Order_For_Broker_With_Customer_Flow_Test" name="verify_post_delivery_status_on_customer_contract_tab_test" time="0.000">
    <skipped/>
  </testcase> <!-- verify_post_delivery_status_on_customer_contract_tab_test -->
  <system-out/>
  <testcase classname="orders.Orders_Customer_Contract_Complete_Order_For_Broker_With_Customer_Flow_Test" name="verify_the_vehicle_is_seen_in_sold_section_on_completing_the_order_on_customer_contract_page_test" time="16.267">
    <failure message="expected [true] but found [false]" type="java.lang.AssertionError">
      <![CDATA[java.lang.AssertionError: expected [true] but found [false]
at org.testng.Assert.fail(Assert.java:99)
at org.testng.Assert.failNotEquals(Assert.java:1037)
at org.testng.Assert.assertTrue(Assert.java:45)
at org.testng.Assert.assertTrue(Assert.java:55)
at orders.Orders_Customer_Contract_Complete_Order_For_Broker_With_Customer_Flow_Test.verify_the_vehicle_is_seen_in_sold_section_on_completing_the_order_on_customer_contract_page_test(Orders_Customer_Contract_Complete_Order_For_Broker_With_Customer_Flow_Test.java:153)
at java.base/jdk.internal.reflect.DirectMethodHandleAccessor.invoke(DirectMethodHandleAccessor.java:104)
at java.base/java.lang.reflect.Method.invoke(Method.java:578)
at org.testng.internal.MethodInvocationHelper.invokeMethod(MethodInvocationHelper.java:133)
at org.testng.internal.TestInvoker.invokeMethod(TestInvoker.java:598)
at org.testng.internal.TestInvoker.invokeTestMethod(TestInvoker.java:173)
at org.testng.internal.MethodRunner.runInSequence(MethodRunner.java:46)
at org.testng.internal.TestInvoker$MethodInvocationAgent.invoke(TestInvoker.java:824)
at org.testng.internal.TestInvoker.invokeTestMethods(TestInvoker.java:146)
at org.testng.internal.TestMethodWorker.invokeTestMethods(TestMethodWorker.java:146)
at org.testng.internal.TestMethodWorker.run(TestMethodWorker.java:128)
at java.base/java.util.ArrayList.forEach(ArrayList.java:1511)
at org.testng.TestRunner.privateRun(TestRunner.java:794)
at org.testng.TestRunner.run(TestRunner.java:596)
at org.testng.SuiteRunner.runTest(SuiteRunner.java:377)
at org.testng.SuiteRunner.runSequentially(SuiteRunner.java:371)
at org.testng.SuiteRunner.privateRun(SuiteRunner.java:332)
at org.testng.SuiteRunner.run(SuiteRunner.java:276)
at org.testng.SuiteRunnerWorker.runSuite(SuiteRunnerWorker.java:53)
at org.testng.SuiteRunnerWorker.run(SuiteRunnerWorker.java:96)
at org.testng.TestNG.runSuitesSequentially(TestNG.java:1212)
at org.testng.TestNG.runSuitesSequentially(TestNG.java:1207)
at org.testng.TestNG.runSuitesLocally(TestNG.java:1134)
at org.testng.TestNG.runSuites(TestNG.java:1063)
at org.testng.TestNG.run(TestNG.java:1031)
at org.testng.remote.AbstractRemoteTestNG.run(AbstractRemoteTestNG.java:115)
at org.testng.remote.RemoteTestNG.initAndRun(RemoteTestNG.java:251)
at org.testng.remote.RemoteTestNG.main(RemoteTestNG.java:77)
]]>
    </failure>
  </testcase> <!-- verify_the_vehicle_is_seen_in_sold_section_on_completing_the_order_on_customer_contract_page_test -->
  <system-out>
    <![CDATA[<b>Opening Sold Vehicle Listing in New Tab</b> <br />
<b>Searching order in the listing</b> <br />
<b>Searching for Order ID FD-94744</b> <br />
<br>----------Screenshot---------<br>
<img src="D:\Orders_Vehicles\AMT_Orders_Vehicles\target\surefire-reports\html\failure_screenshots\verify_the_vehicle_is_seen_in_sold_section_on_completing_the_order_on_customer_contract_page_test_31_01_2024_01_04_23.png" height="800" width="1000">]]>
  </system-out>
  <testcase classname="orders.Orders_Customer_Contract_Complete_Order_For_Broker_With_Customer_Flow_Test" name="verify_statuses_on_order_completed_test" time="0.000">
    <skipped/>
  </testcase> <!-- verify_statuses_on_order_completed_test -->
  <system-out/>
</testsuite> <!-- orders.Orders_Customer_Contract_Complete_Order_For_Broker_With_Customer_Flow_Test -->
