<?xml version="1.0" encoding="UTF-8"?>
<!-- Generated by org.testng.reporters.JUnitXMLReporter -->
<testsuite ignored="6" hostname="DSK-4052" failures="1" tests="54" name="Verify With Customer Flow For Ownbook Hire Funder" time="1919.398" errors="0" timestamp="2024-01-31T01:36:22 IST">
  <testcase classname="acquisition.Acquisition_Quotes_HPNR_BCH_with_funder_quote_addition_without_maintenance_for_with_customer_orders_Test" name="aquisition_quotes_HPNR_BCH_OTR_calculation_without_maintenance_test" time="136.964"/>
  <testcase classname="acquisition.Acquisition_Quotes_HPNR_BCH_with_funder_quote_addition_without_maintenance_for_with_customer_orders_Test" name="aquisition_quotes_HPNR_BCH_after_discount_calculations_without_maintenance_test" time="4.742"/>
  <testcase classname="acquisition.Acquisition_Quotes_HPNR_BCH_with_funder_quote_addition_without_maintenance_for_with_customer_orders_Test" name="aquisition_quotes_HPNR_BCH_holding_cost_calculations_without_maintenance_test" time="44.562"/>
  <testcase classname="acquisition.Acquisition_Quotes_HPNR_BCH_with_funder_quote_addition_without_maintenance_for_with_customer_orders_Test" name="aquisition_quotes_HPNR_BCH_customer_quote_payment_profile_calculations_without_maintenance_test" time="133.199"/>
  <testcase classname="acquisition.Acquisition_Quotes_HPNR_BCH_with_funder_quote_addition_without_maintenance_for_with_customer_orders_Test" name="aquisition_quotes_HPNR_BCH_quote_summary_values_verification_without_maintenance_test" time="150.389"/>
  <testcase classname="opportunity.LOU_ownbook_business_hire_funder_accept_with_changes_Test" name="L1_create_lead_convert_to_lead_for_ownbook_business_flow" time="246.261"/>
  <testcase classname="opportunity.LOU_ownbook_business_hire_funder_accept_with_changes_Test" name="L2_ownbook_business_current_status_before_sending_to_proposal" time="31.193"/>
  <testcase classname="opportunity.LOU_ownbook_business_hire_funder_accept_with_changes_Test" name="L3_verify_table_values_on_opportunity_page_before_sending_proposal" time="4.067"/>
  <testcase classname="opportunity.LOU_ownbook_business_hire_funder_accept_with_changes_Test" name="L4_fill_up_the_required_fields_for_sending_a_proposal" time="137.679"/>
  <testcase classname="opportunity.LOU_ownbook_business_hire_funder_accept_with_changes_Test" name="L5_ownbook_create_opportunity_business_current_status_after_sending_to_proposal" time="0.193"/>
  <testcase classname="opportunity.LOU_ownbook_business_hire_funder_accept_with_changes_Test" name="L6_ownbook_sending_contract" time="45.101"/>
  <testcase classname="opportunity.LOU_ownbook_business_hire_funder_accept_with_changes_Test" name="L7_verify_current_status_on_opportunity_page_after_sending_contract_for_ownbook_business_flow" time="7.199"/>
  <testcase classname="opportunity.LOU_ownbook_business_hire_funder_accept_with_changes_Test" name="L8_ownbook_signed_contract_status_with_api_call" time="37.794"/>
  <testcase classname="opportunity.LOU_ownbook_business_hire_funder_accept_with_changes_Test" name="UW1_verify_status_after_contract_signed" time="11.099"/>
  <testcase classname="opportunity.LOU_ownbook_business_hire_funder_accept_with_changes_Test" name="UW2_verify_underwriting_pop_up_summary_values_for_ownbook_business_flow" time="52.551"/>
  <testcase classname="opportunity.LOU_ownbook_business_hire_funder_accept_with_changes_Test" name="UW2_verify_status_after_sending_to_underwriting" time="4.121"/>
  <testcase classname="opportunity.LOU_ownbook_business_hire_funder_accept_with_changes_Test" name="UW3_verify_underwriting_lisitig_page" time="19.845"/>
  <testcase classname="opportunity.LOU_ownbook_business_hire_funder_accept_with_changes_Test" name="UW4_verify_values_on_underwriting_quote_tab_for_ownbook_business_flow" time="97.47"/>
  <testcase classname="opportunity.LOU_ownbook_business_hire_funder_accept_with_changes_Test" name="UW5_ownbook_underwriting_decision_accept_with_changes" time="73.328"/>
  <testcase classname="opportunity.LOU_ownbook_business_hire_funder_accept_with_changes_Test" name="UW6_verify_ownbook_opportunity_search_text_box_accept_with_changes" time="25.095"/>
  <testcase classname="opportunity.LOU_ownbook_business_hire_funder_accept_with_changes_Test" name="UW7_verify_ownbook_opportunity_accept_with_changes_underwriting_pop_up" time="53.934"/>
  <testcase classname="opportunity.LOU_ownbook_business_hire_funder_accept_with_changes_Test" name="UW8_verify_ownbook_opportunity_underwriting_accept_with_changes_cancel_flow_verification" time="9.201"/>
  <testcase classname="opportunity.LOU_ownbook_business_hire_funder_accept_with_changes_Test" name="UW9_verify_ownbook_opportunity_underwriting_accept_with_changes_underwriting_pop_up" time="13.805"/>
  <testcase classname="opportunity.LOU_ownbook_business_hire_funder_accept_with_changes_Test" name="UW10_ownbook_after_opportunity_underwriting_accept_with_changes_signed_contract_status_with_api_call" time="37.481"/>
  <testcase classname="opportunity.LOU_ownbook_business_hire_funder_accept_with_changes_Test" name="OP1_ownbook_after_Underwriting_accepted_mothlty_payment_price" time="7.831"/>
  <testcase classname="opportunity.Create_order_from_opportunity_Test" name="create_order_from_opportunity_test" time="82.366"/>
  <testcase classname="orders.Orders_Verify_ownbook_business_hire_funder_With_Customer_Flow_Test" name="T1_open_order_created_in_acquisition_test" time="113.405"/>
  <testcase classname="orders.Orders_Verify_ownbook_business_hire_funder_With_Customer_Flow_Test" name="T2_pre_order_pass_check_in_customer_contract_tab_test" time="30.108"/>
  <testcase classname="orders.Orders_Verify_ownbook_business_hire_funder_With_Customer_Flow_Test" name="T3_verify_that_editing_the_basic_cash_price_does_not_affect_the_monthly_payment_on_customer_contract_tab_test" time="64.449"/>
  <testcase classname="orders.Orders_Verify_ownbook_business_hire_funder_With_Customer_Flow_Test" name="T4_verify_that_same_funder_with_same_term_and_mileage_can_not_be_added_for_with_customer_flow_test" time="35.698"/>
  <testcase classname="orders.Orders_Verify_ownbook_business_hire_funder_With_Customer_Flow_Test" name="T5_verify_that_deselecting_the_selected_funder_does_not_affect_the_monthly_payment_on_customer_contract_tab_test" time="57.236"/>
  <testcase classname="orders.Orders_Verify_ownbook_business_hire_funder_With_Customer_Flow_Test" name="T6_verify_default_order_status_vehicle_tab_test" time="10.374"/>
  <testcase classname="orders.Orders_Verify_ownbook_business_hire_funder_With_Customer_Flow_Test" name="T7_verify_order_status_after_uploading_order_form_in_vehicle_tab_test" time="92.312">
    <failure type="org.openqa.selenium.ElementClickInterceptedException" message="element click intercepted: Element &amp;lt;label _ngcontent-lbt-c56=&amp;quot;&amp;quot; class=&amp;quot;btn homeclsvorder ml-0 pl-5 pr-5&amp;quot; for=&amp;quot;optionsYes&amp;quot;&amp;gt;...&amp;lt;/label&amp;gt; is not clickable at point (1050, 894). Other element would receive the click: &amp;lt;div _ngcontent-lbt-c0=&amp;quot;&amp;quot; class=&amp;quot;loader_div&amp;quot;&amp;gt;...&amp;lt;/div&amp;gt;
  (Session info: chrome=120.0.6099.225)
Build info: version: &amp;apos;4.1.0&amp;apos;, revision: &amp;apos;87802e897b&amp;apos;
System info: host: &amp;apos;DSK-4052&amp;apos;, ip: &amp;apos;172.16.1.80&amp;apos;, os.name: &amp;apos;Windows 10&amp;apos;, os.arch: &amp;apos;amd64&amp;apos;, os.version: &amp;apos;10.0&amp;apos;, java.version: &amp;apos;19.0.1&amp;apos;
Driver info: org.openqa.selenium.chrome.ChromeDriver
Command: [6210bc072c2d9709b8929da0a58b6698, clickElement {id=357028D4551198A3A833E988158BBD22_element_1955}]
Capabilities {acceptInsecureCerts: false, browserName: chrome, browserVersion: 120.0.6099.225, chrome: {chromedriverVersion: 119.0.6045.105 (38c72552c5e..., userDataDir: C:\Users\NITEIN~1.KUR\AppDa...}, fedcm:accounts: true, goog:chromeOptions: {debuggerAddress: localhost:63005}, javascriptEnabled: true, networkConnectionEnabled: false, pageLoadStrategy: normal, platform: WINDOWS, platformName: WINDOWS, proxy: Proxy(), se:cdp: ws://localhost:63005/devtoo..., se:cdpVersion: 120.0.6099.225, setWindowRect: true, strictFileInteractability: false, timeouts: {implicit: 0, pageLoad: 300000, script: 30000}, unhandledPromptBehavior: dismiss and notify, webauthn:extension:credBlob: true, webauthn:extension:largeBlob: true, webauthn:extension:minPinLength: true, webauthn:extension:prf: true, webauthn:virtualAuthenticators: true}
Element: [[ChromeDriver: chrome on WINDOWS (6210bc072c2d9709b8929da0a58b6698)] -&amp;gt; xpath: //*[normalize-space()=&amp;apos;Vehicle in stock&amp;apos;]//ancestor::div[1]//label[@for=&amp;apos;optionsYes&amp;apos;]]
Session ID: 6210bc072c2d9709b8929da0a58b6698">
      <![CDATA[org.openqa.selenium.ElementClickInterceptedException: element click intercepted: Element <label _ngcontent-lbt-c56="" class="btn homeclsvorder ml-0 pl-5 pr-5" for="optionsYes">...</label> is not clickable at point (1050, 894). Other element would receive the click: <div _ngcontent-lbt-c0="" class="loader_div">...</div>
  (Session info: chrome=120.0.6099.225)
Build info: version: '4.1.0', revision: '87802e897b'
System info: host: 'DSK-4052', ip: '172.16.1.80', os.name: 'Windows 10', os.arch: 'amd64', os.version: '10.0', java.version: '19.0.1'
Driver info: org.openqa.selenium.chrome.ChromeDriver
Command: [6210bc072c2d9709b8929da0a58b6698, clickElement {id=357028D4551198A3A833E988158BBD22_element_1955}]
Capabilities {acceptInsecureCerts: false, browserName: chrome, browserVersion: 120.0.6099.225, chrome: {chromedriverVersion: 119.0.6045.105 (38c72552c5e..., userDataDir: C:\Users\NITEIN~1.KUR\AppDa...}, fedcm:accounts: true, goog:chromeOptions: {debuggerAddress: localhost:63005}, javascriptEnabled: true, networkConnectionEnabled: false, pageLoadStrategy: normal, platform: WINDOWS, platformName: WINDOWS, proxy: Proxy(), se:cdp: ws://localhost:63005/devtoo..., se:cdpVersion: 120.0.6099.225, setWindowRect: true, strictFileInteractability: false, timeouts: {implicit: 0, pageLoad: 300000, script: 30000}, unhandledPromptBehavior: dismiss and notify, webauthn:extension:credBlob: true, webauthn:extension:largeBlob: true, webauthn:extension:minPinLength: true, webauthn:extension:prf: true, webauthn:virtualAuthenticators: true}
Element: [[ChromeDriver: chrome on WINDOWS (6210bc072c2d9709b8929da0a58b6698)] -> xpath: //*[normalize-space()='Vehicle in stock']//ancestor::div[1]//label[@for='optionsYes']]
Session ID: 6210bc072c2d9709b8929da0a58b6698
at org.openqa.selenium.remote.codec.w3c.W3CHttpResponseCodec.createException(W3CHttpResponseCodec.java:200)
at org.openqa.selenium.remote.codec.w3c.W3CHttpResponseCodec.decode(W3CHttpResponseCodec.java:133)
at org.openqa.selenium.remote.codec.w3c.W3CHttpResponseCodec.decode(W3CHttpResponseCodec.java:53)
at org.openqa.selenium.remote.HttpCommandExecutor.execute(HttpCommandExecutor.java:184)
at org.openqa.selenium.remote.service.DriverCommandExecutor.invokeExecute(DriverCommandExecutor.java:164)
at org.openqa.selenium.remote.service.DriverCommandExecutor.execute(DriverCommandExecutor.java:139)
at org.openqa.selenium.remote.RemoteWebDriver.execute(RemoteWebDriver.java:559)
at org.openqa.selenium.remote.RemoteWebElement.execute(RemoteWebElement.java:251)
at org.openqa.selenium.remote.RemoteWebElement.click(RemoteWebElement.java:77)
at org.openqa.selenium.support.pagefactory.internal.LocatingElementHandler.invoke(LocatingElementHandler.java:52)
at jdk.proxy2/jdk.proxy2.$Proxy23.click(Unknown Source)
at com.amt.testUtil.Click.on(Click.java:22)
at com.amt.pages.VehicleOrderPage.fill_up_purchase_order_info_on_vehicle_order_tab(VehicleOrderPage.java:1272)
at com.amt.pages.VehicleOrderPage.verify_order_status_in_vehicle_order_tab_after_uploading_order_form(VehicleOrderPage.java:777)
at orders.Orders_Verify_ownbook_business_hire_funder_With_Customer_Flow_Test.T7_verify_order_status_after_uploading_order_form_in_vehicle_tab_test(Orders_Verify_ownbook_business_hire_funder_With_Customer_Flow_Test.java:139)
at java.base/java.util.ArrayList.forEach(ArrayList.java:1511)
... Removed 31 stack frames]]>
    </failure>
  </testcase> <!-- T7_verify_order_status_after_uploading_order_form_in_vehicle_tab_test -->
  <testcase classname="orders.Orders_Verify_ownbook_business_hire_funder_With_Customer_Flow_Test" name="T8_verify_default_payment_status_on_vehicle_tab_test" time="0.0">
    <skipped/>
  </testcase> <!-- T8_verify_default_payment_status_on_vehicle_tab_test -->
  <testcase classname="orders.Orders_Verify_ownbook_business_hire_funder_With_Customer_Flow_Test" name="T9_verify_payment_status_after_selecting_payment_sent_date_on_vehicle_tab_test" time="0.0">
    <skipped/>
  </testcase> <!-- T9_verify_payment_status_after_selecting_payment_sent_date_on_vehicle_tab_test -->
  <testcase classname="orders.Orders_Verify_ownbook_business_hire_funder_With_Customer_Flow_Test" name="T10_verify_payment_status_should_be_reversed_to_payment_required_after_selecting_payment_by_AMT_on_vehicle_tab_test" time="0.0">
    <skipped/>
  </testcase> <!-- T10_verify_payment_status_should_be_reversed_to_payment_required_after_selecting_payment_by_AMT_on_vehicle_tab_test -->
  <testcase classname="orders.Orders_Verify_ownbook_business_hire_funder_With_Customer_Flow_Test" name="T11_verify_payment_status_after_selecting_payment_sent_date_for_amount_due_on_vehicle_tab_test" time="0.0">
    <skipped/>
  </testcase> <!-- T11_verify_payment_status_after_selecting_payment_sent_date_for_amount_due_on_vehicle_tab_test -->
  <testcase classname="orders.Orders_Verify_ownbook_business_hire_funder_With_Customer_Flow_Test" name="T12_verify_default_status_acceptance_conditions_for_ownbook_hire_flow" time="0.0">
    <skipped/>
  </testcase> <!-- T12_verify_default_status_acceptance_conditions_for_ownbook_hire_flow -->
  <testcase classname="orders.Orders_Verify_ownbook_business_hire_funder_With_Customer_Flow_Test" name="T13_verify_summary_section_values" time="0.0">
    <skipped/>
  </testcase> <!-- T13_verify_summary_section_values -->
  <testcase classname="orders.Orders_Verify_ownbook_business_hire_funder_With_Customer_Flow_Test" name="T14_verify_payment_default_status" time="0.0">
    <skipped/>
  </testcase> <!-- T14_verify_payment_default_status -->
  <testcase classname="orders.Orders_Verify_ownbook_business_hire_funder_With_Customer_Flow_Test" name="T15_make_payment_with_new_payment" time="0.0">
    <skipped/>
  </testcase> <!-- T15_make_payment_with_new_payment -->
  <testcase classname="orders.Orders_Verify_ownbook_business_hire_funder_With_Customer_Flow_Test" name="T16_verify_payment_status_after_making_a_payment_on_customer_contract_tab" time="0.0">
    <skipped/>
  </testcase> <!-- T16_verify_payment_status_after_making_a_payment_on_customer_contract_tab -->
  <testcase classname="orders.Orders_Verify_ownbook_business_hire_funder_With_Customer_Flow_Test" name="T17_verify_delivery_status_after_selecting_date_offered_in_delivery_section_of_customer_contract_tab_test" time="0.0">
    <skipped/>
  </testcase> <!-- T17_verify_delivery_status_after_selecting_date_offered_in_delivery_section_of_customer_contract_tab_test -->
  <testcase classname="orders.Orders_Verify_ownbook_business_hire_funder_With_Customer_Flow_Test" name="T18_verify_delivery_status_after_selecting_confirmed_delivery_date_in_delivery_section_of_customer_contract_test" time="0.0">
    <skipped/>
  </testcase> <!-- T18_verify_delivery_status_after_selecting_confirmed_delivery_date_in_delivery_section_of_customer_contract_test -->
  <testcase classname="orders.Orders_Verify_ownbook_business_hire_funder_With_Customer_Flow_Test" name="T19_verify_delivery_status_after_uploading_delivery_note_in_post_delivery_section_on_customer_contract_tab_test" time="0.0">
    <skipped/>
  </testcase> <!-- T19_verify_delivery_status_after_uploading_delivery_note_in_post_delivery_section_on_customer_contract_tab_test -->
  <testcase classname="orders.Orders_Verify_ownbook_business_hire_funder_With_Customer_Flow_Test" name="T20_verify_delivery_status_on_customer_contract_tab_and_vehicle_order_tab_are_same_when_deliver_to_customer_toggle_button_in_on_test" time="0.0">
    <skipped/>
  </testcase> <!-- T20_verify_delivery_status_on_customer_contract_tab_and_vehicle_order_tab_are_same_when_deliver_to_customer_toggle_button_in_on_test -->
  <testcase classname="orders.Orders_Verify_ownbook_business_hire_funder_With_Customer_Flow_Test" name="T21_verify_payout_pack_statuses_on_customer_contract_tab_test" time="0.0">
    <skipped/>
  </testcase> <!-- T21_verify_payout_pack_statuses_on_customer_contract_tab_test -->
  <testcase classname="orders.Orders_Verify_ownbook_business_hire_funder_With_Customer_Flow_Test" name="T22_verify_delivery_section_gets_enabled_when_deliver_to_customer_toggle_button_is_made_off_test" time="0.0">
    <skipped/>
  </testcase> <!-- T22_verify_delivery_section_gets_enabled_when_deliver_to_customer_toggle_button_is_made_off_test -->
  <testcase classname="orders.Orders_Verify_ownbook_business_hire_funder_With_Customer_Flow_Test" name="T23_verify_delivery_status_after_selecting_date_offered_in_delivery_section_of_vehicle_order_tab_test" time="0.0">
    <skipped/>
  </testcase> <!-- T23_verify_delivery_status_after_selecting_date_offered_in_delivery_section_of_vehicle_order_tab_test -->
  <testcase classname="orders.Orders_Verify_ownbook_business_hire_funder_With_Customer_Flow_Test" name="T24_verify_delivery_status_after_selecting_confirmed_delivery_date_in_delivery_section_of_vehicle_tab_test" time="0.0">
    <skipped/>
  </testcase> <!-- T24_verify_delivery_status_after_selecting_confirmed_delivery_date_in_delivery_section_of_vehicle_tab_test -->
  <testcase classname="orders.Orders_Verify_ownbook_business_hire_funder_With_Customer_Flow_Test" name="T25_verify_delivery_status_after_uploading_delivery_note_in_post_delivery_section_on_vehicle_order_tab_test" time="0.0">
    <skipped/>
  </testcase> <!-- T25_verify_delivery_status_after_uploading_delivery_note_in_post_delivery_section_on_vehicle_order_tab_test -->
  <testcase classname="orders.Orders_Verify_ownbook_business_hire_funder_With_Customer_Flow_Test" name="T26_verify_finance_documents_statuses_test" time="0.0">
    <skipped/>
  </testcase> <!-- T26_verify_finance_documents_statuses_test -->
  <testcase classname="orders.Orders_Verify_ownbook_business_hire_funder_With_Customer_Flow_Test" name="T27_verify_payments_to_funder_statuses_test" time="0.0">
    <skipped/>
  </testcase> <!-- T27_verify_payments_to_funder_statuses_test -->
  <testcase classname="orders.Orders_Verify_ownbook_business_hire_funder_With_Customer_Flow_Test" name="T28_verify_completed_status_for_test" time="0.0">
    <skipped/>
  </testcase> <!-- T28_verify_completed_status_for_test -->
  <testcase classname="com.amt.testBase.TestBase" name="@AfterSuite end" time="0.0">
    <ignored/>
  </testcase> <!-- @AfterSuite end -->
  <testcase classname="com.amt.testBase.TestBase" name="@AfterSuite end" time="0.0">
    <ignored/>
  </testcase> <!-- @AfterSuite end -->
  <testcase classname="com.amt.testBase.TestBase" name="@AfterSuite end" time="0.0">
    <ignored/>
  </testcase> <!-- @AfterSuite end -->
  <testcase classname="com.amt.testBase.TestBase" name="@BeforeTest start_info" time="0.0">
    <ignored/>
  </testcase> <!-- @BeforeTest start_info -->
  <testcase classname="com.amt.testBase.TestBase" name="@BeforeTest start_info" time="0.0">
    <ignored/>
  </testcase> <!-- @BeforeTest start_info -->
  <testcase classname="com.amt.testBase.TestBase" name="@BeforeTest start_info" time="0.0">
    <ignored/>
  </testcase> <!-- @BeforeTest start_info -->
</testsuite> <!-- Verify With Customer Flow For Ownbook Hire Funder -->
